 GRAPHITE HEMISPHERE — 30 DEGREE CONE                                            

 TAU=    0.0039              DELTAU= 0.003906

              QC= 5.8749E+04     QR= 0.0000E+00     HE= 9.2976E+07
               T(S,1)= 0.3000E+03

              TEMPERATURE (M,N)
 ETA      X= 0.00000 0.05161 0.10322 0.15483 0.20644 0.25806 0.30967 0.36128 0.41289 0.46450
 1.000         300.1   300.1   300.1   300.0   300.0   300.0   300.0   300.0   300.0     NaN
 0.750         300.0   300.0   300.0   300.0   300.0   300.0   300.0   300.0   300.0     NaN
 0.500         300.0   300.0   300.0   300.0   300.0   300.0   300.0   300.0   300.0     NaN
 0.250         300.0   300.0   300.0   300.0   300.0   300.0   300.0   300.0   300.0     NaN
 0.000         300.0   300.0   300.0   300.0   300.0   300.0   300.0   300.0   300.0     NaN

              MDOT(N)--SURFACE MASS LOSS RATE
 ETA      X=  0.00000     0.05161     0.10322     0.15483     0.20644     0.25806     0.30967     0.36128     0.41289     0.46450

 1.000        3.5400E-52  3.1513E-52  2.1260E-52  1.2069E-52  8.6663E-53  8.6486E-53  8.6570E-53  8.6788E-53  8.6396E-53         NaN


              MCDOT(N)--SURFACE MASS LOSS RATE DUE TO OXIDATION
 1.000        3.5400E-52  3.1513E-52  2.1260E-52  1.2069E-52  8.6663E-53  8.6486E-53  8.6570E-53  8.6788E-53  8.6396E-53         NaN


              DELTA(N)--MATERIAL THICKNESS
 1.000        1.9050E-02  1.9050E-02  1.9050E-02  1.9050E-02  1.9050E-02  1.9050E-02  1.9050E-02  1.9050E-02  1.9050E-02         NaN


              QRAT(N)--RATIO OF LOCAL HEATING TO STAGNATION HEATING
 1.000        1.0000E+00  9.6975E-01  7.3884E-01  4.5835E-01  3.5627E-01  3.7587E-01  3.7689E-01  3.7266E-01  3.6760E-01  3.6323E-01


              PRAT(N)--RATIO OF LOCAL PRESS TO STAG PRESS
 1.000        1.0000E+00  8.9166E-01  6.0798E-01  3.4962E-01  2.5223E-01  2.5149E-01  2.5172E-01  2.5241E-01  2.5132E-01  2.4960E-01


              QS(N)--NET HEAT INPUT
 1.000        5.8749E+04  5.6972E+04  4.3406E+04  2.6928E+04  2.0931E+04  2.2082E+04  2.2142E+04  2.1894E+04  2.1596E+04  2.1339E+04


              QRR(N)--RERADIATION
 1.000        4.5064E+02  4.5062E+02  4.5049E+02  4.5032E+02  4.5026E+02  4.5028E+02  4.5028E+02  4.5027E+02  4.5027E+02         NaN


              QCOMB(N)--HEAT DUE TO COMBUSTION FOR OXIDATION
 1.000        0.0000E+00  0.0000E+00  0.0000E+00  0.0000E+00  0.0000E+00  0.0000E+00  0.0000E+00  0.0000E+00  0.0000E+00  0.0000E+00


     NO. ITER. COL.=   1     NO. ITER. ROW=   0     TOTAL NO. ITER.=       1     IROCOL=  1
