 1 TEFLON HEMISPHERE                                                             

 TAU=    1.0220              DELTAU= 0.015625

              QC= 1.5921E+06     QR= 0.0000E+00     HE= 4.8810E+06
               T(S,1)= 0.9704E+03

              TEMPERATURE (M,N)
 ETA      X= 0.00000 0.00005 0.00011 0.00016 0.00021 0.00027 0.00032 0.00037 0.00043 0.00048
 1.000         972.5   968.4   957.7   929.3   883.0   818.5   739.7   655.8   587.6   583.1
 0.889         370.8   369.0   365.8   360.3   353.7   346.0   337.5   329.1   322.8   322.3
 0.778         303.9   303.7   303.6   303.2   302.9   302.4   302.0   301.5   301.2   301.2
 0.667         300.2   300.2   300.2   300.1   300.1   300.1   300.1   300.1   300.1   300.1
 0.556         300.0   300.0   300.0   300.0   300.0   300.0   300.0   300.0   300.0   300.0
 0.444         300.0   300.0   300.0   300.0   300.0   300.0   300.0   300.0   300.0   300.0
 0.333         300.0   300.0   300.0   300.0   300.0   300.0   300.0   300.0   300.0   300.0
 0.222         300.0   300.0   300.0   300.0   300.0   300.0   300.0   300.0   300.0   300.0
 0.111         300.0   300.0   300.0   300.0   300.0   300.0   300.0   300.0   300.0   300.0
 0.000         300.0   300.0   300.0   300.0   300.0   300.0   300.0   300.0   300.0   300.0

              MDOT(N)--SURFACE MASS LOSS RATE
 ETA      X=  0.00000     0.00005     0.00011     0.00016     0.00021     0.00027     0.00032     0.00037     0.00043     0.00048

 1.000        9.0993E-02  8.3365E-02  6.5803E-02  3.4341E-02  1.0872E-02  1.7576E-03  1.2356E-04  3.6257E-06  9.8170E-08  7.5183E-08


              MCDOT(N)--SURFACE MASS LOSS RATE DUE TO OXIDATION
 1.000        0.0000E+00  0.0000E+00  0.0000E+00  0.0000E+00  0.0000E+00  0.0000E+00  0.0000E+00  0.0000E+00  0.0000E+00  0.0000E+00


              DELTA(N)--MATERIAL THICKNESS
 1.000        7.3105E-03  7.3117E-03  7.3128E-03  7.3141E-03  7.3148E-03  7.3150E-03  7.3150E-03  7.3150E-03  7.3150E-03  7.3150E-03


              QRAT(N)--RATIO OF LOCAL HEATING TO STAGNATION HEATING
 1.000        1.0000E+00  9.8694E-01  9.3217E-01  8.4064E-01  7.4356E-01  6.3555E-01  5.1763E-01  4.0124E-01  3.1212E-01  3.0879E-01


              PRAT(N)--RATIO OF LOCAL PRESS TO STAG PRESS
 1.000        1.0000E+00  9.7328E-01  8.9561E-01  7.7686E-01  6.3095E-01  4.7525E-01  3.2925E-01  2.1028E-01  1.3263E-01  1.1245E-01


              QS(N)--NET HEAT INPUT
 1.000        4.7739E+05  5.4255E+05  6.5057E+05  8.4461E+05  9.4065E+05  8.8504E+05  7.4622E+05  5.9098E+05  4.6717E+05  4.6267E+05


              QRR(N)--RERADIATION
 1.000        0.0000E+00  0.0000E+00  0.0000E+00  0.0000E+00  0.0000E+00  0.0000E+00  0.0000E+00  0.0000E+00  0.0000E+00  0.0000E+00


              QCOMB(N)--HEAT DUE TO COMBUSTION FOR OXIDATION
 1.000        0.0000E+00  0.0000E+00  0.0000E+00  0.0000E+00  0.0000E+00  0.0000E+00  0.0000E+00  0.0000E+00  0.0000E+00  0.0000E+00


     NO. ITER. COL.=   2     NO. ITER. ROW=   2     TOTAL NO. ITER.=     258     IROCOL=  1

 TAU=    2.0220              DELTAU= 0.015625

              QC= 1.5921E+06     QR= 0.0000E+00     HE= 4.8810E+06
               T(S,1)= 0.9803E+03

              TEMPERATURE (M,N)
 ETA      X= 0.00000 0.00005 0.00011 0.00016 0.00021 0.00027 0.00032 0.00037 0.00043 0.00048
 1.000         980.3   979.7   976.4   970.4   963.1   953.3   939.8   919.3   876.4   869.9
 0.889         490.4   492.0   490.0   486.3   481.0   473.2   460.9   441.9   419.5   416.2
 0.778         326.6   326.9   326.5   325.7   324.6   322.9   320.5   317.1   314.0   313.5
 0.667         302.5   302.5   302.5   302.4   302.3   302.1   301.8   301.5   301.2   301.2
 0.556         300.2   300.2   300.2   300.2   300.2   300.2   300.1   300.1   300.1   300.1
 0.444         300.0   300.0   300.0   300.0   300.0   300.0   300.0   300.0   300.0   300.0
 0.333         300.0   300.0   300.0   300.0   300.0   300.0   300.0   300.0   300.0   300.0
 0.222         300.0   300.0   300.0   300.0   300.0   300.0   300.0   300.0   300.0   300.0
 0.111         300.0   300.0   300.0   300.0   300.0   300.0   300.0   300.0   300.0   300.0
 0.000         300.0   300.0   300.0   300.0   300.0   300.0   300.0   300.0   300.0   300.0

              MDOT(N)--SURFACE MASS LOSS RATE
 ETA      X=  0.00000     0.00005     0.00011     0.00016     0.00021     0.00027     0.00032     0.00037     0.00043     0.00048

 1.000        1.0768E-01  1.0633E-01  9.8976E-02  8.6982E-02  7.4120E-02  5.9724E-02  4.3890E-02  2.7027E-02  9.1246E-03  7.6611E-03


              MCDOT(N)--SURFACE MASS LOSS RATE DUE TO OXIDATION
 1.000        0.0000E+00  0.0000E+00  0.0000E+00  0.0000E+00  0.0000E+00  0.0000E+00  0.0000E+00  0.0000E+00  0.0000E+00  0.0000E+00


              DELTA(N)--MATERIAL THICKNESS
 1.000        7.2625E-03  7.2644E-03  7.2692E-03  7.2769E-03  7.2849E-03  7.2936E-03  7.3026E-03  7.3104E-03  7.3142E-03  7.3143E-03


              QRAT(N)--RATIO OF LOCAL HEATING TO STAGNATION HEATING
 1.000        1.0000E+00  9.8557E-01  9.3116E-01  8.4228E-01  7.4706E-01  6.4016E-01  5.2225E-01  4.0381E-01  3.1205E-01  3.0836E-01


              PRAT(N)--RATIO OF LOCAL PRESS TO STAG PRESS
 1.000        1.0000E+00  9.7379E-01  8.9781E-01  7.8091E-01  6.3618E-01  4.8094E-01  3.3402E-01  2.1272E-01  1.3307E-01  1.1247E-01


              QS(N)--NET HEAT INPUT
 1.000        3.0609E+05  3.0001E+05  2.9567E+05  2.8869E+05  2.8166E+05  2.7407E+05  2.6670E+05  2.7227E+05  3.3628E+05  3.4757E+05


              QRR(N)--RERADIATION
 1.000        0.0000E+00  0.0000E+00  0.0000E+00  0.0000E+00  0.0000E+00  0.0000E+00  0.0000E+00  0.0000E+00  0.0000E+00  0.0000E+00


              QCOMB(N)--HEAT DUE TO COMBUSTION FOR OXIDATION
 1.000        0.0000E+00  0.0000E+00  0.0000E+00  0.0000E+00  0.0000E+00  0.0000E+00  0.0000E+00  0.0000E+00  0.0000E+00  0.0000E+00


     NO. ITER. COL.=   2     NO. ITER. ROW=   1     TOTAL NO. ITER.=     357     IROCOL=  1

 TAU=    3.0220              DELTAU= 0.015625

              QC= 1.5925E+06     QR= 0.0000E+00     HE= 4.8810E+06
               T(S,1)= 0.9827E+03

              TEMPERATURE (M,N)
 ETA      X= 0.00000 0.00005 0.00011 0.00016 0.00021 0.00027 0.00032 0.00037 0.00043 0.00048
 1.000         982.7   982.0   978.8   973.2   966.4   957.3   944.8   927.9   908.7   906.8
 0.889         570.7   572.4   571.2   568.7   564.9   558.8   549.1   534.1   516.3   512.4
 0.778         361.5   362.3   361.9   361.2   359.9   357.8   354.4   349.2   343.6   342.2
 0.667         309.4   309.5   309.4   309.3   309.1   308.7   308.0   307.1   306.1   305.9
 0.556         301.1   301.2   301.1   301.1   301.1   301.0   300.9   300.8   300.7   300.7
 0.444         300.1   300.1   300.1   300.1   300.1   300.1   300.1   300.1   300.1   300.1
 0.333         300.0   300.0   300.0   300.0   300.0   300.0   300.0   300.0   300.0   300.0
 0.222         300.0   300.0   300.0   300.0   300.0   300.0   300.0   300.0   300.0   300.0
 0.111         300.0   300.0   300.0   300.0   300.0   300.0   300.0   300.0   300.0   300.0
 0.000         300.0   300.0   300.0   300.0   300.0   300.0   300.0   300.0   300.0   300.0

              MDOT(N)--SURFACE MASS LOSS RATE
 ETA      X=  0.00000     0.00005     0.00011     0.00016     0.00021     0.00027     0.00032     0.00037     0.00043     0.00048

 1.000        1.1322E-01  1.1156E-01  1.0425E-01  9.2474E-02  7.9666E-02  6.5202E-02  4.9235E-02  3.3214E-02  2.0865E-02  1.9932E-02


              MCDOT(N)--SURFACE MASS LOSS RATE DUE TO OXIDATION
 1.000        0.0000E+00  0.0000E+00  0.0000E+00  0.0000E+00  0.0000E+00  0.0000E+00  0.0000E+00  0.0000E+00  0.0000E+00  0.0000E+00


              DELTA(N)--MATERIAL THICKNESS
 1.000        7.2114E-03  7.2140E-03  7.2222E-03  7.2354E-03  7.2493E-03  7.2647E-03  7.2810E-03  7.2962E-03  7.3062E-03  7.3069E-03


              QRAT(N)--RATIO OF LOCAL HEATING TO STAGNATION HEATING
 1.000        1.0000E+00  9.8445E-01  9.3064E-01  8.4412E-01  7.5029E-01  6.4423E-01  5.2666E-01  4.0736E-01  3.1264E-01  3.0786E-01


              PRAT(N)--RATIO OF LOCAL PRESS TO STAG PRESS
 1.000        1.0000E+00  9.7425E-01  8.9972E-01  7.8423E-01  6.4036E-01  4.8560E-01  3.3835E-01  2.1571E-01  1.3386E-01  1.1253E-01


              QS(N)--NET HEAT INPUT
 1.000        2.6249E+05  2.5756E+05  2.5332E+05  2.4673E+05  2.4012E+05  2.3299E+05  2.2542E+05  2.1797E+05  2.1111E+05  2.1384E+05


              QRR(N)--RERADIATION
 1.000        0.0000E+00  0.0000E+00  0.0000E+00  0.0000E+00  0.0000E+00  0.0000E+00  0.0000E+00  0.0000E+00  0.0000E+00  0.0000E+00


              QCOMB(N)--HEAT DUE TO COMBUSTION FOR OXIDATION
 1.000        0.0000E+00  0.0000E+00  0.0000E+00  0.0000E+00  0.0000E+00  0.0000E+00  0.0000E+00  0.0000E+00  0.0000E+00  0.0000E+00


     NO. ITER. COL.=   1     NO. ITER. ROW=   1     TOTAL NO. ITER.=     430     IROCOL=  1

 TAU=    4.0220              DELTAU= 0.015625

              QC= 1.5921E+06     QR= 0.0000E+00     HE= 4.8810E+06
               T(S,1)= 0.9843E+03

              TEMPERATURE (M,N)
 ETA      X= 0.00000 0.00005 0.00011 0.00016 0.00021 0.00027 0.00032 0.00037 0.00043 0.00048
 1.000         984.4   983.6   980.5   975.3   968.7   960.1   948.4   932.6   914.8   912.9
 0.889         626.6   627.8   627.1   625.5   622.5   617.7   609.8   597.5   583.4   579.5
 0.778         399.9   400.8   400.7   400.3   399.2   397.1   393.5   387.7   381.4   379.3
 0.667         321.1   321.3   321.3   321.2   320.9   320.3   319.3   317.8   316.2   315.6
 0.556         303.5   303.5   303.5   303.5   303.5   303.3   303.1   302.9   302.6   302.5
 0.444         300.5   300.5   300.5   300.5   300.5   300.5   300.4   300.4   300.4   300.3
 0.333         300.1   300.1   300.1   300.1   300.1   300.1   300.1   300.1   300.0   300.0
 0.222         300.0   300.0   300.0   300.0   300.0   300.0   300.0   300.0   300.0   300.0
 0.111         300.0   300.0   300.0   300.0   300.0   300.0   300.0   300.0   300.0   300.0
 0.000         300.0   300.0   300.0   300.0   300.0   300.0   300.0   300.0   300.0   300.0

              MDOT(N)--SURFACE MASS LOSS RATE
 ETA      X=  0.00000     0.00005     0.00011     0.00016     0.00021     0.00027     0.00032     0.00037     0.00043     0.00048

 1.000        1.1725E-01  1.1536E-01  1.0813E-01  9.6613E-02  8.3919E-02  6.9464E-02  5.3402E-02  3.7077E-02  2.4224E-02  2.3140E-02


              MCDOT(N)--SURFACE MASS LOSS RATE DUE TO OXIDATION
 1.000        0.0000E+00  0.0000E+00  0.0000E+00  0.0000E+00  0.0000E+00  0.0000E+00  0.0000E+00  0.0000E+00  0.0000E+00  0.0000E+00


              DELTA(N)--MATERIAL THICKNESS
 1.000        7.1581E-03  7.1615E-03  7.1730E-03  7.1916E-03  7.2115E-03  7.2335E-03  7.2573E-03  7.2799E-03  7.2958E-03  7.2969E-03


              QRAT(N)--RATIO OF LOCAL HEATING TO STAGNATION HEATING
 1.000        1.0000E+00  9.8375E-01  9.3073E-01  8.4645E-01  7.5398E-01  6.4873E-01  5.3146E-01  4.1108E-01  3.1335E-01  3.0759E-01


              PRAT(N)--RATIO OF LOCAL PRESS TO STAG PRESS
 1.000        1.0000E+00  9.7473E-01  9.0161E-01  7.8753E-01  6.4457E-01  4.9033E-01  3.4277E-01  2.1866E-01  1.3460E-01  1.1259E-01


              QS(N)--NET HEAT INPUT
 1.000        2.3102E+05  2.2716E+05  2.2297E+05  2.1660E+05  2.1021E+05  2.0329E+05  1.9587E+05  1.8819E+05  1.8022E+05  1.8282E+05


              QRR(N)--RERADIATION
 1.000        0.0000E+00  0.0000E+00  0.0000E+00  0.0000E+00  0.0000E+00  0.0000E+00  0.0000E+00  0.0000E+00  0.0000E+00  0.0000E+00


              QCOMB(N)--HEAT DUE TO COMBUSTION FOR OXIDATION
 1.000        0.0000E+00  0.0000E+00  0.0000E+00  0.0000E+00  0.0000E+00  0.0000E+00  0.0000E+00  0.0000E+00  0.0000E+00  0.0000E+00


     NO. ITER. COL.=   1     NO. ITER. ROW=   1     TOTAL NO. ITER.=     494     IROCOL=  1

 TAU=    5.0220              DELTAU= 0.015625

              QC= 1.5911E+06     QR= 0.0000E+00     HE= 4.8810E+06
               T(S,1)= 0.9855E+03

              TEMPERATURE (M,N)
 ETA      X= 0.00000 0.00005 0.00011 0.00016 0.00021 0.00027 0.00032 0.00037 0.00043 0.00048
 1.000         985.6   984.7   981.8   976.8   970.5   962.3   951.1   936.0   919.0   917.0
 0.889         667.2   667.9   667.6   666.4   664.2   660.2   653.5   643.2   631.5   627.7
 0.778         437.2   438.1   438.3   438.2   437.4   435.6   432.1   426.6   420.4   417.9
 0.667         336.6   336.9   337.0   337.0   336.8   336.1   334.9   333.0   331.0   330.1
 0.556         307.7   307.8   307.8   307.8   307.7   307.6   307.2   306.8   306.3   306.1
 0.444         301.4   301.4   301.4   301.4   301.4   301.4   301.3   301.2   301.1   301.1
 0.333         300.2   300.2   300.2   300.2   300.2   300.2   300.2   300.2   300.2   300.2
 0.222         300.0   300.0   300.0   300.0   300.0   300.0   300.0   300.0   300.0   300.0
 0.111         300.0   300.0   300.0   300.0   300.0   300.0   300.0   300.0   300.0   300.0
 0.000         300.0   300.0   300.0   300.0   300.0   300.0   300.0   300.0   300.0   300.0

              MDOT(N)--SURFACE MASS LOSS RATE
 ETA      X=  0.00000     0.00005     0.00011     0.00016     0.00021     0.00027     0.00032     0.00037     0.00043     0.00048

 1.000        1.2019E-01  1.1815E-01  1.1104E-01  9.9801E-02  8.7253E-02  7.2853E-02  5.6755E-02  4.0190E-02  2.6827E-02  2.5574E-02


              MCDOT(N)--SURFACE MASS LOSS RATE DUE TO OXIDATION
 1.000        0.0000E+00  0.0000E+00  0.0000E+00  0.0000E+00  0.0000E+00  0.0000E+00  0.0000E+00  0.0000E+00  0.0000E+00  0.0000E+00


              DELTA(N)--MATERIAL THICKNESS
 1.000        7.1031E-03  7.1075E-03  7.1223E-03  7.1462E-03  7.1719E-03  7.2006E-03  7.2318E-03  7.2620E-03  7.2840E-03  7.2857E-03


              QRAT(N)--RATIO OF LOCAL HEATING TO STAGNATION HEATING
 1.000        1.0000E+00  9.8339E-01  9.3128E-01  8.4917E-01  7.5801E-01  6.5357E-01  5.3659E-01  4.1515E-01  3.1428E-01  3.0744E-01


              PRAT(N)--RATIO OF LOCAL PRESS TO STAG PRESS
 1.000        1.0000E+00  9.7522E-01  9.0348E-01  7.9081E-01  6.4879E-01  4.9512E-01  3.4729E-01  2.2174E-01  1.3539E-01  1.1265E-01


              QS(N)--NET HEAT INPUT
 1.000        2.0792E+05  2.0485E+05  2.0069E+05  1.9446E+05  1.8820E+05  1.8141E+05  1.7402E+05  1.6611E+05  1.5753E+05  1.6011E+05


              QRR(N)--RERADIATION
 1.000        0.0000E+00  0.0000E+00  0.0000E+00  0.0000E+00  0.0000E+00  0.0000E+00  0.0000E+00  0.0000E+00  0.0000E+00  0.0000E+00


              QCOMB(N)--HEAT DUE TO COMBUSTION FOR OXIDATION
 1.000        0.0000E+00  0.0000E+00  0.0000E+00  0.0000E+00  0.0000E+00  0.0000E+00  0.0000E+00  0.0000E+00  0.0000E+00  0.0000E+00


     NO. ITER. COL.=   1     NO. ITER. ROW=   1     TOTAL NO. ITER.=     558     IROCOL=  1

 TAU=    6.0220              DELTAU= 0.015625

              QC= 1.5898E+06     QR= 0.0000E+00     HE= 4.8810E+06
               T(S,1)= 0.9864E+03

              TEMPERATURE (M,N)
 ETA      X= 0.00000 0.00005 0.00011 0.00016 0.00021 0.00027 0.00032 0.00037 0.00043 0.00048
 1.000         986.4   985.6   982.7   978.0   971.9   964.0   953.2   938.7   922.1   920.0
 0.889         697.7   698.3   698.1   697.3   695.5   692.1   686.3   677.4   667.3   663.5
 0.778         471.5   472.3   472.8   473.0   472.6   471.0   467.9   462.9   457.3   454.5
 0.667         354.8   355.1   355.4   355.6   355.4   354.8   353.6   351.5   349.3   348.0
 0.556         313.9   314.0   314.1   314.1   314.1   313.9   313.5   312.9   312.2   311.8
 0.444         303.1   303.1   303.1   303.1   303.1   303.0   302.9   302.7   302.6   302.5
 0.333         300.6   300.6   300.6   300.6   300.6   300.6   300.6   300.5   300.5   300.5
 0.222         300.1   300.1   300.1   300.1   300.1   300.1   300.1   300.1   300.1   300.1
 0.111         300.0   300.0   300.0   300.0   300.0   300.0   300.0   300.0   300.0   300.0
 0.000         300.0   300.0   300.0   300.0   300.0   300.0   300.0   300.0   300.0   300.0

              MDOT(N)--SURFACE MASS LOSS RATE
 ETA      X=  0.00000     0.00005     0.00011     0.00016     0.00021     0.00027     0.00032     0.00037     0.00043     0.00048

 1.000        1.2238E-01  1.2025E-01  1.1329E-01  1.0233E-01  8.9949E-02  7.5630E-02  5.9532E-02  4.2769E-02  2.8907E-02  2.7476E-02


              MCDOT(N)--SURFACE MASS LOSS RATE DUE TO OXIDATION
 1.000        0.0000E+00  0.0000E+00  0.0000E+00  0.0000E+00  0.0000E+00  0.0000E+00  0.0000E+00  0.0000E+00  0.0000E+00  0.0000E+00


              DELTA(N)--MATERIAL THICKNESS
 1.000        7.0470E-03  7.0524E-03  7.0705E-03  7.0994E-03  7.1309E-03  7.1663E-03  7.2049E-03  7.2428E-03  7.2711E-03  7.2734E-03


              QRAT(N)--RATIO OF LOCAL HEATING TO STAGNATION HEATING
 1.000        1.0000E+00  9.8327E-01  9.3217E-01  8.5215E-01  7.6229E-01  6.5865E-01  5.4198E-01  4.1951E-01  3.1538E-01  3.0739E-01


              PRAT(N)--RATIO OF LOCAL PRESS TO STAG PRESS
 1.000        1.0000E+00  9.7571E-01  9.0531E-01  7.9404E-01  6.5302E-01  4.9995E-01  3.5191E-01  2.2495E-01  1.3624E-01  1.1273E-01


              QS(N)--NET HEAT INPUT
 1.000        1.9050E+05  1.8795E+05  1.8382E+05  1.7770E+05  1.7153E+05  1.6482E+05  1.5744E+05  1.4934E+05  1.4027E+05  1.4282E+05


              QRR(N)--RERADIATION
 1.000        0.0000E+00  0.0000E+00  0.0000E+00  0.0000E+00  0.0000E+00  0.0000E+00  0.0000E+00  0.0000E+00  0.0000E+00  0.0000E+00


              QCOMB(N)--HEAT DUE TO COMBUSTION FOR OXIDATION
 1.000        0.0000E+00  0.0000E+00  0.0000E+00  0.0000E+00  0.0000E+00  0.0000E+00  0.0000E+00  0.0000E+00  0.0000E+00  0.0000E+00


     NO. ITER. COL.=   1     NO. ITER. ROW=   1     TOTAL NO. ITER.=     622     IROCOL=  1

 TAU=    7.0220              DELTAU= 0.015625

              QC= 1.5882E+06     QR= 0.0000E+00     HE= 4.8810E+06
               T(S,1)= 0.9870E+03

              TEMPERATURE (M,N)
 ETA      X= 0.00000 0.00005 0.00011 0.00016 0.00021 0.00027 0.00032 0.00037 0.00043 0.00048
 1.000         987.1   986.2   983.5   978.9   973.1   965.4   954.9   940.9   924.5   922.2
 0.889         721.7   722.1   722.0   721.5   720.0   717.0   711.9   704.1   695.0   691.3
 0.778         502.3   503.1   503.7   504.2   504.1   502.9   500.3   495.9   490.9   487.9
 0.667         374.5   374.9   375.3   375.7   375.7   375.2   374.0   372.0   369.7   368.2
 0.556         322.1   322.2   322.3   322.5   322.4   322.2   321.8   321.1   320.3   319.8
 0.444         305.7   305.7   305.7   305.7   305.7   305.6   305.5   305.3   305.1   304.9
 0.333         301.3   301.3   301.3   301.3   301.3   301.3   301.3   301.2   301.2   301.1
 0.222         300.3   300.3   300.3   300.3   300.3   300.3   300.3   300.3   300.3   300.3
 0.111         300.1   300.1   300.1   300.1   300.1   300.1   300.1   300.1   300.1   300.1
 0.000         300.0   300.0   300.0   300.0   300.0   300.0   300.0   300.0   300.0   300.0

              MDOT(N)--SURFACE MASS LOSS RATE
 ETA      X=  0.00000     0.00005     0.00011     0.00016     0.00021     0.00027     0.00032     0.00037     0.00043     0.00048

 1.000        1.2405E-01  1.2189E-01  1.1508E-01  1.0441E-01  9.2199E-02  7.7978E-02  6.1903E-02  4.4972E-02  3.0613E-02  2.8993E-02


              MCDOT(N)--SURFACE MASS LOSS RATE DUE TO OXIDATION
 1.000        0.0000E+00  0.0000E+00  0.0000E+00  0.0000E+00  0.0000E+00  0.0000E+00  0.0000E+00  0.0000E+00  0.0000E+00  0.0000E+00


              DELTA(N)--MATERIAL THICKNESS
 1.000        6.9901E-03  6.9964E-03  7.0177E-03  7.0516E-03  7.0888E-03  7.1307E-03  7.1768E-03  7.2225E-03  7.2573E-03  7.2603E-03


              QRAT(N)--RATIO OF LOCAL HEATING TO STAGNATION HEATING
 1.000        1.0000E+00  9.8332E-01  9.3329E-01  8.5531E-01  7.6674E-01  6.6390E-01  5.4756E-01  4.2412E-01  3.1664E-01  3.0740E-01


              PRAT(N)--RATIO OF LOCAL PRESS TO STAG PRESS
 1.000        1.0000E+00  9.7620E-01  9.0711E-01  7.9725E-01  6.5724E-01  5.0481E-01  3.5662E-01  2.2829E-01  1.3713E-01  1.1281E-01


              QS(N)--NET HEAT INPUT
 1.000        1.7694E+05  1.7475E+05  1.7064E+05  1.6461E+05  1.5852E+05  1.5187E+05  1.4450E+05  1.3624E+05  1.2678E+05  1.2929E+05


              QRR(N)--RERADIATION
 1.000        0.0000E+00  0.0000E+00  0.0000E+00  0.0000E+00  0.0000E+00  0.0000E+00  0.0000E+00  0.0000E+00  0.0000E+00  0.0000E+00


              QCOMB(N)--HEAT DUE TO COMBUSTION FOR OXIDATION
 1.000        0.0000E+00  0.0000E+00  0.0000E+00  0.0000E+00  0.0000E+00  0.0000E+00  0.0000E+00  0.0000E+00  0.0000E+00  0.0000E+00


     NO. ITER. COL.=   1     NO. ITER. ROW=   1     TOTAL NO. ITER.=     686     IROCOL=  1

 TAU=    8.0063              DELTAU= 0.015625

              QC= 1.5864E+06     QR= 0.0000E+00     HE= 4.8810E+06
               T(S,1)= 0.9875E+03

              TEMPERATURE (M,N)
 ETA      X= 0.00000 0.00005 0.00011 0.00016 0.00021 0.00027 0.00032 0.00037 0.00043 0.00048
 1.000         987.5   986.7   984.1   979.7   974.0   966.5   956.4   942.6   926.3   923.9
 0.889         740.5   740.8   740.9   740.5   739.3   736.6   732.0   724.9   716.6   712.7
 0.778         529.0   529.7   530.4   531.2   531.3   530.4   528.3   524.5   520.1   517.0
 0.667         394.2   394.7   395.2   395.8   395.9   395.6   394.5   392.7   390.6   388.9
 0.556         331.6   331.8   332.0   332.2   332.2   332.0   331.6   330.8   330.0   329.4
 0.444         309.2   309.3   309.3   309.4   309.3   309.2   309.1   308.8   308.6   308.4
 0.333         302.5   302.5   302.5   302.5   302.5   302.4   302.4   302.3   302.2   302.2
 0.222         300.6   300.7   300.6   300.6   300.6   300.6   300.6   300.6   300.6   300.6
 0.111         300.2   300.2   300.2   300.2   300.2   300.2   300.2   300.2   300.2   300.2
 0.000         299.9   299.9   299.9   299.9   299.9   299.9   299.9   299.9   299.9   299.9

              MDOT(N)--SURFACE MASS LOSS RATE
 ETA      X=  0.00000     0.00005     0.00011     0.00016     0.00021     0.00027     0.00032     0.00037     0.00043     0.00048

 1.000        1.2532E-01  1.2315E-01  1.1650E-01  1.0611E-01  9.4075E-02  7.9960E-02  6.3925E-02  4.6852E-02  3.2009E-02  3.0195E-02


              MCDOT(N)--SURFACE MASS LOSS RATE DUE TO OXIDATION
 1.000        0.0000E+00  0.0000E+00  0.0000E+00  0.0000E+00  0.0000E+00  0.0000E+00  0.0000E+00  0.0000E+00  0.0000E+00  0.0000E+00


              DELTA(N)--MATERIAL THICKNESS
 1.000        6.9342E-03  6.9415E-03  6.9658E-03  7.0045E-03  7.0471E-03  7.0954E-03  7.1486E-03  7.2019E-03  7.2433E-03  7.2470E-03


              QRAT(N)--RATIO OF LOCAL HEATING TO STAGNATION HEATING
 1.000        1.0000E+00  9.8347E-01  9.3452E-01  8.5847E-01  7.7115E-01  6.6911E-01  5.5312E-01  4.2880E-01  3.1799E-01  3.0745E-01


              PRAT(N)--RATIO OF LOCAL PRESS TO STAG PRESS
 1.000        1.0000E+00  9.7667E-01  9.0883E-01  8.0031E-01  6.6133E-01  5.0956E-01  3.6125E-01  2.3165E-01  1.3805E-01  1.1290E-01


              QS(N)--NET HEAT INPUT
 1.000        1.6637E+05  1.6441E+05  1.6033E+05  1.5439E+05  1.4836E+05  1.4177E+05  1.3440E+05  1.2603E+05  1.1626E+05  1.1874E+05


              QRR(N)--RERADIATION
 1.000        0.0000E+00  0.0000E+00  0.0000E+00  0.0000E+00  0.0000E+00  0.0000E+00  0.0000E+00  0.0000E+00  0.0000E+00  0.0000E+00


              QCOMB(N)--HEAT DUE TO COMBUSTION FOR OXIDATION
 1.000        0.0000E+00  0.0000E+00  0.0000E+00  0.0000E+00  0.0000E+00  0.0000E+00  0.0000E+00  0.0000E+00  0.0000E+00  0.0000E+00


     NO. ITER. COL.=   1     NO. ITER. ROW=   1     TOTAL NO. ITER.=     748     IROCOL=  1
