 SAMPLE PROBLEM IN CARTESIAN COORDINATES                                         

 TAU=   10.0391              DELTAU= 0.062500

              QC= 1.0000E+06     QR= 0.0000E+00     HE= 8.0000E+06
               T(S,1)= 0.5192E+03

              TEMPERATURE (M,N)
 ETA      X= 0.00000 0.00600 0.01200 0.01800 0.02400
 1.000         520.0   518.0   514.5   511.1   509.1
 0.889         478.9   478.2   476.6   475.0   474.2
 0.778         447.7   447.4   446.6   445.9   445.6
 0.667         423.3   423.2   422.8   422.5   422.3
 0.556         404.3   404.3   404.1   403.9   403.9
 0.444         389.7   389.7   389.6   389.5   389.5
 0.333         378.9   378.9   378.8   378.8   378.8
 0.222         371.4   371.4   371.3   371.3   371.3
 0.111         367.0   367.0   367.0   366.9   366.9
 0.000         365.5   365.5   365.5   365.5   365.5

              MDOT(N)--SURFACE MASS LOSS RATE
 ETA      X=  0.00000     0.00600     0.01200     0.01800     0.02400
 1.000        3.5991E-26  2.6504E-26  1.5213E-26  8.6738E-27  6.2804E-27

              MCDOT(N)--SURFACE MASS LOSS RATE DUE TO OXIDATION
 1.000        3.5991E-26  2.6504E-26  1.5213E-26  8.6738E-27  6.2804E-27

              DELTA(N)--MATERIAL THICKNESS
 1.000        5.0000E-02  5.0000E-02  5.0000E-02  5.0000E-02  5.0000E-02

              QRAT(N)--RATIO OF LOCAL HEATING TO STAGNATION HEATING
 1.000        1.0000E+00  9.5000E-01  9.0000E-01  8.5000E-01  8.0000E-01

              PRAT(N)--RATIO OF LOCAL PRESS TO STAG PRESS
 1.000        1.0000E+00  1.0000E+00  1.0000E+00  1.0000E+00  1.0000E+00

              QS(N)--NET HEAT INPUT
 1.000        9.7226E+05  9.2388E+05  8.7565E+05  8.2738E+05  7.7891E+05

              QRR(N)--RERADIATION
 1.000        4.0613E+03  4.0011E+03  3.8946E+03  3.7904E+03  3.7321E+03

              QCOMB(N)--HEAT DUE TO COMBUSTION FOR OXIDATION
 1.000        2.9297E-19  2.1563E-19  1.2363E-19  7.0409E-20  5.0946E-20

     NO. ITER. COL.=   1     NO. ITER. ROW=   1     TOTAL NO. ITER.=     182     IROCOL=  1

 TAU=   20.0391              DELTAU= 0.062500

              QC= 1.0000E+06     QR= 0.0000E+00     HE= 8.0000E+06
               T(S,1)= 0.6310E+03

              TEMPERATURE (M,N)
 ETA      X= 0.00000 0.00600 0.01200 0.01800 0.02400
 1.000         631.6   629.3   625.2   621.1   618.8
 0.889         583.0   582.1   580.2   578.3   577.4
 0.778         545.4   545.1   544.2   543.3   542.9
 0.667         516.3   516.1   515.7   515.3   515.1
 0.556         493.8   493.7   493.5   493.3   493.2
 0.444         476.5   476.4   476.3   476.3   476.2
 0.333         463.6   463.6   463.6   463.5   463.5
 0.222         454.8   454.8   454.8   454.7   454.7
 0.111         449.6   449.6   449.6   449.6   449.5
 0.000         447.9   447.9   447.9   447.8   447.8

              MDOT(N)--SURFACE MASS LOSS RATE
 ETA      X=  0.00000     0.00600     0.01200     0.01800     0.02400
 1.000        6.7882E-20  5.3189E-20  3.4155E-20  2.1805E-20  1.6843E-20

              MCDOT(N)--SURFACE MASS LOSS RATE DUE TO OXIDATION
 1.000        6.7882E-20  5.3189E-20  3.4155E-20  2.1805E-20  1.6843E-20

              DELTA(N)--MATERIAL THICKNESS
 1.000        5.0000E-02  5.0000E-02  5.0000E-02  5.0000E-02  5.0000E-02

              QRAT(N)--RATIO OF LOCAL HEATING TO STAGNATION HEATING
 1.000        1.0000E+00  9.5000E-01  9.0000E-01  8.5000E-01  8.0000E-01

              PRAT(N)--RATIO OF LOCAL PRESS TO STAG PRESS
 1.000        1.0000E+00  1.0000E+00  1.0000E+00  1.0000E+00  1.0000E+00

              QS(N)--NET HEAT INPUT
 1.000        9.5757E+05  9.0998E+05  8.6258E+05  8.1513E+05  7.6743E+05

              QRR(N)--RERADIATION
 1.000        8.8434E+03  8.7163E+03  8.4913E+03  8.2707E+03  8.1470E+03

              QCOMB(N)--HEAT DUE TO COMBUSTION FOR OXIDATION
 1.000        5.8926E-13  4.6152E-13  2.9611E-13  1.8888E-13  1.4583E-13

     NO. ITER. COL.=   1     NO. ITER. ROW=   1     TOTAL NO. ITER.=     342     IROCOL=  1

 TAU=   30.0391              DELTAU= 0.062500

              QC= 1.0000E+06     QR= 0.0000E+00     HE= 8.0000E+06
               T(S,1)= 0.7252E+03

              TEMPERATURE (M,N)
 ETA      X= 0.00000 0.00600 0.01200 0.01800 0.02400
 1.000         725.7   723.2   718.7   714.1   711.5
 0.889         671.8   670.9   668.7   666.5   665.6
 0.778         630.0   629.6   628.6   627.6   627.2
 0.667         597.2   597.0   596.5   596.0   595.8
 0.556         571.4   571.3   571.0   570.8   570.7
 0.444         551.5   551.4   551.3   551.2   551.2
 0.333         536.8   536.8   536.7   536.7   536.7
 0.222         526.8   526.8   526.7   526.7   526.7
 0.111         520.9   520.9   520.9   520.9   520.9
 0.000         519.0   519.0   519.0   518.9   518.9

              MDOT(N)--SURFACE MASS LOSS RATE
 ETA      X=  0.00000     0.00600     0.01200     0.01800     0.02400
 1.000        4.1847E-16  3.4098E-16  2.3509E-16  1.6127E-16  1.2980E-16

              MCDOT(N)--SURFACE MASS LOSS RATE DUE TO OXIDATION
 1.000        4.1847E-16  3.4098E-16  2.3509E-16  1.6127E-16  1.2980E-16

              DELTA(N)--MATERIAL THICKNESS
 1.000        5.0000E-02  5.0000E-02  5.0000E-02  5.0000E-02  5.0000E-02

              QRAT(N)--RATIO OF LOCAL HEATING TO STAGNATION HEATING
 1.000        1.0000E+00  9.5000E-01  9.0000E-01  8.5000E-01  8.0000E-01

              PRAT(N)--RATIO OF LOCAL PRESS TO STAG PRESS
 1.000        1.0000E+00  1.0000E+00  1.0000E+00  1.0000E+00  1.0000E+00

              QS(N)--NET HEAT INPUT
 1.000        9.4497E+05  8.9804E+05  8.5132E+05  8.0454E+05  7.5750E+05

              QRR(N)--RERADIATION
 1.000        1.5414E+04  1.5201E+04  1.4822E+04  1.4450E+04  1.4241E+04

              QCOMB(N)--HEAT DUE TO COMBUSTION FOR OXIDATION
 1.000        3.7448E-09  3.0502E-09  2.1016E-09  1.4407E-09  1.1590E-09

     NO. ITER. COL.=   1     NO. ITER. ROW=   1     TOTAL NO. ITER.=     502     IROCOL=  1

 TAU=   40.0391              DELTAU= 0.062500

              QC= 1.0000E+06     QR= 0.0000E+00     HE= 8.0000E+06
               T(S,1)= 0.8074E+03

              TEMPERATURE (M,N)
 ETA      X= 0.00000 0.00600 0.01200 0.01800 0.02400
 1.000         807.9   805.2   800.3   795.5   792.7
 0.889         750.4   749.4   747.1   744.8   743.7
 0.778         705.1   704.7   703.6   702.5   702.0
 0.667         669.1   668.9   668.4   667.9   667.7
 0.556         641.0   640.9   640.6   640.4   640.3
 0.444         619.2   619.2   619.1   619.0   618.9
 0.333         603.1   603.0   603.0   602.9   602.9
 0.222         591.8   591.8   591.8   591.8   591.8
 0.111         585.2   585.2   585.2   585.2   585.2
 0.000         583.0   583.0   583.0   583.0   583.0

              MDOT(N)--SURFACE MASS LOSS RATE
 ETA      X=  0.00000     0.00600     0.01200     0.01800     0.02400
 1.000        1.9334E-13  1.4960E-13  9.8203E-14  7.0947E-14  5.8837E-14

              MCDOT(N)--SURFACE MASS LOSS RATE DUE TO OXIDATION
 1.000        0.0000E+00  0.0000E+00  9.8203E-14  7.0947E-14  5.8837E-14

              DELTA(N)--MATERIAL THICKNESS
 1.000        5.0000E-02  5.0000E-02  5.0000E-02  5.0000E-02  5.0000E-02

              QRAT(N)--RATIO OF LOCAL HEATING TO STAGNATION HEATING
 1.000        1.0000E+00  9.5000E-01  9.0000E-01  8.5000E-01  8.0000E-01

              PRAT(N)--RATIO OF LOCAL PRESS TO STAG PRESS
 1.000        1.0000E+00  1.0000E+00  1.0000E+00  1.0000E+00  1.0000E+00

              QS(N)--NET HEAT INPUT
 1.000        9.3396E+05  8.8761E+05  8.4148E+05  7.9528E+05  7.4880E+05

              QRR(N)--RERADIATION
 1.000        2.3673E+04  2.3357E+04  2.2798E+04  2.2248E+04  2.1939E+04

              QCOMB(N)--HEAT DUE TO COMBUSTION FOR OXIDATION
 1.000        0.0000E+00  0.0000E+00  8.9492E-07  6.4612E-07  5.3564E-07

     NO. ITER. COL.=   1     NO. ITER. ROW=   1     TOTAL NO. ITER.=     662     IROCOL=  1

 TAU=   50.0391              DELTAU= 0.062500

              QC= 9.6095E+05     QR= 0.0000E+00     HE= 8.0000E+06
               T(S,1)= 0.8806E+03

              TEMPERATURE (M,N)
 ETA      X= 0.00000 0.00600 0.01200 0.01800 0.02400
 1.000         880.7   877.9   872.8   867.7   864.8
 0.889         821.0   819.9   817.5   815.0   813.9
 0.778         773.4   772.9   771.7   770.6   770.1
 0.667         735.3   735.1   734.5   734.0   733.8
 0.556         705.0   704.9   704.6   704.4   704.3
 0.444         681.5   681.4   681.3   681.2   681.1
 0.333         664.0   664.0   663.9   663.9   663.8
 0.222         652.0   651.9   651.9   651.9   651.9
 0.111         644.9   644.9   644.9   644.8   644.8
 0.000         642.5   642.5   642.5   642.5   642.5

              MDOT(N)--SURFACE MASS LOSS RATE
 ETA      X=  0.00000     0.00600     0.01200     0.01800     0.02400
 1.000        1.0585E-10  8.4612E-11  5.6278E-11  3.7221E-11  2.9348E-11

              MCDOT(N)--SURFACE MASS LOSS RATE DUE TO OXIDATION
 1.000        0.0000E+00  0.0000E+00  0.0000E+00  0.0000E+00  0.0000E+00

              DELTA(N)--MATERIAL THICKNESS
 1.000        5.0000E-02  5.0000E-02  5.0000E-02  5.0000E-02  5.0000E-02

              QRAT(N)--RATIO OF LOCAL HEATING TO STAGNATION HEATING
 1.000        1.0000E+00  9.5000E-01  9.0000E-01  8.5000E-01  8.0000E-01

              PRAT(N)--RATIO OF LOCAL PRESS TO STAG PRESS
 1.000        1.0000E+00  1.0000E+00  1.0000E+00  1.0000E+00  1.0000E+00

              QS(N)--NET HEAT INPUT
 1.000        8.8770E+05  8.4369E+05  7.9991E+05  7.5606E+05  7.1190E+05

              QRR(N)--RERADIATION
 1.000        3.3421E+04  3.2997E+04  3.2242E+04  3.1498E+04  3.1080E+04

              QCOMB(N)--HEAT DUE TO COMBUSTION FOR OXIDATION
 1.000        0.0000E+00  0.0000E+00  0.0000E+00  0.0000E+00  0.0000E+00

     NO. ITER. COL.=   1     NO. ITER. ROW=   1     TOTAL NO. ITER.=     822     IROCOL=  1

 TAU=   60.0391              DELTAU= 0.062500

              QC= 3.0000E+02     QR= 0.0000E+00     HE= 8.0000E+06
               T(S,1)= 0.7418E+03

              TEMPERATURE (M,N)
 ETA      X= 0.00000 0.00600 0.01200 0.01800 0.02400
 1.000         741.6   741.6   741.6   741.5   741.5
 0.889         740.8   740.8   740.8   740.8   740.8
 0.778         736.6   736.5   736.5   736.5   736.5
 0.667         729.5   729.5   729.5   729.5   729.5
 0.556         720.8   720.8   720.8   720.8   720.8
 0.444         711.8   711.8   711.8   711.7   711.7
 0.333         703.4   703.4   703.4   703.4   703.4
 0.222         696.8   696.8   696.8   696.8   696.8
 0.111         692.6   692.6   692.6   692.6   692.6
 0.000         691.1   691.1   691.1   691.1   691.1

              MDOT(N)--SURFACE MASS LOSS RATE
 ETA      X=  0.00000     0.00600     0.01200     0.01800     0.02400
 1.000        1.4602E-15  1.4597E-15  1.4584E-15  1.4572E-15  1.4566E-15

              MCDOT(N)--SURFACE MASS LOSS RATE DUE TO OXIDATION
 1.000        1.4602E-15  1.4597E-15  1.4584E-15  1.4572E-15  1.4566E-15

              DELTA(N)--MATERIAL THICKNESS
 1.000        5.0000E-02  5.0000E-02  5.0000E-02  5.0000E-02  5.0000E-02

              QRAT(N)--RATIO OF LOCAL HEATING TO STAGNATION HEATING
 1.000        1.0000E+00  9.5000E-01  9.0000E-01  8.5000E-01  8.0000E-01

              PRAT(N)--RATIO OF LOCAL PRESS TO STAG PRESS
 1.000        1.0000E+00  1.0000E+00  1.0000E+00  1.0000E+00  1.0000E+00

              QS(N)--NET HEAT INPUT
 1.000        2.8285E+02  2.6871E+02  2.5457E+02  2.4043E+02  2.2628E+02

              QRR(N)--RERADIATION
 1.000        1.6803E+04  1.6803E+04  1.6802E+04  1.6801E+04  1.6801E+04

              QCOMB(N)--HEAT DUE TO COMBUSTION FOR OXIDATION
 1.000        1.3928E-08  1.3923E-08  1.3911E-08  1.3898E-08  1.3893E-08

     NO. ITER. COL.=   1     NO. ITER. ROW=   1     TOTAL NO. ITER.=     983     IROCOL=  1

 TAU=   70.0391              DELTAU= 0.062500

              QC= 3.0000E+02     QR= 0.0000E+00     HE= 8.0000E+06
               T(S,1)= 0.7203E+03

              TEMPERATURE (M,N)
 ETA      X= 0.00000 0.00600 0.01200 0.01800 0.02400
 1.000         720.3   720.3   720.3   720.3   720.3
 0.889         720.7   720.7   720.7   720.7   720.7
 0.778         720.2   720.2   720.2   720.2   720.2
 0.667         718.8   718.8   718.8   718.8   718.8
 0.556         716.9   716.9   716.9   716.9   716.9
 0.444         714.7   714.7   714.7   714.7   714.7
 0.333         712.5   712.5   712.5   712.5   712.5
 0.222         710.8   710.8   710.8   710.8   710.8
 0.111         709.6   709.6   709.6   709.6   709.6
 0.000         709.2   709.2   709.2   709.2   709.2

              MDOT(N)--SURFACE MASS LOSS RATE
 ETA      X=  0.00000     0.00600     0.01200     0.01800     0.02400
 1.000        2.6827E-16  2.6825E-16  2.6822E-16  2.6819E-16  2.6817E-16

              MCDOT(N)--SURFACE MASS LOSS RATE DUE TO OXIDATION
 1.000        2.6827E-16  2.6825E-16  2.6822E-16  2.6819E-16  2.6817E-16

              DELTA(N)--MATERIAL THICKNESS
 1.000        5.0000E-02  5.0000E-02  5.0000E-02  5.0000E-02  5.0000E-02

              QRAT(N)--RATIO OF LOCAL HEATING TO STAGNATION HEATING
 1.000        1.0000E+00  9.5000E-01  9.0000E-01  8.5000E-01  8.0000E-01

              PRAT(N)--RATIO OF LOCAL PRESS TO STAG PRESS
 1.000        1.0000E+00  1.0000E+00  1.0000E+00  1.0000E+00  1.0000E+00

              QS(N)--NET HEAT INPUT
 1.000        2.8371E+02  2.6952E+02  2.5534E+02  2.4115E+02  2.2697E+02

              QRR(N)--RERADIATION
 1.000        1.4955E+04  1.4955E+04  1.4955E+04  1.4955E+04  1.4955E+04

              QCOMB(N)--HEAT DUE TO COMBUSTION FOR OXIDATION
 1.000        2.5223E-09  2.5222E-09  2.5219E-09  2.5216E-09  2.5214E-09

     NO. ITER. COL.=   1     NO. ITER. ROW=   1     TOTAL NO. ITER.=    1143     IROCOL=  1

 TAU=   80.0391              DELTAU= 0.062500

              QC= 3.0000E+02     QR= 0.0000E+00     HE= 8.0000E+06
               T(S,1)= 0.7137E+03

              TEMPERATURE (M,N)
 ETA      X= 0.00000 0.00600 0.01200 0.01800 0.02400
 1.000         713.7   713.7   713.7   713.7   713.7
 0.889         714.5   714.5   714.5   714.5   714.5
 0.778         714.9   714.9   714.9   714.9   714.9
 0.667         715.0   715.0   715.0   715.0   715.0
 0.556         714.8   714.8   714.8   714.8   714.8
 0.444         714.6   714.6   714.6   714.6   714.6
 0.333         714.2   714.2   714.2   714.2   714.2
 0.222         713.9   713.9   713.9   713.9   713.9
 0.111         713.7   713.7   713.7   713.7   713.7
 0.000         713.6   713.6   713.6   713.6   713.6

              MDOT(N)--SURFACE MASS LOSS RATE
 ETA      X=  0.00000     0.00600     0.01200     0.01800     0.02400
 1.000        1.5590E-16  1.5589E-16  1.5587E-16  1.5586E-16  1.5584E-16

              MCDOT(N)--SURFACE MASS LOSS RATE DUE TO OXIDATION
 1.000        1.5590E-16  1.5589E-16  1.5587E-16  1.5586E-16  1.5584E-16

              DELTA(N)--MATERIAL THICKNESS
 1.000        5.0000E-02  5.0000E-02  5.0000E-02  5.0000E-02  5.0000E-02

              QRAT(N)--RATIO OF LOCAL HEATING TO STAGNATION HEATING
 1.000        1.0000E+00  9.5000E-01  9.0000E-01  8.5000E-01  8.0000E-01

              PRAT(N)--RATIO OF LOCAL PRESS TO STAG PRESS
 1.000        1.0000E+00  1.0000E+00  1.0000E+00  1.0000E+00  1.0000E+00

              QS(N)--NET HEAT INPUT
 1.000        2.8397E+02  2.6977E+02  2.5558E+02  2.4138E+02  2.2718E+02

              QRR(N)--RERADIATION
 1.000        1.4417E+04  1.4417E+04  1.4417E+04  1.4417E+04  1.4417E+04

              QCOMB(N)--HEAT DUE TO COMBUSTION FOR OXIDATION
 1.000        1.4599E-09  1.4598E-09  1.4596E-09  1.4594E-09  1.4593E-09

     NO. ITER. COL.=   1     NO. ITER. ROW=   1     TOTAL NO. ITER.=    1302     IROCOL=  2
 End of file reading namelist D2430
