INDUCED DRAG FROM SPAN LOADING
   Program version 0.7 (28Dec96)
   Input file: hb131.ccl
   Computed on 16:42 28Dec1996     
 
Summary of Input Data
                                                                                                                                    
span=    12.1920       area=    27.8709       AR=    5.33334    
            y           ccl          eta
   1      0.00000      1.10000      0.00000
   2      2.33500      0.90000      0.19152
   3      4.31000      0.64200      0.35351
   4      5.63250      0.37700      0.46198
Fourier Coefficients of Sine Series
   1   0.0202995
   3  -0.0009412
   5   0.0009791
   7  -0.0002062
   9   0.0000754
  11  -0.0000417
  13   0.0000026
  15  -0.0000004
  17   0.0000002
  19  -0.0000006
  21   0.0000032
  23  -0.0000018
  25   0.0000013
  27  -0.0000011
  29   0.0000001
  31   0.0000000
  33   0.0000000
  35  -0.0000001
  37   0.0000003
  39  -0.0000002
  41   0.0000002
  43  -0.0000002
  45   0.0000000
  47   0.0000000
  49   0.0000000
  51   0.0000000
  53   0.0000001
  55  -0.0000001
  57   0.0000000
  59   0.0000000
  CL=  0.34012   CD=  0.00699
CD from the simple function=  0.00699
