INDUCED DRAG FROM SPAN LOADING
   Program version 0.7 (28Dec96)
   Input file: tpl11r.ccl
   Computed on 16:42 28Dec1996     
 
Summary of Input Data
  TPLOAD11 with shuffled loading data                                                                                               
span=    176.430       area=    3715.20       AR=    8.37843    
            y           ccl          eta
   1     32.20000     13.57000      0.18251
   2      0.00000     13.52000      0.00000
   3     22.05000     14.44000      0.12498
   4     57.34000     10.78000      0.32500
   5     74.89000      7.79000      0.42447
   6     47.99000     12.00000      0.27201
   7     52.66000     11.51000      0.29848
   8     36.87000     13.44000      0.20898
Fourier Coefficients of Sine Series
   1   0.0204773
   3   0.0001763
   5   0.0001103
   7   0.0003706
   9  -0.0002962
  11   0.0001349
  13  -0.0001256
  15   0.0001342
  17  -0.0000992
  19   0.0000745
  21  -0.0000640
  23   0.0000303
  25   0.0000238
  27  -0.0000593
  29   0.0000486
  31  -0.0000044
  33  -0.0000319
  35   0.0000332
  37  -0.0000112
  39  -0.0000059
  41   0.0000076
  43  -0.0000023
  45   0.0000002
  47  -0.0000015
  49   0.0000009
  51   0.0000026
  53  -0.0000044
  55   0.0000016
  57   0.0000025
  59  -0.0000036
  CL=  0.53900   CD=  0.01108
CD from the simple function=  0.01108
