INDUCED DRAG FROM SPAN LOADING
   Program version 0.7 (28Dec96)
   Input file: tpload11.ccl
   Computed on 16:39 28Dec1996     
 
Summary of Input Data
  TPLOAD11                                                                                                                          
span=    176.430       area=    3715.20       AR=    8.37843    
            y           ccl          eta
   1      0.00000     13.52000      0.00000
   2     22.05000     14.44000      0.12498
   3     32.20000     13.57000      0.18251
   4     36.87000     13.44000      0.20898
   5     47.99000     12.00000      0.27201
   6     52.66000     11.51000      0.29848
   7     57.34000     10.78000      0.32500
   8     74.89000      7.79000      0.42447
Fourier Coefficients of Sine Series
   1   0.0204729
   3   0.0001757
   5   0.0001138
   7   0.0003730
   9  -0.0002955
  11   0.0001326
  13  -0.0001253
  15   0.0001350
  17  -0.0000992
  19   0.0000743
  21  -0.0000648
  23   0.0000315
  25   0.0000236
  27  -0.0000602
  29   0.0000497
  31  -0.0000047
  33  -0.0000325
  35   0.0000338
  37  -0.0000113
  39  -0.0000062
  41   0.0000078
  43  -0.0000023
  45   0.0000001
  47  -0.0000015
  49   0.0000010
  51   0.0000026
  53  -0.0000045
  55   0.0000017
  57   0.0000025
  59  -0.0000037
  CL=  0.53888   CD=  0.01108
CD from the simple function=  0.01108
