INDUCED DRAG FROM SPAN LOADING
   Program version 0.7 (28Dec96)
   Input file: green7.ccl
   Computed on 13:14  2Jan1997     
 
Summary of Input Data
 could be a wing with a lot of aileron deflection                                                                                   
span=    2.00000       area=   0.400000       AR=    10.0000    
            y           ccl          eta
   1      0.04935      0.10119      0.02468
   2      0.14930      0.10300      0.07465
   3      0.24923      0.11137      0.12461
   4      0.34915      0.12896      0.17458
   5      0.44906      0.16198      0.22453
   6      0.54894      0.22638      0.27447
   7      0.64878      0.37409      0.32439
   8      0.74857      0.93769      0.37429
   9      0.84828      0.94342      0.42414
  10      0.94783      0.73251      0.47392
Fourier Coefficients of Sine Series
   1   0.0597217
   3   0.0730918
   5   0.0221714
   7  -0.0109239
   9  -0.0043916
  11   0.0079439
  13   0.0040065
  15  -0.0047122
  17  -0.0031608
  19   0.0023722
  21   0.0017942
  23  -0.0012863
  25  -0.0007098
  27   0.0006895
  29   0.0001829
  31  -0.0002837
  33   0.0000037
  35   0.0000798
  37  -0.0000374
  39  -0.0000293
  CL=  1.87621   CD=  0.53989
CD from the simple function=  0.53989
