 Uses module ForsytheMalcolmMoler, version 1.96 (11 October 2002)
   10.  -7.   0.
   -3.   2.   6.
    5.  -1.   5.
 condition number= 12.6077490
    7.00000
    4.00000
    6.00000
    0.00000
   -1.00000
    1.00000
 Successful completion of Sample3
   10.  -7.   0.
   -3.   2.   6.
    5.  -1.   5.
 condition number= 12.60775077843244
    7.00000
    4.00000
    6.00000
    0.00000
   -1.00000
    1.00000
 Successful completion of Sample3
 Preparing to call Spline with n= 10
 2.50000000 15.6250000
 Successful completion of Sample4
 Preparing to call Spline with n= 10
 2.500000000000000 15.62500000000000
 Successful completion of Sample4
 result=    1.605412960
 error estimate=  0.00E+00
 33  function evaluations
 Successful completion of Sample5
 result=    1.605412977
 error estimate=  0.11E-15
 33  function evaluations
 Successful completion of Sample5
 Sample6 Results
  0.0    0.750000000    0.000000000
  0.5    0.619766772    0.477790743
  1.0    0.294413418    0.812175512
  1.5   -0.105183668    0.958031714
  2.0   -0.490308911    0.939863801
  2.5   -0.813951671    0.799574375
  3.0   -1.054037690    0.575683534
  3.5   -1.200736640    0.300133795
  4.0   -1.249995470   -0.000028848
  4.5   -1.200723410   -0.300188512
  5.0   -1.054012660   -0.575729311
  5.5   -0.813917398   -0.799605250
  6.0   -0.490270019   -0.939875066
  6.5   -0.105147965   -0.958015144
  7.0    0.294436663   -0.812122822
  7.5    0.619762123   -0.477689207
  8.0    0.749918342    0.000150612
  8.5    0.619556725    0.477936268
  9.0    0.294082940    0.812232494
  9.5   -0.105574518    0.957946956
 10.0   -0.490691990    0.939628780
 10.5   -0.814271808    0.799207628
 11.0   -1.054255130    0.575216353
 11.5   -1.200823900    0.299603432
 12.0   -1.249934910   -0.000581838
 Successful completion of Sample6
 Sample6 Results
  0.0    0.750000000    0.000000000
  0.5    0.619766834    0.477790810
  1.0    0.294413542    0.812175696
  1.5   -0.105183491    0.958032079
  2.0   -0.490308743    0.939864498
  2.5   -0.813951615    0.799575474
  3.0   -1.054037980    0.575685047
  3.5   -1.200737377    0.300135745
  4.0   -1.249996871   -0.000026521
  4.5   -1.200725758   -0.300185995
  5.0   -1.054016094   -0.575726953
  5.5   -0.813922115   -0.799603512
  6.0   -0.490275941   -0.939874564
  6.5   -0.105154739   -0.958016702
  7.0    0.294430256   -0.812127197
  7.5    0.619757877   -0.477696575
  8.0    0.749918227    0.000141912
  8.5    0.619560671    0.477929088
  9.0    0.294088943    0.812228346
  9.5   -0.105568298    0.957945718
 10.0   -0.490686553    0.939629757
 10.5   -0.814267597    0.799210105
 11.0   -1.054252283    0.575219784
 11.5   -1.200822521    0.299607363
 12.0   -1.249935044   -0.000577733
 Successful completion of Sample6
 Sample7 result= 2.09455156
 Successful completion of Sample7
 Sample7 result= 2.094551481542327
 Successful completion of Sample7
 Sample8 result= 0.816410422
 Successful completion of Sample8
 Sample8 result= 0.8164965485031891
 Successful completion of Sample8
 sigma
 35.1272240
 2.46539712
 1.02352635E-06
 u
 -0.354557127 -0.688686669 0.601968348
 -0.398696333 -0.375554323 -0.517172039
 -0.442835689 -6.24223240E-02 -0.305944264
 -0.486974955 0.250709772 -0.244469836
 -0.531114280 0.563841701 0.465617567
 v
 -0.201664895 0.890317261 0.408248186
 -0.516830504 0.257331610 -0.816496789
 -0.831996083 -0.375653803 0.408248305
 Successful completion of Sample9
 sigma
 35.12722333357468
 2.465396696916520
 2.839772892390358E-15
 u
 -0.3545570570376809 -0.6886866437682524 0.5623498172874758
 -0.3986963699988322 -0.3755545293958711 -0.6404098216452332
 -0.4428356829599836 -6.242241502349071E-02 4.323219445121983E-04
 -0.4869749959211350 0.2507096993488898 -0.3290344481032332
 -0.5311143088822865 0.5638418137212697 0.4066621305164775
 v
 -0.2016649111926940 0.8903171327830188 0.4082482904638638
 -0.5168305013923045 0.2573316268240516 -0.8164965809277260
 -0.8319960915919149 -0.3756538791349179 0.4082482904638626
 Successful completion of Sample9
