                                                         --INPUT DATA--

     TITLE--  *    GA(W)-1 AIRFOIL WITH BAD COORDINATE POINTS   *                             

     ITER =  80   IPLOT =  0   IPUNCH =  1   IOP =  0   ICAMTK =  1   IBAD =  1   ITRN =  1   INTR =  2

     NU =  40

     XU=   0.000000E+00   0.200000E-02   0.500000E-02   0.125000E-01   0.250000E-01   0.375000E-01   0.500000E-01   0.750000E-01
           0.100000E+00   0.125000E+00   0.150000E+00   0.175000E+00   0.200000E+00   0.250000E+00   0.300000E+00   0.350000E+00
           0.400000E+00   0.450000E+00   0.500000E+00   0.550000E+00   0.575000E+00   0.600000E+00   0.625000E+00   0.650000E+00
           0.675000E+00   0.700000E+00   0.725000E+00   0.750000E+00   0.775000E+00   0.800000E+00   0.825000E+00   0.850000E+00
           0.875000E+00   0.900000E+00   0.925000E+00   0.950000E+00   0.975000E+00   0.990000E+00   0.995000E+00   0.100000E+01

     YU=   0.000000E+00   0.130000E-01   0.204000E-01   0.307000E-01   0.617000E-01   0.496500E-01   0.558900E-01   0.655100E-01
           0.730000E-01   0.790000E-01   0.840000E-01   0.884000E+00   0.920000E-01   0.977000E-01   0.101600E+00   0.104000E+00
           0.104910E+00   0.104450E+00   0.102580E+00   0.991000E-01   0.966800E-01   0.937100E-01   0.900600E-01   0.859900E-01
           0.813600E-01   0.763400E-01   0.709200E-01   0.651300E-01   0.590700E-01   0.528600E-01   0.464600E-01   0.398800E-01
           0.331500E-01   0.263900E-01   0.196100E-01   0.128700E-01   0.609000E-02   0.200000E-02   0.700000E-03  -0.700000E-03

     WU=   0.100000E+01   0.100000E+01   0.100000E+01   0.100000E+01   0.100000E+01   0.100000E+01   0.100000E+01   0.100000E+01
           0.100000E+01   0.100000E+01   0.100000E+01   0.100000E+01   0.100000E+01   0.100000E+01   0.100000E+01   0.100000E+01
           0.100000E+01   0.100000E+01   0.100000E+01   0.100000E+01   0.100000E+01   0.100000E+01   0.100000E+01   0.100000E+01
           0.100000E+01   0.100000E+01   0.100000E+01   0.100000E+01   0.100000E+01   0.100000E+01   0.100000E+01   0.100000E+01
           0.100000E+01   0.100000E+01   0.100000E+01   0.100000E+01   0.100000E+01   0.100000E+01   0.100000E+01   0.100000E+01

     NL =  40

     XL=   0.000000E+00   0.200000E-02   0.500000E-02   0.125000E-01   0.250000E-01   0.375000E-01   0.500000E-01   0.750000E-01
           0.100000E+00   0.125000E+00   0.150000E+00   0.175000E+00   0.200000E+00   0.250000E+00   0.300000E+00   0.350000E+00
           0.400000E+00   0.450000E+00   0.500000E+00   0.550000E+00   0.575000E+00   0.600000E+00   0.625000E+00   0.650000E+00
           0.675000E+00   0.700000E+00   0.725000E+00   0.750000E+00   0.775000E+00   0.800000E+00   0.825000E+00   0.850000E+00
           0.875000E+00   0.900000E+00   0.925000E+00   0.950000E+00   0.975000E+00   0.990000E+00   0.995000E+00   0.100000E+01

     YL=   0.000000E+00  -0.930000E-02  -0.138000E-01  -0.205000E-01  -0.269000E-01  -0.319000E-01  -0.358000E-01  -0.421000E-01
          -0.470000E-01  -0.510000E-01  -0.543000E-01  -0.570000E-01  -0.593000E-01  -0.627000E-01  -0.645000E-01  -0.652000E-01
          -0.649000E-01  -0.635000E-01  -0.610000E-01  -0.570000E-01  -0.540000E-01  -0.508000E-01  -0.469000E-01  -0.428000E-01
          -0.384000E-01  -0.340000E-01  -0.294000E-01  -0.249000E-01  -0.204000E-01  -0.160000E-01  -0.120000E-01  -0.860000E-02
          -0.580000E-02  -0.360000E-02  -0.250000E-02  -0.260000E-02  -0.400000E-02  -0.570000E-02  -0.670000E-02  -0.800000E-02

     WL=   0.100000E+01   0.100000E+01   0.100000E+01   0.100000E+01   0.100000E+01   0.100000E+01   0.100000E+01   0.100000E+01
           0.100000E+01   0.100000E+01   0.100000E+01   0.100000E+01   0.100000E+01   0.100000E+01   0.100000E+01   0.100000E+01
           0.100000E+01   0.100000E+01   0.100000E+01   0.100000E+01   0.100000E+01   0.100000E+01   0.100000E+01   0.100000E+01
           0.100000E+01   0.100000E+01   0.100000E+01   0.100000E+01   0.100000E+01   0.100000E+01   0.100000E+01   0.100000E+01
           0.100000E+01   0.100000E+01   0.100000E+01   0.100000E+01   0.100000E+01   0.100000E+01   0.100000E+01   0.100000E+01

   NINT =  17

   XINT=   0.000000E+00   0.100000E-02   0.200000E-02   0.500000E-02   0.100000E-01   0.500000E-01   0.800000E-01   0.100000E+00
           0.200000E+00   0.300000E+00   0.400000E+00   0.500000E+00   0.600000E+00   0.700000E+00   0.800000E+00   0.900000E+00
           0.100000E+01

   CNEW =    10.000
1

 WARNING -- BAD POINTS HAVE BEEN FOUND ON THE UPPER SURFACE BASED ON AN EDIT TOLERANCE OF  0.010000

 BAD POINT AT I=  12     X =   0.175000     Y =   0.884000     REPLACED WITH Y =   0.088310

 BAD POINT AT I=   5     X =   0.025000     Y =   0.061700     REPLACED WITH Y =   0.041720

1                                --INPUT COORDINATES--

     TITLE--  *    GA(W)-1 AIRFOIL WITH BAD COORDINATE POINTS   *                             

         I           XU             YU             XL             YL
         1       0.000000       0.000000       0.000000       0.000000
         2       0.002000       0.013000       0.002000      -0.009300
         3       0.005000       0.020400       0.005000      -0.013800
         4       0.012500       0.030700       0.012500      -0.020500
         5       0.025000       0.041720       0.025000      -0.026900
         6       0.037500       0.049650       0.037500      -0.031900
         7       0.050000       0.055890       0.050000      -0.035800
         8       0.075000       0.065510       0.075000      -0.042100
         9       0.100000       0.073000       0.100000      -0.047000
        10       0.125000       0.079000       0.125000      -0.051000
        11       0.150000       0.084000       0.150000      -0.054300
        12       0.175000       0.088310       0.175000      -0.057000
        13       0.200000       0.092000       0.200000      -0.059300
        14       0.250000       0.097700       0.250000      -0.062700
        15       0.300000       0.101600       0.300000      -0.064500
        16       0.350000       0.104000       0.350000      -0.065200
        17       0.400000       0.104910       0.400000      -0.064900
        18       0.450000       0.104450       0.450000      -0.063500
        19       0.500000       0.102580       0.500000      -0.061000
        20       0.550000       0.099100       0.550000      -0.057000
        21       0.575000       0.096680       0.575000      -0.054000
        22       0.600000       0.093710       0.600000      -0.050800
        23       0.625000       0.090060       0.625000      -0.046900
        24       0.650000       0.085990       0.650000      -0.042800
        25       0.675000       0.081360       0.675000      -0.038400
        26       0.700000       0.076340       0.700000      -0.034000
        27       0.725000       0.070920       0.725000      -0.029400
        28       0.750000       0.065130       0.750000      -0.024900
        29       0.775000       0.059070       0.775000      -0.020400
        30       0.800000       0.052860       0.800000      -0.016000
        31       0.825000       0.046460       0.825000      -0.012000
        32       0.850000       0.039880       0.850000      -0.008600
        33       0.875000       0.033150       0.875000      -0.005800
        34       0.900000       0.026390       0.900000      -0.003600
        35       0.925000       0.019610       0.925000      -0.002500
        36       0.950000       0.012870       0.950000      -0.002600
        37       0.975000       0.006090       0.975000      -0.004000
        38       0.990000       0.002000       0.990000      -0.005700
        39       0.995000       0.000700       0.995000      -0.006700
        40       1.000000      -0.000700       1.000000      -0.008000

1                     --TRANSLATED AND ROTATED COORDINATES--

     TITLE--  *    GA(W)-1 AIRFOIL WITH BAD COORDINATE POINTS   *                             

         I           XU             YU             XL             YL
         1       0.000000       0.000000       0.000000       0.000000
         2       0.001943       0.013009       0.002040      -0.009291
         3       0.004911       0.020422       0.005060      -0.013778
         4       0.012366       0.030754       0.012589      -0.020445
         5       0.024818       0.041828       0.025117      -0.026791
         6       0.037284       0.049813       0.037638      -0.031737
         7       0.049756       0.056107       0.050155      -0.035582
         8       0.074714       0.065836       0.075182      -0.041773
         9       0.099682       0.073434       0.100204      -0.046565
        10       0.124655       0.079543       0.125221      -0.050456
        11       0.149633       0.084652       0.150235      -0.053647
        12       0.174614       0.089070       0.175246      -0.056238
        13       0.199598       0.092869       0.200256      -0.058429
        14       0.249573       0.098787       0.250270      -0.061612
        15       0.299555       0.102904       0.300278      -0.063194
        16       0.349544       0.105522       0.350280      -0.063677
        17       0.399540       0.106649       0.400279      -0.063159
        18       0.449541       0.106406       0.450272      -0.061542
        19       0.499549       0.104754       0.500261      -0.058824
        20       0.549564       0.101492       0.550243      -0.054607
        21       0.574574       0.099180       0.575229      -0.051498
        22       0.599587       0.096319       0.600215      -0.048190
        23       0.624602       0.092778       0.625198      -0.044181
        24       0.649620       0.088817       0.650180      -0.039972
        25       0.674640       0.084295       0.675161      -0.035463
        26       0.699661       0.079384       0.700141      -0.030955
        27       0.724685       0.074073       0.725121      -0.026246
        28       0.749710       0.068392       0.750101      -0.021637
        29       0.774736       0.062441       0.775081      -0.017029
        30       0.799762       0.056339       0.800062      -0.012520
        31       0.824790       0.050048       0.825044      -0.008411
        32       0.849818       0.043577       0.850029      -0.004902
        33       0.874848       0.036956       0.875017      -0.001994
        34       0.899877       0.030305       0.900007       0.000315
        35       0.924906       0.023634       0.925002       0.001524
        36       0.949935       0.017002       0.950002       0.001532
        37       0.974964       0.010331       0.975008       0.000241
        38       0.989982       0.006306       0.990015      -0.001393
        39       0.994988       0.005028       0.995020      -0.002372
        40       0.999994       0.003650       1.000025      -0.003650

     XNOSE =       0.000000     YNOSE =       0.000000     ANGLE =  -0.249
1                             --SUMMARY OF INPUT DATA--

     TITLE--  *    GA(W)-1 AIRFOIL WITH BAD COORDINATE POINTS   *                             

         I          X/C            Y/C            THETA          YPS            YPPS              W
         1       1.000000      -0.003650        -180.00                                         1.00
         2       0.994995      -0.002372        -178.46                                         1.00
         3       0.989990      -0.001393        -176.97                                         1.00
         4       0.974983       0.000241        -172.67                                         1.00
         5       0.949978       0.001532        -166.10                                         1.00
         6       0.924979       0.001524        -160.12                                         1.00
         7       0.899984       0.000315        -154.63                                         1.00
         8       0.874995      -0.001994        -149.54                                         1.00
         9       0.850008      -0.004902        -144.77                                         1.00
        10       0.825023      -0.008411        -140.29                                         1.00
        11       0.800042      -0.012520        -136.03                                         1.00
        12       0.775062      -0.017028        -131.98                                         1.00
        13       0.750082      -0.021637        -128.10                                         1.00
        14       0.725103      -0.026245        -124.37                                         1.00
        15       0.700124      -0.030954        -120.77                                         1.00
        16       0.675144      -0.035463        -117.27                                         1.00
        17       0.650164      -0.039971        -113.86                                         1.00
        18       0.625182      -0.044180        -110.53                                         1.00
        19       0.600200      -0.048188        -107.27                                         1.00
        20       0.575215      -0.051497        -104.06                                         1.00
        21       0.550229      -0.054606        -100.89                                         1.00
        22       0.500248      -0.058823         -94.64                                         1.00
        23       0.450261      -0.061540         -88.45                                         1.00
        24       0.400268      -0.063158         -82.24                                         1.00
        25       0.350271      -0.063675         -75.93                                         1.00
        26       0.300270      -0.063193         -69.44                                         1.00
        27       0.250264      -0.061610         -62.66                                         1.00
        28       0.200251      -0.058428         -55.44                                         1.00
        29       0.175242      -0.056237         -51.59                                         1.00
        30       0.150231      -0.053646         -47.52                                         1.00
        31       0.125217      -0.050454         -43.16                                         1.00
        32       0.100201      -0.046563         -38.42                                         1.00
        33       0.075181      -0.041772         -33.12                                         1.00
        34       0.050154      -0.035581         -26.92                                         1.00
        35       0.037637      -0.031736         -23.27                                         1.00
        36       0.025116      -0.026790         -18.96                                         1.00
        37       0.012589      -0.020445         -13.39                                         1.00
        38       0.005060      -0.013778          -8.48                                         1.00
        39       0.002040      -0.009291          -5.38                                         1.00
        40       0.000000       0.000000          -0.00                                         1.00
        41       0.001943       0.013008           5.25                                         1.00
        42       0.004911       0.020421           8.35                                         1.00
        43       0.012366       0.030753          13.28                                         1.00
        44       0.024818       0.041827          18.85                                         1.00
        45       0.037283       0.049811          23.16                                         1.00
        46       0.049755       0.056106          26.81                                         1.00
        47       0.074712       0.065834          33.01                                         1.00
        48       0.099679       0.073432          38.32                                         1.00
        49       0.124652       0.079541          43.06                                         1.00
        50       0.149629       0.084650          47.42                                         1.00
        51       0.174610       0.089068          51.49                                         1.00
        52       0.199593       0.092867          55.34                                         1.00
        53       0.249566       0.098784          62.57                                         1.00
        54       0.299548       0.102901          69.35                                         1.00
        55       0.349535       0.105519          75.84                                         1.00
        56       0.399530       0.106646          82.15                                         1.00
        57       0.449530       0.106404          88.36                                         1.00
        58       0.499536       0.104751          94.56                                         1.00
        59       0.549550       0.101489         100.81                                         1.00
        60       0.574559       0.099178         103.98                                         1.00
        61       0.599571       0.096317         107.19                                         1.00
        62       0.624587       0.092776         110.45                                         1.00
        63       0.649603       0.088814         113.79                                         1.00
        64       0.674623       0.084293         117.20                                         1.00
        65       0.699644       0.079382         120.70                                         1.00
        66       0.724666       0.074071         124.31                                         1.00
        67       0.749691       0.068390         128.04                                         1.00
        68       0.774716       0.062439         131.93                                         1.00
        69       0.799742       0.056338         135.99                                         1.00
        70       0.824769       0.050047         140.24                                         1.00
        71       0.849797       0.043576         144.73                                         1.00
        72       0.874825       0.036955         149.50                                         1.00
        73       0.899854       0.030304         154.61                                         1.00
        74       0.924883       0.023633         160.10                                         1.00
        75       0.949911       0.017002         166.08                                         1.00
        76       0.974940       0.010331         172.66                                         1.00
        77       0.989957       0.006306         176.96                                         1.00
        78       0.994962       0.005028         178.45                                         1.00
        79       0.999968       0.003650         179.99                                         1.00

     CHORD =       1.000025
1 TITLE--  *    GA(W)-1 AIRFOIL WITH BAD COORDINATE POINTS   *                             

                              --SUM OF SQUARES GENERATED DURING SMOOTHING PROCESS--

     1   1.2802921   0.0077156   0.0008186   0.0005526   0.0003968   0.0002959   0.0002260   0.0001762   0.0001398   0.0001126

     2   0.0000920   0.0000760   0.0000636   0.0000537   0.0000457   0.0000393   0.0000340   0.0000297   0.0000261   0.0000231

     3   0.0000205   0.0000183   0.0000165   0.0000149   0.0000135   0.0000123   0.0000113   0.0000103   0.0000095   0.0000088

     4   0.0000082   0.0000076   0.0000071   0.0000066   0.0000062   0.0000058   0.0000055   0.0000052   0.0000049   0.0000046

     5   0.0000044   0.0000042   0.0000040   0.0000038   0.0000036   0.0000034   0.0000033   0.0000031   0.0000030   0.0000029

     6   0.0000028   0.0000026   0.0000025   0.0000024   0.0000024   0.0000023   0.0000022   0.0000021   0.0000020   0.0000020

     7   0.0000019   0.0000018   0.0000018   0.0000017   0.0000017   0.0000016   0.0000016   0.0000015   0.0000015   0.0000014

     8   0.0000014   0.0000013   0.0000013   0.0000013   0.0000012   0.0000012   0.0000012   0.0000011   0.0000011   0.0000011

   SMOOTHING PROCESS HAS NOT CONVERGED AFTER  80 ITERATIONS

   SUM OF SQUARES FROM LEAST SQUARES CUBIC SPLINE SMOOTHING =  0.7900E-06

   ITERATION PROCEDURE TO COMPUTE INCREMENTAL ADJUSTMENT TO SECOND DERIVATIVE CONVERGED IN   2 ITERATIONS AND DELTA =  0.1605E-03
1 TITLE--  *    GA(W)-1 AIRFOIL WITH BAD COORDINATE POINTS   *                             

                                                --SMOOTHING OUTPUT SUMMARY--

    I     THETA     X/C       Y/C       YT/C     YSMO/C    DELTA       YPS      YPPS        DY/DX       D(DY/DX)/DX      CURVATURE
    1   -180.00  1.000000 -0.003650 -0.003634 -0.003634 -0.000015  0.046732 -0.254336  -0.253382E+00  -0.873707E+01   0.795847E+01
    2   -178.46  0.994995 -0.002372 -0.002481 -0.002471  0.000099  0.040191 -0.233674  -0.212635E+00  -0.756761E+01   0.708193E+01
    3   -176.97  0.989990 -0.001393 -0.001517 -0.001497  0.000104  0.034325 -0.214754  -0.177327E+00  -0.656359E+01   0.626574E+01
    4   -172.67  0.974983  0.000241  0.000468  0.000515 -0.000274  0.019942 -0.169158  -0.962911E-01  -0.435989E+01   0.429995E+01
    5   -166.10  0.949978  0.001532  0.001723  0.001789 -0.000256  0.003135 -0.123878  -0.136793E-01  -0.241112E+01   0.241045E+01
    6   -160.12  0.924979  0.001524  0.001416  0.001472  0.000051 -0.008908 -0.107077   0.355566E-01  -0.158679E+01   0.158379E+01
    7   -154.63  0.899984  0.000315  0.000088  0.000123  0.000192 -0.019293 -0.109622   0.711493E-01  -0.127826E+01   0.126862E+01
    8   -149.54  0.874995 -0.001994 -0.002055 -0.002042  0.000048 -0.029569 -0.121502   0.101609E+00  -0.116328E+01   0.114550E+01
    9   -144.77  0.850008 -0.004902 -0.004934 -0.004931  0.000028 -0.040037 -0.130275   0.129152E+00  -0.104629E+01   0.102064E+01
   10   -140.29  0.825023 -0.008411 -0.008472 -0.008461  0.000051 -0.050083 -0.126290   0.152651E+00  -0.845101E+00   0.816399E+00
   11   -136.03  0.800042 -0.012520 -0.012538 -0.012509 -0.000011 -0.058771 -0.107874   0.170242E+00  -0.576735E+00   0.552541E+00
   12   -131.98  0.775062 -0.017028 -0.016964 -0.016911 -0.000117 -0.065459 -0.081296   0.181152E+00  -0.309415E+00   0.294786E+00
   13   -128.10  0.750082 -0.021637 -0.021583 -0.021510 -0.000126 -0.070091 -0.055523   0.186204E+00  -0.104099E+00   0.989103E-01
   14   -124.37  0.725103 -0.026245 -0.026268 -0.026180 -0.000065 -0.073056 -0.035529   0.187135E+00   0.242806E-01   0.230588E-01
   15   -120.77  0.700124 -0.030954 -0.030937 -0.030837 -0.000117 -0.074747 -0.018190   0.185369E+00   0.113702E+00   0.108084E+00
   16   -117.27  0.675144 -0.035463 -0.035537 -0.035419 -0.000043 -0.075113  0.006193   0.181041E+00   0.229264E+00   0.218437E+00
   17   -113.86  0.650164 -0.039971 -0.039995 -0.039851 -0.000120 -0.073584  0.045247   0.172996E+00   0.410309E+00   0.392555E+00
   18   -110.53  0.625182 -0.044180 -0.044199 -0.044022 -0.000158 -0.069567  0.093062   0.160083E+00   0.619421E+00   0.596351E+00
   19   -107.27  0.600200 -0.048188 -0.048017 -0.047814 -0.000374 -0.063254  0.128631   0.142940E+00   0.751390E+00   0.728936E+00
   20   -104.06  0.575215 -0.051497 -0.051362 -0.051151 -0.000346 -0.055763  0.138761   0.124144E+00   0.754224E+00   0.737119E+00
   21   -100.89  0.550229 -0.054606 -0.054231 -0.054022 -0.000584 -0.048120  0.137770   0.105865E+00   0.710586E+00   0.698806E+00
   22    -94.64  0.500248 -0.058823 -0.058656 -0.058473 -0.000350 -0.033733  0.126085   0.731324E-01   0.605441E+00   0.600616E+00
   23    -88.45  0.450261 -0.061540 -0.061559 -0.061415 -0.000125 -0.020987  0.109710   0.453675E-01   0.509999E+00   0.508428E+00
   24    -82.24  0.400268 -0.063158 -0.063179 -0.063074 -0.000084 -0.009862  0.095490   0.215067E-01   0.447772E+00   0.447462E+00
   25    -75.93  0.350271 -0.063675 -0.063676 -0.063601 -0.000074  0.000103  0.085549  -0.229829E-03   0.424681E+00   0.424681E+00
   26    -69.44  0.300270 -0.063193 -0.063104 -0.063052 -0.000141  0.009492  0.080284  -0.219066E-01   0.446563E+00   0.446242E+00
   27    -62.66  0.250264 -0.061610 -0.061406 -0.061372 -0.000238  0.018871  0.078279  -0.459053E-01   0.520915E+00   0.519273E+00
   28    -55.44  0.200251 -0.058428 -0.058385 -0.058373 -0.000055  0.028672  0.077168  -0.752340E-01   0.667295E+00   0.661669E+00
   29    -51.59  0.175242 -0.056237 -0.056269 -0.056272  0.000035  0.033800  0.075377  -0.932130E-01   0.777108E+00   0.767089E+00
   30    -47.52  0.150231 -0.053646 -0.053661 -0.053685  0.000039  0.038991  0.070792  -0.114248E+00   0.914343E+00   0.896729E+00
   31    -43.16  0.125217 -0.050454 -0.050478 -0.050522  0.000068  0.044165  0.065332  -0.139511E+00   0.112182E+01   0.108985E+01
   32    -38.42  0.100201 -0.046563 -0.046587 -0.046649  0.000086  0.049343  0.059790  -0.171581E+00   0.147521E+01   0.141238E+01
   33    -33.12  0.075181 -0.041772 -0.041756 -0.041839  0.000067  0.054505  0.051779  -0.215564E+00   0.211681E+01   0.197739E+01
   34    -26.92  0.050154 -0.035581 -0.035557 -0.035668  0.000086  0.059386  0.038504  -0.283421E+00   0.354062E+01   0.315317E+01
   35    -23.27  0.037637 -0.031736 -0.031679 -0.031807  0.000071  0.061596  0.030778  -0.336943E+00   0.520741E+01   0.443168E+01
   36    -18.96  0.025116 -0.026790 -0.026951 -0.027083  0.000293  0.064295  0.041082  -0.427538E+00   0.100904E+02   0.784414E+01
   37    -13.39  0.012589 -0.020445 -0.020455 -0.020542  0.000097  0.071326  0.103605  -0.665321E+00   0.350755E+02   0.202424E+02
   38     -8.48  0.005060 -0.013778 -0.013924 -0.013937  0.000159  0.083924  0.190153  -0.122972E+01   0.161676E+03   0.406033E+02
   39     -5.38  0.002040 -0.009291 -0.009126 -0.009099 -0.000192  0.095420  0.235056  -0.219818E+01   0.662221E+03   0.470196E+02
   40     -0.00  0.000000  0.000000  0.000867  0.000867 -0.000867  0.116386  0.211328   0.100000E+99   0.100000E+99   0.341637E+02
   41      5.25  0.001943  0.013008  0.012371  0.012231  0.000777  0.129406  0.072713   0.305445E+01  -0.743696E+03   0.224009E+02
   42      8.35  0.004911  0.020421  0.019530  0.019294  0.001127  0.130611 -0.028213   0.194243E+01  -0.202945E+03   0.194619E+02
   43     13.28  0.012366  0.030753  0.030608  0.030286  0.000468  0.123952 -0.126858   0.116643E+01  -0.577581E+02   0.159253E+02
   44     18.85  0.024818  0.041827  0.042046  0.041716  0.000111  0.110760 -0.144350   0.740806E+00  -0.209712E+02   0.108801E+02
   45     23.16  0.037283  0.049811  0.049962  0.049660  0.000151  0.100928 -0.117244   0.554608E+00  -0.106660E+02   0.713334E+01
   46     26.81  0.049755  0.056106  0.056168  0.055878  0.000227  0.094185 -0.094054   0.451194E+00  -0.643499E+01   0.487346E+01
   47     33.01  0.074712  0.065834  0.065849  0.065548  0.000286  0.084831 -0.078867   0.336459E+00  -0.329463E+01   0.280508E+01
   48     38.32  0.099679  0.073432  0.073385  0.073064  0.000369  0.077563 -0.078160   0.270331E+00  -0.214179E+01   0.192677E+01
   49     43.06  0.124652  0.079541  0.079551  0.079214  0.000327  0.070972 -0.081053   0.224619E+00  -0.157263E+01   0.146070E+01
   50     47.42  0.149629  0.084650  0.084720  0.084373  0.000276  0.064688 -0.084225   0.189849E+00  -0.123750E+01   0.117349E+01
   51     51.49  0.174610  0.089068  0.089110  0.088754  0.000314  0.058585 -0.087581   0.161788E+00  -0.102350E+01   0.984586E+00
   52     55.34  0.199593  0.092867  0.092858  0.092493  0.000374  0.052571 -0.091280   0.138107E+00  -0.880820E+00   0.856207E+00
   53     62.57  0.249566  0.098784  0.098760  0.098380  0.000404  0.040646 -0.097814   0.989593E-01  -0.704867E+00   0.694638E+00
   54     69.35  0.299548  0.102901  0.102882  0.102493  0.000409  0.028754 -0.103182   0.664007E-01  -0.608054E+00   0.604055E+00
   55     75.84  0.349535  0.105519  0.105470  0.105075  0.000443  0.016747 -0.108832   0.373227E-01  -0.561538E+00   0.560367E+00
   56     82.15  0.399530  0.106646  0.106647  0.106245  0.000401  0.004377 -0.115852   0.954696E-02  -0.554128E+00   0.554052E+00
   57     88.36  0.449530  0.106404  0.106429  0.106020  0.000383 -0.008692 -0.125104  -0.187891E-01  -0.583476E+00   0.583167E+00
   58     94.56  0.499536  0.104751  0.104743  0.104327  0.000424 -0.022825 -0.136281  -0.494787E-01  -0.648890E+00   0.646514E+00
   59    100.81  0.549550  0.101489  0.101421  0.101002  0.000487 -0.038342 -0.148173  -0.843303E-01  -0.751360E+00   0.743416E+00
   60    103.98  0.574559  0.099178  0.099069  0.098652  0.000526 -0.046687 -0.153523  -0.103900E+00  -0.815678E+00   0.802646E+00
   61    107.19  0.599571  0.096317  0.096203  0.095792  0.000525 -0.055366 -0.156112  -0.125064E+00  -0.878843E+00   0.858620E+00
   62    110.45  0.624587  0.092776  0.092784  0.092388  0.000388 -0.063974 -0.145878  -0.147143E+00  -0.887666E+00   0.859599E+00
   63    113.79  0.649603  0.088814  0.088809  0.088435  0.000379 -0.071739 -0.121231  -0.168571E+00  -0.824974E+00   0.791019E+00
   64    117.20  0.674623  0.084293  0.084317  0.083970  0.000323 -0.078021 -0.089908  -0.187946E+00  -0.721809E+00   0.685185E+00
   65    120.70  0.699644  0.079382  0.079373  0.079053  0.000330 -0.082570 -0.058919  -0.204650E+00  -0.610374E+00   0.573942E+00
   66    124.31  0.724666  0.074071  0.074045  0.073751  0.000320 -0.085425 -0.031715  -0.218686E+00  -0.508018E+00   0.473638E+00
   67    128.04  0.749691  0.068390  0.068397  0.068128  0.000262 -0.086766 -0.009419  -0.230366E+00  -0.421764E+00   0.390288E+00
   68    131.93  0.774716  0.062439  0.062483  0.062237  0.000202 -0.086809  0.008167  -0.240094E+00  -0.352004E+00   0.323622E+00
   69    135.99  0.799742  0.056338  0.056346  0.056124  0.000214 -0.085736  0.022146  -0.248207E+00  -0.292584E+00   0.267489E+00
   70    140.24  0.824769  0.050047  0.050024  0.049826  0.000221 -0.083660  0.033743  -0.254851E+00  -0.234091E+00   0.213006E+00
   71    144.73  0.849797  0.043576  0.043553  0.043380  0.000196 -0.080635  0.043421  -0.259981E+00  -0.170736E+00   0.154782E+00
   72    149.50  0.874825  0.036955  0.036972  0.036826  0.000129 -0.076710  0.050857  -0.263485E+00  -0.103475E+00   0.935642E-01
   73    154.61  0.899854  0.030304  0.030324  0.030205  0.000099 -0.071974  0.055553  -0.265326E+00  -0.374940E-01   0.338567E-01
   74    160.10  0.924883  0.023633  0.023648  0.023557  0.000076 -0.066568  0.057127  -0.265634E+00   0.185329E-01   0.167312E-01
   75    166.08  0.949911  0.017002  0.016979  0.016917  0.000085 -0.060714  0.055051  -0.264891E+00   0.439023E-01   0.396561E-01
   76    172.66  0.974940  0.010331  0.010327  0.010296  0.000035 -0.054777  0.048398  -0.264448E+00  -0.136326E-01   0.123181E-01
   77    176.96  0.989957  0.006306  0.006332  0.006319 -0.000012 -0.051402  0.041632  -0.265505E+00  -0.134876E+00   0.121775E+00
   78    178.45  0.994962  0.005028  0.004994  0.004988  0.000040 -0.050349  0.038805  -0.266339E+00  -0.200114E+00   0.180564E+00
   79    179.99  0.999968  0.003650  0.003652  0.003652 -0.000002 -0.049351  0.035710  -0.267538E+00  -0.280688E+00   0.253040E+00

   LEADING-EDGE RADIUS/C=  0.029271

   DY/DX=0. AT X/C=  0.944012     Y/C=  0.001829     THETA=  -164.625

   DY/DX=0. AT X/C=  0.350811     Y/C= -0.063601     THETA=   -75.999

   DY/DX=0. AT X/C=  0.416672     Y/C=  0.106327     THETA=    84.280
1 TITLE--  *    GA(W)-1 AIRFOIL WITH BAD COORDINATE POINTS   *                             

            CHECK OF SMOOTHED COORDINATES   DF=  0.000100

         I     (YSMO/C-CHECK VALUE)       (YPPS-CHECK VALUE)

         1           -0.000000                -0.000945
         2            0.000000                -0.000317
         3            0.000000                 0.000482
         4           -0.000000                 0.001976
         5           -0.000001                 0.002529
         6            0.000000                 0.001753
         7            0.000002                 0.000256
         8            0.000003                -0.001392
         9            0.000002                -0.002447
        10            0.000001                -0.002134
        11           -0.000000                -0.000755
        12           -0.000001                 0.000700
        13           -0.000001                 0.001292
        14           -0.000000                 0.000560
        15            0.000001                -0.001216
        16            0.000001                -0.002692
        17            0.000000                -0.001788
        18           -0.000001                 0.002144
        19           -0.000002                 0.004603
        20           -0.000004                 0.004030
        21           -0.000005                 0.002921
        22           -0.000003                 0.001281
        23           -0.000000                -0.000142
        24            0.000001                -0.000610
        25            0.000001                -0.000652
        26            0.000000                -0.000323
        27           -0.000001                 0.000181
        28           -0.000002                 0.000823
        29           -0.000001                 0.000688
        30            0.000000                -0.000005
        31            0.000000                -0.000338
        32            0.000000                 0.000124
        33           -0.000001                 0.000806
        34            0.000001                -0.000340
        35            0.000002                -0.002877
        36            0.000003                -0.006045
        37            0.000001                -0.004674
        38           -0.000006                 0.004851
        39           -0.000005                 0.011949
        40           -0.000005                 0.014630
        41            0.000003                 0.000386
        42            0.000001                -0.007689
        43            0.000005                -0.011377
        44           -0.000001                -0.003821
        45           -0.000002                 0.002008
        46           -0.000002                 0.003395
        47           -0.000001                 0.001306
        48            0.000001                -0.000381
        49            0.000001                -0.000532
        50            0.000000                -0.000024
        51           -0.000000                 0.000196
        52           -0.000000                 0.000029
        53            0.000000                -0.000224
        54            0.000000                 0.000014
        55           -0.000000                 0.000215
        56           -0.000000                 0.000323
        57            0.000000                 0.000187
        58            0.000001                -0.000120
        59            0.000001                -0.000801
        60            0.000002                -0.001444
        61            0.000001                -0.002187
        62            0.000001                -0.002142
        63            0.000000                -0.000751
        64            0.000000                 0.000256
        65           -0.000000                 0.000577
        66           -0.000000                 0.000644
        67           -0.000000                 0.000616
        68           -0.000000                 0.000460
        69           -0.000000                 0.000258
        70            0.000000                 0.000172
        71           -0.000000                 0.000225
        72           -0.000000                 0.000297
        73           -0.000000                 0.000312
        74           -0.000000                 0.000321
        75            0.000000                 0.000321
        76            0.000000                 0.000256
        77           -0.000000                 0.000120
        78           -0.000000                 0.000048
        79            0.000000                 0.000010

     SUM OF SQUARES=  0.000000                 0.000780
1          THE FOLLOWING DATA HAVE BEEN PUNCHED     IPUNCH=   1

   *    GA(W)-1 AIRFOIL WITH BAD COORDINATE POINTS   *                             

   IOP =   0

   NU =  40

   DX =  0.000000  0.001943  0.004911  0.012366  0.024818  0.037284  0.049756  0.074714
         0.099682  0.124655  0.149633  0.174614  0.199598  0.249573  0.299555  0.349544
         0.399540  0.449541  0.499549  0.549564  0.574574  0.599587  0.624602  0.649620
         0.674640  0.699661  0.724685  0.749710  0.774736  0.799762  0.824790  0.849818
         0.874848  0.899877  0.924906  0.949935  0.974964  0.989982  0.994988  0.999994

   DY =  0.000867  0.012231  0.019295  0.030286  0.041717  0.049661  0.055880  0.065550
         0.073065  0.079216  0.084375  0.088756  0.092495  0.098383  0.102495  0.105078
         0.106248  0.106023  0.104330  0.101005  0.098654  0.095794  0.092390  0.088437
         0.083972  0.079055  0.073753  0.068129  0.062239  0.056125  0.049827  0.043381
         0.036827  0.030206  0.023558  0.016917  0.010296  0.006319  0.004988  0.003652

   NL =  40

   DX =  0.000000  0.002040  0.005060  0.012589  0.025117  0.037638  0.050155  0.075182
         0.100204  0.125221  0.150235  0.175246  0.200256  0.250270  0.300278  0.350280
         0.400279  0.450272  0.500261  0.550243  0.575229  0.600215  0.625198  0.650180
         0.675161  0.700141  0.725121  0.750101  0.775081  0.800062  0.825044  0.850029
         0.875017  0.900007  0.925002  0.950002  0.975008  0.990015  0.995020  1.000025

   DY =  0.000867 -0.009099 -0.013937 -0.020542 -0.027084 -0.031808 -0.035669 -0.041840
        -0.046650 -0.050523 -0.053686 -0.056274 -0.058374 -0.061373 -0.063054 -0.063602
        -0.063075 -0.061417 -0.058475 -0.054023 -0.051152 -0.047815 -0.044023 -0.039852
        -0.035420 -0.030838 -0.026181 -0.021511 -0.016912 -0.012509 -0.008462 -0.004931
        -0.002042  0.000123  0.001473  0.001789  0.000515 -0.001497 -0.002471 -0.003635
1 TITLE--  *    GA(W)-1 AIRFOIL WITH BAD COORDINATE POINTS   *                             

                                --THICKNESS AND CAMBER DISTRIBUTION--

    I     XU/C      YU/C      XL/C      YL/C      X/C       Y/C      T/C/2     SLOPE          ERROR
    1  0.999968  0.003652  0.998235 -0.003201  0.999102  0.000225  0.003534  -14.1922       0.000005
    2  0.994962  0.004988  0.993306 -0.002122  0.994134  0.001433  0.003650  -13.1169       0.000026
    3  0.989957  0.006319  0.988333 -0.001212  0.989145  0.002553  0.003852  -12.1669       0.000022
    4  0.974940  0.010296  0.973252  0.000675  0.974096  0.005485  0.004884   -9.9473       0.000040
    5  0.949911  0.016917  0.947877  0.001812  0.948894  0.009365  0.007620   -7.6683       0.000028
    6  0.924883  0.023557  0.922431  0.001377  0.923657  0.012467  0.011158   -6.3061       0.000019
    7  0.899854  0.030205  0.897049 -0.000091  0.898452  0.015057  0.015213   -5.2891       0.000013
    8  0.874825  0.036826  0.871826 -0.002369  0.873326  0.017228  0.019655   -4.3762       0.000012
    9  0.849797  0.043380  0.846805 -0.005350  0.848301  0.019015  0.024411   -3.5140       0.000002
   10  0.824769  0.049826  0.821959 -0.008933  0.823364  0.020446  0.029413   -2.7384       0.000005
   11  0.799742  0.056124  0.797214 -0.012992  0.798478  0.021566  0.034581   -2.0951       0.000006
   12  0.774716  0.062237  0.772499 -0.017377  0.773607  0.022430  0.039822   -1.5953       0.000000
   13  0.749691  0.068128  0.747794 -0.021937  0.748742  0.023096  0.045042   -1.2063       0.000005
   14  0.724666  0.073751  0.723144 -0.026546  0.723905  0.023602  0.050154   -0.8697       0.000003
   15  0.699644  0.079053  0.698611 -0.031117  0.699127  0.023968  0.055087   -0.5371       0.000004
   16  0.674623  0.083970  0.674211 -0.035588  0.674417  0.024191  0.059779   -0.1974       0.000003
   17  0.649603  0.088435  0.649872 -0.039901  0.649737  0.024267  0.064168    0.1198       0.000003
   18  0.624587  0.092388  0.625460 -0.043978  0.625023  0.024205  0.068184    0.3669       0.000003
   19  0.599571  0.095792  0.600867 -0.047718  0.600219  0.024037  0.071758    0.5171       0.000001
   20  0.574559  0.098652  0.576104 -0.051040  0.575332  0.023806  0.074850    0.5914       0.000001
   21  0.549550  0.101002  0.551259 -0.053912  0.550404  0.023545  0.077462    0.6321       0.000001
   22  0.499536  0.104327  0.501516 -0.058380  0.500526  0.022974  0.081360    0.6970       0.000001
   23  0.449530  0.106020  0.451818 -0.061344  0.450674  0.022338  0.083690    0.7834       0.000000
   24  0.399530  0.106245  0.402233 -0.063031  0.400881  0.021607  0.084649    0.9148       0.000000
   25  0.349535  0.105075  0.352752 -0.063600  0.351144  0.020738  0.084353    1.0923       0.000000
   26  0.299548  0.102493  0.303338 -0.063117  0.301443  0.019688  0.082826    1.3111       0.000000
   27  0.249566  0.098380  0.253938 -0.061537  0.251752  0.018422  0.079988    1.5659       0.000000
   28  0.199593  0.092493  0.204503 -0.058687  0.202048  0.016903  0.075630    1.8602       0.000000
   29  0.174610  0.088754  0.179767 -0.056686  0.177188  0.016034  0.072766    2.0308       0.000000
   30  0.149629  0.084373  0.155047 -0.054225  0.152338  0.015074  0.069352    2.2384       0.000000
   31  0.124652  0.079214  0.130389 -0.051229  0.127520  0.013993  0.065285    2.5181       0.000000
   32  0.099679  0.073064  0.105832 -0.047592  0.102755  0.012736  0.060406    2.9192       0.000001
   33  0.074712  0.065548  0.081481 -0.043157  0.078097  0.011196  0.054458    3.5631       0.000002
   34  0.049755  0.055878  0.057755 -0.037726  0.053755  0.009076  0.046973    4.8848       0.000002
   35  0.037283  0.049660  0.046487 -0.034604  0.041885  0.007528  0.042383    6.2341       0.000002
   36  0.024818  0.041716  0.036026 -0.031257  0.030422  0.005230  0.036914    8.7319       0.000001
   37  0.012366  0.030286  0.026078 -0.027489  0.019222  0.001398  0.029690   13.3511       0.000003
   38  0.004911  0.019294  0.018967 -0.024226  0.011939 -0.002466  0.022867   17.8993       0.000002
   39  0.001943  0.012231  0.014591 -0.021809  0.008267 -0.004789  0.018157   20.3829       0.000005
   40  0.000000  0.000867  0.007592 -0.016638  0.003796 -0.007885  0.009540   23.4463       0.000008
   41  0.002068 -0.009160  0.002068 -0.009160  0.002068 -0.009160  0.000000   36.8940       0.000000
  
1     TITLE--  *    GA(W)-1 AIRFOIL WITH BAD COORDINATE POINTS   *                             

                          --UPPER SURFACE INTERPOLATED COORDINATES--

         I          XU             YU           DY/DX      D(DY/DX)/DX      CURVATURE
         1       0.000000       0.008670   0.100000E+99   0.100000E+99   0.341637E+02
         2       0.010000       0.089049   0.417718E+01  -0.196529E+04   0.248011E+02
         3       0.020000       0.124027   0.301321E+01  -0.713643E+03   0.223012E+02
         4       0.050000       0.194659   0.192462E+01  -0.197874E+03   0.193940E+02
         5       0.100000       0.273489   0.132320E+01  -0.763536E+02   0.167351E+02
         6       0.500000       0.559885   0.449625E+00  -0.638419E+01   0.484352E+01
         7       0.800000       0.672826   0.319911E+00  -0.297385E+01   0.256947E+01
         8       1.000000       0.731502   0.269645E+00  -0.213215E+01   0.191909E+01
         9       2.000000       0.925491   0.137749E+00  -0.878865E+00   0.854431E+00
        10       3.000000       1.025225   0.661257E-01  -0.607455E+00   0.603493E+00
        11       4.000000       1.062498   0.928633E-02  -0.554289E+00   0.554217E+00
        12       5.000000       1.043042  -0.497797E-01  -0.649667E+00   0.647260E+00
        13       6.000000       0.957381  -0.125441E+00  -0.878928E+00   0.858583E+00
        14       7.000000       0.789796  -0.204867E+00  -0.609054E+00   0.572629E+00
        15       8.000000       0.560601  -0.248283E+00  -0.292104E+00   0.267035E+00
        16       9.000000       0.301660  -0.265331E+00  -0.372578E-01   0.336432E-01
        17       9.999682       0.036515  -0.267538E+00  -0.280688E+00   0.253040E+00

          CHORD = 10.000000
1     TITLE--  *    GA(W)-1 AIRFOIL WITH BAD COORDINATE POINTS   *                             

                          --LOWER SURFACE INTERPOLATED COORDINATES--

         I          XL             YL           DY/DX      D(DY/DX)/DX      CURVATURE
         1       0.000000       0.008670   0.100000E+99   0.100000E+99   0.341637E+02
         2       0.010000      -0.063168  -0.335275E+01   0.192110E+04   0.448567E+02
         3       0.020000      -0.090095  -0.222532E+01   0.682255E+03   0.469836E+02
         4       0.050000      -0.138628  -0.123949E+01   0.164747E+03   0.407857E+02
         5       0.100000      -0.186850  -0.776494E+00   0.525291E+02   0.258835E+02
         6       0.500000      -0.356239  -0.283967E+00   0.355502E+01   0.316462E+01
         7       0.800000      -0.428539  -0.205765E+00   0.195387E+01   0.183604E+01
         8       1.000000      -0.466146  -0.171878E+00   0.147880E+01   0.141561E+01
         9       2.000000      -0.583540  -0.754016E-01   0.668214E+00   0.662555E+00
        10       3.000000      -0.630460  -0.220272E-01   0.446852E+00   0.446527E+00
        11       4.000000      -0.630795   0.213866E-01   0.447601E+00   0.447294E+00
        12       5.000000      -0.584913   0.729824E-01   0.604896E+00   0.600095E+00
        13       6.000000      -0.478425   0.142790E+00   0.751388E+00   0.728980E+00
        14       7.000000      -0.308598   0.185355E+00   0.114330E+00   0.108681E+00
        15       8.000000      -0.125158   0.170266E+00  -0.576221E+00   0.552042E+00
        16       9.000000       0.001240   0.711293E-01  -0.127843E+01   0.126879E+01
        17      10.000000      -0.036345  -0.253382E+00  -0.873707E+01   0.795847E+01
  




                                                -- THE LAST CASE HAS BEEN PROCESSED --
