                                                         --INPUT DATA--

     TITLE--  *    MA409   AIRFOIL WITH NON-SMOOTH COORDINATES  *                             

     ITER =  80   IPLOT =  0   IPUNCH =  1   IOP =  0   ICAMTK =  1   IBAD =  1   ITRN =  1   INTR =  2

     NU =  21

     XU=   0.000000E+00   0.125000E-01   0.250000E-01   0.500000E-01   0.750000E-01   0.100000E+00   0.150000E+00   0.200000E+00
           0.250000E+00   0.300000E+00   0.350000E+00   0.400000E+00   0.450000E+00   0.500000E+00   0.550000E+00   0.650000E+00
           0.700000E+00   0.800000E+00   0.900000E+00   0.950000E+00   0.100000E+01

     YU=   0.174900E-01   0.283100E-01   0.350000E-01   0.447900E-01   0.513200E-01   0.567300E-01   0.642100E-01   0.692500E-01
           0.730200E-01   0.739800E-01   0.743400E-01   0.739100E-01   0.718600E-01   0.694500E-01   0.654300E-01   0.615400E-01
           0.523600E-01   0.401500E-01   0.230800E-01   0.124600E-01   0.700000E-03

     WU=   0.100000E+01   0.100000E+01   0.100000E+01   0.100000E+01   0.100000E+01   0.100000E+01   0.100000E+01   0.100000E+01
           0.100000E+01   0.100000E+01   0.100000E+01   0.100000E+01   0.100000E+01   0.100000E+01   0.100000E+01   0.100000E+01
           0.100000E+01   0.100000E+01   0.100000E+01   0.100000E+01   0.100000E+01

     NL =  21

     XL=   0.000000E+00   0.125000E-01   0.250000E-01   0.500000E-01   0.750000E-01   0.100000E+00   0.150000E+00   0.200000E+00
           0.250000E+00   0.300000E+00   0.350000E+00   0.400000E+00   0.450000E+00   0.500000E+00   0.550000E+00   0.600000E+00
           0.700000E+00   0.800000E+00   0.900000E+00   0.950000E+00   0.100000E+01

     YL=   0.174900E-01   0.878000E-02   0.437000E-02   0.820000E-03   0.220000E-03   0.000000E+00   0.122000E-02   0.280000E-02
           0.514000E-02   0.789000E-02   0.103100E-01   0.122900E-01   0.142400E-01   0.149900E-01   0.152500E-01   0.153600E-01
           0.138400E-01   0.110700E-01   0.704000E-02   0.355000E-02   0.000000E+00

     WL=   0.100000E+01   0.100000E+01   0.100000E+01   0.100000E+01   0.100000E+01   0.100000E+01   0.100000E+01   0.100000E+01
           0.100000E+01   0.100000E+01   0.100000E+01   0.100000E+01   0.100000E+01   0.100000E+01   0.100000E+01   0.100000E+01
           0.100000E+01   0.100000E+01   0.100000E+01   0.100000E+01   0.100000E+01

   NINT =  40

   XINT=   0.000000E+00   0.980000E-03   0.548000E-02   0.133800E-01   0.243300E-01   0.381100E-01   0.546800E-01   0.739500E-01
           0.957600E-01   0.119990E+00   0.146480E+00   0.175040E+00   0.205490E+00   0.237600E+00   0.271200E+00   0.306090E+00
           0.342040E+00   0.378870E+00   0.416380E+00   0.454350E+00   0.492650E+00   0.530990E+00   0.569370E+00   0.607780E+00
           0.645940E+00   0.683590E+00   0.720430E+00   0.756160E+00   0.790480E+00   0.823090E+00   0.853700E+00   0.882020E+00
           0.907750E+00   0.930640E+00   0.950440E+00   0.966980E+00   0.980370E+00   0.990700E+00   0.997540E+00   0.100000E+01

   CNEW =     1.000
1                                --INPUT COORDINATES--

     TITLE--  *    MA409   AIRFOIL WITH NON-SMOOTH COORDINATES  *                             

         I           XU             YU             XL             YL
         1       0.000000       0.017490       0.000000       0.017490
         2       0.012500       0.028310       0.012500       0.008780
         3       0.025000       0.035000       0.025000       0.004370
         4       0.050000       0.044790       0.050000       0.000820
         5       0.075000       0.051320       0.075000       0.000220
         6       0.100000       0.056730       0.100000       0.000000
         7       0.150000       0.064210       0.150000       0.001220
         8       0.200000       0.069250       0.200000       0.002800
         9       0.250000       0.073020       0.250000       0.005140
        10       0.300000       0.073980       0.300000       0.007890
        11       0.350000       0.074340       0.350000       0.010310
        12       0.400000       0.073910       0.400000       0.012290
        13       0.450000       0.071860       0.450000       0.014240
        14       0.500000       0.069450       0.500000       0.014990
        15       0.550000       0.065430       0.550000       0.015250
        16       0.650000       0.061540       0.600000       0.015360
        17       0.700000       0.052360       0.700000       0.013840
        18       0.800000       0.040150       0.800000       0.011070
        19       0.900000       0.023080       0.900000       0.007040
        20       0.950000       0.012460       0.950000       0.003550
        21       1.000000       0.000700       1.000000       0.000000

1                     --TRANSLATED AND ROTATED COORDINATES--

     TITLE--  *    MA409   AIRFOIL WITH NON-SMOOTH COORDINATES  *                             

         I           XU             YU             XL             YL
         1       0.000000       0.000000       0.000000       0.000000
         2       0.012313       0.011033       0.012647      -0.008495
         3       0.024696       0.017936       0.025221      -0.012690
         4       0.049525       0.028153       0.050278      -0.015811
         5       0.074409       0.035110       0.075285      -0.015982
         6       0.099313       0.040948       0.100285      -0.015774
         7       0.149177       0.049284       0.150257      -0.013697
         8       0.199084       0.055180       0.200222      -0.011260
         9       0.249012       0.059806       0.250175      -0.008064
        10       0.298988       0.061623       0.300120      -0.004457
        11       0.348974       0.062840       0.350072      -0.001181
        12       0.398974       0.063267       0.400030       0.001656
        13       0.449002       0.062074       0.449990       0.004462
        14       0.499036       0.060521       0.499969       0.006069
        15       0.549098       0.057359       0.549958       0.007186
        16       0.649150       0.055183       0.599948       0.008153
        17       0.699300       0.046861       0.699960       0.008347
        18       0.799494       0.036367       0.799993       0.007291
        19       0.899772       0.021013       0.900047       0.004975
        20       0.949947       0.011251       0.950099       0.002343
        21       1.000141       0.000350       1.000153      -0.000350

     XNOSE =       0.000000     YNOSE =       0.017490     ANGLE =  -0.982
1                             --SUMMARY OF INPUT DATA--

     TITLE--  *    MA409   AIRFOIL WITH NON-SMOOTH COORDINATES  *                             

         I          X/C            Y/C            THETA          YPS            YPPS              W
         1       1.000000      -0.000350        -180.00                                         1.00
         2       0.949954       0.002342        -166.09                                         1.00
         3       0.899909       0.004975        -154.62                                         1.00
         4       0.799870       0.007290        -136.01                                         1.00
         5       0.699853       0.008345        -120.73                                         1.00
         6       0.599857       0.008152        -107.23                                         1.00
         7       0.549874       0.007185        -100.85                                         1.00
         8       0.499893       0.006068         -94.60                                         1.00
         9       0.449921       0.004462         -88.41                                         1.00
        10       0.399969       0.001656         -82.20                                         1.00
        11       0.350018      -0.001181         -75.90                                         1.00
        12       0.300075      -0.004457         -69.42                                         1.00
        13       0.250137      -0.008063         -62.65                                         1.00
        14       0.200192      -0.011259         -55.43                                         1.00
        15       0.150234      -0.013695         -47.52                                         1.00
        16       0.100270      -0.015771         -38.43                                         1.00
        17       0.075273      -0.015980         -33.14                                         1.00
        18       0.050271      -0.015808         -26.95                                         1.00
        19       0.025217      -0.012688         -19.00                                         1.00
        20       0.012645      -0.008493         -13.43                                         1.00
        21       0.000000       0.000000          -0.00                                         1.00
        22       0.012311       0.011031          13.25                                         1.00
        23       0.024692       0.017933          18.80                                         1.00
        24       0.049517       0.028149          26.75                                         1.00
        25       0.074398       0.035105          32.94                                         1.00
        26       0.099298       0.040942          38.24                                         1.00
        27       0.149155       0.049276          47.34                                         1.00
        28       0.199053       0.055171          55.26                                         1.00
        29       0.248974       0.059797          62.48                                         1.00
        30       0.298942       0.061614          69.27                                         1.00
        31       0.348921       0.062830          75.76                                         1.00
        32       0.398913       0.063257          82.07                                         1.00
        33       0.448934       0.062064          88.29                                         1.00
        34       0.498960       0.060512          94.48                                         1.00
        35       0.549014       0.057350         100.74                                         1.00
        36       0.649050       0.055174         113.71                                         1.00
        37       0.699193       0.046854         120.63                                         1.00
        38       0.799372       0.036361         135.92                                         1.00
        39       0.899634       0.021010         154.56                                         1.00
        40       0.949801       0.011250         166.06                                         1.00
        41       0.999988       0.000350         180.00                                         1.00

     CHORD =       1.000153
1 TITLE--  *    MA409   AIRFOIL WITH NON-SMOOTH COORDINATES  *                             

                              --SUM OF SQUARES GENERATED DURING SMOOTHING PROCESS--

     1   0.1649519   0.0156870   0.0004286   0.0002023   0.0001329   0.0000968   0.0000743   0.0000589   0.0000475   0.0000389

     2   0.0000320   0.0000266   0.0000222   0.0000186   0.0000157   0.0000134   0.0000114   0.0000098   0.0000085   0.0000074

     3   0.0000065   0.0000057   0.0000051   0.0000046   0.0000041   0.0000037   0.0000033   0.0000030   0.0000028   0.0000025

     4   0.0000023   0.0000021   0.0000020   0.0000018   0.0000017   0.0000016   0.0000015   0.0000014   0.0000013   0.0000012

     5   0.0000011   0.0000010   0.0000010

   SMOOTHING PROCESS CONVERGED AFTER  43 ITERATIONS

   SUM OF SQUARES FROM LEAST SQUARES CUBIC SPLINE SMOOTHING =  0.4100E-06

   ITERATION PROCEDURE TO COMPUTE INCREMENTAL ADJUSTMENT TO SECOND DERIVATIVE CONVERGED IN   2 ITERATIONS AND DELTA =  0.1481E-03
1 TITLE--  *    MA409   AIRFOIL WITH NON-SMOOTH COORDINATES  *                             

                                                --SMOOTHING OUTPUT SUMMARY--

    I     THETA     X/C       Y/C       YT/C     YSMO/C    DELTA       YPS      YPPS        DY/DX       D(DY/DX)/DX      CURVATURE
    1   -180.00  1.000000 -0.000350 -0.000358 -0.000358  0.000008  0.013100 -0.008716  -0.710273E-01  -0.609439E+00   0.604857E+00
    2   -166.09  0.949954  0.002342  0.002583  0.002583 -0.000241  0.011204 -0.006903  -0.488918E-01  -0.316792E+00   0.315660E+00
    3   -154.62  0.899909  0.004975  0.004687  0.004683  0.000291  0.009736 -0.007762  -0.358955E-01  -0.212759E+00   0.212348E+00
    4   -136.01  0.799870  0.007290  0.007359  0.007331 -0.000042  0.006249 -0.013706  -0.180956E-01  -0.149807E+00   0.149734E+00
    5   -120.73  0.699853  0.008345  0.008469  0.008403 -0.000057  0.001383 -0.022786  -0.342976E-02  -0.144215E+00   0.144212E+00
    6   -107.23  0.599857  0.008152  0.008104  0.007991  0.000161 -0.005327 -0.034168   0.120355E-01  -0.166467E+00   0.166430E+00
    7   -100.85  0.549874  0.007185  0.007309  0.007173  0.000012 -0.009496 -0.040733   0.208885E-01  -0.188499E+00   0.188376E+00
    8    -94.60  0.499893  0.006068  0.006042  0.005879  0.000189 -0.014386 -0.048955   0.311858E-01  -0.224649E+00   0.224321E+00
    9    -88.41  0.449921  0.004462  0.004213  0.004031  0.000431 -0.019887 -0.052846   0.429890E-01  -0.249530E+00   0.248840E+00
   10    -82.20  0.399969  0.001656  0.001754  0.001588  0.000067 -0.024981 -0.041185   0.544849E-01  -0.212198E+00   0.211256E+00
   11    -75.90  0.350018 -0.001181 -0.001239 -0.001360  0.000179 -0.028175 -0.016884   0.627739E-01  -0.118952E+00   0.118252E+00
   12    -69.42  0.300075 -0.004457 -0.004527 -0.004605  0.000149 -0.028776  0.006256   0.664214E-01  -0.242455E-01   0.240860E-01
   13    -62.65  0.250137 -0.008063 -0.007865 -0.007927 -0.000136 -0.027137  0.021474   0.660231E-01   0.440099E-01   0.437237E-01
   14    -55.43  0.200192 -0.011259 -0.011082 -0.011136 -0.000122 -0.023533  0.035771   0.617549E-01   0.134671E+00   0.133904E+00
   15    -47.52  0.150234 -0.013695 -0.013950 -0.013972  0.000278 -0.017018  0.058576   0.498637E-01   0.369093E+00   0.367721E+00
   16    -38.43  0.100270 -0.015771 -0.015861 -0.015812  0.000040 -0.005408  0.087880   0.187993E-01   0.979635E+00   0.979116E+00
   17    -33.14  0.075273 -0.015980 -0.015981 -0.015920 -0.000059  0.003227  0.099023  -0.127561E-01   0.162438E+01   0.162398E+01
   18    -26.95  0.050271 -0.015808 -0.015048 -0.015007 -0.000801  0.013585  0.092871  -0.647642E-01   0.271781E+01   0.270080E+01
   19    -19.00  0.025217 -0.012688 -0.012245 -0.012280 -0.000407  0.025317  0.076181  -0.168017E+00   0.659346E+01   0.632380E+01
   20    -13.43  0.012645 -0.008493 -0.009424 -0.009466  0.000973  0.032413  0.069631  -0.301672E+00   0.177945E+02   0.156151E+02
   21     -0.00  0.000000  0.000000 -0.000044 -0.000044  0.000044  0.047648  0.060413   0.100000E+99   0.100000E+99   0.203836E+03
   22     13.25  0.012311  0.011031  0.012430  0.012455 -0.001424  0.059919  0.045748   0.565103E+00  -0.185729E+02   0.122559E+02
   23     18.80  0.024692  0.017933  0.018462  0.018462 -0.000528  0.063787  0.034031   0.427682E+00  -0.689291E+01   0.535765E+01
   24     26.75  0.049517  0.028149  0.027633  0.027528  0.000620  0.066196  0.000705   0.317827E+00  -0.301160E+01   0.260681E+01
   25     32.94  0.074398  0.035105  0.034840  0.034612  0.000493  0.064178 -0.038042   0.255035E+00  -0.216493E+01   0.196967E+01
   26     38.24  0.099298  0.040942  0.040648  0.040352  0.000589  0.059598 -0.060999   0.208068E+00  -0.166526E+01   0.156269E+01
   27     47.34  0.149155  0.049276  0.049319  0.048975  0.000301  0.048579 -0.077808   0.142754E+00  -0.105851E+01   0.102696E+01
   28     55.26  0.199053  0.055171  0.055294  0.054929  0.000243  0.037397 -0.083931   0.983403E-01  -0.759727E+00   0.748838E+00
   29     62.48  0.248974  0.059797  0.059354  0.058965  0.000833  0.026508 -0.088769   0.645863E-01  -0.608951E+00   0.605160E+00
   30     69.27  0.298942  0.061614  0.061887  0.061475  0.000138  0.015870 -0.090962   0.366673E-01  -0.517666E+00   0.516624E+00
   31     75.76  0.348921  0.062830  0.063108  0.062703  0.000128  0.005907 -0.084909   0.131699E-01  -0.429471E+00   0.429360E+00
   32     82.07  0.398913  0.063257  0.063253  0.062862  0.000395 -0.002784 -0.072926  -0.607493E-02  -0.345283E+00   0.345264E+00
   33     88.29  0.448934  0.062064  0.062528  0.062147 -0.000083 -0.010243 -0.064529  -0.221439E-01  -0.300148E+00   0.299927E+00
   34     94.48  0.498960  0.060512  0.061062  0.060667 -0.000155 -0.017082 -0.061897  -0.370246E-01  -0.297062E+00   0.296452E+00
   35    100.74  0.549014  0.057350  0.058844  0.058440 -0.001090 -0.023659 -0.058598  -0.520245E-01  -0.304537E+00   0.303305E+00
   36    113.71  0.649050  0.055174  0.052084  0.051721  0.003454 -0.035078 -0.042269  -0.823824E-01  -0.308944E+00   0.305825E+00
   37    120.63  0.699193  0.046854  0.047505  0.047202 -0.000348 -0.039498 -0.030917  -0.978438E-01  -0.308221E+00   0.303847E+00
   38    135.92  0.799372  0.036361  0.035954  0.035798  0.000564 -0.045083 -0.010937  -0.130423E+00  -0.342399E+00   0.333845E+00
   39    154.56  0.899634  0.021010  0.020829  0.020782  0.000228 -0.046558  0.001868  -0.171520E+00  -0.486419E+00   0.465717E+00
   40    166.06  0.949801  0.011250  0.011507  0.011488 -0.000238 -0.046033  0.003360  -0.200757E+00  -0.696590E+00   0.656504E+00
   41    180.00  0.999988  0.000350  0.000340  0.000340  0.000010 -0.045790 -0.001356  -0.248257E+00  -0.127432E+01   0.116498E+01

   LEADING-EDGE RADIUS/C=  0.004906

   DY/DX=0. AT X/C=  0.676480     Y/C=  0.008443     THETA=  -117.448

   DY/DX=0. AT X/C=  0.083902     Y/C= -0.015974     THETA=   -35.045

   DY/DX=0. AT X/C=  0.381948     Y/C=  0.062915     THETA=    79.939
1 TITLE--  *    MA409   AIRFOIL WITH NON-SMOOTH COORDINATES  *                             

            CHECK OF SMOOTHED COORDINATES   DF=  0.000100

         I     (YSMO/C-CHECK VALUE)       (YPPS-CHECK VALUE)

         1            0.000000                 0.000091
         2           -0.000000                 0.000250
         3            0.000000                 0.000343
         4            0.000000                 0.000396
         5           -0.000001                 0.000363
         6           -0.000001                 0.000282
         7            0.000003                 0.000006
         8            0.000002                -0.000807
         9            0.000003                -0.002573
        10            0.000003                -0.002218
        11            0.000000                 0.000444
        12           -0.000003                 0.002025
        13           -0.000003                 0.000856
        14            0.000003                -0.001492
        15           -0.000000                -0.000638
        16           -0.000008                 0.002591
        17           -0.000006                 0.004287
        18           -0.000005                 0.002069
        19            0.000001                -0.001600
        20            0.000011                -0.002154
        21            0.000000                 0.000457
        22           -0.000015                 0.003142
        23           -0.000010                 0.003910
        24           -0.000000                 0.001929
        25            0.000002                -0.002468
        26            0.000006                -0.003569
        27            0.000001                -0.000739
        28           -0.000003                 0.000774
        29            0.000000                -0.000098
        30            0.000002                -0.001521
        31            0.000001                -0.000971
        32           -0.000002                 0.000999
        33           -0.000003                 0.001547
        34           -0.000003                 0.000495
        35            0.000003                -0.001316
        36            0.000009                -0.001337
        37            0.000009                -0.000393
        38            0.000001                 0.000937
        39           -0.000005                 0.001101
        40            0.000004                 0.000349
        41           -0.000000                -0.001402

     SUM OF SQUARES=  0.000000                 0.000121
1          THE FOLLOWING DATA HAVE BEEN PUNCHED     IPUNCH=   1

   *    MA409   AIRFOIL WITH NON-SMOOTH COORDINATES  *                             

   IOP =   0

   NU =  21

   DX =  0.000000  0.012313  0.024696  0.049525  0.074409  0.099313  0.149177  0.199084
         0.249012  0.298988  0.348974  0.398974  0.449002  0.499036  0.549098  0.649150
         0.699300  0.799494  0.899772  0.949947  1.000141

   DY = -0.000044  0.012457  0.018464  0.027533  0.034618  0.040358  0.048983  0.054937
         0.058974  0.061485  0.062712  0.062872  0.062157  0.060676  0.058449  0.051728
         0.047209  0.035803  0.020785  0.011489  0.000340

   NL =  21

   DX =  0.000000  0.012647  0.025221  0.050278  0.075285  0.100285  0.150257  0.200222
         0.250175  0.300120  0.350072  0.400030  0.449990  0.499969  0.549958  0.599948
         0.699960  0.799993  0.900047  0.950099  1.000153

   DY = -0.000044 -0.009467 -0.012282 -0.015009 -0.015923 -0.015814 -0.013975 -0.011138
        -0.007928 -0.004606 -0.001360  0.001589  0.004031  0.005880  0.007174  0.007992
         0.008404  0.007332  0.004684  0.002583 -0.000358
1 TITLE--  *    MA409   AIRFOIL WITH NON-SMOOTH COORDINATES  *                             

                                --THICKNESS AND CAMBER DISTRIBUTION--

    I     XU/C      YU/C      XL/C      YL/C      X/C       Y/C      T/C/2     SLOPE          ERROR
    1  0.999988  0.000340  0.999876 -0.000349  0.999932 -0.000004  0.000349   -9.2069       0.007263
    2  0.949801  0.011488  0.948706  0.002644  0.949254  0.007066  0.004456   -7.0643       0.000005
    3  0.899634  0.020782  0.897983  0.004752  0.898809  0.012767  0.008057   -5.8832       0.000024
    4  0.799372  0.035798  0.797274  0.007378  0.798323  0.021588  0.014249   -4.2229       0.000010
    5  0.699193  0.047202  0.697240  0.008411  0.698216  0.027807  0.019420   -2.8817       0.000005
    6  0.649050  0.051721  0.647364  0.008379  0.648207  0.030050  0.021687   -2.2283       0.000001
    7  0.549014  0.058440  0.548224  0.007138  0.548619  0.032789  0.025654   -0.8819       0.000002
    8  0.498960  0.060667  0.498807  0.005845  0.498883  0.033256  0.027411   -0.1602       0.000003
    9  0.448934  0.062147  0.449541  0.004014  0.449237  0.033081  0.029068    0.5992       0.000002
   10  0.398913  0.062862  0.400392  0.001611  0.399653  0.032237  0.030634    1.3827       0.000001
   11  0.348921  0.062703  0.351344 -0.001276  0.350132  0.030713  0.032012    2.1687       0.000001
   12  0.298942  0.061475  0.302338 -0.004455  0.300640  0.028510  0.033009    2.9483       0.000001
   13  0.248974  0.058965  0.253333 -0.007715  0.251153  0.025625  0.033411    3.7402       0.000000
   14  0.199053  0.054929  0.204337 -0.010879  0.201695  0.022025  0.033010    4.5905       0.000000
   15  0.149155  0.048975  0.155235 -0.013719  0.152195  0.017628  0.031494    5.5399       0.000001
   16  0.099298  0.040352  0.105743 -0.015695  0.102521  0.012329  0.028208    6.5605       0.000000
   17  0.074398  0.034612  0.080629 -0.015966  0.077513  0.009323  0.025480    7.0232       0.000004
   18  0.049517  0.027528  0.055009 -0.015284  0.052263  0.006122  0.021582    7.3095       0.000005
   19  0.024692  0.018462  0.028761 -0.012837  0.026727  0.002812  0.015781    7.4067       0.000008
   20  0.012311  0.012455  0.015260 -0.010199  0.013786  0.001128  0.011422    7.4178       0.000003
   21  0.000000 -0.000044  0.000164 -0.001292  0.000082 -0.000668  0.000629    7.4987       0.000016
   22  0.000041 -0.000673  0.000041 -0.000673  0.000041 -0.000673  0.000000    7.4918       0.000000
  
1     TITLE--  *    MA409   AIRFOIL WITH NON-SMOOTH COORDINATES  *                             

                          --UPPER SURFACE INTERPOLATED COORDINATES--

         I          XU             YU           DY/DX      D(DY/DX)/DX      CURVATURE
         1       0.000000      -0.000044   0.100000E+99   0.100000E+99   0.203836E+03
         2       0.000980       0.003182   0.170910E+01  -0.808949E+03   0.104189E+03
         3       0.005480       0.007974   0.791496E+00  -0.617428E+02   0.297659E+02
         4       0.013380       0.013049   0.546409E+00  -0.164688E+02   0.111293E+02
         5       0.024330       0.018306   0.430206E+00  -0.703690E+01   0.545458E+01
         6       0.038110       0.023688   0.357516E+00  -0.405509E+01   0.338565E+01
         7       0.054680       0.029130   0.302943E+00  -0.276365E+01   0.242261E+01
         8       0.073950       0.034498   0.256007E+00  -0.217457E+01   0.197705E+01
         9       0.095760       0.039606   0.214050E+00  -0.171743E+01   0.160581E+01
        10       0.119990       0.044328   0.177290E+00  -0.133565E+01   0.127507E+01
        11       0.146480       0.048589   0.145611E+00  -0.107808E+01   0.104468E+01
        12       0.175040       0.052338   0.117891E+00  -0.875317E+00   0.857381E+00
        13       0.205490       0.055546   0.935334E-01  -0.734235E+00   0.724704E+00
        14       0.237600       0.058190   0.716581E-01  -0.635234E+00   0.630372E+00
        15       0.271200       0.060254   0.516023E-01  -0.561504E+00   0.559269E+00
        16       0.306090       0.061724   0.330224E-01  -0.502378E+00   0.501558E+00
        17       0.342040       0.062602   0.161586E-01  -0.439321E+00   0.439149E+00
        18       0.378870       0.062913   0.114290E-02  -0.375606E+00   0.375606E+00
        19       0.416380       0.062705  -0.119469E-01  -0.327488E+00   0.327418E+00
        20       0.454350       0.062023  -0.237668E-01  -0.299145E+00   0.298892E+00
        21       0.492650       0.060894  -0.351515E-01  -0.296697E+00   0.296148E+00
        22       0.530990       0.059328  -0.465766E-01  -0.300288E+00   0.299314E+00
        23       0.569370       0.057318  -0.581967E-01  -0.302178E+00   0.300649E+00
        24       0.607780       0.054860  -0.697887E-01  -0.302400E+00   0.300204E+00
        25       0.645940       0.051975  -0.814225E-01  -0.308235E+00   0.305195E+00
        26       0.683590       0.048691  -0.930351E-01  -0.308180E+00   0.304221E+00
        27       0.720430       0.045054  -0.104459E+00  -0.314934E+00   0.309849E+00
        28       0.756160       0.041118  -0.115935E+00  -0.327620E+00   0.321124E+00
        29       0.790480       0.036944  -0.127390E+00  -0.339680E+00   0.331576E+00
        30       0.823090       0.032605  -0.138881E+00  -0.371327E+00   0.360837E+00
        31       0.853700       0.028174  -0.150881E+00  -0.413673E+00   0.399938E+00
        32       0.882020       0.023729  -0.163207E+00  -0.457519E+00   0.439829E+00
        33       0.907750       0.019374  -0.175577E+00  -0.513854E+00   0.490976E+00
        34       0.930640       0.015213  -0.188329E+00  -0.603692E+00   0.572942E+00
        35       0.950440       0.011359  -0.201204E+00  -0.701452E+00   0.660915E+00
        36       0.966980       0.007929  -0.213942E+00  -0.844755E+00   0.789907E+00
        37       0.980370       0.004985  -0.226197E+00  -0.990896E+00   0.919437E+00
        38       0.990700       0.002593  -0.237120E+00  -0.112798E+01   0.103912E+01
        39       0.997540       0.000944  -0.245188E+00  -0.123334E+01   0.112993E+01
        40       0.999988       0.000340  -0.248257E+00  -0.127432E+01   0.116498E+01

          CHORD =  1.000000
1     TITLE--  *    MA409   AIRFOIL WITH NON-SMOOTH COORDINATES  *                             

                          --LOWER SURFACE INTERPOLATED COORDINATES--

         I          XL             YL           DY/DX      D(DY/DX)/DX      CURVATURE
         1       0.000000      -0.000044   0.100000E+99   0.100000E+99   0.203836E+03
         2       0.000980      -0.003016  -0.144952E+01   0.808270E+03   0.148006E+03
         3       0.005480      -0.006643  -0.533397E+00   0.615616E+02   0.422866E+02
         4       0.013380      -0.009683  -0.289130E+00   0.163884E+02   0.145290E+02
         5       0.024330      -0.012129  -0.174017E+00   0.693575E+01   0.663222E+01
         6       0.038110      -0.013995  -0.103814E+00   0.382993E+01   0.376884E+01
         7       0.054680      -0.015267  -0.534306E-01   0.243283E+01   0.242245E+01
         8       0.073950      -0.015902  -0.149291E-01   0.165981E+01   0.165926E+01
         9       0.095760      -0.015886   0.141940E-01   0.106443E+01   0.106411E+01
        10       0.119990      -0.015274   0.347231E-01   0.660085E+00   0.658893E+00
        11       0.146480      -0.014157   0.484265E-01   0.396976E+00   0.395584E+00
        12       0.175040      -0.012637   0.572102E-01   0.232002E+00   0.230868E+00
        13       0.205490      -0.010807   0.624361E-01   0.122574E+00   0.121860E+00
        14       0.237600      -0.008750   0.653564E-01   0.626985E-01   0.622989E-01
        15       0.271200      -0.006529   0.666080E-01   0.123775E-01   0.122956E-01
        16       0.306090      -0.004206   0.662379E-01  -0.366825E-01   0.364424E-01
        17       0.342040      -0.001864   0.636668E-01  -0.104851E+00   0.104217E+00
        18       0.378870       0.000394   0.585521E-01  -0.173307E+00   0.172420E+00
        19       0.416380       0.002453   0.509107E-01  -0.223532E+00   0.222665E+00
        20       0.454350       0.004219   0.418897E-01  -0.246878E+00   0.246229E+00
        21       0.492650       0.005647   0.328235E-01  -0.227608E+00   0.227241E+00
        22       0.530990       0.006744   0.245687E-01  -0.201402E+00   0.201219E+00
        23       0.569370       0.007545   0.173037E-01  -0.179374E+00   0.179294E+00
        24       0.607780       0.008081   0.107252E-01  -0.164311E+00   0.164282E+00
        25       0.645940       0.008373   0.463555E-02  -0.155157E+00   0.155152E+00
        26       0.683590       0.008439  -0.105824E-02  -0.147431E+00   0.147431E+00
        27       0.720430       0.008302  -0.640280E-02  -0.144830E+00   0.144821E+00
        28       0.756160       0.007980  -0.116107E-01  -0.146842E+00   0.146813E+00
        29       0.790480       0.007495  -0.166915E-01  -0.149231E+00   0.149169E+00
        30       0.823090       0.006870  -0.216996E-01  -0.160930E+00   0.160816E+00
        31       0.853700       0.006128  -0.268875E-01  -0.178647E+00   0.178454E+00
        32       0.882020       0.005292  -0.322193E-01  -0.198464E+00   0.198155E+00
        33       0.907750       0.004395  -0.376124E-01  -0.225359E+00   0.224881E+00
        34       0.930640       0.003471  -0.432508E-01  -0.269225E+00   0.268471E+00
        35       0.950440       0.002559  -0.490461E-01  -0.318620E+00   0.317474E+00
        36       0.966980       0.001701  -0.548805E-01  -0.390006E+00   0.388251E+00
        37       0.980370       0.000930  -0.605785E-01  -0.463875E+00   0.461333E+00
        38       0.990700       0.000278  -0.657209E-01  -0.533922E+00   0.530481E+00
        39       0.997540      -0.000185  -0.695545E-01  -0.588156E+00   0.583913E+00
        40       1.000000      -0.000358  -0.710273E-01  -0.609439E+00   0.604857E+00
  




                                                -- THE LAST CASE HAS BEEN PROCESSED --
