                                                         --INPUT DATA--

     TITLE--  * Twin Otter Airfoil  (Sam Lee 991028)        *                                 

     ITER =  80   IPLOT =  0   IPUNCH =  1   IOP =  0   ICAMTK =  1   IBAD =  1   ITRN =  1   INTR =  2

     NU =  18

     XU=   0.000000E+00   0.124000E-01   0.249000E-01   0.500000E-01   0.749000E-01   0.100000E+00   0.150000E+00   0.200000E+00
           0.250000E+00   0.300000E+00   0.400000E+00   0.500000E+00   0.600000E+00   0.700000E+00   0.800000E+00   0.900000E+00
           0.950000E+00   0.100000E+01

     YU=   0.703800E-02   0.333000E-01   0.450000E-01   0.606000E-01   0.718000E-01   0.810000E-01   0.941000E-01   0.102900E+00
           0.108600E+00   0.111500E+00   0.111500E+00   0.105100E+00   0.934000E-01   0.765000E-01   0.533000E-01   0.269000E-01
           0.134000E-01   0.000000E+00

     WU=   0.100000E+01   0.100000E+01   0.100000E+01   0.100000E+01   0.100000E+01   0.100000E+01   0.100000E+01   0.100000E+01
           0.100000E+01   0.100000E+01   0.100000E+01   0.100000E+01   0.100000E+01   0.100000E+01   0.100000E+01   0.100000E+01
           0.100000E+01   0.100000E+01

     NL =  18

     XL=   0.000000E+00   0.124000E-01   0.249000E-01   0.500000E-01   0.749000E-01   0.100000E+00   0.150000E+00   0.200000E+00
           0.250000E+00   0.300000E+00   0.400000E+00   0.500000E+00   0.600000E+00   0.700000E+00   0.800000E+00   0.900000E+00
           0.950000E+00   0.100000E+01

     YL=   0.703800E-02  -0.170000E-01  -0.253000E-01  -0.352000E-01  -0.413000E-01  -0.451000E-01  -0.496000E-01  -0.512000E-01
          -0.506000E-01  -0.486000E-01  -0.422000E-01  -0.334000E-01  -0.240000E-01  -0.158000E-01  -0.960000E-02  -0.480000E-02
          -0.240000E-02   0.000000E+00

     WL=   0.100000E+01   0.100000E+01   0.100000E+01   0.100000E+01   0.100000E+01   0.100000E+01   0.100000E+01   0.100000E+01
           0.100000E+01   0.100000E+01   0.100000E+01   0.100000E+01   0.100000E+01   0.100000E+01   0.100000E+01   0.100000E+01
           0.100000E+01   0.100000E+01

   NINT =  40

   XINT=   0.000000E+00   0.980000E-03   0.548000E-02   0.133800E-01   0.243300E-01   0.381100E-01   0.546800E-01   0.739500E-01
           0.957600E-01   0.119990E+00   0.146480E+00   0.175040E+00   0.205490E+00   0.237600E+00   0.271200E+00   0.306090E+00
           0.342040E+00   0.378870E+00   0.416380E+00   0.454350E+00   0.492650E+00   0.530990E+00   0.569370E+00   0.607780E+00
           0.645940E+00   0.683590E+00   0.720430E+00   0.756160E+00   0.790480E+00   0.823090E+00   0.853700E+00   0.882020E+00
           0.907750E+00   0.930640E+00   0.950440E+00   0.966980E+00   0.980370E+00   0.990700E+00   0.997540E+00   0.100000E+01

   CNEW =     1.000
1                                --INPUT COORDINATES--

     TITLE--  * Twin Otter Airfoil  (Sam Lee 991028)        *                                 

         I           XU             YU             XL             YL
         1       0.000000       0.007038       0.000000       0.007038
         2       0.012400       0.033300       0.012400      -0.017000
         3       0.024900       0.045000       0.024900      -0.025300
         4       0.050000       0.060600       0.050000      -0.035200
         5       0.074900       0.071800       0.074900      -0.041300
         6       0.100000       0.081000       0.100000      -0.045100
         7       0.150000       0.094100       0.150000      -0.049600
         8       0.200000       0.102900       0.200000      -0.051200
         9       0.250000       0.108600       0.250000      -0.050600
        10       0.300000       0.111500       0.300000      -0.048600
        11       0.400000       0.111500       0.400000      -0.042200
        12       0.500000       0.105100       0.500000      -0.033400
        13       0.600000       0.093400       0.600000      -0.024000
        14       0.700000       0.076500       0.700000      -0.015800
        15       0.800000       0.053300       0.800000      -0.009600
        16       0.900000       0.026900       0.900000      -0.004800
        17       0.950000       0.013400       0.950000      -0.002400
        18       1.000000       0.000000       1.000000       0.000000

1                     --TRANSLATED AND ROTATED COORDINATES--

     TITLE--  * Twin Otter Airfoil  (Sam Lee 991028)        *                                 

         I           XU             YU             XL             YL
         1       0.000000       0.000000       0.000000       0.000000
         2       0.012215       0.026349       0.012569      -0.023950
         3       0.024632       0.038136       0.025127      -0.032162
         4       0.049622       0.053913       0.050296      -0.041885
         5       0.074442       0.065288       0.075238      -0.047810
         6       0.099477       0.074664       0.100364      -0.051433
         7       0.149384       0.088116       0.150395      -0.055581
         8       0.199320       0.097267       0.200405      -0.056829
         9       0.249279       0.103319       0.250399      -0.055877
        10       0.299257       0.106571       0.300384      -0.053525
        11       0.399255       0.107275       0.400337      -0.046422
        12       0.499297       0.101578       0.500272      -0.036918
        13       0.599377       0.090583       0.600204      -0.026815
        14       0.699494       0.074387       0.700143      -0.017911
        15       0.799655       0.051891       0.800097      -0.011007
        16       0.899838       0.026196       0.900061      -0.005504
        17       0.949932       0.013048       0.950043      -0.002752
        18       1.000025       0.000000       1.000025       0.000000

     XNOSE =       0.000000     YNOSE =       0.007038     ANGLE =  -0.403
1                             --SUMMARY OF INPUT DATA--

     TITLE--  * Twin Otter Airfoil  (Sam Lee 991028)        *                                 

         I          X/C            Y/C            THETA          YPS            YPPS              W
         1       1.000000       0.000000        -180.00                                         1.00
         2       0.950019      -0.002752        -166.11                                         1.00
         3       0.900039      -0.005504        -154.64                                         1.00
         4       0.800077      -0.011007        -136.04                                         1.00
         5       0.700126      -0.017911        -120.77                                         1.00
         6       0.600189      -0.026814        -107.27                                         1.00
         7       0.500260      -0.036917         -94.65                                         1.00
         8       0.400327      -0.046421         -82.24                                         1.00
         9       0.300377      -0.053524         -69.46                                         1.00
        10       0.250393      -0.055876         -62.68                                         1.00
        11       0.200400      -0.056828         -55.46                                         1.00
        12       0.150391      -0.055580         -47.54                                         1.00
        13       0.100362      -0.051432         -38.45                                         1.00
        14       0.075236      -0.047808         -33.13                                         1.00
        15       0.050295      -0.041884         -26.96                                         1.00
        16       0.025126      -0.032161         -18.97                                         1.00
        17       0.012569      -0.023950         -13.38                                         1.00
        18       0.000000       0.000000          -0.00                                         1.00
        19       0.012215       0.026348          13.19                                         1.00
        20       0.024632       0.038135          18.78                                         1.00
        21       0.049621       0.053911          26.78                                         1.00
        22       0.074441       0.065286          32.95                                         1.00
        23       0.099475       0.074662          38.27                                         1.00
        24       0.149380       0.088113          47.37                                         1.00
        25       0.199315       0.097265          55.30                                         1.00
        26       0.249273       0.103316          62.53                                         1.00
        27       0.299250       0.106568          69.31                                         1.00
        28       0.399245       0.107272          82.11                                         1.00
        29       0.499285       0.101576          94.52                                         1.00
        30       0.599362       0.090580         107.16                                         1.00
        31       0.699476       0.074385         120.67                                         1.00
        32       0.799635       0.051890         135.97                                         1.00
        33       0.899816       0.026195         154.60                                         1.00
        34       0.949908       0.013047         166.08                                         1.00
        35       1.000000       0.000000         180.00                                         1.00

     CHORD =       1.000025
1 TITLE--  * Twin Otter Airfoil  (Sam Lee 991028)        *                                 

                              --SUM OF SQUARES GENERATED DURING SMOOTHING PROCESS--

     1   0.2871895   0.0003759   0.0000240   0.0000164   0.0000119   0.0000090   0.0000069   0.0000054   0.0000043   0.0000034

     2   0.0000028   0.0000023   0.0000020   0.0000017   0.0000015   0.0000013   0.0000011   0.0000010

   SMOOTHING PROCESS CONVERGED AFTER  18 ITERATIONS

   SUM OF SQUARES FROM LEAST SQUARES CUBIC SPLINE SMOOTHING =  0.3500E-06

   ITERATION PROCEDURE TO COMPUTE INCREMENTAL ADJUSTMENT TO SECOND DERIVATIVE CONVERGED IN   2 ITERATIONS AND DELTA = -0.2206E-05
1 TITLE--  * Twin Otter Airfoil  (Sam Lee 991028)        *                                 

                                                --SMOOTHING OUTPUT SUMMARY--

    I     THETA     X/C       Y/C       YT/C     YSMO/C    DELTA       YPS      YPPS        DY/DX       D(DY/DX)/DX      CURVATURE
    1   -180.00  1.000000  0.000000  0.000010  0.000010 -0.000010 -0.016689  0.039324   0.904861E-01   0.160602E+01   0.158650E+01
    2   -166.11  0.950019 -0.002752 -0.003012 -0.003240  0.000489 -0.011607  0.002601   0.506603E-01   0.241664E+00   0.240737E+00
    3   -154.64  0.900039 -0.005504 -0.005283 -0.005657  0.000154 -0.013280 -0.019322   0.489822E-01  -0.116458E+00   0.116040E+00
    4   -136.04  0.800077 -0.011007 -0.010819 -0.011325  0.000318 -0.022671 -0.038524   0.656750E-01  -0.196576E+00   0.195311E+00
    5   -120.77  0.700126 -0.017911 -0.018227 -0.018754  0.000843 -0.033120 -0.039868   0.821369E-01  -0.145244E+00   0.143787E+00
    6   -107.27  0.600189 -0.026814 -0.027089 -0.027542  0.000728 -0.040985 -0.026900   0.926158E-01  -0.761312E-01   0.751621E-01
    7    -94.65  0.500260 -0.036917 -0.036728 -0.036995  0.000078 -0.043793  0.001401   0.949436E-01   0.232405E-01   0.229298E-01
    8    -82.24  0.400327 -0.046421 -0.046086 -0.046125 -0.000295 -0.039110  0.041877   0.852916E-01   0.173833E+00   0.171954E+00
    9    -69.46  0.300377 -0.053524 -0.053582 -0.053451 -0.000072 -0.024921  0.085262   0.575087E-01   0.404302E+00   0.402305E+00
   10    -62.68  0.250393 -0.055876 -0.055939 -0.055759 -0.000117 -0.013750  0.103695   0.334428E-01   0.571364E+00   0.570407E+00
   11    -55.46  0.200400 -0.056828 -0.056827 -0.056638 -0.000190  0.000054  0.115395  -0.142535E-03   0.794333E+00   0.794333E+00
   12    -47.54  0.150391 -0.055580 -0.055699 -0.055512 -0.000067  0.016347  0.120417  -0.478780E-01   0.116123E+01   0.115725E+01
   13    -38.45  0.100362 -0.051432 -0.051569 -0.051388 -0.000044  0.035726  0.123818  -0.124142E+00   0.203832E+01   0.199209E+01
   14    -33.13  0.075236 -0.047808 -0.047722 -0.047531 -0.000278  0.047396  0.127506  -0.187385E+00   0.312819E+01   0.297037E+01
   15    -26.96  0.050295 -0.041884 -0.041894 -0.041680 -0.000204  0.061323  0.131132  -0.292275E+00   0.571753E+01   0.505602E+01
   16    -18.97  0.025126 -0.032161 -0.032076 -0.031880 -0.000282  0.078956  0.121663  -0.524927E+00   0.155318E+02   0.107814E+02
   17    -13.38  0.012569 -0.023950 -0.023788 -0.023631 -0.000319  0.090114  0.107346  -0.841241E+00   0.423603E+02   0.189822E+02
   18     -0.00  0.000000  0.000000 -0.000079 -0.000079  0.000079  0.109698  0.060329   0.100000E+99   0.100000E+99   0.384565E+02
   19     13.19  0.012215  0.026348  0.026476  0.026270  0.000077  0.116955  0.002700   0.110730E+01  -0.444788E+02   0.133916E+02
   20     18.78  0.024632  0.038135  0.037934  0.037641  0.000494  0.115935 -0.023632   0.778260E+00  -0.164310E+02   0.807554E+01
   21     26.78  0.049621  0.053911  0.053879  0.053476  0.000435  0.110100 -0.059968   0.528107E+00  -0.639971E+01   0.442494E+01
   22     32.95  0.074441  0.065286  0.065416  0.064946  0.000340  0.102336 -0.084123   0.406566E+00  -0.381973E+01   0.303654E+01
   23     38.27  0.099475  0.074662  0.074596  0.074066  0.000597  0.093620 -0.103453   0.326590E+00  -0.270286E+01   0.232167E+01
   24     47.37  0.149380  0.088113  0.088148  0.087507  0.000607  0.074884 -0.132495   0.219921E+00  -0.173719E+01   0.161838E+01
   25     55.30  0.199315  0.097265  0.097270  0.096549  0.000716  0.055532 -0.147356   0.145961E+00  -0.128367E+01   0.124371E+01
   26     62.53  0.249273  0.103316  0.103132  0.102377  0.000939  0.036840 -0.149015   0.897266E-01  -0.997589E+00   0.985662E+00
   27     69.31  0.299250  0.106568  0.106471  0.105701  0.000867  0.019394 -0.145777   0.447987E-01  -0.816894E+00   0.814441E+00
   28     82.11  0.399245  0.107272  0.107272  0.106488  0.000784 -0.011939 -0.134684  -0.260455E-01  -0.633096E+00   0.632452E+00
   29     94.52  0.499285  0.101576  0.101664  0.100888  0.000688 -0.039060 -0.115639  -0.846680E-01  -0.557799E+00   0.551855E+00
   30    107.16  0.599362  0.090580  0.090397  0.089711  0.000869 -0.061156 -0.084730  -0.138124E+00  -0.522948E+00   0.508331E+00
   31    120.67  0.699476  0.074385  0.073817  0.073318  0.001067 -0.076235 -0.043141  -0.188910E+00  -0.494042E+00   0.468729E+00
   32    135.97  0.799635  0.051890  0.052257  0.051967 -0.000077 -0.081737  0.001916  -0.236580E+00  -0.439529E+00   0.405051E+00
   33    154.60  0.899816  0.026195  0.026431  0.026299 -0.000104 -0.073668  0.047712  -0.271541E+00  -0.162619E+00   0.146159E+00
   34    166.08  0.949908  0.013047  0.012719  0.012651  0.000397 -0.061712  0.071579  -0.269245E+00   0.342005E+00   0.307922E+00
   35    180.00  1.000000  0.000000  0.000013  0.000013 -0.000013 -0.041343  0.096129  -0.224162E+00   0.171132E+01   0.158999E+01

   LEADING-EDGE RADIUS/C=  0.026003

   DY/DX=0. AT X/C=  0.200579     Y/C= -0.056638     THETA=   -55.488

   DY/DX=0. AT X/C=  0.359712     Y/C=  0.107012     THETA=    77.111
1 TITLE--  * Twin Otter Airfoil  (Sam Lee 991028)        *                                 

            CHECK OF SMOOTHED COORDINATES   DF=  0.000100

         I     (YSMO/C-CHECK VALUE)       (YPPS-CHECK VALUE)

         1           -0.000000                -0.002038
         2            0.000008                -0.001241
         3           -0.000007                -0.000969
         4           -0.000006                -0.001041
         5            0.000010                -0.001729
         6            0.000009                -0.002202
         7           -0.000003                -0.001094
         8           -0.000019                 0.001271
         9           -0.000019                 0.002945
        10           -0.000006                 0.002037
        11           -0.000002                 0.001040
        12            0.000002                -0.000139
        13            0.000002                -0.000903
        14           -0.000000                -0.000144
        15           -0.000001                 0.001624
        16           -0.000007                 0.002369
        17           -0.000007                 0.002031
        18            0.000001                 0.000920
        19            0.000005                -0.000321
        20            0.000004                -0.000855
        21            0.000002                -0.000902
        22           -0.000000                 0.000008
        23           -0.000003                 0.000468
        24           -0.000001                -0.000975
        25            0.000003                -0.001895
        26            0.000006                -0.001204
        27            0.000001                -0.000372
        28           -0.000004                -0.000411
        29            0.000008                -0.001766
        30            0.000020                -0.002065
        31            0.000010                -0.000079
        32           -0.000006                 0.001115
        33           -0.000009                 0.000905
        34            0.000010                -0.000099
        35           -0.000000                -0.002118

     SUM OF SQUARES=  0.000000                 0.000068
1          THE FOLLOWING DATA HAVE BEEN PUNCHED     IPUNCH=   1

   * Twin Otter Airfoil  (Sam Lee 991028)        *                                 

   IOP =   0

   NU =  18

   DX =  0.000000  0.012215  0.024632  0.049622  0.074442  0.099477  0.149384  0.199320
         0.249279  0.299257  0.399255  0.499297  0.599377  0.699494  0.799655  0.899838
         0.949932  1.000025

   DY = -0.000079  0.026271  0.037642  0.053478  0.064948  0.074067  0.087509  0.096551
         0.102380  0.105704  0.106491  0.100890  0.089713  0.073319  0.051968  0.026299
         0.012651  0.000013

   NL =  18

   DX =  0.000000  0.012569  0.025127  0.050296  0.075238  0.100364  0.150395  0.200405
         0.250399  0.300384  0.400337  0.500272  0.600204  0.700143  0.800097  0.900061
         0.950043  1.000025

   DY = -0.000079 -0.023631 -0.031880 -0.041681 -0.047532 -0.051389 -0.055514 -0.056639
        -0.055760 -0.053453 -0.046127 -0.036996 -0.027543 -0.018754 -0.011325 -0.005657
        -0.003240  0.000010
1 TITLE--  * Twin Otter Airfoil  (Sam Lee 991028)        *                                 

                                --THICKNESS AND CAMBER DISTRIBUTION--

    I     XU/C      YU/C      XL/C      YL/C      X/C       Y/C      T/C/2     SLOPE          ERROR
    1  1.000000  0.000013  1.000000  0.000010  1.000000  0.000011  0.000002   -7.3555       0.129769
    2  0.949908  0.012651  0.997409 -0.000220  0.973659  0.006215  0.024607   74.8400     628.809371
    3  0.899816  0.026299  0.997587 -0.000204  0.948701  0.013047  0.050650   74.8332     **********
    4  0.799635  0.051967  0.794350 -0.011704  0.796992  0.020131  0.031945   -4.7448       0.000001
    5  0.699476  0.073318  0.694662 -0.019205  0.697069  0.027056  0.046324   -2.9790       0.000002
    6  0.599362  0.089711  0.596737 -0.027862  0.598050  0.030924  0.058801   -1.2791       0.000001
    7  0.499285  0.100888  0.499987 -0.037021  0.499636  0.031933  0.068956    0.2918       0.000001
    8  0.399245  0.106488  0.403788 -0.045829  0.401516  0.030329  0.076193    1.7084       0.000001
    9  0.299250  0.105701  0.307594 -0.053026  0.303422  0.026338  0.079473    3.0092       0.000000
   10  0.249273  0.102377  0.259377 -0.055436  0.254325  0.023471  0.079068    3.6635       0.000000
   11  0.199315  0.096549  0.211048 -0.056595  0.205182  0.019977  0.076796    4.3811       0.000000
   12  0.149380  0.087507  0.162469 -0.056009  0.155925  0.015749  0.072056    5.2113       0.000001
   13  0.099475  0.074066  0.113226 -0.052826  0.106350  0.010620  0.063817    6.1852       0.000000
   14  0.074441  0.064946  0.087995 -0.049687  0.081218  0.007630  0.057716    6.7437       0.000000
   15  0.049621  0.053476  0.062270 -0.044813  0.055945  0.004332  0.049550    7.3332       0.000000
   16  0.024632  0.037641  0.034906 -0.036385  0.029769  0.000628  0.037368    7.9021       0.000001
   17  0.012215  0.026270  0.020136 -0.029045  0.016175 -0.001388  0.027940    8.1491       0.000004
   18  0.000000 -0.000079  0.001090 -0.007456  0.000545 -0.003768  0.003729    8.4037       0.000014
   19  0.000273 -0.003810  0.000273 -0.003810  0.000273 -0.003810  0.000000    8.7836       0.000000
  
1     TITLE--  * Twin Otter Airfoil  (Sam Lee 991028)        *                                 

                          --UPPER SURFACE INTERPOLATED COORDINATES--

         I          XU             YU           DY/DX      D(DY/DX)/DX      CURVATURE
         1       0.000000      -0.000079   0.100000E+99   0.100000E+99   0.384565E+02
         2       0.000980       0.007177   0.375717E+01  -0.186629E+04   0.317549E+02
         3       0.005480       0.017383   0.163396E+01  -0.143877E+03   0.204656E+02
         4       0.013380       0.027532   0.105877E+01  -0.390027E+02   0.126265E+02
         5       0.024330       0.037406   0.783259E+00  -0.167147E+02   0.815546E+01
         6       0.038110       0.046924   0.615376E+00  -0.904867E+01   0.558967E+01
         7       0.054680       0.056070   0.497735E+00  -0.563653E+01   0.404413E+01
         8       0.073950       0.064746   0.408447E+00  -0.385069E+01   0.305511E+01
         9       0.095760       0.072833   0.336850E+00  -0.282359E+01   0.240317E+01
        10       0.119990       0.080238   0.276900E+00  -0.218212E+01   0.195323E+01
        11       0.146480       0.086862   0.225007E+00  -0.177097E+01   0.164452E+01
        12       0.175040       0.092612   0.179141E+00  -0.146063E+01   0.139303E+01
        13       0.205490       0.097426   0.138179E+00  -0.123758E+01   0.120297E+01
        14       0.237600       0.101261   0.101667E+00  -0.104939E+01   0.103333E+01
        15       0.271200       0.104113   0.688981E-01  -0.905962E+00   0.899549E+00
        16       0.306090       0.105989   0.392795E-01  -0.797156E+00   0.795315E+00
        17       0.342040       0.106905   0.122170E-01  -0.713614E+00   0.713454E+00
        18       0.378870       0.106886  -0.129259E-01  -0.655722E+00   0.655557E+00
        19       0.416380       0.105950  -0.367053E-01  -0.611783E+00   0.610549E+00
        20       0.454350       0.104124  -0.592337E-01  -0.577706E+00   0.574678E+00
        21       0.492650       0.101437  -0.809617E-01  -0.559451E+00   0.553995E+00
        22       0.530990       0.097927  -0.102024E+00  -0.538475E+00   0.530175E+00
        23       0.569370       0.093618  -0.122412E+00  -0.525762E+00   0.514162E+00
        24       0.607780       0.088530  -0.142512E+00  -0.519602E+00   0.504166E+00
        25       0.645940       0.082717  -0.162096E+00  -0.507556E+00   0.488190E+00
        26       0.683590       0.076256  -0.181028E+00  -0.498222E+00   0.474697E+00
        27       0.720430       0.069251  -0.199221E+00  -0.489911E+00   0.462128E+00
        28       0.756160       0.061822  -0.216528E+00  -0.477154E+00   0.445462E+00
        29       0.790480       0.054114  -0.232504E+00  -0.450586E+00   0.416371E+00
        30       0.823090       0.046299  -0.246663E+00  -0.417962E+00   0.382525E+00
        31       0.853700       0.038560  -0.258704E+00  -0.362192E+00   0.328652E+00
        32       0.882020       0.031099  -0.267699E+00  -0.263047E+00   0.237108E+00
        33       0.907750       0.024140  -0.272643E+00  -0.113717E+00   0.102121E+00
        34       0.930640       0.017884  -0.273172E+00   0.833345E-01   0.748068E-01
        35       0.950440       0.012507  -0.269061E+00   0.349970E+00   0.315137E+00
        36       0.966980       0.008117  -0.260942E+00   0.649646E+00   0.588524E+00
        37       0.980370       0.004691  -0.250100E+00   0.986616E+00   0.900791E+00
        38       0.990700       0.002166  -0.238223E+00   0.132650E+01   0.122109E+01
        39       0.997540       0.000569  -0.228235E+00   0.160111E+01   0.148368E+01
        40       1.000000       0.000013  -0.224162E+00   0.171132E+01   0.158999E+01

          CHORD =  1.000000
1     TITLE--  * Twin Otter Airfoil  (Sam Lee 991028)        *                                 

                          --LOWER SURFACE INTERPOLATED COORDINATES--

         I          XL             YL           DY/DX      D(DY/DX)/DX      CURVATURE
         1       0.000000      -0.000079   0.100000E+99   0.100000E+99   0.384565E+02
         2       0.000980      -0.007083  -0.349970E+01   0.186471E+04   0.386714E+02
         3       0.005480      -0.016139  -0.138038E+01   0.143312E+03   0.289375E+02
         4       0.013380      -0.024300  -0.808412E+00   0.386517E+02   0.181782E+02
         5       0.024330      -0.031457  -0.537583E+00   0.162624E+02   0.111124E+02
         6       0.038110      -0.037637  -0.376865E+00   0.848525E+01   0.695264E+01
         7       0.054680      -0.042909  -0.268735E+00   0.504233E+01   0.454158E+01
         8       0.073950      -0.047287  -0.191461E+00   0.320952E+01   0.304080E+01
         9       0.095760      -0.050794  -0.133852E+00   0.218454E+01   0.212712E+01
        10       0.119990      -0.053465  -0.889536E-01   0.158190E+01   0.156330E+01
        11       0.146480      -0.055316  -0.525002E-01   0.120287E+01   0.119791E+01
        12       0.175040      -0.056364  -0.220888E-01   0.945642E+00   0.944950E+00
        13       0.205490      -0.056628   0.382489E-02   0.764889E+00   0.764872E+00
        14       0.237600      -0.056139   0.258508E-01   0.616594E+00   0.615976E+00
        15       0.271200      -0.054946   0.444819E-01   0.492400E+00   0.490942E+00
        16       0.306090      -0.053116   0.597683E-01   0.386797E+00   0.384734E+00
        17       0.342040      -0.050740   0.718923E-01   0.291568E+00   0.289322E+00
        18       0.378870      -0.047913   0.811437E-01   0.213385E+00   0.211295E+00
        19       0.416380      -0.044735   0.878688E-01   0.147482E+00   0.145790E+00
        20       0.454350      -0.041307   0.923549E-01   0.896421E-01   0.885073E-01
        21       0.492650      -0.037717   0.947247E-01   0.342595E-01   0.338035E-01
        22       0.530990      -0.034071   0.952473E-01  -0.373788E-02   0.368758E-02
        23       0.569370      -0.030427   0.944059E-01  -0.410157E-01   0.404734E-01
        24       0.607780      -0.026842   0.920262E-01  -0.792468E-01   0.782507E-01
        25       0.645940      -0.023392   0.886457E-01  -0.992468E-01   0.980884E-01
        26       0.683590      -0.020131   0.843954E-01  -0.128404E+00   0.127044E+00
        27       0.720430      -0.017116   0.791414E-01  -0.150170E+00   0.148770E+00
        28       0.756160      -0.014387   0.735408E-01  -0.164715E+00   0.163388E+00
        29       0.790480      -0.011964   0.675195E-01  -0.187965E+00   0.186687E+00
        30       0.823090      -0.009865   0.612548E-01  -0.187189E+00   0.186140E+00
        31       0.853700      -0.008075   0.557771E-01  -0.169357E+00   0.168569E+00
        32       0.882020      -0.006560   0.513290E-01  -0.142525E+00   0.141963E+00
        33       0.907750      -0.005283   0.482166E-01  -0.812448E-01   0.809623E-01
        34       0.930640      -0.004189   0.478534E-01   0.599569E-01   0.597516E-01
        35       0.950440      -0.003219   0.507633E-01   0.247940E+00   0.246985E+00
        36       0.966980      -0.002333   0.571809E-01   0.545900E+00   0.543234E+00
        37       0.980370      -0.001509   0.666232E-01   0.881330E+00   0.875495E+00
        38       0.990700      -0.000768   0.774092E-01   0.122060E+01   0.120972E+01
        39       0.997540      -0.000208   0.866726E-01   0.149550E+01   0.147881E+01
        40       1.000000       0.000010   0.904861E-01   0.160602E+01   0.158650E+01
  




                                                -- THE LAST CASE HAS BEEN PROCESSED --
