 
      EXAMPLE 3  -  MODEL-FOLLOWING, RUN WITH AMD64/ORACLS AT PDAS               

        A  MATRIX       4 ROWS       4 COLUMNS
  -0.2600000D+01   0.2500000D+00  -0.3800000D+02   0.0000000D+00
  -0.7500000D-01  -0.2700000D+00   0.4400000D+01   0.0000000D+00
   0.7800000D-01  -0.9900000D+00  -0.2300000D+00   0.5200000D-01
   0.1000000D+01   0.7800000D-01   0.0000000D+00   0.0000000D+00

        B  MATRIX       4 ROWS       2 COLUMNS
   0.1700000D+02   0.7000000D+01
   0.8200000D+00  -0.3200000D+01
   0.0000000D+00   0.4600000D-01
   0.0000000D+00   0.0000000D+00

       AM  MATRIX       6 ROWS       6 COLUMNS
  -0.9810000D+00   0.1770000D+00  -0.1000000D+02   0.0000000D+00   0.6340000D+01   0.4580000D+01
   0.3000000D-01  -0.9200000D-01   0.5230000D+01   0.0000000D+00  -0.6900000D+00  -0.2650000D+01
   0.0000000D+00  -0.1000000D+01  -0.7320000D+00   0.5200000D-01   0.0000000D+00   0.0000000D+00
   0.1000000D+01   0.0000000D+00   0.0000000D+00   0.0000000D+00   0.0000000D+00   0.0000000D+00
   0.0000000D+00   0.0000000D+00   0.0000000D+00   0.0000000D+00   0.0000000D+00   0.0000000D+00
   0.0000000D+00   0.0000000D+00   0.0000000D+00   0.0000000D+00   0.0000000D+00   0.0000000D+00

       HM  MATRIX       4 ROWS       6 COLUMNS
   0.1000000D+01   0.0000000D+00   0.0000000D+00   0.0000000D+00   0.0000000D+00   0.0000000D+00
   0.0000000D+00   0.1000000D+01   0.0000000D+00   0.0000000D+00   0.0000000D+00   0.0000000D+00
   0.0000000D+00   0.0000000D+00   0.1000000D+01   0.0000000D+00   0.0000000D+00   0.0000000D+00
   0.0000000D+00   0.0000000D+00   0.0000000D+00   0.1000000D+01   0.0000000D+00   0.0000000D+00

        X  MATRIX      10 ROWS       1 COLUMNS
   0.0000000D+00
   0.0000000D+00
   0.0000000D+00
   0.0000000D+00
   0.0000000D+00
   0.0000000D+00
   0.0000000D+00
   0.0000000D+00
   0.2000000D+01
   0.0000000D+00

 PROGRAM TO SOLVE ASYMPTOTIC CONTINUOUS EXPLICIT MODEL-FOLLOWING PROBLEM

 PLANT DYNAMICS


      A    MATRIX       4 ROWS       4 COLUMNS
  -0.2600000D+01   0.2500000D+00  -0.3800000D+02   0.0000000D+00
  -0.7500000D-01  -0.2700000D+00   0.4400000D+01   0.0000000D+00
   0.7800000D-01  -0.9900000D+00  -0.2300000D+00   0.5200000D-01
   0.1000000D+01   0.7800000D-01   0.0000000D+00   0.0000000D+00

      B    MATRIX       4 ROWS       2 COLUMNS
   0.1700000D+02   0.7000000D+01
   0.8200000D+00  -0.3200000D+01
   0.0000000D+00   0.4600000D-01
   0.0000000D+00   0.0000000D+00
 
      EXAMPLE 3  -  MODEL-FOLLOWING, RUN WITH AMD64/ORACLS AT PDAS               

 H IS AN IDENTITY MATRIX



 MODEL DYNAMICS


      AM   MATRIX       6 ROWS       6 COLUMNS
  -0.9810000D+00   0.1770000D+00  -0.1000000D+02   0.0000000D+00   0.6340000D+01   0.4580000D+01
   0.3000000D-01  -0.9200000D-01   0.5230000D+01   0.0000000D+00  -0.6900000D+00  -0.2650000D+01
   0.0000000D+00  -0.1000000D+01  -0.7320000D+00   0.5200000D-01   0.0000000D+00   0.0000000D+00
   0.1000000D+01   0.0000000D+00   0.0000000D+00   0.0000000D+00   0.0000000D+00   0.0000000D+00
   0.0000000D+00   0.0000000D+00   0.0000000D+00   0.0000000D+00   0.0000000D+00   0.0000000D+00
   0.0000000D+00   0.0000000D+00   0.0000000D+00   0.0000000D+00   0.0000000D+00   0.0000000D+00

      HM   MATRIX       4 ROWS       6 COLUMNS
   0.1000000D+01   0.0000000D+00   0.0000000D+00   0.0000000D+00   0.0000000D+00   0.0000000D+00
   0.0000000D+00   0.1000000D+01   0.0000000D+00   0.0000000D+00   0.0000000D+00   0.0000000D+00
   0.0000000D+00   0.0000000D+00   0.1000000D+01   0.0000000D+00   0.0000000D+00   0.0000000D+00
   0.0000000D+00   0.0000000D+00   0.0000000D+00   0.1000000D+01   0.0000000D+00   0.0000000D+00


 WEIGHTING MATRICES 


      Q    MATRIX       4 ROWS       4 COLUMNS
   0.1000000D+02   0.0000000D+00   0.0000000D+00   0.0000000D+00
   0.0000000D+00   0.1000000D+02   0.0000000D+00   0.0000000D+00
   0.0000000D+00   0.0000000D+00   0.1000000D+02   0.0000000D+00
   0.0000000D+00   0.0000000D+00   0.0000000D+00   0.1000000D+02

      R    MATRIX       2 ROWS       2 COLUMNS
   0.1000000D+01   0.0000000D+00
   0.0000000D+00   0.1000000D+01


 CONTROL LAW U = -F( COL.(X,XM) ),  F = (F11,F12)


 PART OF F MULTIPLYING  X 


      F11  MATRIX       2 ROWS       4 COLUMNS
   0.2871522D+01   0.1186779D+01  -0.2349399D+01   0.3021881D+01
   0.1099093D+01  -0.3036214D+01   0.1592190D+01   0.9335131D+00

      P11  MATRIX       4 ROWS       4 COLUMNS
   0.1678466D+00   0.2210912D-01  -0.1105197D+00   0.1735008D+00
   0.2210912D-01   0.9889314D+00  -0.5738591D+00   0.8825403D-01
  -0.1105197D+00  -0.5738591D+00   0.1151041D+02   0.3088470D-01
   0.1735008D+00   0.8825403D-01   0.3088470D-01   0.1016447D+02

 EIGENVALUES OF P11


   0.1634685D+00
   0.9571094D+00
 
      EXAMPLE 3  -  MODEL-FOLLOWING, RUN WITH AMD64/ORACLS AT PDAS               
   0.1016794D+02
   0.1154314D+02

 PLANT CLOSED-LOOP RESPONSE MATRIX A - BF11


  -0.5910952D+02   0.1328259D+01  -0.9205556D+01  -0.5790657D+02
   0.1087450D+01  -0.1095904D+02   0.1142152D+02   0.5092993D+00
   0.2744172D-01  -0.8503342D+00  -0.3032408D+00   0.9058400D-02
   0.1000000D+01   0.7800000D-01   0.0000000D+00   0.0000000D+00

 EIGENVALUES OF CLOSED-LOOP RESPONSE MATRIX


  -0.1007662D+01   0.0000000D+00
  -0.1294396D+01   0.0000000D+00
  -0.9931785D+01   0.0000000D+00
  -0.5813796D+02   0.0000000D+00

 PART OF F MULTIPLYING XM 


      F12  MATRIX       2 ROWS       6 COLUMNS
  -0.2999004D+01  -0.1053530D+01   0.9714290D+00  -0.3017867D+01  -0.5500493D+00  -0.4323622D+00
  -0.9506104D+00   0.2937788D+01  -0.1569517D+01  -0.9205691D+00   0.8155625D+00   0.4488792D+00

      P12  MATRIX       4 ROWS       6 COLUMNS
  -0.1729090D+00  -0.1605897D-01   0.3697167D-01  -0.1731294D+00  -0.2029702D-01  -0.1946047D-01
  -0.7262184D-01  -0.9518631D+00   0.4181836D+00  -0.9105859D-01  -0.2499999D+00  -0.1238221D+00
   0.5948471D+00   0.9216189D-01  -0.1065503D+02  -0.1110193D-02   0.3427000D+01   0.4105908D+01
  -0.1539336D+00   0.1494354D+00   0.4049775D+00  -0.1013646D+02   0.6323490D-01  -0.3789549D+00
 
      EXAMPLE 3  -  MODEL-FOLLOWING, RUN WITH AMD64/ORACLS AT PDAS               
        IN THE TRAJECTORY OUTPUT TO FOLLOW THE FIRST   4COLUMNS CORRESPOND TO X TRANSPOSE
   AND THE NEXT   6 COLUMNS TO XM TRANSPOSE


 COMPUTATION OF TRANSIENT RESPONSE FOR THE CONTINUOUS SYSTEM


      A    MATRIX      10 ROWS      10 COLUMNS

               COLS    1 TO    7
  -0.2600000D+01   0.2500000D+00  -0.3800000D+02   0.0000000D+00   0.0000000D+00   0.0000000D+00   0.0000000D+00
  -0.7500000D-01  -0.2700000D+00   0.4400000D+01   0.0000000D+00   0.0000000D+00   0.0000000D+00   0.0000000D+00
   0.7800000D-01  -0.9900000D+00  -0.2300000D+00   0.5200000D-01   0.0000000D+00   0.0000000D+00   0.0000000D+00
   0.1000000D+01   0.7800000D-01   0.0000000D+00   0.0000000D+00   0.0000000D+00   0.0000000D+00   0.0000000D+00
   0.0000000D+00   0.0000000D+00   0.0000000D+00   0.0000000D+00  -0.9810000D+00   0.1770000D+00  -0.1000000D+02
   0.0000000D+00   0.0000000D+00   0.0000000D+00   0.0000000D+00   0.3000000D-01  -0.9200000D-01   0.5230000D+01
   0.0000000D+00   0.0000000D+00   0.0000000D+00   0.0000000D+00   0.0000000D+00  -0.1000000D+01  -0.7320000D+00
   0.0000000D+00   0.0000000D+00   0.0000000D+00   0.0000000D+00   0.1000000D+01   0.0000000D+00   0.0000000D+00
   0.0000000D+00   0.0000000D+00   0.0000000D+00   0.0000000D+00   0.0000000D+00   0.0000000D+00   0.0000000D+00
   0.0000000D+00   0.0000000D+00   0.0000000D+00   0.0000000D+00   0.0000000D+00   0.0000000D+00   0.0000000D+00

               COLS    8 TO   10
   0.0000000D+00   0.0000000D+00   0.0000000D+00
   0.0000000D+00   0.0000000D+00   0.0000000D+00
   0.0000000D+00   0.0000000D+00   0.0000000D+00
   0.0000000D+00   0.0000000D+00   0.0000000D+00
   0.0000000D+00   0.6340000D+01   0.4580000D+01
   0.0000000D+00  -0.6900000D+00  -0.2650000D+01
   0.5200000D-01   0.0000000D+00   0.0000000D+00
   0.0000000D+00   0.0000000D+00   0.0000000D+00
   0.0000000D+00   0.0000000D+00   0.0000000D+00
   0.0000000D+00   0.0000000D+00   0.0000000D+00

      B    MATRIX      10 ROWS       2 COLUMNS
   0.1700000D+02   0.7000000D+01
   0.8200000D+00  -0.3200000D+01
   0.0000000D+00   0.4600000D-01
   0.0000000D+00   0.0000000D+00
   0.0000000D+00   0.0000000D+00
   0.0000000D+00   0.0000000D+00
   0.0000000D+00   0.0000000D+00
   0.0000000D+00   0.0000000D+00
   0.0000000D+00   0.0000000D+00
   0.0000000D+00   0.0000000D+00


 H IS A NULL MATRIX 


 G IS A NULL MATRIX

      F    MATRIX       2 ROWS      10 COLUMNS

               COLS    1 TO    7
   0.2871522D+01   0.1186779D+01  -0.2349399D+01   0.3021881D+01  -0.2999004D+01  -0.1053530D+01   0.9714290D+00
   0.1099093D+01  -0.3036214D+01   0.1592190D+01   0.9335131D+00  -0.9506104D+00   0.2937788D+01  -0.1569517D+01

               COLS    8 TO   10
  -0.3017867D+01  -0.5500493D+00  -0.4323622D+00
  -0.9205691D+00   0.8155625D+00   0.4488792D+00
 
      EXAMPLE 3  -  MODEL-FOLLOWING, RUN WITH AMD64/ORACLS AT PDAS               


 V IS A NULL MATRIX
