 
      EXAMPLE 4,  KALMAN-BUCY FILTER TEST, RUN WITH AMD64/ORACLS AT PDAS         

        A  MATRIX       4 ROWS       4 COLUMNS
  -0.2600000D+01   0.2500000D+00  -0.3800000D+02   0.0000000D+00
  -0.7500000D-01  -0.2700000D+00   0.4400000D+01   0.0000000D+00
   0.7800000D-01  -0.9900000D+00  -0.2300000D+00   0.5200000D-01
   0.1000000D+01   0.7800000D-01   0.0000000D+00   0.0000000D+00

        B  MATRIX       4 ROWS       2 COLUMNS
   0.1700000D+02   0.7000000D+01
   0.8200000D+00  -0.3200000D+01
   0.0000000D+00   0.4600000D-01
   0.0000000D+00   0.0000000D+00

        H  MATRIX       3 ROWS       4 COLUMNS
   0.1000000D+01   0.0000000D+00   0.0000000D+00   0.0000000D+00
   0.0000000D+00   0.1000000D+01   0.0000000D+00   0.0000000D+00
  -0.8520000D-01  -0.4210000D-01  -0.2240000D+01  -0.2100000D-02

        Q  MATRIX       4 ROWS       4 COLUMNS
   0.1000000D+01   0.0000000D+00   0.0000000D+00   0.0000000D+00
   0.0000000D+00   0.1000000D+01   0.0000000D+00   0.0000000D+00
   0.0000000D+00   0.0000000D+00   0.1000000D+01   0.0000000D+00
   0.0000000D+00   0.0000000D+00   0.0000000D+00   0.1000000D+01

        R  MATRIX       3 ROWS       3 COLUMNS
   0.1000000D+01   0.0000000D+00   0.0000000D+00
   0.0000000D+00   0.1000000D+01   0.0000000D+00
   0.0000000D+00   0.0000000D+00   0.1000000D+01

     ATIL  MATRIX       4 ROWS       4 COLUMNS
   0.8746022D+00   0.5620655D-01  -0.1764404D+01  -0.2352429D-02
  -0.3069887D-02   0.9811469D+00   0.2199851D+00   0.2861647D-03
   0.3774314D-02  -0.4870792D-01   0.9795844D+00   0.2577285D-02
   0.4682076D-01   0.4917711D-02  -0.4480977D-01   0.9999607D+00

     BTIL  MATRIX       4 ROWS       2 COLUMNS
   0.7969239D+00   0.3223461D+00
   0.3925022D-01  -0.1589573D+00
   0.6180066D-03   0.6867614D-02
   0.2043517D-01   0.7985285D-02

     QTIL  MATRIX       4 ROWS       4 COLUMNS
   0.9786454D-01  -0.5634990D-02  -0.4464377D-01   0.2073767D-02
  -0.5634990D-02   0.4995911D-01   0.4225550D-02  -0.1216959D-04
  -0.4464377D-01   0.4225550D-02   0.4917219D-01  -0.6817358D-03
   0.2073767D-02  -0.1216959D-04  -0.6817358D-03   0.5005755D-01


 PROGRAM TO SOLVE THE DISCRETE INFINITE-DURATION OPTIMAL FILTER PROBLEM


      A    MATRIX       4 ROWS       4 COLUMNS
   0.8746022D+00   0.5620655D-01  -0.1764404D+01  -0.2352429D-02
  -0.3069887D-02   0.9811469D+00   0.2199851D+00   0.2861647D-03
   0.3774314D-02  -0.4870792D-01   0.9795844D+00   0.2577285D-02
   0.4682076D-01   0.4917711D-02  -0.4480977D-01   0.9999607D+00
 
      EXAMPLE 4,  KALMAN-BUCY FILTER TEST, RUN WITH AMD64/ORACLS AT PDAS         

 G IS AN IDENTITY MATRIX


      H    MATRIX       3 ROWS       4 COLUMNS
   0.1000000D+01   0.0000000D+00   0.0000000D+00   0.0000000D+00
   0.0000000D+00   0.1000000D+01   0.0000000D+00   0.0000000D+00
  -0.8520000D-01  -0.4210000D-01  -0.2240000D+01  -0.2100000D-02

 INTENSITY MATRIX FOR COVARIANCE OF MEASUREMENT NOISE


      R    MATRIX       3 ROWS       3 COLUMNS
   0.1000000D+01   0.0000000D+00   0.0000000D+00
   0.0000000D+00   0.1000000D+01   0.0000000D+00
   0.0000000D+00   0.0000000D+00   0.1000000D+01

 INTENSITY MATRIX FOR COVARIANCE OF PROCESS NOISE


      Q    MATRIX       4 ROWS       4 COLUMNS
   0.9786454D-01  -0.5634990D-02  -0.4464377D-01   0.2073767D-02
  -0.5634990D-02   0.4995911D-01   0.4225550D-02  -0.1216959D-04
  -0.4464377D-01   0.4225550D-02   0.4917219D-01  -0.6817358D-03
   0.2073767D-02  -0.1216959D-04  -0.6817358D-03   0.5005755D-01

 FILTER GAIN


      F    MATRIX       4 ROWS       3 COLUMNS
   0.5345423D+00  -0.1000088D-01   0.3631272D+00
  -0.4365308D-01   0.1860182D+00  -0.3432447D-01
  -0.8477131D-01  -0.9025647D-02  -0.1213571D+00
  -0.7092784D-02   0.3816599D-01  -0.1411376D+00

 STEADY-STATE VARIANCE MATRIX OF RECONSTRUCTION ERROR


      P    MATRIX       4 ROWS       4 COLUMNS
   0.8864968D+00  -0.5719439D-01  -0.2209403D+00  -0.1262609D+00
  -0.5719439D-01   0.2355757D+00   0.8303026D-02   0.5280881D-01
  -0.2209403D+00   0.8303026D-02   0.1058520D+00   0.9172504D-01
  -0.1262609D+00   0.5280881D-01   0.9172504D-01   0.1994525D+02

 EIGENVALUES OF P 


     EVLP  MATRIX       4 ROWS       1 COLUMNS
   0.4725749D-01
   0.2311103D+00
   0.9481388D+00
   0.1994667D+02

     A-FH  MATRIX       4 ROWS       4 COLUMNS
   0.3709983D+00   0.8149509D-01  -0.9509987D+00  -0.1589862D-02
   0.3765875D-01   0.7936836D+00   0.1430982D+00   0.2140833D-03
   0.7820600D-01  -0.4479141D-01   0.7077446D+00   0.2322435D-02
   0.4188862D-01  -0.3919017D-01  -0.3609580D+00   0.9996643D+00
 
      EXAMPLE 4,  KALMAN-BUCY FILTER TEST, RUN WITH AMD64/ORACLS AT PDAS         

 EIGENVALUES OF A-FH MATRIX



   0.5402424D+00   0.2221784D+00
   0.5402424D+00  -0.2221784D+00
   0.7942501D+00   0.0000000D+00
   0.9973559D+00   0.0000000D+00
