 EPPLER/SOMERS PROFILE PROGRAM                  13:46  1Jan2004
 INPUT FILE: e1098.dat
TRANSCENDENTAL EQUATION RESULTS FOR AIRFOIL 1098            ITERATION 0   MODE 6
    NU   ALPHA*  OMEGA'  OMEGA     K       MU     K H   LAMBDA LAMBDA*
  23.500   8.00   1.137  0.650   0.598   1.000 0.608043  14.50   4.00
  27.500  10.00
  32.011  12.00
  60.000   2.00   1.137  0.650   0.598   1.000 0.091049  14.50   4.00
 ITERATION 1   K S =-0.311031   DELTA = -0.07039056    ROUNDED = -0.070
 ITERATION 2   K S = 0.390737   DELTA = -0.00092399    ROUNDED = -0.001
 ITERATION 3   K S = 0.400939   DELTA =  0.00009201    ROUNDED =  0.000
TRANSCENDENTAL EQUATION RESULTS FOR AIRFOIL 1098            ITERATION 3   MODE 6
    NU   ALPHA*  OMEGA'  OMEGA     K       MU     K H   LAMBDA LAMBDA*
  23.500   8.00   1.192  0.639   0.627   1.000 0.458967  14.50   4.00
  27.500  10.00
  32.011  12.00
  60.000   2.00   1.192  0.639   0.627   1.000-0.058028  14.50   4.00
 AIRFOIL 1098           18.97% THICKNESS
 VELOCITY -DISTRIBUTION
 ANGLES OF ATTACK RELATIVE TO THE ZERO-LIFT LINE
  N     X        Y      2.00   8.00  10.00  12.00
  0  1.00000  0.00000  0.788  0.780  0.776  0.771
  1  0.99628  0.00097  0.809  0.806  0.803  0.799
  2  0.98574  0.00407  0.870  0.871  0.870  0.867
  3  0.96952  0.00915  0.938  0.945  0.945  0.944
  4  0.94811  0.01546  0.978  0.990  0.992  0.993
  5  0.92147  0.02275  0.991  1.009  1.013  1.015
  6  0.88988  0.03121  1.008  1.033  1.039  1.043
  7  0.85403  0.04088  1.030  1.062  1.069  1.076
  8  0.81463  0.05162  1.057  1.096  1.106  1.115
  9  0.77245  0.06320  1.089  1.136  1.149  1.161
 10  0.72823  0.07529  1.127  1.183  1.199  1.213
 11  0.68274  0.08746  1.170  1.237  1.257  1.274
 12  0.63668  0.09920  1.220  1.300  1.323  1.345
 13  0.59071  0.10993  1.278  1.371  1.399  1.426
 14  0.54543  0.11878  1.343  1.453  1.487  1.518
 15  0.50068  0.12472  1.372  1.499  1.537  1.574
 16  0.45573  0.12763  1.359  1.499  1.541  1.583
 17  0.41054  0.12819  1.344  1.499  1.546  1.592
 18  0.36565  0.12682  1.328  1.499  1.552  1.603
 19  0.32157  0.12367  1.310  1.499  1.558  1.615
 20  0.27878  0.11891  1.290  1.499  1.565  1.629
 21  0.23777  0.11267  1.267  1.499  1.572  1.644
 22  0.19896  0.10510  1.240  1.499  1.581  1.662
 23  0.16280  0.09631  1.208  1.499  1.592  1.683
 24  0.12963  0.08640  1.164  1.492  1.598  1.702
 25  0.09971  0.07553  1.106  1.477  1.598  1.717
 26  0.07328  0.06397  1.032  1.459  1.598  1.735
 27  0.05064  0.05198  0.937  1.435  1.598  1.759
 28  0.03203  0.03975  0.799  1.389  1.582  1.774
 29  0.01753  0.02755  0.597  1.308  1.542  1.774
 30  0.00720  0.01585  0.298  1.187  1.482  1.774
 31  0.00127  0.00529  0.198  0.988  1.382  1.774
 32  0.00047 -0.00298  1.184  0.592  1.184  1.774
 33  0.00628 -0.00989  1.201  0.172  0.172  0.516
 34  0.01868 -0.01708  1.201  0.482  0.241  0.000
 35  0.03645 -0.02431  1.201  0.650  0.465  0.279
 36  0.05916 -0.03135  1.201  0.756  0.606  0.455
 37  0.08643 -0.03802  1.201  0.830  0.704  0.577
 38  0.11788 -0.04419  1.201  0.883  0.775  0.666
 39  0.15310 -0.04971  1.201  0.925  0.831  0.735
 40  0.19166 -0.05445  1.201  0.958  0.875  0.790
 41  0.23307 -0.05827  1.201  0.985  0.911  0.835
 42  0.27685 -0.06102  1.201  1.008  0.941  0.873
 43  0.32247 -0.06254  1.201  1.028  0.967  0.906
 44  0.36936 -0.06262  1.201  1.045  0.990  0.934
 45  0.41693 -0.06079  1.201  1.060  1.010  0.959
 46  0.46524 -0.05628  1.164  1.041  0.997  0.952
 47  0.51509 -0.04922  1.099  0.993  0.955  0.916
 48  0.56663 -0.04074  1.041  0.951  0.918  0.884
 49  0.61917 -0.03179  0.991  0.913  0.885  0.856
 50  0.67190 -0.02303  0.948  0.881  0.856  0.831
 51  0.72391 -0.01501  0.910  0.853  0.831  0.809
 52  0.77422 -0.00817  0.878  0.828  0.810  0.790
 53  0.82181 -0.00280  0.851  0.808  0.792  0.775
 54  0.86565  0.00093  0.828  0.792  0.778  0.763
 55  0.90472  0.00303  0.809  0.778  0.766  0.753
 56  0.93808  0.00364  0.794  0.768  0.758  0.747
 57  0.96486  0.00304  0.785  0.765  0.756  0.747
 58  0.98433  0.00177  0.784  0.768  0.761  0.753
 59  0.99608  0.00053  0.786  0.775  0.769  0.762
 60  1.00000  0.00000  0.788  0.780  0.776  0.771
  ALPHA0 = 4.90 DEG.   CM0 =-0.1237    ETA = 1.137
  BOUNDARY LAYER    AIRFOIL 1098        
   ALPHA=  2.00 deg. relative to the ZERO-LIFT LINE
 UPPER SURFACE       R=  1000000 MU = 0    R=  3000000 MU = 0    R=
       S        U     1    H32     DELTA2    2    H32     DELTA2
  0.00730   0.298       1.6200  0.000045       1.6200  0.000026
  0.02292   0.597       1.6200  0.000066       1.6200  0.000038
  0.04189   0.799       1.6156  0.000084       1.6156  0.000049
  0.06417   0.937       1.6110  0.000104       1.6110  0.000060
  0.08979   1.032       1.6061  0.000124       1.6061  0.000072
  0.11864   1.106       1.6035  0.000144       1.6035  0.000083
  0.15048   1.164       1.6015  0.000163       1.6015  0.000094
  0.18510   1.208       1.5979  0.000184       1.5979  0.000106
  0.22231   1.240       1.5945  0.000205       1.5945  0.000119
  0.26185   1.267       1.5937  0.000225       1.5937  0.000130
  0.30334   1.290       1.5930  0.000245       1.5930  0.000141
  0.34638   1.310       1.5926  0.000263       1.5926  0.000152
  0.39057   1.328       1.5925  0.000280       1.5925  0.000162
  0.43548   1.344       1.5923  0.000297       1.5923  0.000171
  0.48068   1.359       1.5922  0.000312       1.5922  0.000180
  0.52572   1.372       1.5928  0.000327       1.5928  0.000189
  0.57087   1.343       1.5428  0.000381       1.5428  0.000220
  0.61701   1.278      -1.6204  0.000508      -1.6802  0.000312
  0.66420   1.220      -1.6755  0.000672      -1.7271  0.000447
  0.71173   1.170      -1.6938  0.000861      -1.7364  0.000601
  0.75882   1.127      -1.6997  0.001065      -1.7381  0.000765
  0.80465   1.089      -1.7008  0.001275      -1.7374  0.000934
  0.84839   1.057      -1.7000  0.001484      -1.7360  0.001101
  0.88922   1.030      -1.6984  0.001687      -1.7344  0.001263
  0.92634   1.008      -1.6967  0.001874      -1.7329  0.001413
  0.95904   0.991      -1.6954  0.002039      -1.7319  0.001545
  0.98666   0.978      -1.6948  0.002174      -1.7314  0.001654
  1.00898   0.938      -1.6659  0.002547      -1.7079  0.001937
  1.02596   0.870      -1.5846  0.003396      -1.6446  0.002555
  1.03694   0.809      -1.4600  0.004608      -1.5545  0.003372
  1.04078   0.788      -1.4600  0.005124      -1.5063  0.003782
  BOUNDARY LAYER    AIRFOIL 1098        
   ALPHA=  2.00 deg. relative to the ZERO-LIFT LINE
 LOWER SURFACE       R=  1000000 MU = 0    R=  3000000 MU = 0    R=
       S        U     1    H32     DELTA2    2    H32     DELTA2
  0.00485   0.198       1.6200  0.000045       1.6200  0.000026
  0.01330   1.184       1.6200  0.000027       1.6200  0.000016
  0.02248   1.201       1.5771  0.000063       1.5771  0.000036
  0.03684   1.201       1.5726  0.000096       1.5726  0.000056
  0.05604   1.201       1.5729  0.000127       1.5729  0.000073
  0.07982   1.201       1.5728  0.000158       1.5728  0.000091
  0.10791   1.201       1.5730  0.000187       1.5730  0.000108
  0.13997   1.201       1.5732  0.000216       1.5732  0.000125
  0.17563   1.201       1.5732  0.000244       1.5732  0.000141
  0.21448   1.201       1.5730  0.000272       1.5730  0.000157
  0.25608   1.201       1.5729  0.000299       1.5729  0.000172
  0.29995   1.201       1.5727  0.000325       1.5727  0.000187
  0.34560   1.201       1.5727  0.000349       1.5727  0.000202
  0.39249   1.201       1.5726  0.000373       1.5726  0.000216
  0.44011   1.201       1.5726  0.000396       1.5726  0.000229
  0.48864   1.164      -1.5447  0.000476      -1.5661  0.000277
  0.53900   1.099      -1.6342  0.000654      -1.6976  0.000412
  0.59124   1.041      -1.6656  0.000875      -1.7223  0.000587
  0.64454   0.991      -1.6752  0.001127      -1.7266  0.000786
  0.69799   0.948      -1.6759  0.001404      -1.7254  0.001003
  0.75062   0.910      -1.6724  0.001698      -1.7221  0.001233
  0.80140   0.878      -1.6668  0.002001      -1.7177  0.001469
  0.84930   0.851      -1.6600  0.002304      -1.7130  0.001703
  0.89330   0.828      -1.6530  0.002596      -1.7083  0.001929
  0.93243   0.809      -1.6460  0.002867      -1.7037  0.002138
  0.96581   0.794      -1.6395  0.003108      -1.6996  0.002323
  0.99260   0.785      -1.6385  0.003258      -1.6995  0.002440
  1.01212   0.784      -1.6444  0.003295      -1.7044  0.002475
  1.02394   0.786      -1.6517  0.003275      -1.7100  0.002465
  1.02790   0.788      -1.6550  0.003258      -1.7126  0.002455
  BOUNDARY LAYER    AIRFOIL 1098        
   ALPHA=  8.00 deg. relative to the ZERO-LIFT LINE
 UPPER SURFACE       R=  1000000 MU = 0    R=  3000000 MU = 0    R=
       S        U     1    H32     DELTA2    2    H32     DELTA2
  0.00711   0.592       1.6200  0.000032       1.6200  0.000018
  0.01556   0.988       1.6186  0.000042       1.6186  0.000024
  0.02771   1.187       1.6086  0.000062       1.6086  0.000036
  0.04334   1.308       1.6025  0.000081       1.6025  0.000047
  0.06230   1.389       1.5982  0.000101       1.5982  0.000058
  0.08458   1.435       1.5914  0.000122       1.5914  0.000071
  0.11020   1.459       1.5850  0.000146       1.5850  0.000084
  0.13906   1.477       1.5840  0.000169       1.5840  0.000097
  0.17089   1.492       1.5831  0.000190       1.5831  0.000110
  0.20551   1.499       1.5786  0.000214       1.5786  0.000123
  0.24272   1.499       1.5737  0.000239       1.5737  0.000138
  0.28226   1.499       1.5733  0.000262       1.5733  0.000151
  0.32375   1.499       1.5730  0.000284       1.5730  0.000164
  0.36679   1.499       1.5728  0.000306       1.5728  0.000177
  0.41098   1.499       1.5727  0.000327       1.5727  0.000189
  0.45589   1.499       1.5726  0.000346       1.5726  0.000200
  0.50109   1.499       1.5726  0.000365       1.5726  0.000211
  0.54614   1.499       1.5726  0.000383       1.5726  0.000221
  0.59128   1.453      -1.5526  0.000458      -1.5794  0.000267
  0.63742   1.371      -1.6311  0.000625      -1.6967  0.000392
  0.68461   1.300      -1.6595  0.000827      -1.7208  0.000551
  0.73214   1.237      -1.6678  0.001057      -1.7252  0.000730
  0.77923   1.183      -1.6675  0.001308      -1.7237  0.000925
  0.82506   1.136      -1.6628  0.001574      -1.7198  0.001130
  0.86880   1.096      -1.6557  0.001847      -1.7148  0.001340
  0.90963   1.062      -1.6472  0.002120      -1.7094  0.001548
  0.94676   1.033      -1.6382  0.002384      -1.7037  0.001747
  0.97945   1.009      -1.6293  0.002628      -1.6983  0.001932
  1.00707   0.990      -1.6209  0.002845      -1.6934  0.002095
  1.02939   0.945      -1.5683  0.003426      -1.6588  0.002498
  1.04637   0.871      -1.4600  0.004820      -1.5648  0.003408
  1.05735   0.806      -1.4600  0.006521      -1.4600  0.004718
  1.06119   0.780      -1.4600  0.007409      -1.4600  0.005361
  BOUNDARY LAYER    AIRFOIL 1098        
   ALPHA=  8.00 deg. relative to the ZERO-LIFT LINE
 LOWER SURFACE       R=  1000000 MU = 0    R=  3000000 MU = 0    R=
       S        U     1    H32     DELTA2    2    H32     DELTA2
  0.00206   0.172       1.6200  0.000032       1.6200  0.000018
  0.01643   0.482       1.6200  0.000062       1.6200  0.000036
  0.03563   0.650       1.6146  0.000091       1.6146  0.000053
  0.05941   0.756       1.6089  0.000118       1.6089  0.000068
  0.08750   0.830       1.6045  0.000145       1.6045  0.000084
  0.11955   0.883       1.6014  0.000171       1.6014  0.000099
  0.15521   0.925       1.5990  0.000196       1.5990  0.000113
  0.19407   0.958       1.5973  0.000220       1.5973  0.000127
  0.23567   0.985       1.5959  0.000244       1.5959  0.000141
  0.27954   1.008       1.5950  0.000267       1.5950  0.000154
  0.32518   1.028       1.5942  0.000288       1.5942  0.000166
  0.37208   1.045       1.5937  0.000309       1.5937  0.000178
  0.41970   1.060       1.5936  0.000328       1.5936  0.000189
  0.46823   1.041       1.5515  0.000385       1.5515  0.000223
  0.51859   0.993      -1.6186  0.000511      -1.6744  0.000312
  0.57083   0.951      -1.6834  0.000684      -1.7290  0.000458
  0.62413   0.913      -1.7026  0.000887      -1.7384  0.000626
  0.67758   0.881      -1.7085  0.001107      -1.7403  0.000805
  0.73021   0.853      -1.7099  0.001335      -1.7401  0.000990
  0.78099   0.828      -1.7096  0.001562      -1.7392  0.001174
  0.82889   0.808      -1.7087  0.001783      -1.7383  0.001353
  0.87289   0.792      -1.7077  0.001988      -1.7375  0.001519
  0.91202   0.778      -1.7072  0.002169      -1.7370  0.001666
  0.94539   0.768      -1.7072  0.002318      -1.7371  0.001788
  0.97219   0.765      -1.7111  0.002397      -1.7405  0.001855
  0.99171   0.768      -1.7194  0.002392      -1.7476  0.001856
  1.00353   0.775      -1.7282  0.002343      -1.7551  0.001822
  1.00749   0.780      -1.7342  0.002292      -1.7603  0.001784
  BOUNDARY LAYER    AIRFOIL 1098        
   ALPHA= 10.00 deg. relative to the ZERO-LIFT LINE
 UPPER SURFACE       R=  1000000 MU = 0    R=  3000000 MU = 0    R=
       S        U     1    H32     DELTA2    2    H32     DELTA2
  0.00598   0.172       1.6200  0.000054       1.6200  0.000031
  0.01515   1.184       1.6200  0.000028       1.6200  0.000016
  0.02360   1.382       1.6042  0.000048       1.6042  0.000028
  0.03575   1.482       1.5958  0.000069       1.5958  0.000040
  0.05138   1.542       1.5911  0.000089       1.5911  0.000052
  0.07034   1.582       1.5881  0.000109       1.5881  0.000063
  0.09262   1.598       1.5806  0.000132       1.5806  0.000076
  0.11824   1.598       1.5732  0.000158       1.5732  0.000091
  0.14710   1.598       1.5734  0.000181       1.5734  0.000104
  0.17893   1.598       1.5733  0.000204       1.5733  0.000118
  0.21355   1.592       1.5681  0.000229       1.5681  0.000132
  0.25076   1.581       1.5627  0.000256       1.5627  0.000148
  0.29030   1.572       1.5612  0.000281       1.5612  0.000162
  0.33179   1.565       1.5609  0.000305       1.5609  0.000176
  0.37483   1.558       1.5610  0.000327       1.5610  0.000189
  0.41902   1.552       1.5612  0.000349       1.5612  0.000202
  0.46393   1.546       1.5613  0.000371       1.5613  0.000214
  0.50913   1.541       1.5614  0.000391       1.5614  0.000226
  0.55418   1.537       1.5614  0.000410       1.5614  0.000237
  0.59932   1.487      -1.5821  0.000498      -1.6265  0.000294
  0.64546   1.399      -1.6371  0.000682      -1.7029  0.000433
  0.69266   1.323      -1.6551  0.000903      -1.7187  0.000603
  0.74018   1.257      -1.6577  0.001154      -1.7201  0.000795
  0.78727   1.199      -1.6530  0.001429      -1.7167  0.001005
  0.83310   1.149      -1.6441  0.001724      -1.7110  0.001228
  0.87684   1.106      -1.6323  0.002031      -1.7039  0.001458
  0.91767   1.069      -1.6186  0.002342      -1.6963  0.001688
  0.95480   1.039      -1.6037  0.002649      -1.6883  0.001913
  0.98749   1.013      -1.5883  0.002941      -1.6804  0.002123
  1.01511   0.992      -1.5729  0.003209      -1.6728  0.002313
  1.03743   0.945      -1.4975  0.003941      -1.6315  0.002781
  1.05441   0.870      -1.4600  0.005514      -1.5157  0.003869
  1.06539   0.803      -1.4600  0.007514      -1.4600  0.005356
  1.06923   0.776      -1.4600  0.008600      -1.4600  0.006129
  BOUNDARY LAYER    AIRFOIL 1098        
   ALPHA= 10.00 deg. relative to the ZERO-LIFT LINE
 LOWER SURFACE       R=  1000000 MU = 0    R=  3000000 MU = 0    R=
       S        U     1    H32     DELTA2    2    H32     DELTA2
  0.00839   0.241       1.6200  0.000054       1.6200  0.000031
  0.02759   0.465       1.6190  0.000084       1.6190  0.000048
  0.05137   0.606       1.6143  0.000111       1.6143  0.000064
  0.07945   0.704       1.6103  0.000137       1.6103  0.000079
  0.11151   0.775       1.6066  0.000162       1.6066  0.000093
  0.14717   0.831       1.6040  0.000186       1.6040  0.000108
  0.18603   0.875       1.6020  0.000210       1.6020  0.000121
  0.22763   0.911       1.6005  0.000233       1.6005  0.000134
  0.27150   0.941       1.5993  0.000255       1.5993  0.000147
  0.31714   0.967       1.5985  0.000275       1.5985  0.000159
  0.36404   0.990       1.5978  0.000295       1.5978  0.000170
  0.41166   1.010       1.5974  0.000314       1.5974  0.000181
  0.46019   0.997       1.5606  0.000366       1.5606  0.000212
  0.51055   0.955      -1.6031  0.000476      -1.6538  0.000286
  0.56279   0.918      -1.6851  0.000636      -1.7290  0.000423
  0.61609   0.885      -1.7078  0.000826      -1.7406  0.000583
  0.66954   0.856      -1.7149  0.001031      -1.7433  0.000751
  0.72216   0.831      -1.7172  0.001242      -1.7439  0.000924
  0.77295   0.810      -1.7177  0.001452      -1.7438  0.001096
  0.82085   0.792      -1.7177  0.001653      -1.7437  0.001260
  0.86485   0.778      -1.7178  0.001837      -1.7437  0.001411
  0.90398   0.766      -1.7183  0.001997      -1.7442  0.001543
  0.93735   0.758      -1.7193  0.002127      -1.7451  0.001650
  0.96415   0.756      -1.7240  0.002190      -1.7492  0.001705
  0.98367   0.761      -1.7326  0.002176      -1.7567  0.001699
  0.99549   0.769      -1.7417  0.002122      -1.7646  0.001660
  0.99945   0.776      -1.7484  0.002064      -1.7705  0.001616
  BOUNDARY LAYER    AIRFOIL 1098        
   ALPHA= 12.00 deg. relative to the ZERO-LIFT LINE
 UPPER SURFACE       R=  1000000 MU = 0    R=  3000000 MU = 0    R=
       S        U     1    H32     DELTA2    2    H32     DELTA2
  0.01437   0.516       1.6200  0.000048       1.6200  0.000028
  0.02354   1.774       1.6200  0.000025       1.6200  0.000014
  0.03199   1.774       1.5726  0.000053       1.5726  0.000030
  0.04414   1.774       1.5726  0.000075       1.5726  0.000043
  0.05976   1.774       1.5726  0.000097       1.5726  0.000056
  0.07873   1.774       1.5727  0.000119       1.5727  0.000069
  0.10101   1.759       1.5649  0.000144       1.5649  0.000083
  0.12663   1.735       1.5565  0.000171       1.5565  0.000099
  0.15548   1.717       1.5567  0.000196       1.5567  0.000113
  0.18732   1.702       1.5575  0.000221       1.5575  0.000128
  0.22194   1.683       1.5526  0.000248       1.5526  0.000143
  0.25915   1.662       1.5458  0.000277       1.5458  0.000160
  0.29869   1.644       1.5443  0.000304       1.5443  0.000176
  0.34018   1.629       1.5442  0.000330       1.5442  0.000191
  0.38322   1.615       1.5446  0.000355       1.5446  0.000205
  0.42741   1.603       1.5449  0.000379       1.5449  0.000219
  0.47232   1.592       1.5449  0.000402       1.5449  0.000232
  0.51752   1.583       1.5448  0.000424       1.5448  0.000245
  0.56257   1.574       1.5446  0.000445       1.5446  0.000257
  0.60771   1.518      -1.6030  0.000548      -1.6576  0.000329
  0.65385   1.426      -1.6385  0.000752      -1.7058  0.000482
  0.70104   1.345      -1.6472  0.000995      -1.7150  0.000665
  0.74857   1.274      -1.6436  0.001271      -1.7136  0.000872
  0.79566   1.213      -1.6332  0.001577      -1.7078  0.001100
  0.84149   1.161      -1.6181  0.001909      -1.6996  0.001344
  0.88523   1.115      -1.5989  0.002261      -1.6899  0.001598
  0.92606   1.076      -1.5762  0.002626      -1.6791  0.001857
  0.96318   1.043      -1.5503  0.002998      -1.6677  0.002113
  0.99588   1.015      -1.5214  0.003368      -1.6560  0.002358
  1.02350   0.993      -1.4899  0.003727      -1.6445  0.002583
  1.04582   0.944      -1.4600  0.004587      -1.5928  0.003138
  1.06280   0.867      -1.4600  0.006388      -1.4600  0.004480
  1.07378   0.799      -1.4600  0.008768      -1.4600  0.006149
  1.07762   0.771      -1.4600  0.010108      -1.4600  0.007089
  BOUNDARY LAYER    AIRFOIL 1098        
   ALPHA= 12.00 deg. relative to the ZERO-LIFT LINE
 LOWER SURFACE       R=  1000000 MU = 0    R=  3000000 MU = 0    R=
       S        U     1    H32     DELTA2    2    H32     DELTA2
  0.01920   0.279       1.6200  0.000076       1.6200  0.000044
  0.04298   0.455       1.6184  0.000104       1.6184  0.000060
  0.07107   0.577       1.6146  0.000130       1.6146  0.000075
  0.10312   0.666       1.6110  0.000154       1.6110  0.000089
  0.13878   0.735       1.6081  0.000178       1.6081  0.000103
  0.17764   0.790       1.6059  0.000201       1.6059  0.000116
  0.21924   0.835       1.6042  0.000223       1.6042  0.000129
  0.26311   0.873       1.6029  0.000244       1.6029  0.000141
  0.30875   0.906       1.6019  0.000264       1.6019  0.000153
  0.35565   0.934       1.6013  0.000283       1.6013  0.000164
  0.40327   0.959       1.6008  0.000301       1.6008  0.000174
  0.45180   0.952       1.5684  0.000350       1.5684  0.000202
  0.50216   0.916      -1.5687  0.000444      -1.6042  0.000261
  0.55440   0.884      -1.6813  0.000587      -1.7256  0.000385
  0.60770   0.856      -1.7107  0.000764      -1.7418  0.000536
  0.66115   0.831      -1.7196  0.000955      -1.7457  0.000695
  0.71378   0.809      -1.7228  0.001151      -1.7470  0.000857
  0.76456   0.790      -1.7242  0.001344      -1.7477  0.001016
  0.81246   0.775      -1.7250  0.001527      -1.7483  0.001167
  0.85646   0.763      -1.7259  0.001693      -1.7491  0.001305
  0.89559   0.753      -1.7271  0.001835      -1.7502  0.001423
  0.92897   0.747      -1.7289  0.001947      -1.7518  0.001517
  0.95576   0.747      -1.7342  0.001998      -1.7564  0.001562
  0.97528   0.753      -1.7431  0.001977      -1.7643  0.001550
  0.98710   0.762      -1.7524  0.001918      -1.7725  0.001508
  0.99106   0.771      -1.7597  0.001855      -1.7789  0.001460



 SUMMARY       AIRFOIL 1098        
   ANGLE OF ATTACK RELATIVE TO THE ZERO-LIFT LINE
   ALPHA0=  4.903 DEGREES
 * indicates bubble analog longer than  0.030
         R=  1000000   mu= 0   R=  3000000   mu= 0   R=
 ALPHA =  2.00 DEGREES
         1 S TURB S SEP    CD    2 S TURB S SEP    CD
  UPPER   0.4597 0.0043 0.0042    0.4597 0.0000 0.0031 
  LOWER   0.5467 0.0000 0.0030*   0.5467 0.0000 0.0023 
  TOTAL   CL= 0.217 CD= 0.0071   CL= 0.220 CD= 0.0054   CL=
                CM=-0.1271          CM=-0.1279          CM=
 ALPHA =  8.00 DEGREES
         1 S TURB S SEP    CD    2 S TURB S SEP    CD
  UPPER   0.4794 0.0195 0.0058*   0.4794 0.0070 0.0042 
  LOWER   0.5215 0.0000 0.0021    0.5215 0.0000 0.0016 
  TOTAL   CL= 0.858 CD= 0.0079   CL= 0.872 CD= 0.0059   CL=
                CM=-0.1436          CM=-0.1469          CM=
 ALPHA = 10.00 DEGREES
         1 S TURB S SEP    CD    2 S TURB S SEP    CD
  UPPER   0.4898 0.0283 0.0066*   0.4898 0.0112 0.0047 
  LOWER   0.5128 0.0000 0.0018    0.5128 0.0000 0.0014 
  TOTAL   CL= 1.065 CD= 0.0085   CL= 1.086 CD= 0.0062   CL=
                CM=-0.1478          CM=-0.1528          CM=
 ALPHA = 12.00 DEGREES
         1 S TURB S SEP    CD    2 S TURB S SEP    CD
  UPPER   0.5011 0.0480 0.0076*   0.5011 0.0166 0.0053 
  LOWER   0.5013 0.0000 0.0016    0.5013 0.0000 0.0013 
  TOTAL   CL= 1.256 CD= 0.0092   CL= 1.298 CD= 0.0066   CL=
                CM=-0.1486          CM=-0.1580          CM=
