 Sonic Boom Calculator. NASA CR-157
 Version 1.05 (1 July 2017)
This file was compiled by GCC version 5.1.0 using the options 
-fPIC -mmacosx-version-min=10.10.5 -mtune=core2 -Wall
Time and date of calculation: 15:38 19Nov2020
 SONIC BOOM, CASE     0, M= 2.000, ALIITUDE= 60000., ACC=  0.000, RC=1.80 VF= 0.640
 LF= 0.000    WT= 100000.0, LENGTH= 100.0, FR= 8.00
 WL=50.000, ANGLE=   0.00, TAU=  0.00 SEC., CURVATURE=  0.000



 kend,nend,kase,nv,nn=    3    4    0    2    1

  ALTITUDE       HEADWIND        SIDEWIND        PRESSURE    SOUND SPEED    TEMPERATURE
     (FT)           (FP5)           (FPS)           (PSF)        (FPS)         (DEG F)
    60000.           0.000           0.000         657.600      998.446        -44.400
     8000.           0.000           0.000         657.600      998.446        -44.400
        0.           0.000           0.000         657.600      998.446        -44.400

HISTORY OF SHOCK STRENGTH VARIATION, ANGLE=-30.00
     Z               X               Y        PRESSURE RATIO     PRESSURE JUMP  PRESSURE
    (FT)            (FT)            (FT)                               (PSF)          (PSF)
   49340.         -7108.          6156.          0.0024633            1.620        657.600
   47340.         -8444.          7313.          0.0021985            1.446        657.600
   45340.         -9780.          8470.          0.0019711            1.296        657.600
   43340.        -11115.          9626.          0.0017892            1.177        657.600
   41340.        -12451.         10783.          0.0016420            1.080        657.600
   39340.        -13786.         11939.          0.0015202            1.000        657.600
   37340.        -15121.         13095.          0.0014176            0.932        657.600
   35340.        -16456.         14251.          0.0013362            0.879        657.600
   33340.        -17790.         15407.          0.0012609            0.829        657.600
   31340.        -19125.         16563.          0.0011938            0.785        657.600
   29340.        -20460.         17719.          0.0011343            0.746        657.600
   27340.        -21794.         18874.          0.0010811            0.711        657.600
   25340.        -23129.         20030.          0.0010335            0.680        657.600
   23340.        -24463.         21186.          0.0009904            0.651        657.600
   21340.        -25797.         22341.          0.0009514            0.626        657.600
   19340.        -27132.         23497.          0.0009157            0.602        657.600
   17340.        -28466.         24652.          0.0008830            0.581        657.600
   15340.        -29800.         25808.          0.0008530            0.561        657.600
   13340.        -31135.         26963.          0.0008252            0.543        657.600
   11340.        -32469.         28119.          0.0007994            0.526        657.600
    9340.        -33803.         29274.          0.0007754            0.510        657.600
    7340.        -35137.         30430.          0.0007569            0.498        657.600
    5340.        -36471.         31585.          0.0007331            0.482        657.600
    3340.        -37805.         32740.          0.0007164            0.471        657.600
    1340.        -39139.         33896.          0.0006951            0.457        657.600
       0.        -40033.         34669.          0.0006844            0.450        657.600
1SONIC BOOM, CASE     0, M= 2.000, ALTITUDE= 60000.

 SHOCK-GROUND DATA
          ANGLE       PRESSURE JUMP      X               Y          TIME
          (DEG)          (PSF)         (FT)            (FT)         (SEC)
 
         -30.00          0.810        -18569.         34669.        80.12
           0.00          0.901        -34663.             0.        69.37
          15.00          0.876        -30994.        -16088.        71.82
          30.00          0.810        -18569.        -34669.        80.12
 END CALCULATIONS FOR KASE = 0 cpu time=    2.141 milliseconds.
