 Sonic Boom Calculator. NASA CR-157
 Version 1.05 (1 July 2017)
This file was compiled by GCC version 5.1.0 using the options 
-fPIC -mmacosx-version-min=10.10.5 -mtune=core2 -Wall
Time and date of calculation: 15:35 19Nov2020
 SONIC BOOM, CASE  1001, M= 1.100, ALIITUDE= 40000., ACC=  4.000, RC=1.80 VF= 0.640
 LF= 0.600    WT= 100000.0, LENGTH= 100.0, FR= 8.00
 WL=50.000, ANGLE=   0.00, TAU=  0.00 SEC., CURVATURE=  0.000



 kend,nend,kase,nv,nn=   16    7 1001    4    4

  ALTITUDE       HEADWIND        SIDEWIND        PRESSURE    SOUND SPEED    TEMPERATURE
     (FT)           (FP5)           (FPS)           (PSF)        (FPS)         (DEG F)
    70000.           0.000           0.000          93.672      967.660        -69.610
    65000.           0.000           0.000         118.930      967.660        -69.610
    60000.           0.000           0.000         151.030      967.660        -69.610
    55000.           0.000           0.000         191.800      967.660        -69.610
    50000.           0.000           0.000         243.610      967.660        -69.610
    45000.           0.000           0.000         309.450      967.660        -69.610
    40000.           0.000           0.000         393.120      967.660        -69.610
    35000.           0.000           0.000         499.340      972.721        -65.520
    30000.           0.000           0.000         629.660      994.422        -47.740
    25000.           0.000           0.000         786.330     1015.660        -29.960
    20000.           0.000           0.000         973.270     1036.474        -12.170
    15000.           0.000           0.000        1194.800     1056.890          5.630
    10000.           0.000           0.000        1455.600     1076.930         23.440
     5000.           0.000           0.000        1760.900     1096.615         41.260
     1000.           0.000           0.000        2040.900     1112.019         55.430
        0.           0.000           0.000        2116.200     1115.964         59.090

 CUTOTF ALTITUDE, ANGLE=-45.00
     Z               X               Y        PRESSURE RATIO     PRESSURE JUMP  PRESSURE
    (FT)            (FT)            (FT)                               (PSF)          (PSF)
   26046.        -47865.         15510.          0.0021639            1.631        753.564

 CUTOTF ALTITUDE, ANGLE=-30.00
     Z               X               Y        PRESSURE RATIO     PRESSURE JUMP  PRESSURE
    (FT)            (FT)            (FT)                               (PSF)          (PSF)
   20233.        -62901.         14412.          0.0027348            2.638        964.547

 CUTOTF ALTITUDE, ANGLE=-15.00
     Z               X               Y        PRESSURE RATIO     PRESSURE JUMP  PRESSURE
    (FT)            (FT)            (FT)                               (PSF)          (PSF)
   15133.        -81279.          9640.          0.0004035            0.480       1188.913

HISTORY OF SHOCK STRENGTH VARIATION, ANGLE=  0.00
     Z               X               Y        PRESSURE RATIO     PRESSURE JUMP  PRESSURE
    (FT)            (FT)            (FT)                               (PSF)          (PSF)
   29750.         -5275.             0.          0.0028430            1.812        637.493
   29500.         -5942.             0.          0.0028134            1.816        645.327
   29250.         -6612.             0.          0.0027716            1.810        653.160
   29000.         -7289.             0.          0.0027248            1.801        660.994
   28750.         -7970.             0.          0.0026767            1.790        668.828
   28500.         -8658.             0.          0.0026291            1.779        676.661
   28250.         -9352.             0.          0.0025828            1.768        684.495
   28000.        -10052.             0.          0.0025383            1.757        692.328
   27750.        -10759.             0.          0.0024957            1.747        700.161
   27500.        -11473.             0.          0.0024550            1.738        707.995
   27250.        -12193.             0.          0.0024162            1.730        715.828
   27000.        -12920.             0.          0.0023792            1.722        723.662
   26750.        -13655.             0.          0.0023441            1.715        731.495
   26500.        -14397.             0.          0.0023106            1.708        739.329
   26250.        -15147.             0.          0.0022788            1.703        747.162
   26000.        -15905.             0.          0.0022485            1.698        754.996
   25750.        -16670.             0.          0.0022198            1.693        762.830
   25500.        -17445.             0.          0.0021926            1.690        770.663
   25250.        -18227.             0.          0.0021668            1.687        778.497
   25000.        -19019.             0.          0.0021424            1.685        786.330
   24750.        -19820.             0.          0.0021181            1.685        795.677
   24500.        -20630.             0.          0.0020950            1.687        805.024
   24250.        -21450.             0.          0.0020734            1.689        814.371
   24000.        -22280.             0.          0.0020531            1.691        823.718
   23750.        -23120.             0.          0.0020343            1.695        833.065
   23500.        -23971.             0.          0.0020169            1.699        842.412
   23250.        -24832.             0.          0.0020008            1.704        851.759
   23000.        -25706.             0.          0.0019862            1.710        861.106
   22750.        -26591.             0.          0.0019730            1.717        870.453
   22500.        -27488.             0.          0.0019612            1.725        879.800
   22250.        -28398.             0.          0.0019510            1.735        889.147
   22000.        -29322.             0.          0.0019423            1.745        898.494
   21750.        -30260.             0.          0.0019351            1.757        907.841
   21500.        -31212.             0.          0.0019297            1.770        917.188
   21250.        -32179.             0.          0.0019260            1.785        926.535
   21000.        -33163.             0.          0.0019243            1.801        935.882
   20750.        -34163.             0.          0.0019245            1.819        945.229
   20500.        -35180.             0.          0.0019270            1.839        954.576
   20250.        -36216.             0.          0.0019319            1.862        963.923
   20000.        -37272.             0.          0.0019395            1.888        973.270
   19750.        -38348.             0.          0.0019490            1.918        984.346
   19500.        -39446.             0.          0.0019620            1.953        995.423
   19250.        -40566.             0.          0.0019793            1.992       1006.500
   19000.        -41711.             0.          0.0020013            2.036       1017.576
   18750.        -42881.             0.          0.0020289            2.087       1028.653
   18500.        -44079.             0.          0.0020633            2.145       1039.729
   18250.        -45306.             0.          0.0021060            2.213       1050.806
   18000.        -46566.             0.          0.0021714            2.306       1061.882
   17750.        -47860.             0.          0.0022435            2.407       1072.958
   17500.        -49192.             0.          0.0023326            2.529       1084.035
   17250.        -50565.             0.          0.0024473            2.680       1095.112
   17000.        -51984.             0.          0.0025999            2.876       1106.188
   16750.        -53455.             0.          0.0028274            3.159       1117.265
   16500.        -54985.             0.          0.0031444            3.548       1128.341
   16450.        -55302.             0.          0.0031577            3.570       1130.556
   16400.        -55625.             0.          0.0030682            3.476       1132.772
   16350.        -55953.             0.          0.0030579            3.471       1134.987
   16300.        -56286.             0.          0.0030922            3.516       1137.202
   16250.        -56622.             0.          0.0031539            3.594       1139.417
   16200.        -56961.             0.          0.0032523            3.713       1141.633
   16150.        -57305.             0.          0.0033515            3.834       1143.848
   16100.        -57653.             0.          0.0034605            3.966       1146.063
   16050.        -58004.             0.          0.0035818            4.113       1148.279
   16000.        -58360.             0.          0.0037176            4.277       1150.494
   15950.        -58721.             0.          0.0038695            4.460       1152.709
   15900.        -59087.             0.          0.0040399            4.666       1154.925
   15850.        -59458.             0.          0.0042311            4.896       1157.140
   15800.        -59836.             0.          0.0044458            5.154       1159.355
   15750.        -60219.             0.          0.0046861            5.443       1161.571
   15700.        -60609.             0.          0.0049533            5.765       1163.786
   15650.        -61007.             0.          0.0052477            6.119       1166.001
   15600.        -61413.             0.          0.0055674            6.504       1168.216
   15550.        -61813.             0.          0.0004656            0.545       1170.432
   15500.        -62198.             0.          0.0004647            0.545       1172.647
   15450.        -62578.             0.          0.0004635            0.545       1174.862
   15200.        -64505.             0.          0.0004586            0.544       1185.939
   14950.        -66503.             0.          0.0004518            0.541       1197.408
   14700.        -68609.             0.          0.0004440            0.537       1210.448
   14450.        -70859.             0.          0.0004358            0.533       1223.488
   14200.        -73297.             0.          0.0004273            0.528       1236.528
   13950.        -75986.             0.          0.0004164            0.520       1249.568
   13700.        -79029.             0.          0.0004085            0.516       1262.608
   13450.        -82626.             0.          0.0003976            0.507       1275.648
   13200.        -87295.             0.          0.0003869            0.499       1288.688

 CUTOTF ALTITUDE, ANGLE=  0.00
     Z               X               Y        PRESSURE RATIO     PRESSURE JUMP  PRESSURE
    (FT)            (FT)            (FT)                               (PSF)          (PSF)
   13192.        -87464.             0.          0.0003839            0.495       1289.095

 CUTOTF ALTITUDE, ANGLE= 15.00
     Z               X               Y        PRESSURE RATIO     PRESSURE JUMP  PRESSURE
    (FT)            (FT)            (FT)                               (PSF)          (PSF)
   15133.        -81279.         -9640.          0.0004035            0.480       1188.913

 CUTOTF ALTITUDE, ANGLE= 30.00
     Z               X               Y        PRESSURE RATIO     PRESSURE JUMP  PRESSURE
    (FT)            (FT)            (FT)                               (PSF)          (PSF)
   20233.        -62901.        -14412.          0.0027347            2.638        964.547

 CUTOTF ALTITUDE, ANGLE= 45.00
     Z               X               Y        PRESSURE RATIO     PRESSURE JUMP  PRESSURE
    (FT)            (FT)            (FT)                               (PSF)          (PSF)
   26046.        -47865.        -15510.          0.0021637            1.631        753.564
1SONIC BOOM, CASE  1001, M= 1.100, ALTITUDE= 40000.

 SHOCK-GROUND DATA
          ANGLE       PRESSURE JUMP      X               Y          TIME
          (DEG)          (PSF)         (FT)            (FT)         (SEC)
 
         -45.00          0.000             0.             0.        -1.00
         -30.00          0.000             0.             0.        -1.00
         -15.00          0.000             0.             0.        -1.00
           0.00          0.000             0.             0.        -1.00
          15.00          0.000             0.             0.        -1.00
          30.00          0.000             0.             0.        -1.00
          45.00          0.000             0.             0.        -1.00
 END CALCULATIONS FOR KASE = 1001 cpu time=    5.994 milliseconds.
