
                   BELTRAMI FLOW                                                                   
                        FORCED VORTEX                                                              
     NHT   LSFR IPRINT   NEXT
       3      1      1      0
    GAM             AR            ZMSFL
    1.400000        287.0000        317.0000    
    RHUB            RTIP            ZHUB            ZTIP           CURVH           CURVT            ALH             ALT
   0.5000000        1.500000        0.000000        0.000000        0.000000        0.000000        0.000000        0.000000    
          QDIST ARRAY
    0.000000       0.5000000        1.000000    
          ZLAMDA ARRAY
    7.500000        30.00000        67.50000    
          TIP ARRAY
    288.1500        288.1500        288.1500    
          RHOIP ARRAY
    1.225000        1.225000        1.225000    

                        FORCED VORTEX                                                              
  I       V             V/VCR           VSUBM            BETA      STATIC PRESSURE   STREAM FUNCTION
   1    62.97419       0.2027398        61.16166        13.77990        98898.05        0.000000    
   3    62.82721       0.2022666        60.83230        14.47708        98909.17       0.1020000E-01
   5    62.67233       0.2017679        60.49174        15.15840        98920.89       0.2080000E-01
   7    62.50991       0.2012451        60.14004        15.82734        98933.12       0.3180000E-01
   9    62.34030       0.2006990        59.77715        16.48693        98945.88       0.4320000E-01
  11    62.16373       0.2001306        59.40293        17.13988        98959.12       0.5500000E-01
  13    61.98044       0.1995405        59.01717        17.78859        98972.82       0.6720000E-01
  15    61.79058       0.1989292        58.61959        18.43525        98986.97       0.7979999E-01
  17    61.59428       0.1982973        58.20984        19.08183        99001.57       0.9280000E-01
  19    61.39164       0.1976449        57.78752        19.73017        99016.60       0.1062000    
  21    61.18273       0.1969723        57.35217        20.38200        99032.03       0.1200000    
  23    60.96758       0.1962797        56.90329        21.03890        99047.85       0.1342000    
  25    60.74619       0.1955669        56.44032        21.70242        99064.09       0.1488000    
  27    60.51857       0.1948341        55.96265        22.37402        99080.73       0.1638000    
  29    60.28466       0.1940811        55.46962        23.05515        99097.77       0.1792000    
  31    60.04441       0.1933076        54.96053        23.74720        99115.21       0.1950000    
  33    59.79776       0.1925135        54.43459        24.45157        99133.04       0.2112000    
  35    59.54461       0.1916985        53.89098        25.16968        99151.25       0.2278000    
  37    59.28484       0.1908622        53.32881        25.90293        99169.88       0.2448000    
  39    59.01834       0.1900043        52.74712        26.65280        99188.91       0.2622000    
  41    58.74497       0.1891242        52.14488        27.42078        99208.33       0.2800000    
  43    58.46457       0.1882214        51.52096        28.20843        99228.15       0.2982000    
  45    58.17697       0.1872955        50.87415        29.01742        99248.40       0.3168000    
  47    57.88199       0.1863459        50.20314        29.84947        99269.05       0.3358000    
  49    57.57943       0.1853718        49.50650        30.70645        99290.16       0.3552000    
  51    57.26909       0.1843727        48.78267        31.59037        99311.68       0.3750000    
  53    56.95074       0.1833478        48.03009        32.50315        99333.64       0.3952000    
  55    56.62416       0.1822964        47.24749        33.44604        99356.05       0.4158000    
  57    56.28911       0.1812177        46.43364        34.42028        99378.89       0.4368000    
  59    55.94539       0.1801112        45.58718        35.42733        99402.20       0.4582000    
  61    55.59279       0.1789760        44.70657        36.46894        99425.97       0.4800000    
  63    55.23111       0.1778116        43.79010        37.54716        99450.20       0.5022000    
  65    54.86015       0.1766174        42.83586        38.66436        99474.88       0.5248000    
  67    54.47971       0.1753926        41.84166        39.82334        99500.04       0.5478000    
  69    54.08960       0.1741366        40.80500        41.02734        99525.65       0.5712000    
  71    53.68960       0.1728489        39.72303        42.28013        99551.73       0.5950000    
  73    53.27953       0.1715287        38.59240        43.58617        99578.27       0.6192000    
  75    52.85919       0.1701754        37.40923        44.95072        99605.26       0.6438000    
  77    52.42837       0.1687884        36.16889        46.37998        99632.70       0.6688000    
  79    51.98685       0.1673670        34.86586        47.88144        99660.62       0.6942000    
  81    51.53444       0.1659105        33.49345        49.46416        99688.97       0.7200000    
  83    51.07090       0.1644182        32.04337        51.13929        99717.76       0.7462000    
  85    50.59600       0.1628893        30.50527        52.92079        99747.02       0.7728000    
  87    50.10952       0.1613231        28.86580        54.82650        99776.68       0.7998000    
  89    49.61119       0.1597188        27.10740        56.87983        99806.80       0.8272000    
  91    49.10075       0.1580755        25.20605        59.11253        99837.34       0.8550000    
  93    48.57793       0.1563923        23.12750        61.56962        99868.30       0.8832000    
  95    48.04245       0.1546684        20.81980        64.31884        99899.66       0.9118000    
  97    47.49400       0.1529027        18.19729        67.47112        99931.45       0.9408000    
  99    46.93230       0.1510943        15.09839        71.23388        99963.62       0.9701999    
 101    46.35727       0.1492431        11.13535        76.10123        99996.18       0.9999999    

                   BELTRAMI FLOW                                                                   
HUB OUTPUT DATA FOR   1 STATIONS
     DISTANCE            V           V/VCR           V-SUB-M           BETA       STATIC PRESSURE
      0.00000         62.9742        0.202740         61.1617         13.7799         98898.1    
SHROUD OUTPUT DATA FOR   1 STATIONS
     DISTANCE            V           V/VCR           V-SUB-M           BETA       STATIC PRESSURE
      0.00000         46.3573        0.149243         11.1353         76.1012         99996.2    
