
                     SOURCE FLOW                                                                   
                      30 DEGREE ANGLE, EACH SIDE                                                   
     NHT   LSFR IPRINT   NEXT
       3      1      1      0
    GAM             AR            ZMSFL
    1.400000        287.0530        16120.35    
    RHUB            RTIP            ZHUB            ZTIP           CURVH           CURVT            ALH             ALT
    99.00000        101.0000        0.000000        0.000000        0.000000        0.000000        30.00000       -30.00000    
          QDIST ARRAY
    0.000000        1.000000        2.000000    
          ZLAMDA ARRAY
    0.000000        0.000000        0.000000    
          TIP ARRAY
    288.1500        288.1500        288.1500    
          RHOIP ARRAY
    1.225000        1.225000        1.225000    

                      30 DEGREE ANGLE, EACH SIDE                                                   
  I       V             V/VCR           VSUBM            BETA      STATIC PRESSURE   STREAM FUNCTION
   1    9.940828       0.3200065E-01    9.940828        0.000000        101264.5        0.000000    
   3    10.05797       0.3237774E-01    10.05797        0.000000        101263.1       0.1980400E-01
   5    10.17075       0.3274079E-01    10.17075        0.000000        101261.7       0.3961600E-01
   7    10.27911       0.3308963E-01    10.27911        0.000000        101260.3       0.5943600E-01
   9    10.38303       0.3342413E-01    10.38303        0.000000        101259.0       0.7926400E-01
  11    10.48243       0.3374414E-01    10.48243        0.000000        101257.8       0.9910000E-01
  13    10.57729       0.3404950E-01    10.57729        0.000000        101256.5       0.1189440    
  15    10.66757       0.3434010E-01    10.66757        0.000000        101255.4       0.1387960    
  17    10.75321       0.3461579E-01    10.75321        0.000000        101254.2       0.1586560    
  19    10.83418       0.3487646E-01    10.83418        0.000000        101253.2       0.1785240    
  21    10.91045       0.3512198E-01    10.91045        0.000000        101252.2       0.1984000    
  23    10.98198       0.3535224E-01    10.98198        0.000000        101251.2       0.2182840    
  25    11.04874       0.3556713E-01    11.04874        0.000000        101250.3       0.2381760    
  27    11.11068       0.3576655E-01    11.11068        0.000000        101249.5       0.2580760    
  29    11.16780       0.3595041E-01    11.16780        0.000000        101248.7       0.2779840    
  31    11.22005       0.3611860E-01    11.22005        0.000000        101248.0       0.2979000    
  33    11.26741       0.3627106E-01    11.26741        0.000000        101247.3       0.3178240    
  35    11.30986       0.3640771E-01    11.30986        0.000000        101246.7       0.3377560    
  37    11.34737       0.3652846E-01    11.34737        0.000000        101246.2       0.3576960    
  39    11.37992       0.3663326E-01    11.37992        0.000000        101245.8       0.3776440    
  41    11.40750       0.3672205E-01    11.40750        0.000000        101245.4       0.3976000    
  43    11.43010       0.3679477E-01    11.43010        0.000000        101245.0       0.4175640    
  45    11.44769       0.3685139E-01    11.44769        0.000000        101244.8       0.4375360    
  47    11.46026       0.3689187E-01    11.46026        0.000000        101244.6       0.4575160    
  49    11.46781       0.3691618E-01    11.46781        0.000000        101244.5       0.4775040    
  51    11.47033       0.3692428E-01    11.47033        0.000000        101244.5       0.4975000    
  53    11.46781       0.3691617E-01    11.46781        0.000000        101244.5       0.5175040    
  55    11.46025       0.3689184E-01    11.46025        0.000000        101244.6       0.5375160    
  57    11.44765       0.3685128E-01    11.44765        0.000000        101244.8       0.5575360    
  59    11.43001       0.3679449E-01    11.43001        0.000000        101245.0       0.5775640    
  61    11.40734       0.3672151E-01    11.40734        0.000000        101245.4       0.5976000    
  63    11.37963       0.3663233E-01    11.37963        0.000000        101245.8       0.6176440    
  65    11.34691       0.3652699E-01    11.34691        0.000000        101246.2       0.6376960    
  67    11.30918       0.3640552E-01    11.30918        0.000000        101246.7       0.6577560    
  69    11.26645       0.3626797E-01    11.26645        0.000000        101247.3       0.6778240    
  71    11.21874       0.3611440E-01    11.21874        0.000000        101248.0       0.6979000    
  73    11.16607       0.3594485E-01    11.16607        0.000000        101248.7       0.7179840    
  75    11.10846       0.3575939E-01    11.10846        0.000000        101249.5       0.7380760    
  77    11.04593       0.3555810E-01    11.04593        0.000000        101250.3       0.7581760    
  79    10.97851       0.3534106E-01    10.97851        0.000000        101251.2       0.7782840    
  81    10.90622       0.3510836E-01    10.90622        0.000000        101252.2       0.7984000    
  83    10.82910       0.3486009E-01    10.82910        0.000000        101253.2       0.8185240    
  85    10.74717       0.3459637E-01    10.74717        0.000000        101254.3       0.8386560    
  87    10.66048       0.3431730E-01    10.66048        0.000000        101255.5       0.8587960    
  89    10.56906       0.3402301E-01    10.56906        0.000000        101256.6       0.8789440    
  91    10.47295       0.3371361E-01    10.47295        0.000000        101257.9       0.8991000    
  93    10.37219       0.3338926E-01    10.37219        0.000000        101259.2       0.9192640    
  95    10.26683       0.3305009E-01    10.26683        0.000000        101260.5       0.9394360    
  97    10.15692       0.3269627E-01    10.15692        0.000000        101261.9       0.9596160    
  99    10.04250       0.3232794E-01    10.04250        0.000000        101263.3       0.9798040    
 101    9.923622       0.3194526E-01    9.923622        0.000000        101264.7        1.000000    

                     SOURCE FLOW                                                                   
HUB OUTPUT DATA FOR   1 STATIONS
     DISTANCE            V           V/VCR           V-SUB-M           BETA       STATIC PRESSURE
      0.00000         9.94083        0.320006E-01     9.94083         0.00000         101265.    
SHROUD OUTPUT DATA FOR   1 STATIONS
     DISTANCE            V           V/VCR           V-SUB-M           BETA       STATIC PRESSURE
      0.00000         9.92362        0.319453E-01     9.92362         0.00000         101265.    
