
                     FULLY DEVELOPED FLOW                                                          
                      LAMINAR CASE                                                                 
     NHT   LSFR IPRINT   NEXT
       3      1      1      0
    GAM             AR            ZMSFL
    1.400000        287.0530        769.6902    
    RHUB            RTIP            ZHUB            ZTIP           CURVH           CURVT            ALH             ALT
    1.000000        2.000000        0.000000        0.000000        0.000000        0.000000        0.000000        0.000000    
          QDIST ARRAY
    0.000000       0.5000000        1.000000    
          ZLAMDA ARRAY
    0.000000        0.000000        0.000000    
          TIP ARRAY
    288.1500        288.1500        288.1500    
          RHOIP ARRAY
    1.170000        1.225000        1.170000    

                      LAMINAR CASE                                                                 
  I       V             V/VCR           VSUBM            BETA      STATIC PRESSURE   STREAM FUNCTION
   1    14.19146       0.4568391E-01    14.19146        0.000000        96657.98        0.000000    
   3    27.51072       0.8856013E-01    27.51072        0.000000        96655.38       0.1346667E-01
   5    35.92014       0.1156310        35.92014        0.000000        96655.26       0.2720000E-01
   7    42.48993       0.1367799        42.48993        0.000000        96655.25       0.4120000E-01
   9    47.97919       0.1544504        47.97919        0.000000        96655.23       0.5546667E-01
  11    52.72296       0.1697212        52.72296        0.000000        96655.23       0.7000000E-01
  13    56.90487       0.1831832        56.90487        0.000000        96655.22       0.8480000E-01
  15    60.63794       0.1952004        60.63794        0.000000        96655.23       0.9986667E-01
  17    63.99780       0.2060161        63.99780        0.000000        96655.23       0.1152000    
  19    67.03776       0.2158021        67.03776        0.000000        96655.22       0.1308000    
  21    69.79677       0.2246837        69.79677        0.000000        96655.23       0.1466667    
  23    72.30432       0.2327558        72.30432        0.000000        96655.23       0.1628000    
  25    74.58305       0.2400913        74.58305        0.000000        96655.22       0.1792000    
  27    76.65076       0.2467475        76.65076        0.000000        96655.23       0.1958667    
  29    78.52157       0.2527698        78.52157        0.000000        96655.23       0.2128000    
  31    80.20659       0.2581941        80.20659        0.000000        96655.22       0.2300000    
  33    81.71465       0.2630487        81.71465        0.000000        96655.23       0.2474667    
  35    83.05293       0.2673568        83.05293        0.000000        96655.22       0.2652000    
  37    84.22681       0.2711357        84.22681        0.000000        96655.22       0.2832000    
  39    85.24030       0.2743982        85.24030        0.000000        96655.23       0.3014667    
  41    86.09657       0.2771546        86.09657        0.000000        96655.23       0.3200000    
  43    86.79749       0.2794109        86.79749        0.000000        96655.23       0.3388000    
  45    87.34382       0.2811696        87.34382        0.000000        96655.22       0.3578666    
  47    87.73573       0.2824312        87.73573        0.000000        96655.23       0.3772000    
  49    87.97226       0.2831927        87.97226        0.000000        96655.23       0.3968000    
  51    88.05167       0.2834483        88.05167        0.000000        96655.23       0.4166667    
  53    87.97226       0.2831927        87.97226        0.000000        96655.23       0.4368000    
  55    87.73573       0.2824312        87.73573        0.000000        96655.23       0.4572000    
  57    87.34382       0.2811696        87.34382        0.000000        96655.22       0.4778666    
  59    86.79749       0.2794109        86.79749        0.000000        96655.23       0.4988000    
  61    86.09657       0.2771546        86.09657        0.000000        96655.23       0.5200000    
  63    85.24030       0.2743982        85.24030        0.000000        96655.23       0.5414667    
  65    84.22681       0.2711357        84.22681        0.000000        96655.22       0.5632000    
  67    83.05293       0.2673568        83.05293        0.000000        96655.22       0.5852000    
  69    81.71465       0.2630487        81.71465        0.000000        96655.23       0.6074666    
  71    80.20659       0.2581941        80.20659        0.000000        96655.22       0.6300000    
  73    78.52157       0.2527698        78.52157        0.000000        96655.23       0.6528000    
  75    76.65076       0.2467475        76.65076        0.000000        96655.23       0.6758667    
  77    74.58305       0.2400913        74.58305        0.000000        96655.22       0.6992000    
  79    72.30432       0.2327558        72.30432        0.000000        96655.23       0.7228000    
  81    69.79677       0.2246837        69.79677        0.000000        96655.23       0.7466667    
  83    67.03776       0.2158021        67.03776        0.000000        96655.22       0.7708000    
  85    63.99781       0.2060162        63.99781        0.000000        96655.23       0.7952000    
  87    60.63797       0.1952005        60.63797        0.000000        96655.23       0.8198667    
  89    56.90495       0.1831835        56.90495        0.000000        96655.22       0.8448000    
  91    52.72310       0.1697216        52.72310        0.000000        96655.22       0.8699999    
  93    47.97949       0.1544514        47.97949        0.000000        96655.22       0.8954666    
  95    42.49063       0.1367821        42.49063        0.000000        96655.21       0.9212000    
  97    35.92209       0.1156373        35.92209        0.000000        96655.18       0.9472000    
  99    27.51952       0.8858845E-01    27.51952        0.000000        96655.09       0.9734666    
 101    14.43254       0.4645997E-01    14.43254        0.000000        96653.95        1.000000    

                     FULLY DEVELOPED FLOW                                                          
HUB OUTPUT DATA FOR   1 STATIONS
     DISTANCE            V           V/VCR           V-SUB-M           BETA       STATIC PRESSURE
      0.00000         14.1915        0.456839E-01     14.1915         0.00000         96658.0    
SHROUD OUTPUT DATA FOR   1 STATIONS
     DISTANCE            V           V/VCR           V-SUB-M           BETA       STATIC PRESSURE
      0.00000         14.4325        0.464600E-01     14.4325         0.00000         96653.9    
