
                      TRANSITION DUCT                                                              
                       STATION 1                                                                   
     NHT   LSFR IPRINT   NEXT
       9      0      1      1
    GAM             AR            ZMSFL
    1.319000        1716.510       0.4848600E-01
    RHUB            RTIP            ZHUB            ZTIP           CURVH           CURVT            ALH             ALT
   0.1496000       0.1929000      -0.4170000E-01  -0.4170000E-01   0.8000000E-01  -0.2000000E-01  -0.1300000       0.4000000E-01
          STRFN ARRAY
    0.000000       0.1250000       0.2500000       0.3750000       0.5000000       0.6250000       0.7500000       0.8750000    
    1.000000    
          ZLAMDA ARRAY
    80.08500        82.16800        83.89100        85.29500        86.42000        87.33400        88.00400        88.39300    
    88.37600    
          TIP ARRAY
    2078.900        2075.500        2072.400        2069.600        2067.000        2064.700        2062.600        2060.800    
    2059.400    
          RHOIP ARRAY
   0.1179000E-02   0.1183400E-02   0.1187400E-02   0.1191100E-02   0.1194400E-02   0.1197500E-02   0.1200400E-02   0.1203000E-02
   0.1205000E-02

                       STATION 1                                                                   
  I       V             V/VCR           VSUBM            BETA      STATIC PRESSURE   STREAM FUNCTION
   1    1130.878       0.5612919        996.1474        28.25349        3502.953        0.000000    
   3    1130.250       0.5610453        996.0052        28.20947        3504.579       0.1721464E-01
   5    1129.631       0.5608029        995.8746        28.16490        3506.190       0.3453759E-01
   7    1129.019       0.5605639        995.7565        28.11959        3507.787       0.5196912E-01
   9    1128.414       0.5603276        995.6514        28.07332        3509.371       0.6950947E-01
  11    1127.813       0.5600936        995.5603        28.02588        3510.943       0.8715893E-01
  13    1127.216       0.5598609        995.4841        27.97708        3512.501       0.1049178    
  15    1126.621       0.5596290        995.4234        27.92669        3514.045       0.1227863    
  17    1126.028       0.5593975        995.3793        27.87451        3515.576       0.1407648    
  19    1125.438       0.5591669        995.3532        27.82054        3517.094       0.1588537    
  21    1124.854       0.5589381        995.3461        27.76482        3518.599       0.1770533    
  23    1124.276       0.5587124        995.3594        27.70739        3520.091       0.1953639    
  25    1123.709       0.5584911        995.3956        27.64828        3521.570       0.2137860    
  27    1123.153       0.5582751        995.4557        27.58754        3523.035       0.2323201    
  29    1122.613       0.5580656        995.5413        27.52522        3524.488       0.2509667    
  31    1122.088       0.5578635        995.6532        27.46137        3525.926       0.2697264    
  33    1121.575       0.5576668        995.7873        27.39608        3527.353       0.2885995    
  35    1121.072       0.5574741        995.9397        27.32942        3528.766       0.3075866    
  37    1120.572       0.5572829        996.1049        27.26150        3530.166       0.3266881    
  39    1120.072       0.5570909        996.2780        27.19243        3531.552       0.3459042    
  41    1119.566       0.5568959        996.4534        27.12230        3532.928       0.3652350    
  43    1119.050       0.5566959        996.6264        27.05121        3534.289       0.3846807    
  45    1118.524       0.5564908        996.7968        26.97921        3535.638       0.4042411    
  47    1117.994       0.5562829        996.9684        26.90630        3536.974       0.4239165    
  49    1117.464       0.5560749        997.1462        26.83248        3538.298       0.4437069    
  51    1116.940       0.5558695        997.3360        26.75774        3539.609       0.4636125    
  53    1116.429       0.5556695        997.5424        26.68208        3540.908       0.4836336    
  55    1115.936       0.5554777        997.7712        26.60549        3542.194       0.5037707    
  57    1115.466       0.5552961        998.0259        26.52795        3543.469       0.5240244    
  59    1115.016       0.5551236        998.3050        26.44940        3544.730       0.5443952    
  61    1114.583       0.5549588        998.6063        26.36977        3545.980       0.5648836    
  63    1114.164       0.5548002        998.9272        26.28901        3547.220       0.5854902    
  65    1113.755       0.5546464        999.2655        26.20705        3548.445       0.6062155    
  67    1113.354       0.5544959        999.6185        26.12384        3549.660       0.6270599    
  69    1112.957       0.5543473        999.9839        26.03932        3550.864       0.6480236    
  71    1112.566       0.5542011        1000.363        25.95347        3552.055       0.6691073    
  73    1112.182       0.5540581        1000.757        25.86628        3553.235       0.6903111    
  75    1111.806       0.5539188        1001.168        25.77775        3554.403       0.7116355    
  77    1111.441       0.5537836        1001.596        25.68787        3555.560       0.7330810    
  79    1111.087       0.5536536        1002.043        25.59662        3556.705       0.7546481    
  81    1110.745       0.5535282        1002.509        25.50392        3557.838       0.7763373    
  83    1110.408       0.5534045        1002.992        25.40950        3558.961       0.7981490    
  85    1110.072       0.5532795        1003.488        25.31306        3560.072       0.8200836    
  87    1109.729       0.5531503        1003.995        25.21430        3561.171       0.8421412    
  89    1109.374       0.5530132        1004.509        25.11293        3562.260       0.8643222    
  91    1109.001       0.5528651        1005.025        25.00864        3563.336       0.8866267    
  93    1108.607       0.5527050        1005.543        24.90146        3564.402       0.9090546    
  95    1108.194       0.5525343        1006.061        24.79172        3565.455       0.9316059    
  97    1107.767       0.5523548        1006.579        24.67974        3566.496       0.9542806    
  99    1107.328       0.5521678        1007.097        24.56587        3567.525       0.9770786    
 101    1106.879       0.5519753        1007.613        24.45045        3568.542       0.9999998    

                      TRANSITION DUCT                                                              
                      STATION 2                                                                    
     NHT   LSFR IPRINT   NEXT
       9      0      1      1
    GAM             AR            ZMSFL
    1.319000        1716.510       0.4848600E-01
    RHUB            RTIP            ZHUB            ZTIP           CURVH           CURVT            ALH             ALT
   0.1496000       0.1929000      -0.1640000E-02  -0.1680000E-02   -7.300000        2.300000       0.1500000      -0.5000000E-01
          STRFN ARRAY
    0.000000       0.1250000       0.2500000       0.3750000       0.5000000       0.6250000       0.7500000       0.8750000    
    1.000000    
          ZLAMDA ARRAY
    80.08500        82.16800        83.89100        85.29500        86.42000        87.33400        88.00400        88.39300    
    88.37600    
          TIP ARRAY
    2078.900        2075.500        2072.400        2069.600        2067.000        2064.700        2062.600        2060.800    
    2059.400    
          RHOIP ARRAY
   0.1179000E-02   0.1183400E-02   0.1187400E-02   0.1191100E-02   0.1194400E-02   0.1197500E-02   0.1200400E-02   0.1203000E-02
   0.1205000E-02

                      STATION 2                                                                    
  I       V             V/VCR           VSUBM            BETA      STATIC PRESSURE   STREAM FUNCTION
   1    1216.280       0.6036797        1092.136        26.11250        3401.250        0.000000    
   3    1209.567       0.6004224        1085.110        26.21975        3410.335       0.1841382E-01
   5    1203.063       0.5972673        1078.322        26.32232        3419.138       0.3685902E-01
   7    1196.763       0.5942122        1071.769        26.41996        3427.662       0.5533709E-01
   9    1190.662       0.5912547        1065.449        26.51245        3435.916       0.7384954E-01
  11    1184.756       0.5883924        1059.359        26.59952        3443.903       0.9239799E-01
  13    1179.039       0.5856231        1053.496        26.68093        3451.632       0.1109841    
  15    1173.509       0.5829446        1047.859        26.75646        3459.108       0.1296095    
  17    1168.160       0.5803552        1042.445        26.82595        3466.335       0.1482761    
  19    1162.994       0.5778550        1037.253        26.88940        3473.319       0.1669857    
  21    1158.009       0.5754433        1032.281        26.94688        3480.065       0.1857402    
  23    1153.206       0.5731202        1027.528        26.99844        3486.577       0.2045417    
  25    1148.584       0.5708862        1022.994        27.04409        3492.860       0.2233921    
  27    1144.143       0.5687407        1018.677        27.08392        3498.918       0.2422938    
  29    1139.884       0.5666843        1014.577        27.11795        3504.757       0.2612489    
  31    1135.803       0.5647153        1010.688        27.14627        3510.377       0.2802598    
  33    1131.895       0.5628307        1007.006        27.16896        3515.784       0.2993287    
  35    1128.152       0.5610277        1003.522        27.18612        3520.982       0.3184580    
  37    1124.569       0.5593033        1000.230        27.19785        3525.973       0.3376498    
  39    1121.140       0.5576546        997.1221        27.20428        3530.760       0.3569063    
  41    1117.858       0.5560784        994.1922        27.20551        3535.347       0.3762295    
  43    1114.719       0.5545729        991.4349        27.20165        3539.735       0.3956215    
  45    1111.726       0.5531396        988.8524        27.19271        3543.927       0.4150843    
  47    1108.884       0.5517803        986.4483        27.17869        3547.925       0.4346203    
  49    1106.196       0.5504971        984.2250        27.15964        3551.731       0.4542316    
  51    1103.668       0.5492921        982.1873        27.13554        3555.348       0.4739207    
  53    1101.304       0.5481679        980.3386        27.10641        3558.776       0.4936903    
  55    1099.109       0.5471269        978.6838        27.07222        3562.018       0.5135431    
  57    1097.083       0.5461687        977.2214        27.03300        3565.076       0.5334821    
  59    1095.224       0.5452921        975.9498        26.98866        3567.950       0.5535100    
  61    1093.526       0.5444953        974.8649        26.93919        3570.643       0.5736299    
  63    1091.987       0.5437768        973.9642        26.88455        3573.154       0.5938445    
  65    1090.603       0.5431350        973.2444        26.82471        3575.485       0.6141568    
  67    1089.371       0.5425686        972.7029        26.75962        3577.636       0.6345699    
  69    1088.289       0.5420767        972.3378        26.68931        3579.607       0.6550865    
  71    1087.360       0.5416601        972.1504        26.61377        3581.400       0.6757097    
  73    1086.584       0.5413196        972.1421        26.53301        3583.014       0.6964424    
  75    1085.964       0.5410557        972.3132        26.44707        3584.450       0.7172879    
  77    1085.500       0.5408692        972.6655        26.35596        3585.705       0.7382493    
  79    1085.195       0.5407613        973.2006        26.25971        3586.782       0.7593297    
  81    1085.048       0.5407308        973.9175        26.15822        3587.679       0.7805326    
  83    1085.054       0.5407758        974.8146        26.05124        3588.394       0.8018612    
  85    1085.208       0.5408930        975.8878        25.93858        3588.928       0.8233188    
  87    1085.505       0.5410805        977.1360        25.81995        3589.280       0.8449086    
  89    1085.939       0.5413347        978.5546        25.69514        3589.447       0.8666337    
  91    1086.506       0.5416538        980.1417        25.56391        3589.429       0.8884972    
  93    1087.205       0.5420374        981.8962        25.42636        3589.225       0.9105023    
  95    1088.041       0.5424876        983.8180        25.28286        3588.830       0.9326520    
  97    1089.017       0.5430064        985.9073        25.13377        3588.246       0.9549494    
  99    1090.137       0.5435961        988.1646        24.97947        3587.468       0.9773979    
 101    1091.406       0.5442593        990.5913        24.82033        3586.496        1.000000    

                      TRANSITION DUCT                                                              
                   STATION 3                                                                       
     NHT   LSFR IPRINT   NEXT
       9      0      1      1
    GAM             AR            ZMSFL
    1.319000        1716.510       0.4848600E-01
    RHUB            RTIP            ZHUB            ZTIP           CURVH           CURVT            ALH             ALT
   0.1491800       0.1931200       0.6380000E-02   0.8140000E-02   -11.60000        5.350000       -6.670000        2.920000    
          STRFN ARRAY
    0.000000       0.1250000       0.2500000       0.3750000       0.5000000       0.6250000       0.7500000       0.8750000    
    1.000000    
          ZLAMDA ARRAY
    80.08500        82.16800        83.89100        85.29500        86.42000        87.33400        88.00400        88.39300    
    88.37600    
          TIP ARRAY
    2078.900        2075.500        2072.400        2069.600        2067.000        2064.700        2062.600        2060.800    
    2059.400    
          RHOIP ARRAY
   0.1176600E-02   0.1180800E-02   0.1184600E-02   0.1188100E-02   0.1191200E-02   0.1194100E-02   0.1196900E-02   0.1199200E-02
   0.1201200E-02

                   STATION 3                                                                       
  I       V             V/VCR           VSUBM            BETA      STATIC PRESSURE   STREAM FUNCTION
   1    1245.954       0.6184080        1124.371        25.52230        3357.891        0.000000    
   3    1235.348       0.6132219        1113.050        25.71005        3371.812       0.1892744E-01
   5    1225.148       0.6082354        1102.178        25.89076        3385.164       0.3784591E-01
   7    1215.341       0.6034420        1091.744        26.06413        3397.967       0.5675766E-01
   9    1205.915       0.5988359        1081.740        26.22984        3410.241       0.7566506E-01
  11    1196.858       0.5944114        1072.155        26.38759        3422.005       0.9457058E-01
  13    1188.160       0.5901625        1062.981        26.53710        3433.277       0.1134769    
  15    1179.809       0.5860845        1054.210        26.67805        3444.073       0.1323866    
  17    1171.797       0.5821728        1045.834        26.81030        3454.407       0.1513025    
  19    1164.118       0.5784245        1037.846        26.93385        3464.296       0.1702277    
  21    1156.766       0.5748370        1030.239        27.04870        3473.754       0.1891652    
  23    1149.736       0.5714080        1023.008        27.15488        3482.792       0.2081180    
  25    1143.024       0.5681349        1016.146        27.25242        3491.425       0.2270896    
  27    1136.625       0.5650160        1009.649        27.34133        3499.663       0.2460832    
  29    1130.536       0.5620492        1003.511        27.42165        3507.518       0.2651024    
  31    1124.749       0.5592309        997.7238        27.49343        3515.001       0.2841508    
  33    1119.253       0.5565562        992.2769        27.55674        3522.121       0.3032320    
  35    1114.039       0.5540208        987.1600        27.61169        3528.886       0.3223493    
  37    1109.099       0.5516204        982.3636        27.65835        3535.306       0.3415066    
  39    1104.424       0.5493510        977.8785        27.69682        3541.387       0.3607071    
  41    1100.005       0.5472082        973.6948        27.72722        3547.138       0.3799544    
  43    1095.838       0.5451897        969.8063        27.74965        3552.564       0.3992520    
  45    1091.922       0.5432956        966.2121        27.76413        3557.672       0.4186033    
  47    1088.259       0.5415264        962.9126        27.77069        3562.466       0.4380120    
  49    1084.851       0.5398831        959.9084        27.76939        3566.953       0.4574819    
  51    1081.699       0.5383666        957.2004        27.76024        3571.137       0.4770169    
  53    1078.808       0.5369782        954.7906        27.74327        3575.021       0.4966210    
  55    1076.179       0.5357191        952.6798        27.71852        3578.610       0.5162984    
  57    1073.812       0.5345896        950.8691        27.68590        3581.908       0.5360535    
  59    1071.708       0.5335898        949.3589        27.64526        3584.916       0.5558909    
  61    1069.866       0.5327198        948.1499        27.59648        3587.637       0.5758149    
  63    1068.288       0.5319800        947.2432        27.53941        3590.074       0.5958304    
  65    1066.973       0.5313709        946.6401        27.47394        3592.227       0.6159424    
  67    1065.922       0.5308931        946.3423        27.39994        3594.098       0.6361556    
  69    1065.131       0.5305447        946.3445        27.31752        3595.685       0.6564752    
  71    1064.595       0.5303224        946.6387        27.22697        3596.992       0.6769064    
  73    1064.304       0.5302224        947.2155        27.12857        3598.015       0.6974538    
  75    1064.253       0.5302408        948.0652        27.02267        3598.754       0.7181222    
  77    1064.434       0.5303743        949.1794        26.90955        3599.209       0.7389163    
  79    1064.840       0.5306191        950.5487        26.78953        3599.375       0.7598402    
  81    1065.470       0.5309751        952.1736        26.66254        3599.254       0.7808984    
  83    1066.334       0.5314465        954.0662        26.52805        3598.841       0.8020952    
  85    1067.441       0.5320377        956.2395        26.38550        3598.133       0.8234357    
  87    1068.800       0.5327535        958.7061        26.23436        3597.127       0.8449246    
  89    1070.422       0.5335993        961.4812        26.07405        3595.819       0.8665677    
  91    1072.317       0.5345801        964.5781        25.90405        3594.203       0.8883708    
  93    1074.493       0.5356994        968.0026        25.72442        3592.274       0.9103400    
  95    1076.954       0.5369593        971.7537        25.53567        3590.027       0.9324812    
  97    1079.702       0.5383615        975.8306        25.33834        3587.455       0.9548010    
  99    1082.741       0.5399081        980.2322        25.13295        3584.550       0.9773052    
 101    1086.077       0.5416017        984.9594        24.92006        3581.307        1.000000    

                      TRANSITION DUCT                                                              
                      STATION 4                                                                    
     NHT   LSFR IPRINT   NEXT
       9      0      1      1
    GAM             AR            ZMSFL
    1.319000        1716.510       0.4848600E-01
    RHUB            RTIP            ZHUB            ZTIP           CURVH           CURVT            ALH             ALT
   0.1450800       0.1955200       0.3040000E-01   0.3030000E-01    1.270000        3.327000       -9.000000        8.940000    
          STRFN ARRAY
    0.000000       0.1250000       0.2500000       0.3750000       0.5000000       0.6250000       0.7500000       0.8750000    
    1.000000    
          ZLAMDA ARRAY
    80.08500        82.16800        83.89100        85.29500        86.42000        87.33400        88.00400        88.39300    
    88.37600    
          TIP ARRAY
    2078.900        2075.500        2072.400        2069.600        2067.000        2064.700        2062.600        2060.800    
    2059.400    
          RHOIP ARRAY
   0.1167700E-02   0.1171700E-02   0.1175200E-02   0.1178500E-02   0.1181400E-02   0.1184200E-02   0.1186700E-02   0.1188900E-02
   0.1190700E-02

                      STATION 4                                                                    
  I       V             V/VCR           VSUBM            BETA      STATIC PRESSURE   STREAM FUNCTION
   1    973.0872       0.4829751        801.3665        34.56026        3641.211        0.000000    
   3    973.1823       0.4830740        802.7805        34.42139        3641.894       0.1590072E-01
   5    973.3136       0.4831911        804.2183        34.28270        3642.533       0.3196216E-01
   7    973.4776       0.4833246        805.6785        34.14403        3643.129       0.4818479E-01
   9    973.6721       0.4834733        807.1613        34.00520        3643.685       0.6456906E-01
  11    973.8937       0.4836355        808.6655        33.86604        3644.200       0.8111542E-01
  13    974.1395       0.4838097        810.1904        33.72638        3644.675       0.9782426E-01
  15    974.4065       0.4839944        811.7353        33.58603        3645.110       0.1146959    
  17    974.6912       0.4841878        813.2989        33.44482        3645.507       0.1317308    
  19    974.9940       0.4843899        814.8830        33.30259        3645.867       0.1489292    
  21    975.3187       0.4846028        816.4918        33.15921        3646.190       0.1662914    
  23    975.6698       0.4848286        818.1299        33.01462        3646.477       0.1838180    
  25    976.0521       0.4850697        819.8022        32.86870        3646.728       0.2015095    
  27    976.4713       0.4853288        821.5145        32.72134        3646.945       0.2193666    
  29    976.9324       0.4856085        823.2722        32.57243        3647.127       0.2373901    
  31    977.4419       0.4859120        825.0817        32.42185        3647.276       0.2555811    
  33    978.0010       0.4862398        826.9440        32.26961        3647.391       0.2739404    
  35    978.6021       0.4865883        828.8503        32.11596        3647.474       0.2924691    
  37    979.2374       0.4869536        830.7920        31.96116        3647.524       0.3111680    
  39    979.8973       0.4873311        832.7578        31.80551        3647.544       0.3300375    
  41    980.5726       0.4877162        834.7378        31.64929        3647.533       0.3490781    
  43    981.2542       0.4881046        836.7216        31.49275        3647.491       0.3682896    
  45    981.9321       0.4884911        838.6978        31.33622        3647.421       0.3876718    
  47    982.6074       0.4888766        840.6675        31.17970        3647.321       0.4072243    
  49    983.2897       0.4892655        842.6407        31.02297        3647.194       0.4269469    
  51    983.9885       0.4896624        844.6271        30.86584        3647.041       0.4468394    
  53    984.7137       0.4900721        846.6369        30.70813        3646.859       0.4669020    
  55    985.4766       0.4905002        848.6819        30.54961        3646.653       0.4871351    
  57    986.2880       0.4909516        850.7731        30.39009        3646.420       0.5075393    
  59    987.1510       0.4914282        852.9138        30.22952        3646.162       0.5281157    
  61    988.0576       0.4919258        855.0960        30.06800        3645.881       0.5488648    
  63    988.9980       0.4924399        857.3102        29.90569        3645.575       0.5697873    
  65    989.9619       0.4929652        859.5460        29.74274        3645.247       0.5908836    
  67    990.9377       0.4934963        861.7918        29.57933        3644.895       0.6121535    
  69    991.9153       0.4940282        864.0377        29.41560        3644.521       0.6335970    
  71    992.8895       0.4945584        866.2787        29.25158        3644.126       0.6552134    
  73    993.8630       0.4950880        868.5179        29.08719        3643.710       0.6770023    
  75    994.8395       0.4956189        870.7593        28.92233        3643.273       0.6989630    
  77    995.8232       0.4961530        873.0075        28.75686        3642.817       0.7210953    
  79    996.8191       0.4966925        875.2679        28.59067        3642.341       0.7433991    
  81    997.8299       0.4972388        877.5437        28.42365        3641.846       0.7658739    
  83    998.8562       0.4977919        879.8384        28.25543        3641.334       0.7885197    
  85    999.8946       0.4983501        882.1526        28.08555        3640.804       0.8113365    
  87    1000.941       0.4989114        884.4869        27.91355        3640.256       0.8343239    
  89    1001.995       0.4994745        886.8433        27.73891        3639.691       0.8574820    
  91    1003.050       0.5000371        889.2213        27.56117        3639.109       0.8808104    
  93    1004.106       0.5005984        891.6207        27.38014        3638.511       0.9043092    
  95    1005.163       0.5011588        894.0382        27.19624        3637.895       0.9279779    
  97    1006.222       0.5017193        896.4716        27.00992        3637.265       0.9518161    
  99    1007.285       0.5022802        898.9162        26.82173        3636.618       0.9758236    
 101    1008.353       0.5028427        901.3699        26.63213        3635.956       0.9999998    

                      TRANSITION DUCT                                                              
                        STATION 5                                                                  
     NHT   LSFR IPRINT   NEXT
       9      0      1      1
    GAM             AR            ZMSFL
    1.319000        1716.510       0.4848600E-01
    RHUB            RTIP            ZHUB            ZTIP           CURVH           CURVT            ALH             ALT
   0.1398300       0.2013000       0.6250000E-01   0.6040000E-01    2.550000        1.480000       -8.840000        12.33000    
          STRFN ARRAY
    0.000000       0.1250000       0.2500000       0.3750000       0.5000000       0.6250000       0.7500000       0.8750000    
    1.000000    
          ZLAMDA ARRAY
    80.08500        82.16800        83.89100        85.29500        86.42000        87.33400        88.00400        88.39300    
    88.37600    
          TIP ARRAY
    2078.900        2075.500        2072.400        2069.600        2067.000        2064.700        2062.600        2060.800    
    2059.400    
          RHOIP ARRAY
   0.1155800E-02   0.1159400E-02   0.1162700E-02   0.1165500E-02   0.1168200E-02   0.1170600E-02   0.1172800E-02   0.1174800E-02
   0.1176300E-02

                        STATION 5                                                                  
  I       V             V/VCR           VSUBM            BETA      STATIC PRESSURE   STREAM FUNCTION
   1    857.3353       0.4255237        637.9677        41.91570        3715.939        0.000000    
   3    856.7512       0.4252768        639.9646        41.67170        3717.061       0.1502059E-01
   5    856.2191       0.4250560        641.9612        41.43017        3718.143       0.3024776E-01
   7    855.7372       0.4248603        643.9604        41.19075        3719.185       0.4568209E-01
   9    855.3013       0.4246877        645.9614        40.95328        3720.191       0.6132418E-01
  11    854.9095       0.4245371        647.9667        40.71742        3721.162       0.7717462E-01
  13    854.5596       0.4244075        649.9780        40.48288        3722.101       0.9323402E-01
  15    854.2491       0.4242975        651.9971        40.24933        3723.010       0.1095030    
  17    853.9745       0.4242053        654.0239        40.01654        3723.892       0.1259822    
  19    853.7336       0.4241298        656.0596        39.78426        3724.747       0.1426722    
  21    853.5208       0.4240682        658.0977        39.55272        3725.577       0.1595736    
  23    853.3284       0.4240167        660.1293        39.32231        3726.386       0.1766866    
  25    853.1508       0.4239725        662.1472        39.09334        3727.176       0.1940114    
  27    852.9802       0.4239316        664.1418        38.86620        3727.946       0.2115477    
  29    852.8086       0.4238900        666.1038        38.64129        3728.699       0.2292950    
  31    852.6285       0.4238441        668.0237        38.41901        3729.439       0.2472525    
  33    852.4326       0.4237900        669.8928        38.19971        3730.167       0.2654190    
  35    852.2222       0.4237286        671.7146        37.98315        3730.884       0.2837933    
  37    852.0025       0.4236623        673.4974        37.76889        3731.592       0.3023742    
  39    851.7796       0.4235943        675.2512        37.55643        3732.294       0.3211608    
  41    851.5591       0.4235276        676.9843        37.34532        3732.992       0.3401524    
  43    851.3483       0.4234656        678.7073        37.13506        3733.686       0.3593485    
  45    851.1546       0.4234123        680.4313        36.92511        3734.379       0.3787489    
  47    850.9827       0.4233700        682.1622        36.71520        3735.072       0.3983537    
  49    850.8267       0.4233355        683.8923        36.50573        3735.765       0.4181629    
  51    850.6791       0.4233052        685.6110        36.29720        3736.463       0.4381762    
  53    850.5331       0.4232754        687.3093        36.09004        3737.165       0.4583929    
  55    850.3791       0.4232412        688.9740        35.88488        3737.873       0.4788122    
  57    850.2100       0.4231990        690.5959        35.68217        3738.589       0.4994323    
  59    850.0178       0.4231445        692.1646        35.48237        3739.314       0.5202516    
  61    849.8000       0.4230768        693.6794        35.28533        3740.052       0.5412681    
  63    849.5577       0.4229964        695.1450        35.09066        3740.801       0.5624797    
  65    849.2886       0.4229022        696.5613        34.89816        3741.566       0.5838844    
  67    848.9952       0.4227955        697.9344        34.70734        3742.346       0.6054801    
  69    848.6766       0.4226761        699.2660        34.51795        3743.143       0.6272652    
  71    848.3323       0.4225439        700.5577        34.32972        3743.959       0.6492376    
  73    847.9661       0.4224004        701.8150        34.14241        3744.795       0.6713957    
  75    847.5782       0.4222459        703.0380        33.95599        3745.653       0.6937376    
  77    847.1712       0.4220814        704.2303        33.77030        3746.532       0.7162616    
  79    846.7481       0.4219082        705.3956        33.58518        3747.435       0.7389660    
  81    846.3092       0.4217266        706.5346        33.40059        3748.364       0.7618491    
  83    845.8522       0.4215350        707.6476        33.21625        3749.319       0.7849093    
  85    845.3651       0.4213275        708.7264        33.03189        3750.301       0.8081446    
  87    844.8375       0.4210986        709.7648        32.84721        3751.311       0.8315528    
  89    844.2571       0.4208423        710.7545        32.66191        3752.350       0.8551314    
  91    843.6122       0.4205522        711.6875        32.47570        3753.420       0.8788775    
  93    842.8939       0.4202242        712.5567        32.28846        3754.521       0.9027877    
  95    842.1038       0.4198588        713.3598        32.10061        3755.653       0.9268587    
  97    841.2436       0.4194573        714.0938        31.91266        3756.817       0.9510869    
  99    840.3167       0.4190214        714.7573        31.72510        3758.016       0.9754687    
 101    839.3257       0.4185526        715.3486        31.53843        3759.248        1.000000    

                      TRANSITION DUCT                                                              
                      STATION 6                                                                    
     NHT   LSFR IPRINT   NEXT
       9      0      1      1
    GAM             AR            ZMSFL
    1.319000        1716.510       0.4848600E-01
    RHUB            RTIP            ZHUB            ZTIP           CURVH           CURVT            ALH             ALT
   0.1373500       0.2071300       0.9450000E-01   0.8500000E-01    6.500000        1.700000        1.400000        14.29000    
          STRFN ARRAY
    0.000000       0.1250000       0.2500000       0.3750000       0.5000000       0.6250000       0.7500000       0.8750000    
    1.000000    
          ZLAMDA ARRAY
    80.08500        82.16800        83.89100        85.29500        86.42000        87.33400        88.00400        88.39300    
    88.37600    
          TIP ARRAY
    2078.900        2075.500        2072.400        2069.600        2067.000        2064.700        2062.600        2060.800    
    2059.400    
          RHOIP ARRAY
   0.1144100E-02   0.1147600E-02   0.1150800E-02   0.1153600E-02   0.1156300E-02   0.1158700E-02   0.1160900E-02   0.1162800E-02
   0.1164400E-02

                      STATION 6                                                                    
  I       V             V/VCR           VSUBM            BETA      STATIC PRESSURE   STREAM FUNCTION
   1    765.0157       0.3797024        495.2530        49.65593        3758.135        0.000000    
   3    764.3300       0.3793963        499.0574        49.23677        3759.227       0.1338317E-01
   5    763.7550       0.3791455        502.8597        48.82169        3760.234       0.2701746E-01
   7    763.2869       0.3789482        506.6621        48.41044        3761.160       0.4090493E-01
   9    762.9205       0.3788017        510.4649        48.00289        3762.011       0.5504757E-01
  11    762.6494       0.3787029        514.2659        47.59902        3762.789       0.6944741E-01
  13    762.4699       0.3786499        518.0679        47.19852        3763.500       0.8410645E-01
  15    762.3776       0.3786404        521.8718        46.80120        3764.145       0.9902671E-01
  17    762.3663       0.3786715        525.6759        46.40693        3764.728       0.1142102    
  19    762.4332       0.3787416        529.4834        46.01537        3765.254       0.1296591    
  21    762.5714       0.3788473        533.2904        45.62658        3765.724       0.1453752    
  23    762.7758       0.3789862        537.0926        45.24077        3766.144       0.1613605    
  25    763.0398       0.3791547        540.8835        44.85828        3766.515       0.1776167    
  27    763.3557       0.3793492        544.6552        44.47950        3766.840       0.1941452    
  29    763.7170       0.3795664        548.4010        44.10477        3767.125       0.2109472    
  31    764.1162       0.3798026        552.1135        43.73444        3767.369       0.2280238    
  33    764.5453       0.3800536        555.7841        43.36893        3767.578       0.2453754    
  35    764.9973       0.3803161        559.4056        43.00856        3767.754       0.2630026    
  37    765.4701       0.3805889        562.9792        42.65318        3767.902       0.2809055    
  39    765.9640       0.3808724        566.5092        42.30239        3768.023       0.2990844    
  41    766.4830       0.3811685        570.0046        41.95567        3768.121       0.3175396    
  43    767.0276       0.3814774        573.4694        41.61264        3768.198       0.3362719    
  45    767.6034       0.3818022        576.9146        41.27266        3768.258       0.3552820    
  47    768.2137       0.3821445        580.3474        40.93525        3768.304       0.3745712    
  49    768.8611       0.3825054        583.7734        40.60008        3768.336       0.3941406    
  51    769.5394       0.3828821        587.1856        40.26749        3768.358       0.4139917    
  53    770.2405       0.3832703        590.5732        39.93807        3768.374       0.4341256    
  55    770.9543       0.3836649        593.9236        39.61247        3768.384       0.4545426    
  57    771.6719       0.3840612        597.2252        39.29127        3768.392       0.4752428    
  59    772.3809       0.3844529        600.4625        38.97526        3768.401       0.4962257    
  61    773.0725       0.3848357        603.6251        38.66493        3768.413       0.5174903    
  63    773.7421       0.3852071        606.7105        38.36018        3768.431       0.5390353    
  65    774.3912       0.3855681        609.7256        38.06040        3768.458       0.5608593    
  67    775.0184       0.3859178        612.6734        37.76516        3768.497       0.5829611    
  69    775.6252       0.3862574        615.5603        37.47385        3768.550       0.6053398    
  71    776.2134       0.3865876        618.3929        37.18587        3768.619       0.6279943    
  73    776.7815       0.3869080        621.1730        36.90089        3768.706       0.6509240    
  75    777.3250       0.3872161        623.8965        36.61898        3768.815       0.6741280    
  77    777.8370       0.3875084        626.5561        36.34038        3768.946       0.6976053    
  79    778.3111       0.3877815        629.1452        36.06528        3769.102       0.7213542    
  81    778.7419       0.3880326        631.6583        35.79385        3769.287       0.7453732    
  83    779.1215       0.3882575        634.0872        35.52629        3769.500       0.7696601    
  85    779.4493       0.3884560        636.4384        35.26175        3769.745       0.7942126    
  87    779.7257       0.3886279        638.7209        34.99910        3770.024       0.8190286    
  89    779.9523       0.3887738        640.9453        34.73713        3770.338       0.8441063    
  91    780.1296       0.3888940        643.1207        34.47464        3770.688       0.8694444    
  93    780.2608       0.3889897        645.2582        34.21049        3771.079       0.8950419    
  95    780.3445       0.3890603        647.3541        33.94492        3771.508       0.9208977    
  97    780.3793       0.3891053        649.4004        33.67875        3771.979       0.9470105    
  99    780.3652       0.3891248        651.3906        33.41276        3772.492       0.9733789    
 101    780.3002       0.3891179        653.3160        33.14785        3773.050        1.000001    

                      TRANSITION DUCT                                                              
                      STATION 7                                                                    
     NHT   LSFR IPRINT   NEXT
       9      0      1      1
    GAM             AR            ZMSFL
    1.319000        1716.510       0.4848600E-01
    RHUB            RTIP            ZHUB            ZTIP           CURVH           CURVT            ALH             ALT
   0.1411100       0.2133300       0.1266000       0.1065000        4.100000        5.100000        11.20000        18.63000    
          STRFN ARRAY
    0.000000       0.1250000       0.2500000       0.3750000       0.5000000       0.6250000       0.7500000       0.8750000    
    1.000000    
          ZLAMDA ARRAY
    80.08500        82.16800        83.89100        85.29500        86.42000        87.33400        88.00400        88.39300    
    88.37600    
          TIP ARRAY
    2078.900        2075.500        2072.400        2069.600        2067.000        2064.700        2062.600        2060.800    
    2059.400    
          RHOIP ARRAY
   0.1132200E-02   0.1135900E-02   0.1139200E-02   0.1142500E-02   0.1145000E-02   0.1147600E-02   0.1150000E-02   0.1152100E-02
   0.1153900E-02

                      STATION 7                                                                    
  I       V             V/VCR           VSUBM            BETA      STATIC PRESSURE   STREAM FUNCTION
   1    723.7526       0.3592222        449.1334        51.64281        3751.815        0.000000    
   3    721.9271       0.3583481        451.3604        51.30196        3753.879       0.1324783E-01
   5    720.2293       0.3575376        453.6386        50.96072        3755.842       0.2670859E-01
   7    718.6560       0.3567891        455.9693        50.61893        3757.706       0.4038518E-01
   9    717.2022       0.3561001        458.3507        50.27663        3759.473       0.5428055E-01
  11    715.8645       0.3554688        460.7836        49.93364        3761.146       0.6839766E-01
  13    714.6376       0.3548927        463.2658        49.59000        3762.727       0.8273946E-01
  15    713.5174       0.3543697        465.7966        49.24563        3764.218       0.9730900E-01
  17    712.5006       0.3538981        468.3772        48.90033        3765.618       0.1121093    
  19    711.5814       0.3534751        471.0044        48.55413        3766.933       0.1271432    
  21    710.7591       0.3531002        473.6818        48.20673        3768.161       0.1424140    
  23    710.0386       0.3527760        476.4185        47.85760        3769.305       0.1579249    
  25    709.4290       0.3525069        479.2288        47.50597        3770.365       0.1736795    
  27    708.9391       0.3522974        482.1264        47.15108        3771.344       0.1896823    
  29    708.5794       0.3521525        485.1264        46.79219        3772.240       0.2059380    
  31    708.3622       0.3520785        488.2463        46.42837        3773.055       0.2224521    
  33    708.3008       0.3520820        491.5043        46.05875        3773.789       0.2392308    
  35    708.4088       0.3521698        494.9189        45.68245        3774.444       0.2562809    
  37    708.6881       0.3523428        498.4913        45.29956        3775.016       0.2736101    
  39    709.1164       0.3525900        502.1904        44.91201        3775.509       0.2912253    
  41    709.6675       0.3528984        505.9803        44.52192        3775.921       0.3091326    
  43    710.3139       0.3532544        509.8242        44.13139        3776.253       0.3273366    
  45    711.0227       0.3536417        513.6788        43.74282        3776.505       0.3458405    
  47    711.7598       0.3540434        517.5003        43.35855        3776.679       0.3646463    
  49    712.4868       0.3544404        521.2398        42.98114        3776.776       0.3837536    
  51    713.1973       0.3548295        524.8919        42.61074        3776.796       0.4031613    
  53    713.9182       0.3552241        528.4948        42.24528        3776.741       0.4228686    
  55    714.6838       0.3556411        532.0952        41.88226        3776.613       0.4428764    
  57    715.5303       0.3560983        535.7413        41.51924        3776.410       0.4631874    
  59    716.4994       0.3566165        539.4874        41.15352        3776.135       0.4838063    
  61    717.6368       0.3572184        543.3919        40.78236        3775.785       0.5047401    
  63    718.9704       0.3579176        547.4893        40.40421        3775.361       0.5259976    
  65    720.4861       0.3587074        551.7620        40.02008        3774.860       0.5475883    
  67    722.1622       0.3595770        556.1833        39.63138        3774.283       0.5695210    
  69    723.9735       0.3605140        560.7225        39.23964        3773.627       0.5918031    
  71    725.8934       0.3615052        565.3478        38.84639        3772.894       0.6144410    
  73    727.8931       0.3625365        570.0257        38.45311        3772.081       0.6374400    
  75    729.9587       0.3636011        574.7402        38.06053        3771.189       0.6608040    
  77    732.0958       0.3647013        579.4993        37.66827        3770.218       0.6845372    
  79    734.3075       0.3658389        584.3073        37.27615        3769.167       0.7086437    
  81    736.6006       0.3670169        589.1733        36.88379        3768.036       0.7331279    
  83    738.9807       0.3682381        594.1043        36.49092        3766.824       0.7579948    
  85    741.4508       0.3695039        599.1074        36.09703        3765.529       0.7832497    
  87    744.0139       0.3708154        604.1942        35.70096        3764.154       0.8088979    
  89    746.6699       0.3721726        609.3729        35.30166        3762.694       0.8349456    
  91    749.4203       0.3735759        614.6538        34.89795        3761.150       0.8613991    
  93    752.2665       0.3750259        620.0469        34.48866        3759.519       0.8882654    
  95    755.2111       0.3765237        625.5549        34.07365        3757.801       0.9155515    
  97    758.2554       0.3780703        631.1719        33.65392        3755.993       0.9432649    
  99    761.4015       0.3796667        636.8914        33.23052        3754.094       0.9714122    
 101    764.6510       0.3813140        642.7070        32.80457        3752.102        1.000000    

                      TRANSITION DUCT                                                              
                       STATION 8                                                                   
     NHT   LSFR IPRINT   NEXT
       9      0      1      1
    GAM             AR            ZMSFL
    1.319000        1716.510       0.4848600E-01
    RHUB            RTIP            ZHUB            ZTIP           CURVH           CURVT            ALH             ALT
   0.1492400       0.2223400       0.1586000       0.1281000        1.700000        6.000000        16.54000        27.04000    
          STRFN ARRAY
    0.000000       0.1250000       0.2500000       0.3750000       0.5000000       0.6250000       0.7500000       0.8750000    
    1.000000    
          ZLAMDA ARRAY
    80.08500        82.16800        83.89100        85.29500        86.42000        87.33400        88.00400        88.39300    
    88.37600    
          TIP ARRAY
    2078.900        2075.500        2072.400        2069.600        2067.000        2064.700        2062.600        2060.800    
    2059.400    
          RHOIP ARRAY
   0.1120100E-02   0.1123800E-02   0.1127100E-02   0.1130300E-02   0.1133200E-02   0.1136000E-02   0.1138500E-02   0.1140800E-02
   0.1142800E-02

                       STATION 8                                                                   
  I       V             V/VCR           VSUBM            BETA      STATIC PRESSURE   STREAM FUNCTION
   1    679.7862       0.3374002        417.3122        52.12887        3744.502        0.000000    
   3    677.5219       0.3363072        418.2519        51.87887        3746.818       0.1364105E-01
   5    675.3781       0.3352741        419.2743        51.62547        3749.045       0.2746220E-01
   7    673.3500       0.3342985        420.3765        51.36872        3751.184       0.4146672E-01
   9    671.4366       0.3333797        421.5612        51.10835        3753.236       0.5565796E-01
  11    669.6339       0.3325160        422.8268        50.84431        3755.202       0.7003938E-01
  13    667.9394       0.3317059        424.1736        50.57645        3757.084       0.8461446E-01
  15    666.3499       0.3309480        425.6010        50.30467        3758.883       0.9938674E-01
  17    664.8632       0.3302411        427.1101        50.02876        3760.600       0.1143599    
  19    663.4758       0.3295835        428.6997        49.74862        3762.236       0.1295376    
  21    662.1872       0.3289748        430.3720        49.46405        3763.792       0.1449236    
  23    661.0020       0.3284175        432.1338        49.17463        3765.268       0.1605220    
  25    659.9252       0.3279140        433.9927        48.87992        3766.665       0.1763372    
  27    658.9639       0.3274677        435.9588        48.57935        3767.983       0.1923739    
  29    658.1246       0.3270821        438.0408        48.27244        3769.224       0.2086374    
  31    657.4146       0.3267606        440.2485        47.95868        3770.386       0.2251333    
  33    656.8428       0.3265078        442.5936        47.63744        3771.469       0.2418678    
  35    656.4180       0.3263279        445.0874        47.30816        3772.475       0.2588478    
  37    656.1410       0.3262216        447.7299        46.97100        3773.402       0.2760803    
  39    656.0054       0.3261856        450.5116        46.62662        3774.250       0.2935726    
  41    656.0029       0.3262158        453.4200        46.27593        3775.019       0.3113313    
  43    656.1246       0.3263079        456.4428        45.91977        3775.708       0.3293629    
  45    656.3584       0.3264559        459.5630        45.55928        3776.317       0.3476731    
  47    656.6929       0.3266543        462.7652        45.19546        3776.846       0.3662676    
  49    657.1185       0.3268982        466.0364        44.82915        3777.294       0.3851509    
  51    657.6322       0.3271863        469.3724        44.46071        3777.660       0.4043277    
  53    658.2463       0.3275246        472.7891        44.08935        3777.945       0.4238026    
  55    658.9736       0.3279194        476.3025        43.71431        3778.147       0.4435812    
  57    659.8302       0.3283785        479.9326        43.33465        3778.266       0.4636699    
  59    660.8294       0.3289087        483.6951        42.94975        3778.299       0.4840757    
  61    661.9911       0.3295195        487.6139        42.55853        3778.247       0.5048069    
  63    663.3237       0.3302153        491.6984        42.16076        3778.107       0.5258723    
  65    664.8185       0.3309917        495.9374        41.75716        3777.878       0.5472811    
  67    666.4603       0.3318413        500.3123        41.34887        3777.558       0.5690419    
  69    668.2343       0.3327568        504.8052        40.93692        3777.146       0.5911623    
  71    670.1235       0.3337299        509.3958        40.52238        3776.640       0.6136494    
  73    672.1090       0.3347513        514.0623        40.10639        3776.038       0.6365094    
  75    674.1885       0.3358198        518.8029        39.68903        3775.339       0.6597478    
  77    676.3739       0.3369412        523.6329        39.26955        3774.541       0.6833705    
  79    678.6788       0.3381224        528.5696        38.84720        3773.641       0.7073844    
  81    681.1193       0.3393712        533.6331        38.42108        3772.638       0.7317970    
  83    683.7130       0.3406962        538.8442        37.99032        3771.530       0.7566170    
  85    686.4715       0.3421031        544.2194        37.55413        3770.312       0.7818540    
  87    689.3911       0.3435899        549.7602        37.11199        3768.984       0.8075182    
  89    692.4689       0.3451550        555.4701        36.66323        3767.540       0.8336198    
  91    695.6996       0.3467956        561.3500        36.20725        3765.977       0.8601692    
  93    699.0785       0.3485091        567.4009        35.74340        3764.292       0.8871769    
  95    702.6047       0.3502951        573.6218        35.27181        3762.482       0.9146533    
  97    706.2838       0.3521564        580.0103        34.79346        3760.541       0.9426091    
  99    710.1200       0.3540953        586.5621        34.30956        3758.465       0.9710547    
 101    714.1190       0.3561148        593.2744        33.82125        3756.250        1.000000    

                      TRANSITION DUCT                                                              
                        STATION 9                                                                  
     NHT   LSFR IPRINT   NEXT
       9      0      1      1
    GAM             AR            ZMSFL
    1.319000        1716.510       0.4848600E-01
    RHUB            RTIP            ZHUB            ZTIP           CURVH           CURVT            ALH             ALT
   0.1595800       0.2386200       0.1907000       0.1560000        1.800000      -0.9000000        19.30000        31.40000    
          STRFN ARRAY
    0.000000       0.1250000       0.2500000       0.3750000       0.5000000       0.6250000       0.7500000       0.8750000    
    1.000000    
          ZLAMDA ARRAY
    80.08500        82.16800        83.89100        85.29500        86.42000        87.33400        88.00400        88.39300    
    88.37600    
          TIP ARRAY
    2078.900        2075.500        2072.400        2069.600        2067.000        2064.700        2062.600        2060.800    
    2059.400    
          RHOIP ARRAY
   0.1107800E-02   0.1110900E-02   0.1113800E-02   0.1116500E-02   0.1119100E-02   0.1121500E-02   0.1123700E-02   0.1125800E-02
   0.1127600E-02

                        STATION 9                                                                  
  I       V             V/VCR           VSUBM            BETA      STATIC PRESSURE   STREAM FUNCTION
   1    643.6012       0.3194404        402.9523        51.23777        3728.692        0.000000    
   3    641.4160       0.3183886        403.4976        51.01822        3730.670       0.1529423E-01
   5    639.2866       0.3173645        404.0410        50.80080        3732.613       0.3077471E-01
   7    637.2095       0.3163663        404.5835        50.58520        3734.520       0.4644175E-01
   9    635.1838       0.3153934        405.1302        50.37087        3736.394       0.6229578E-01
  11    633.2050       0.3144438        405.6800        50.15766        3738.236       0.7833733E-01
  13    631.2729       0.3135173        406.2393        49.94490        3740.050       0.9456696E-01
  15    629.3834       0.3126117        406.8074        49.73238        3741.835       0.1109854    
  17    627.5355       0.3117265        407.3889        49.51955        3743.594       0.1275934    
  19    625.7269       0.3108607        407.9846        49.30614        3745.327       0.1443920    
  21    623.9562       0.3100134        408.5937        49.09221        3747.037       0.1613819    
  23    622.2197       0.3091828        409.2109        48.87811        3748.725       0.1785641    
  25    620.5178       0.3083692        409.8374        48.66378        3750.391       0.1959392    
  27    618.8466       0.3075705        410.4675        48.44962        3752.037       0.2135078    
  29    617.2056       0.3067865        411.1009        48.23569        3753.665       0.2312705    
  31    615.5910       0.3060154        411.7319        48.02240        3755.274       0.2492275    
  33    614.0031       0.3052571        412.3616        47.80968        3756.867       0.2673791    
  35    612.4393       0.3045106        412.9881        47.59762        3758.446       0.2857255    
  37    610.9007       0.3037763        413.6144        47.38593        3760.008       0.3042669    
  39    609.3864       0.3030539        414.2417        47.17445        3761.559       0.3230036    
  41    607.8960       0.3023432        414.8709        46.96302        3763.098       0.3419361    
  43    606.4310       0.3016450        415.5060        46.75132        3764.625       0.3610647    
  45    604.9900       0.3009587        416.1467        46.53927        3766.143       0.3803901    
  47    603.5739       0.3002847        416.7949        46.32673        3767.651       0.3999129    
  49    602.1796       0.2996214        417.4455        46.11412        3769.150       0.4196336    
  51    600.8062       0.2989683        418.0959        45.90170        3770.643       0.4395526    
  53    599.4509       0.2983239        418.7414        45.68989        3772.128       0.4596699    
  55    598.1116       0.2976871        419.3774        45.47912        3773.608       0.4799856    
  57    596.7869       0.2970570        420.0012        45.26967        3775.084       0.5004992    
  59    595.4722       0.2964314        420.6059        45.06209        3776.555       0.5212103    
  61    594.1631       0.2958080        421.1881        44.85645        3778.023       0.5421178    
  63    592.8551       0.2951846        421.7449        44.65274        3779.489       0.5632209    
  65    591.5419       0.2945583        422.2712        44.45110        3780.953       0.5845181    
  67    590.2179       0.2939263        422.7625        44.25162        3782.417       0.6060079    
  69    588.8775       0.2932859        423.2149        44.05433        3783.879       0.6276885    
  71    587.5156       0.2926346        423.6241        43.85933        3785.344       0.6495577    
  73    586.1408       0.2919767        424.0030        43.66569        3786.809       0.6716135    
  75    584.7625       0.2913167        424.3647        43.47251        3788.274       0.6938549    
  77    583.3897       0.2906590        424.7225        43.27889        3789.743       0.7162809    
  79    582.0325       0.2900086        425.0898        43.08390        3791.214       0.7388920    
  81    580.7025       0.2893712        425.4829        42.88645        3792.688       0.7616886    
  83    579.3988       0.2887463        425.9040        42.68610        3794.166       0.7846723    
  85    578.1130       0.2881295        426.3483        42.48258        3795.648       0.8078444    
  87    576.8308       0.2875138        426.8039        42.27610        3797.135       0.8312057    
  89    575.5428       0.2868942        427.2649        42.06642        3798.628       0.8547565    
  91    574.2362       0.2862643        427.7216        41.85352        3800.126       0.8784967    
  93    572.9011       0.2856191        428.1644        41.63763        3801.630       0.9024255    
  95    571.5374       0.2849587        428.5886        41.41938        3803.139       0.9265418    
  97    570.1458       0.2842835        428.9890        41.19958        3804.656       0.9508442    
  99    568.7302       0.2835955        429.3644        40.97875        3806.179       0.9753308    
 101    567.2902       0.2828946        429.7086        40.75783        3807.709        1.000000    

                      TRANSITION DUCT                                                              
                      STATION 10                                                                   
     NHT   LSFR IPRINT   NEXT
       9      0      1      1
    GAM             AR            ZMSFL
    1.319000        1716.510       0.4848600E-01
    RHUB            RTIP            ZHUB            ZTIP           CURVH           CURVT            ALH             ALT
   0.1718100       0.2574900       0.2227000       0.1917000       -3.200000       -5.900000        21.01000        22.57000    
          STRFN ARRAY
    0.000000       0.1250000       0.2500000       0.3750000       0.5000000       0.6250000       0.7500000       0.8750000    
    1.000000    
          ZLAMDA ARRAY
    80.08500        82.16800        83.89100        85.29500        86.42000        87.33400        88.00400        88.39300    
    88.37600    
          TIP ARRAY
    2078.900        2075.500        2072.400        2069.600        2067.000        2064.700        2062.600        2060.800    
    2059.400    
          RHOIP ARRAY
   0.1095300E-02   0.1097500E-02   0.1099500E-02   0.1101300E-02   0.1103100E-02   0.1104700E-02   0.1106200E-02   0.1107500E-02
   0.1108600E-02

                      STATION 10                                                                   
  I       V             V/VCR           VSUBM            BETA      STATIC PRESSURE   STREAM FUNCTION
   1    663.9048       0.3295178        472.7544        44.59546        3672.730        0.000000    
   3    658.8976       0.3270765        468.2555        44.71095        3676.354       0.2005105E-01
   5    653.9248       0.3246514        463.7823        44.82780        3679.933       0.4012836E-01
   7    648.9851       0.3222418        459.3388        44.94540        3683.465       0.6022913E-01
   9    644.0779       0.3198472        454.9302        45.06308        3686.953       0.8035073E-01
  11    639.2029       0.3174675        450.5614        45.18015        3690.396       0.1004909    
  13    634.3602       0.3151027        446.2379        45.29589        3693.795       0.1206475    
  15    629.5487       0.3127523        441.9633        45.40974        3697.150       0.1408187    
  17    624.7672       0.3104156        437.7357        45.52177        3700.461       0.1610029    
  19    620.0132       0.3080913        433.5493        45.63247        3703.730       0.1811981    
  21    615.2860       0.3057792        429.4011        45.74215        3706.958       0.2014025    
  23    610.5824       0.3034777        425.2839        45.85139        3710.142       0.2216136    
  25    605.9009       0.3011859        421.1935        45.96062        3713.285       0.2418293    
  27    601.2402       0.2989034        417.1262        46.07022        3716.387       0.2620467    
  29    596.6022       0.2966310        413.0836        46.18011        3719.448       0.2822633    
  31    591.9945       0.2943726        409.0771        46.28948        3722.469       0.3024768    
  33    587.4254       0.2921325        405.1194        46.39739        3725.450       0.3226855    
  35    582.9011       0.2899138        401.2198        46.50309        3728.390       0.3428886    
  37    578.4283       0.2877199        397.3884        46.60579        3731.293       0.3630855    
  39    574.0156       0.2855552        393.6380        46.70444        3734.157       0.3832766    
  41    569.6622       0.2834192        389.9670        46.79911        3736.984       0.4034625    
  43    565.3615       0.2813087        386.3634        46.89074        3739.774       0.4236438    
  45    561.1049       0.2792193        382.8122        46.98051        3742.528       0.4438201    
  47    556.8840       0.2771467        379.2988        47.06961        3745.246       0.4639905    
  49    552.6899       0.2750865        375.8080        47.15934        3747.929       0.4841534    
  51    548.5142       0.2730345        372.3249        47.25098        3750.578       0.5043063    
  53    544.3529       0.2709885        368.8429        47.34514        3753.192       0.5244461    
  55    540.2103       0.2689509        365.3699        47.44111        3755.771       0.5445696    
  57    536.0887       0.2669228        361.9120        47.53830        3758.317       0.5646743    
  59    531.9932       0.2649070        358.4784        47.63585        3760.828       0.5847580    
  61    527.9294       0.2629062        355.0799        47.73274        3763.307       0.6048192    
  63    523.9008       0.2609223        351.7235        47.82826        3765.753       0.6248568    
  65    519.9105       0.2589569        348.4156        47.92171        3768.167       0.6448704    
  67    515.9572       0.2570093        345.1542        48.01323        3770.548       0.6648596    
  69    512.0353       0.2550767        341.9305        48.10352        3772.898       0.6848236    
  71    508.1430       0.2531581        338.7412        48.19283        3775.217       0.7047616    
  73    504.2737       0.2512503        335.5762        48.28204        3777.505       0.7246723    
  75    500.4263       0.2493527        332.4330        48.37137        3779.764       0.7445541    
  77    496.5956       0.2474626        329.3041        48.46148        3781.991       0.7644051    
  79    492.7834       0.2455810        326.1952        48.55167        3784.189       0.7842232    
  81    488.9937       0.2437097        323.1170        48.64065        3786.358       0.8040070    
  83    485.2263       0.2418488        320.0742        48.72765        3788.496       0.8237555    
  85    481.4876       0.2400012        317.0808        48.81107        3790.607       0.8434684    
  87    477.7783       0.2381675        314.1427        48.88997        3792.688       0.8631461    
  89    474.1032       0.2363499        311.2711        48.96293        3794.742       0.8827896    
  91    470.4618       0.2345482        308.4658        49.02983        3796.768       0.9024002    
  93    466.8551       0.2327630        305.7239        49.09109        3798.767       0.9219795    
  95    463.2804       0.2309931        303.0371        49.14767        3800.740       0.9415285    
  97    459.7380       0.2292386        300.4013        49.20016        3802.686       0.9610480    
  99    456.2271       0.2274992        297.8110        49.24928        3804.607       0.9805388    
 101    452.7470       0.2257746        295.2611        49.29573        3806.502        1.000001    

                      TRANSITION DUCT                                                              
                        STATION 11                                                                 
     NHT   LSFR IPRINT   NEXT
       9      0      1      1
    GAM             AR            ZMSFL
    1.319000        1716.510       0.4848600E-01
    RHUB            RTIP            ZHUB            ZTIP           CURVH           CURVT            ALH             ALT
   0.1809500       0.2694600       0.2548000       0.2373000       -5.100000       -1.300000        10.44000        10.77000    
          STRFN ARRAY
    0.000000       0.1250000       0.2500000       0.3750000       0.5000000       0.6250000       0.7500000       0.8750000    
    1.000000    
          ZLAMDA ARRAY
    80.08500        82.16800        83.89100        85.29500        86.42000        87.33400        88.00400        88.39300    
    88.37600    
          TIP ARRAY
    2078.900        2075.500        2072.400        2069.600        2067.000        2064.700        2062.600        2060.800    
    2059.400    
          RHOIP ARRAY
   0.1091200E-02   0.1093000E-02   0.1094600E-02   0.1096100E-02   0.1097500E-02   0.1098700E-02   0.1099800E-02   0.1100800E-02
   0.1101500E-02

                        STATION 11                                                                 
  I       V             V/VCR           VSUBM            BETA      STATIC PRESSURE   STREAM FUNCTION
   1    639.2264       0.3172691        461.2294        43.81796        3675.748        0.000000    
   3    633.1841       0.3143130        455.0841        44.05083        3679.729       0.2035692E-01
   5    627.2652       0.3114169        449.0892        44.27906        3683.592       0.4066166E-01
   7    621.4640       0.3085780        443.2430        44.50216        3687.343       0.6091504E-01
   9    615.7776       0.3057947        437.5470        44.71949        3690.983       0.8111807E-01
  11    610.2018       0.3030652        432.0011        44.93047        3694.517       0.1012720    
  13    604.7329       0.3003874        426.6052        45.13457        3697.950       0.1213785    
  15    599.3666       0.2977592        421.3581        45.33135        3701.284       0.1414390    
  17    594.1053       0.2951820        416.2635        45.52034        3704.521       0.1614556    
  19    588.9483       0.2926552        411.3183        45.70166        3707.666       0.1814304    
  21    583.8985       0.2901804        406.5254        45.87499        3710.723       0.2013660    
  23    578.9567       0.2877581        401.8842        46.04028        3713.693       0.2212648    
  25    574.1249       0.2853893        397.3962        46.19729        3716.579       0.2411300    
  27    569.4064       0.2830757        393.0645        46.34569        3719.385       0.2609648    
  29    564.7973       0.2808153        388.8833        46.48566        3722.112       0.2807726    
  31    560.2946       0.2786068        384.8490        46.61723        3724.765       0.3005569    
  33    555.8930       0.2764476        380.9548        46.74061        3727.345       0.3203211    
  35    551.5870       0.2743352        377.1929        46.85617        3729.854       0.3400683    
  37    547.3735       0.2722681        373.5597        46.96394        3732.294       0.3598018    
  39    543.2463       0.2702431        370.0464        47.06438        3734.670       0.3795246    
  41    539.2026       0.2682591        366.6488        47.15766        3736.980       0.3992393    
  43    535.2385       0.2663139        363.3591        47.24434        3739.229       0.4189489    
  45    531.3518       0.2644066        360.1725        47.32478        3741.417       0.4386557    
  47    527.5393       0.2625354        357.0821        47.39950        3743.547       0.4583620    
  49    523.7993       0.2606994        354.0836        47.46885        3745.620       0.4780700    
  51    520.1270       0.2588963        351.1679        47.53357        3747.637       0.4977815    
  53    516.5217       0.2571256        348.3332        47.59378        3749.602       0.5174983    
  55    512.9805       0.2553859        345.5761        47.64958        3751.514       0.5372218    
  57    509.5059       0.2536786        342.9024        47.70021        3753.375       0.5569543    
  59    506.0965       0.2520031        340.3127        47.74537        3755.186       0.5766975    
  61    502.7513       0.2503588        337.8073        47.78478        3756.949       0.5964540    
  63    499.4700       0.2487460        335.3878        47.81803        3758.666       0.6162261    
  65    496.2541       0.2471652        333.0583        47.84452        3760.337       0.6360169    
  67    493.1037       0.2456165        330.8197        47.86400        3761.964       0.6558293    
  69    490.0221       0.2441016        328.6764        47.87595        3763.548       0.6756666    
  71    487.0122       0.2426220        326.6327        47.87990        3765.090       0.6955328    
  73    484.0750       0.2411780        324.6895        47.87564        3766.590       0.7154318    
  75    481.2155       0.2397721        322.8539        47.86240        3768.050       0.7353682    
  77    478.4364       0.2384057        321.1295        47.83976        3769.472       0.7553467    
  79    475.7348       0.2370773        319.5135        47.80769        3770.857       0.7753726    
  81    473.1057       0.2357844        318.0028        47.76599        3772.204       0.7954509    
  83    470.5396       0.2345222        316.5876        47.71505        3773.515       0.8155866    
  85    468.0306       0.2332877        315.2639        47.65473        3774.791       0.8357840    
  87    465.5673       0.2320753        314.0189        47.58571        3776.032       0.8560471    
  89    463.1440       0.2308821        312.8485        47.50788        3777.240       0.8763797    
  91    460.7530       0.2297042        311.7440        47.42173        3778.413       0.8967850    
  93    458.3932       0.2285412        310.7000        47.32784        3779.554       0.9172659    
  95    456.0660       0.2273938        309.7140        47.22672        3780.662       0.9378253    
  97    453.7745       0.2262636        308.7861        47.11856        3781.739       0.9584659    
  99    451.5193       0.2251509        307.9124        47.00398        3782.784       0.9791903    
 101    449.2999       0.2240556        307.0881        46.88370        3783.798        1.000001    

                      TRANSITION DUCT                                                              
                         STATION 12                                                                
     NHT   LSFR IPRINT   NEXT
       9      0      1      0
    GAM             AR            ZMSFL
    1.319000        1716.510       0.4848600E-01
    RHUB            RTIP            ZHUB            ZTIP           CURVH           CURVT            ALH             ALT
   0.1833000       0.2730800       0.2708000       0.2601000       -3.000000       -4.100000        6.620000        6.810000    
          STRFN ARRAY
    0.000000       0.1250000       0.2500000       0.3750000       0.5000000       0.6250000       0.7500000       0.8750000    
    1.000000    
          ZLAMDA ARRAY
    80.08500        82.16800        83.89100        85.29500        86.42000        87.33400        88.00400        88.39300    
    88.37600    
          TIP ARRAY
    2078.900        2075.500        2072.400        2069.600        2067.000        2064.700        2062.600        2060.800    
    2059.400    
          RHOIP ARRAY
   0.1091200E-02   0.1093000E-02   0.1094600E-02   0.1096100E-02   0.1097500E-02   0.1098700E-02   0.1099800E-02   0.1100800E-02
   0.1101500E-02

                         STATION 12                                                                
  I       V             V/VCR           VSUBM            BETA      STATIC PRESSURE   STREAM FUNCTION
   1    623.4477       0.3094376        444.7466        44.49052        3686.165        0.000000    
   3    618.7000       0.3071223        440.3876        44.61884        3689.220       0.2000499E-01
   5    613.9933       0.3048265        436.0669        44.74763        3692.223       0.4002474E-01
   7    609.3253       0.3025489        431.7867        44.87638        3695.178       0.6005697E-01
   9    604.6949       0.3002891        427.5506        45.00446        3698.085       0.8009962E-01
  11    600.1000       0.2980458        423.3607        45.13137        3700.943       0.1001507    
  13    595.5402       0.2958189        419.2216        45.25643        3703.755       0.1202087    
  15    591.0133       0.2936072        415.1344        45.37922        3706.520       0.1402719    
  17    586.5220       0.2914121        411.1031        45.49940        3709.241       0.1603391    
  19    582.0697       0.2892352        407.1305        45.61686        3711.916       0.1804093    
  21    577.6609       0.2870789        403.2211        45.73132        3714.548       0.2004816    
  23    573.2993       0.2849449        399.3781        45.84266        3717.137       0.2205554    
  25    568.9874       0.2828346        395.6033        45.95077        3719.684       0.2406305    
  27    564.7310       0.2807507        391.9032        46.05524        3722.189       0.2607068    
  29    560.5295       0.2786932        388.2763        46.15613        3724.655       0.2807846    
  31    556.3807       0.2766609        384.7198        46.25352        3727.079       0.3008641    
  33    552.2799       0.2746516        381.2273        46.34778        3729.466       0.3209455    
  35    548.2249       0.2726643        377.7961        46.43903        3731.814       0.3410286    
  37    544.2113       0.2706968        374.4200        46.52762        3734.125       0.3611133    
  39    540.2371       0.2687484        371.0964        46.61369        3736.400       0.3811991    
  41    536.2988       0.2668171        367.8197        46.69763        3738.638       0.4012857    
  43    532.3944       0.2649020        364.5847        46.77996        3740.842       0.4213723    
  45    528.5224       0.2630022        361.3873        46.86112        3743.011       0.4414580    
  47    524.6815       0.2611172        358.2233        46.94153        3745.146       0.4615417    
  49    520.8688       0.2592452        355.0863        47.02185        3747.247       0.4816218    
  51    517.0836       0.2573861        351.9734        47.10245        3749.315       0.5016970    
  53    513.3250       0.2555392        348.8821        47.18358        3751.351       0.5217654    
  55    509.5920       0.2537041        345.8126        47.26513        3753.356       0.5418251    
  57    505.8859       0.2518817        342.7688        47.34661        3755.328       0.5618746    
  59    502.2080       0.2500725        339.7548        47.42754        3757.271       0.5819126    
  61    498.5586       0.2482768        336.7729        47.50754        3759.183       0.6019378    
  63    494.9377       0.2464948        333.8252        47.58628        3761.065       0.6219495    
  65    491.3491       0.2447282        330.9187        47.66299        3762.918       0.6419470    
  67    487.7914       0.2429766        328.0518        47.73777        3764.742       0.6619300    
  69    484.2719       0.2412433        325.2346        47.80971        3766.538       0.6818983    
  71    480.7902       0.2395284        322.4664        47.87881        3768.307       0.7018523    
  73    477.3526       0.2378347        319.7563        47.94425        3770.049       0.7217926    
  75    473.9626       0.2361641        317.1089        48.00552        3771.765       0.7417204    
  77    470.6206       0.2345167        314.5249        48.06251        3773.454       0.7616369    
  79    467.3254       0.2328919        312.0052        48.11482        3775.118       0.7815437    
  81    464.0698       0.2312861        309.5435        48.16256        3776.757       0.8014423    
  83    460.8450       0.2296949        307.1313        48.20615        3778.373       0.8213338    
  85    457.6428       0.2281141        304.7605        48.24588        3779.964       0.8412185    
  87    454.4566       0.2265406        302.4256        48.28188        3781.531       0.8610967    
  89    451.2774       0.2249697        300.1171        48.31469        3783.076       0.8809681    
  91    448.1024       0.2234001        297.8313        48.34451        3784.598       0.9008321    
  93    444.9303       0.2218312        295.5628        48.37212        3786.098       0.9206874    
  95    441.7645       0.2202647        293.3120        48.39775        3787.575       0.9405331    
  97    438.6057       0.2187011        291.0757        48.42204        3789.030       0.9603680    
  99    435.4545       0.2171407        288.8506        48.44556        3790.463       0.9801909    
 101    432.3143       0.2155853        286.6381        48.46851        3791.875        1.000000    

                      TRANSITION DUCT                                                              
HUB OUTPUT DATA FOR  12 STATIONS
     DISTANCE            V           V/VCR           V-SUB-M           BETA       STATIC PRESSURE
      0.00000         1130.88        0.561292         996.147         28.2535         3502.95    
     0.400600E-01     1216.28        0.603680         1092.14         26.1125         3401.25    
     0.480910E-01     1245.95        0.618408         1124.37         25.5223         3357.89    
     0.724584E-01     973.087        0.482975         801.366         34.5603         3641.21    
     0.104985         857.335        0.425524         637.968         41.9157         3715.94    
     0.137081         765.016        0.379702         495.253         49.6559         3758.14    
     0.169400         723.753        0.359222         449.133         51.6428         3751.82    
     0.202417         679.786        0.337400         417.312         52.1289         3744.50    
     0.236141         643.601        0.319440         402.952         51.2378         3728.69    
     0.270399         663.905        0.329518         472.754         44.5955         3672.73    
     0.303774         639.226        0.317269         461.229         43.8180         3675.75    
     0.319946         623.448        0.309438         444.747         44.4905         3686.16    
SHROUD OUTPUT DATA FOR  12 STATIONS
     DISTANCE            V           V/VCR           V-SUB-M           BETA       STATIC PRESSURE
      0.00000         1106.88        0.551975         1007.61         24.4505         3568.54    
     0.400200E-01     1091.41        0.544259         990.591         24.8203         3586.50    
     0.498425E-01     1086.08        0.541602         984.959         24.9201         3581.31    
     0.721321E-01     1008.35        0.502843         901.370         26.6321         3635.96    
     0.102782         839.326        0.418553         715.349         31.5384         3759.25    
     0.128063         780.300        0.389118         653.316         33.1479         3773.05    
     0.150439         764.651        0.381314         642.707         32.8046         3752.10    
     0.173843         714.119        0.356115         593.274         33.8213         3756.25    
     0.206146         567.290        0.282895         429.709         40.7578         3807.71    
     0.246526         452.747        0.225775         295.261         49.2957         3806.50    
     0.293671         449.300        0.224056         307.088         46.8837         3783.80    
     0.316757         432.314        0.215585         286.638         48.4685         3791.87    
