 PROGRAM TO PROCESS ATC RADAR DATA
   CV-990 AT STOCKTON
time difference, seconds     12.00
wing loading (weight/wingArea), psf     77.30
lift curve slope, per degree    0.0760
angle of attack for zero lift     -2.00
magnetic variation, degrees    -17.00
points for pre-smoothing   3
points for ground speed smoothing   9
points for track angle smoothing   3
points for altitude smoothing   3





    ALTITUDE        WINDS          TEMPERATURE
     1000 FT    DEG      KNOTS     DEG F      

     0.000    250.00     10.00     82.00
     5.000    200.00     10.00     80.00
    10.000    220.00     15.00     50.00
    20.000    250.00     25.00      7.00
    30.000    270.00     30.00    -35.00
                      PRINTOUT OF INPUT DATA
  POINT                      EAST     NORTH
  NO   HOUR  MIN   SEC      RANGE     RANGE     ALTITUDE
                            N. MI     N. MI       FEET
    1   21   48   55      522.69      216.63    29000.00
    2   21   49    7      522.38      218.06    29000.00
    3   21   49   19      521.88      219.56    29000.00
    4   21   49   31      521.81      220.94    29000.00
    5   21   49   43      520.94      222.44    29000.00
    6   21   49   55      520.69      223.81    29000.00
    7   21   50    7      520.44      224.56    29000.00
    8   21   50   19      520.20      225.95    29100.00
    9   21   50   31      520.25      227.38    29100.00
   10   21   50   43      520.50      228.88    29000.00
   11   21   50   55      520.88      230.44    29100.00
   12   21   51    7      521.00      231.75    29000.00
   13   21   51   19      521.19      233.19    29100.00
   14   21   51   31      521.50      234.75    29100.00
   15   21   51   43      521.75      236.13    29100.00
   16   21   51   55      522.13      237.61    29100.00
   17   21   52    7      522.25      239.00    29100.00
   18   21   52   19      522.41      240.44    29000.00
   19   21   52   31      522.65      242.06    28800.00
   20   21   52   43      523.00      243.69    28300.00
   21   21   52   55      523.13      245.19    27700.00
   22   21   53    7      523.29      246.75    27200.00
   23   21   53   19      523.56      248.38    26600.00
   24   21   53   31      523.69      250.06    26100.00
   25   21   53   43      523.94      251.66    25600.00
   26   21   53   55      524.06      253.31    25000.00
   27   21   54    7      523.94      254.78    24600.00
   28   21   54   19      523.38      256.13    24000.00
   29   21   54   31      522.63      257.50    23500.00
   30   21   54   43      522.06      258.94    23300.00
   31   21   54   55      521.25      260.23    23100.00
   32   21   55    7      520.69      261.63    22900.00
   33   21   55   19      519.94      262.75    22800.00
   34   21   55   31      518.75      263.50    22700.00
   35   21   55   43      517.44      264.00    22400.00
   36   21   55   55      516.15      264.13    21800.00
   37   21   56    7      514.75      264.13    21300.00
   38   21   56   19      513.44      264.25    21000.00
   39   21   56   31      512.13      264.19    20600.00
   40   21   56   43      510.75      264.25    20100.00
   41   21   56   55      509.31      264.31    19600.00
   42   21   57    7      507.94      264.38    19200.00
   43   21   57   19      506.44      264.44    18800.00
   44   21   57   31      505.00      264.31    18300.00
   45   21   57   43      503.38      264.25    17800.00
   46   21   57   55      502.06      264.38    17400.00
   47   21   58    7      500.56      264.41    16900.00
   48   21   58   19      499.18      264.56    16400.00
   49   21   58   31      497.75      264.63    16000.00
   50   21   58   43      496.31      265.00    15600.00
   51   21   58   55      495.00      265.63    15300.00
   52   21   59    7      493.94      266.50    14900.00
   53   21   59   19      492.69      267.19    14600.00
   54   21   59   31      491.44      267.91    14200.00
   55   21   59   43      490.33      268.75    13900.00
   56   21   59   55      489.19      269.25    13600.00
   57   22    0    7      487.94      269.50    13300.00
   58   22    0   19      486.88      269.50    13000.00
   59   22    0   31      485.63      269.25    12300.00
   60   22    0   43      484.31      269.00    11400.00
   61   22    0   55      483.13      268.88    10600.00
   62   22    1    7      481.81      268.69    10100.00
   63   22    1   19      480.50      268.50     9800.00
   64   22    1   31      479.38      268.31     9800.00
   65   22    1   43      478.19      268.19     9900.00
   66   22    1   55      477.06      268.06     9900.00
   67   22    2    7      476.06      267.94    10000.00
   68   22    2   19      475.13      267.69     9900.00
   69   22    2   31      474.20      267.55     9700.00
   70   22    2   43      473.31      267.44     9400.00
   71   22    2   55      472.31      267.19     9000.00
   72   22    3    7      471.19      267.06     8700.00
   73   22    3   19      470.13      266.88     8500.00
   74   22    3   31      469.63      266.88     8200.00
   75   22    3   43      468.75      266.81     7900.00
   76   22    3   55      467.69      266.63     7600.00
   77   22    4    7      466.81      266.44     7300.00
   78   22    4   19      465.94      266.25     7100.00
   79   22    4   31      465.25      266.19     6800.00
   80   22    4   43      464.31      266.00     6500.00
   81   22    4   55      463.31      265.81     6200.00
                     PRINTOUT  OF  OUTPUT  DATA

  POINT             GROUND  TRACK  VERT.  FLIGHT     FORCES     ......ANGLES......... AIRSPEED 
  NO          ALT.   SPEED  ANGLE   VEL.   PATH   LIFT    T-D   ROLL  PITCH HEADING  TRUE   IND.  MACH
      TIME    FEET   KNOTS   DEG    FPS     DEG    G,S    G'S   DEG    DEG    DEG   KNOTS  KNOTS
 *  1 21:48:55 29000 452.4 -15.45   0.00   0.00   1.00  -0.00  -0.00   0.96 -36.03 460.17 295.84   0.77
 *  2 21:49:07 29000 463.9 -15.45   0.00   0.00   1.00  -0.04   4.17   0.78 -35.89 471.64 303.89   0.79
 *  3 21:49:19 29000 456.1 -11.20   0.00   0.00   1.00  -0.06  -2.84   0.93 -31.86 461.70 296.91   0.77
 *  4 21:49:31 29000 426.5 -18.08   0.00   0.00   1.01  -0.04  -9.53   1.43 -39.05 435.61 278.76   0.73
 *  5 21:49:43 29000 402.1 -21.32   0.00   0.00   1.00  -0.04   4.06   1.88 -42.05 412.74 263.05   0.69
    6 21:49:55 29000 385.9 -13.27   0.00   0.00   1.01  -0.02   6.97   2.40 -34.20 392.76 249.44   0.65
    7 21:50:07 29000 388.1 -12.90   4.17   0.36   1.02   0.00   7.90   2.71 -33.78 394.79 250.82   0.66
    8 21:50:19 29100 398.0  -3.85   4.17   0.35   1.03  -0.00  16.06   2.57 -24.45 400.17 254.05   0.67
    9 21:50:31 29100 412.1   5.85  -4.17  -0.34   1.02   0.01  13.87   1.66 -14.76 409.21 260.20   0.68
   10 21:50:43 29000 443.6  11.63   0.00   0.00   1.01   0.06   4.10   1.38  -9.02 437.58 280.13   0.73
   11 21:50:55 29100 452.6   9.88   0.00   0.00   1.00   0.04  -4.99   1.19 -10.93 447.51 286.55   0.75
   12 21:51:07 29000 444.6   6.43   0.00   0.00   1.01   0.00  -0.40   1.31 -14.37 441.23 282.65   0.73
   13 21:51:19 29100 442.1   9.46   4.17   0.32   1.00  -0.01   4.16   1.70 -11.24 437.31 279.48   0.73
   14 21:51:31 29100 435.2  10.79   0.00   0.00   1.00  -0.01   2.82   1.51  -9.99 429.77 274.28   0.72
   15 21:51:43 29100 436.5  12.42   0.00   0.00   1.00   0.02  -0.77   1.52  -8.41 430.20 274.58   0.72
   16 21:51:55 29100 444.5   9.88   0.00   0.00   1.00   0.03  -6.47   1.33 -11.04 439.41 280.94   0.73
   17 21:52:07 29100 449.5   5.65  -4.17  -0.31   0.98   0.01  -2.36   0.84 -15.16 446.59 285.91   0.74
   18 21:52:19 29000 457.3   7.45 -12.50  -0.93   0.97   0.00   4.87   0.04 -13.15 453.47 291.16   0.75
   19 21:52:31 28800 465.7  10.29 -29.17  -2.12   0.96  -0.00   1.47  -1.34 -10.26 460.47 297.01   0.77
   20 21:52:43 28300 475.7   8.72 -45.83  -3.26   0.98  -0.02  -5.04  -2.63 -11.81 471.23 307.03   0.78
   21 21:52:55 27700 484.1   5.41 -45.83  -3.21   1.00  -0.03  -1.01  -2.71 -14.99 480.72 316.79   0.80
   22 21:53:07 27200 486.7   7.68 -45.83  -3.19   1.00  -0.05   1.59  -2.76 -12.63 481.66 319.98   0.79
   23 21:53:19 26600 489.3   6.89 -45.83  -3.17   1.00  -0.07  -1.18  -2.82 -13.38 484.15 324.83   0.80
   24 21:53:31 26100 488.3   6.61 -41.67  -2.89   1.00  -0.07  -0.47  -2.56 -13.62 482.71 326.32   0.79
   25 21:53:43 25600 480.6   6.50 -45.83  -3.23   1.01  -0.07  -6.95  -2.83 -13.80 474.76 323.00   0.78
   26 21:53:55 25000 468.7   0.00 -41.67  -3.01   1.07  -0.06 -19.68  -2.39 -20.57 465.32 319.04   0.76
   27 21:54:07 24600 458.8 -13.56 -41.67  -3.08   1.09  -0.05 -24.40  -2.36 -34.27 461.55 318.23   0.75
   28 21:54:19 24000 455.9 -25.72 -45.83  -3.40   1.03  -0.08 -11.30  -2.82 -46.07 463.80 322.88   0.75
   29 21:54:31 23500 454.5 -25.16 -29.17  -2.17   1.04  -0.07  -1.15  -1.60 -45.43 461.23 323.44   0.75
   30 21:54:43 23300 450.2 -26.82 -16.67  -1.25   1.02  -0.05  -1.85  -0.71 -47.09 457.24 321.43   0.74
   31 21:54:55 23100 445.9 -26.99 -16.67  -1.27   1.00  -0.05  -0.72  -0.70 -47.27 452.81 319.08   0.73
   32 21:55:07 22900 431.8 -27.47 -12.50  -0.98   1.06  -0.04 -17.35  -0.12 -48.10 438.67 309.41   0.71
   33 21:55:19 22800 417.7 -46.06  -8.33  -0.68   1.15  -0.02 -30.02   0.41 -66.65 432.20 305.03   0.70
   34 21:55:31 22700 409.9 -63.44 -16.67  -1.38   1.07  -0.04 -26.29  -0.38 -83.21 430.20 304.00   0.69
   35 21:55:43 22400 403.4 -76.38 -37.50  -3.15   1.03  -0.06 -20.87  -2.10 -95.42 427.14 303.10   0.69
   36 21:55:55 21800 400.7 -87.24 -45.83  -3.87   1.02  -0.06  -9.58  -2.79-105.53 426.15 305.17   0.69
   37 21:56:07 21300 401.8 -87.47 -33.33  -2.81   1.02  -0.04  -1.25  -1.83-105.67 426.51 307.78   0.68
   38 21:56:19 21000 401.9 -88.69 -29.17  -2.46   1.00  -0.03  -2.23  -1.59-106.86 426.38 309.10   0.68
   39 21:56:31 20600 407.6 -90.01 -37.50  -3.12   0.98  -0.03   1.04  -2.37-108.08 432.23 315.49   0.69
   40 21:56:43 20100 412.8 -87.57 -41.67  -3.42   1.00  -0.03   2.43  -2.72-105.79 436.82 321.45   0.70
   41 21:56:55 19600 424.4 -87.36 -37.50  -2.99   1.01  -0.02   0.18  -2.49-105.63 447.58 332.29   0.71
   42 21:57:07 19200 437.6 -87.41 -33.33  -2.58   1.00  -0.02  -3.80  -2.30-105.70 460.09 344.15   0.73
   43 21:57:19 18800 441.7 -91.37 -37.50  -2.88   0.99  -0.03  -5.96  -2.68-109.49 464.31 349.53   0.74
   44 21:57:31 18300 442.6 -93.56 -41.67  -3.19   1.00  -0.05   2.64  -3.00-111.62 465.00 352.64   0.74
   45 21:57:43 17800 440.3 -88.64 -37.50  -2.89   1.01  -0.05   6.48  -2.69-106.97 461.08 352.04   0.73
   46 21:57:55 17400 435.3 -86.76 -37.50  -2.92   0.99  -0.05   2.11  -2.72-105.21 455.20 349.33   0.72
   47 21:58:07 16900 432.3 -86.43 -41.67  -3.26   1.00  -0.07   1.14  -3.04-104.94 451.52 348.87   0.71
   48 21:58:19 16400 428.8 -85.53 -37.50  -2.96   1.01  -0.07   4.73  -2.71-104.11 446.96 347.67   0.70
   49 21:58:31 16000 428.3 -81.29 -33.33  -2.64   1.04  -0.06  14.06  -2.35-100.01 444.86 347.95   0.70
   50 21:58:43 15600 429.2 -70.02 -29.17  -2.30   1.08  -0.06  21.03  -1.98 -89.06 442.19 347.76   0.69
   51 21:58:55 15300 430.0 -57.67 -29.17  -2.30   1.02  -0.06  12.94  -2.07 -77.06 438.89 346.53   0.69
   52 21:59:07 14900 428.9 -55.97 -29.17  -2.30   1.00  -0.06  -2.78  -2.13 -75.42 436.64 346.65   0.68
   53 21:59:19 14600 422.1 -60.58 -29.17  -2.34   1.00  -0.08  -0.62  -2.12 -79.96 430.89 343.36   0.67
   54 21:59:31 14200 409.7 -56.54 -29.17  -2.41   1.00  -0.09   1.08  -2.03 -76.03 416.71 333.53   0.65
   55 21:59:43 13900 391.2 -59.23 -25.00  -2.17   1.03  -0.07 -13.48  -1.50 -78.92 398.58 319.88   0.62
   56 21:59:55 13600 376.9 -72.58 -25.00  -2.25   1.06  -0.06 -19.54  -1.37 -92.17 387.77 312.27   0.60
   57 22:00:07 13300 365.9 -83.83 -25.00  -2.32   1.03  -0.05 -18.66  -1.38-103.12 379.09 306.40   0.59
   58 22:00:19 13000 361.4 -96.18 -41.67  -3.90   0.97  -0.06 -14.07  -3.02-114.93 377.13 306.08   0.58
   59 22:00:31 12300 370.5-101.02 -66.67  -6.08   0.96  -0.09  -1.88  -5.35-119.40 387.27 317.72   0.60
   60 22:00:43 11400 380.4 -98.43 -70.83  -6.29   1.01  -0.11   3.23  -5.64-116.85 395.79 329.08   0.61
   61 22:00:55 10600 385.5 -97.08 -54.17  -4.75   1.05  -0.09   0.16  -4.19-115.55 398.64 335.26   0.61
   62 22:01:07 10100 383.3 -98.23 -33.33  -2.95   1.05  -0.07  -1.48  -2.42-116.69 395.19 334.61   0.60
   63 22:01:19  9800 371.8 -98.90 -12.50  -1.14   1.05  -0.07   0.38  -0.52-117.37 382.98 325.28   0.58
   64 22:01:31  9800 359.1 -97.65   4.17   0.39   1.02  -0.05   2.01   1.11-116.19 370.08 314.08   0.56
   65 22:01:43  9900 340.2 -96.16   4.17   0.42   1.00  -0.06   0.59   1.41-114.85 351.03 297.23   0.54
   66 22:01:55  9900 316.4 -96.70   4.17   0.45   1.00  -0.06  -3.38   1.92-115.59 327.38 276.85   0.50
   67 22:02:07 10000 298.3-100.86   0.00   0.00   0.98  -0.04  -3.50   1.87-119.72 310.11 261.67   0.47
   68 22:02:19  9900 288.0-101.85 -12.50  -1.47   0.97  -0.04   1.93   0.70-120.55 299.86 253.22   0.46
   69 22:02:31  9700 294.9 -97.83 -20.83  -2.39   0.98  -0.07   0.64  -0.38-116.70 305.99 259.13   0.47
   70 22:02:43  9400 301.4-100.79 -29.17  -3.28   0.99  -0.09  -1.62  -1.41-119.60 312.80 265.99   0.48
   71 22:02:55  9000 289.7-100.17 -29.17  -3.41   1.01  -0.08   1.65  -1.16-118.96 300.42 256.62   0.46
   72 22:03:07  8700 280.1 -98.10 -20.83  -2.52   1.01  -0.06   2.15  -0.01-117.00 289.89 248.45   0.44
   73 22:03:19  8500 275.7 -96.59 -20.83  -2.56   0.99  -0.06   3.11   0.01-115.52 284.94 244.78   0.43
   74 22:03:31  8200 270.3 -92.91 -25.00  -3.13   0.99  -0.08  -0.51  -0.39-112.14 278.59 240.17   0.42
   75 22:03:43  7900 260.1 -97.35 -25.00  -3.26   1.00  -0.08  -4.54  -0.15-116.73 268.83 232.56   0.41
   76 22:03:55  7600 254.2-100.80 -25.00  -3.33   1.00  -0.06  -2.72  -0.00-120.03 263.06 228.40   0.40
 * 77 22:04:07  7300 266.6-102.26 -20.83  -2.65   1.01  -0.02   1.03   0.15-121.13 275.13 239.89   0.41
 * 78 22:04:19  7100 271.0 -99.11 -20.83  -2.60   1.00  -0.02   2.15  -0.02-117.99 278.82 243.75   0.42
 * 79 22:04:31  6800 265.4 -98.73 -25.00  -3.19   0.99  -0.04  -1.13  -0.44-117.79 272.93 239.46   0.41
 * 80 22:04:43  6500 273.2-101.09 -25.00  -3.10   1.00  -0.03  -1.38  -0.63-120.02 280.62 247.20   0.42
 * 81 22:04:55  6200 287.0-101.09 -25.00  -2.95   1.00  -0.02   0.05  -0.94-119.86 294.06 260.12   0.44



 * SMOOTHED VALUES ARE APPROXIMATE NEAR END POINTS

          270.00     ************************************+*+************************************************************** 
          269.00     *                        *+ + + + +     + +       *                        *                        * 
          268.00     *              + ++ + + +                   +                                                       * 
          267.00     *   + + +++ + +                               + +                                                   * 
          266.00     + ++                                              +                                                 * 
          265.00     *                                                   +  + +                                          * 
          264.00     *                                                          +  + +  + +  + + +  + + + + +  +         * 
          263.00     *                                                                                           +       * 
          262.00     *                                                                                            +      * 
          261.00     *                                                                                                   * 
          260.00     *                                                                                             +     * 
          259.00     *                                                                                              +    * 
          258.00     *                                                                                               +   * 
          257.00     *                                                                                                   * 
          256.00     *                                                                                                +  * 
          255.00     *                                                                                                 + * 
          254.00     *                                                                                                   * 
          253.00     *                                                                                                 + * 
          252.00     *                                                                                                 + * 
          251.00     *                                                                                                   * 
          250.00     *                                                                                                 + * 
          249.00     *                                                                                                   * 
          248.00     *                                                                                                 + * 
          247.00     *                                                                                                +  * 
          246.00     *                                                                                                   * 
          245.00     *                                                                                                +  * 
          244.00     *                                                                                                +  * 
          243.00     *                                                                                                   * 
          242.00     *                                                                                               +   * 
          241.00     *                                                                                                   * 
          240.00     *                                                                                               +   * 
          239.00     *                                                                                              +    * 
          238.00     *                                                                                              +    * 
          237.00     *                                                                                                   * 
          236.00     *                                                                                              +    * 
          235.00     *                                                                                             +     * 
          234.00     *                                                                                                   * 
          233.00     *                                                                                             +     * 
          232.00     *                                                                                            +      * 
          231.00     *                        *                        *                        *                        * 
          230.00     *********************************************************************************************+******* 
                  465.00                   480.00                   495.00                   510.00                   525.00
  NORTH RANGE, N MI            
                                                        EAST RANGE, N MI             

        30000.00     ***************************************************************************************************** 
        29250.00     ++++++++++++++++++       *                        *                        *                        * 
        28500.00     *                 ++                                                                                * 
        27750.00     *                   +                                                                               * 
        27000.00     *                    +                                                                              * 
        26250.00     *                     ++                                                                            * 
        25500.00     *                       +                                                                           * 
        24750.00     *                        ++                                                                         * 
        24000.00     *                          +                                                                        * 
        23250.00     *                           ++++                                                                    * 
        22500.00     *                               +++                                                                 * 
        21750.00     *                                  +                                                                * 
        21000.00     *                                   ++                                                              * 
        20250.00     *                                     ++                                                            * 
        19500.00     *                                       ++                                                          * 
        18750.00     *                                         +                                                         * 
        18000.00     *                                          ++                                                       * 
        17250.00     *                                            ++                                                     * 
        16500.00     *                                              +                                                    * 
        15750.00     *                                               ++                                                  * 
        15000.00     *                                                 ++                                                * 
        14250.00     *                                                   +++                                             * 
        13500.00     *                                                      ++                                           * 
        12750.00     *                                                        +                                          * 
        12000.00     *                                                         +                                         * 
        11250.00     *                                                          +                                        * 
        10500.00     *                                                           +                                       * 
         9750.00     *                                                            +++++++++                              * 
         9000.00     *                                                                     ++                            * 
         8250.00     *                                                                       +++                         * 
         7500.00     *                                                                          ++                       * 
         6750.00     *                                                                            +++                    * 
         6000.00     *                                                                               +                   * 
         5250.00     *                                                                                                   * 
         4500.00     *                                                                                                   * 
         3750.00     *                                                                                                   * 
         3000.00     *                                                                                                   * 
         2250.00     *                                                                                                   * 
         1500.00     *                                                                                                   * 
          750.00     *                        *                        *                        *                        * 
            0.00     ***************************************************************************************************** 
                    0.00                   300.00                   600.00                   900.00                  1200.00
  ALTITUDE, FT                 
                                                          TIME, SEC                  

          500.00     ***************************************************************************************************** 
          490.00     *                        *                        *                        *                        * 
          480.00     *                   ++++                                                                            * 
          470.00     *+                 +    ++                 +                                                        * 
          460.00     + +               +       ++++           ++ ++                                                      * 
          450.00     *         +     ++            +         +     ++                                                    * 
          440.00     *  +     + ++  +               +       +        ++++                                                * 
          430.00     *            ++                 +++++++             +                                               * 
          420.00     *                                                    +                                              * 
          410.00     *   +   +                                                                                           * 
          400.00     *      +                                              +    +++                                      * 
          390.00     *    ++                                                +  +                                         * 
          380.00     *                                                       ++    +                                     * 
          370.00     *                                                              +                                    * 
          360.00     *                                                                                                   * 
          350.00     *                                                               +                                   * 
          340.00     *                                                                                                   * 
          330.00     *                                                                +                                  * 
          320.00     *                                                                                                   * 
          310.00     *                                                                 + ++                              * 
          300.00     *                                                                  +  +                             * 
          290.00     *                                                                      +        +                   * 
          280.00     *                                                                       ++  ++ +                    * 
          270.00     *                                                                         +   +                     * 
          260.00     *                                                                          +                        * 
          250.00     *                                                                                                   * 
          240.00     *                                                                                                   * 
          230.00     *                                                                                                   * 
          220.00     *                                                                                                   * 
          210.00     *                                                                                                   * 
          200.00     *                                                                                                   * 
          190.00     *                                                                                                   * 
          180.00     *                                                                                                   * 
          170.00     *                                                                                                   * 
          160.00     *                                                                                                   * 
          150.00     *                                                                                                   * 
          140.00     *                                                                                                   * 
          130.00     *                                                                                                   * 
          120.00     *                                                                                                   * 
          110.00     *                        *                        *                        *                        * 
          100.00     ***************************************************************************************************** 
                    0.00                   300.00                   600.00                   900.00                  1200.00
  TRUE AIRSPEED, KNOTS         
                                                          TIME, SEC                  

            0.00     ***************************************************************************************************** 
           -4.00     *                        *                        *                        *                        * 
           -8.00     *        +   ++                                                                                     * 
          -12.00     *         + +  + +++ ++++                                                                           * 
          -16.00     *       +  +    +   +                                                                               * 
          -20.00     *                        +                                                                          * 
          -24.00     *      +                                                                                            * 
          -28.00     *                                                                                                   * 
          -32.00     * +   +                                                                                             * 
          -36.00     ++   +                    +                                                                         * 
          -40.00     *  +                                                                                                * 
          -44.00     *   +                       +                                                                       * 
          -48.00     *                          + +++                                                                    * 
          -52.00     *                                                                                                   * 
          -56.00     *                                                                                                   * 
          -60.00     *                                                                                                   * 
          -64.00     *                                                                                                   * 
          -68.00     *                               +                                                                   * 
          -72.00     *                                                                                                   * 
          -76.00     *                                                 ++ +                                              * 
          -80.00     *                                                   + +                                             * 
          -84.00     *                                +                                                                  * 
          -88.00     *                                                +                                                  * 
          -92.00     *                                                      +                                            * 
          -96.00     *                                 +                                                                 * 
         -100.00     *                                               +                                                   * 
         -104.00     *                                  ++  +++   +++        +                                           * 
         -108.00     *                                    ++   + +                                                       * 
         -112.00     *                                          +                             +                          * 
         -116.00     *                                                        + +++++++  +  ++ +  ++                     * 
         -120.00     *                                                         +       ++ ++    ++  ++                   * 
         -124.00     *                                                                                                   * 
         -128.00     *                                                                                                   * 
         -132.00     *                                                                                                   * 
         -136.00     *                                                                                                   * 
         -140.00     *                                                                                                   * 
         -144.00     *                                                                                                   * 
         -148.00     *                                                                                                   * 
         -152.00     *                                                                                                   * 
         -156.00     *                        *                        *                        *                        * 
         -160.00     ***************************************************************************************************** 
                    0.00                   300.00                   600.00                   900.00                  1200.00
  MAG HEADING, DEG             
                                                          TIME, SEC                  

           40.00     ***************************************************************************************************** 
           38.00     *                        *                        *                        *                        * 
           36.00     *                                                                                                   * 
           34.00     *                                                                                                   * 
           32.00     *                                                                                                   * 
           30.00     *                                                                                                   * 
           28.00     *                                                                                                   * 
           26.00     *                                                                                                   * 
           24.00     *                                                                                                   * 
           22.00     *                                                +                                                  * 
           20.00     *                                                                                                   * 
           18.00     *                                                                                                   * 
           16.00     *      +                                                                                            * 
           14.00     *       +                                       +                                                   * 
           12.00     *                                                 +                                                 * 
           10.00     *                                                                                                   * 
            8.00     *     +                                                                                             * 
            6.00     *    +                                      +                                                       * 
            4.00     *+  +    +  +    +                             +           +            +                           * 
            2.00     *            +    +  +                ++   + ++      +         +   +  ++    ++                      * 
            0.00     +          +  +        +      +         +           +       + + +   +    +      +                   * 
           -2.00     * +             +   + +     ++      ++             +      +  +       +     +  ++                    * 
           -4.00     *         +                              +                       ++       +                         * 
           -6.00     *              +   +    +                 +                                                         * 
           -8.00     *                                                                                                   * 
          -10.00     *  +                               +                                                                * 
          -12.00     *                          +                                                                        * 
          -14.00     *                                                     +  +                                          * 
          -16.00     *                                                                                                   * 
          -18.00     *                              +                        +                                           * 
          -20.00     *                        +        +                    +                                            * 
          -22.00     *                                                                                                   * 
          -24.00     *                         +                                                                         * 
          -26.00     *                                +                                                                  * 
          -28.00     *                                                                                                   * 
          -30.00     *                               +                                                                   * 
          -32.00     *                                                                                                   * 
          -34.00     *                                                                                                   * 
          -36.00     *                                                                                                   * 
          -38.00     *                        *                        *                        *                        * 
          -40.00     ***************************************************************************************************** 
                    0.00                   300.00                   600.00                   900.00                  1200.00
  ROLL ANGLE, DEG              
                                                          TIME, SEC                  

           10.00     ***************************************************************************************************** 
            9.50     *                        *                        *                        *                        * 
            9.00     *                                                                                                   * 
            8.50     *                                                                                                   * 
            8.00     *                                                                                                   * 
            7.50     *                                                                                                   * 
            7.00     *                                                                                                   * 
            6.50     *                                                                                                   * 
            6.00     *                                                                                                   * 
            5.50     *                                                                                                   * 
            5.00     *                                                                                                   * 
            4.50     *                                                                                                   * 
            4.00     *                                                                                                   * 
            3.50     *                                                                                                   * 
            3.00     *                                                                                                   * 
            2.50     *    +++                                                                                            * 
            2.00     *   +                                                            ++                                 * 
            1.50     *  +    ++ +++++                                                +                                   * 
            1.00     +++       +     +                                              +                                    * 
            0.50     *                               +                                  +                                * 
            0.00     *                +             +                                       ++ ++++                      * 
           -0.50     *                            ++  +                            +     +    +    ++                    * 
           -1.00     *                                                                     +         +                   * 
           -1.50     *                 +         +        +                +++            +                              * 
           -2.00     *                                 + +            +++++                                              * 
           -2.50     *                  ++  + ++           +++++ ++ ++            +                                      * 
           -3.00     *                    ++ +  +       +       +  +          +                                          * 
           -3.50     *                                                                                                   * 
           -4.00     *                                                           +                                       * 
           -4.50     *                                                                                                   * 
           -5.00     *                                                                                                   * 
           -5.50     *                                                         ++                                        * 
           -6.00     *                                                                                                   * 
           -6.50     *                                                                                                   * 
           -7.00     *                                                                                                   * 
           -7.50     *                                                                                                   * 
           -8.00     *                                                                                                   * 
           -8.50     *                                                                                                   * 
           -9.00     *                                                                                                   * 
           -9.50     *                        *                        *                        *                        * 
          -10.00     ***************************************************************************************************** 
                    0.00                   300.00                   600.00                   900.00                  1200.00
  PITCH ANGLE, DEG             
                                                          TIME, SEC                  

            1.40     ***************************************************************************************************** 
            1.38     *                        *                        *                        *                        * 
            1.36     *                                                                                                   * 
            1.34     *                                                                                                   * 
            1.32     *                                                                                                   * 
            1.30     *                                                                                                   * 
            1.28     *                                                                                                   * 
            1.26     *                                                                                                   * 
            1.24     *                                                                                                   * 
            1.22     *                                                                                                   * 
            1.20     *                                                                                                   * 
            1.18     *                                                                                                   * 
            1.16     *                                                                                                   * 
            1.14     *                               +                                                                   * 
            1.12     *                                                                                                   * 
            1.10     *                         +                                                                         * 
            1.08     *                                +               +                                                  * 
            1.06     *                        +     +                       +     +                                      * 
            1.04     *                          ++                   +     + +   + +                                     * 
            1.02     *  + ++++                    +    +++   +   +  +  +        +   +       +                            * 
            1.00     +++ +    +++++++    +++++     +      + + +++ ++    +++          ++    + +++++++++                   * 
            0.98     *               ++ +                  +                  +        ++++                              * 
            0.96     *                 +                                       +                                         * 
            0.94     *                                                                                                   * 
            0.92     *                                                                                                   * 
            0.90     *                                                                                                   * 
            0.88     *                                                                                                   * 
            0.86     *                                                                                                   * 
            0.84     *                                                                                                   * 
            0.82     *                                                                                                   * 
            0.80     *                                                                                                   * 
            0.78     *                                                                                                   * 
            0.76     *                                                                                                   * 
            0.74     *                                                                                                   * 
            0.72     *                                                                                                   * 
            0.70     *                                                                                                   * 
            0.68     *                                                                                                   * 
            0.66     *                                                                                                   * 
            0.64     *                                                                                                   * 
            0.62     *                        *                        *                        *                        * 
            0.60     ***************************************************************************************************** 
                    0.00                   300.00                   600.00                   900.00                  1200.00
  LIFT, GS                     
                                                          TIME, SEC                  

            0.40     ***************************************************************************************************** 
            0.38     *                        *                        *                        *                        * 
            0.36     *                                                                                                   * 
            0.34     *                                                                                                   * 
            0.32     *                                                                                                   * 
            0.30     *                                                                                                   * 
            0.28     *                                                                                                   * 
            0.26     *                                                                                                   * 
            0.24     *                                                                                                   * 
            0.22     *                                                                                                   * 
            0.20     *                                                                                                   * 
            0.18     *                                                                                                   * 
            0.16     *                                                                                                   * 
            0.14     *                                                                                                   * 
            0.12     *                                                                                                   * 
            0.10     *                                                                                                   * 
            0.08     *                                                                                                   * 
            0.06     *        +                                                                                          * 
            0.04     *         +    +                                                                                    * 
            0.02     *       +     + +                                                                                   * 
           -0.00     +     ++   +++   ++                                                                                 * 
           -0.02     *    +             ++           +    +++++                                  ++  +                   * 
           -0.04     *+ ++                        +++ +  +     +                       ++          ++                    * 
           -0.06     * +                  ++++++ +     ++       +++++++++  ++++    ++++  +  ++  +                        * 
           -0.08     *                          +                        +       ++       ++  ++                         * 
           -0.10     *                                                    +    ++                                        * 
           -0.12     *                                                                                                   * 
           -0.14     *                                                                                                   * 
           -0.16     *                                                                                                   * 
           -0.18     *                                                                                                   * 
           -0.20     *                                                                                                   * 
           -0.22     *                                                                                                   * 
           -0.24     *                                                                                                   * 
           -0.26     *                                                                                                   * 
           -0.28     *                                                                                                   * 
           -0.30     *                                                                                                   * 
           -0.32     *                                                                                                   * 
           -0.34     *                                                                                                   * 
           -0.36     *                                                                                                   * 
           -0.38     *                        *                        *                        *                        * 
           -0.40     ***************************************************************************************************** 
                    0.00                   300.00                   600.00                   900.00                  1200.00
  THRUST-DRAG, GS              
                                                          TIME, SEC                  
