&CNTRL
 JNT=          2,
 KIT=          1,
 KCASE=          2,  /

1
    SAMPLE CASE
    SINGLE STAGE, FIN-STABILIZED VEHICLE
    ANALYSIS WITH JOINT EFFECTS

 EI EQUIVALENT COMPUTED FOR  1 JOINTS
&LIMB
 NLO=          8,
 NUP=          9,
 CAPPA= 9.99999975E-06,  /

 MOVER and LIMB input read in.

 COLUMNS       8
 STATIONS     25

  STA         X             M(X)             EI             DCLA             DCDA             K1              K2           DIAMETER
     0  0.00000000E+00  4.00000019E-03  7.00000000E+07  1.92999992E+01  0.00000000E+00  1.00000000E+00  1.00000000E+00  0.0000000E+00
     1  2.50000000E+00  4.00000019E-03  7.00000000E+07  1.92999992E+01  0.00000000E+00  1.00000000E+00  1.00000000E+00  0.0000000E+00
     2  2.50000000E+00  3.50000011E-03  1.40000000E+08  1.92999992E+01  0.00000000E+00  1.00000000E+00  1.00000000E+00  0.0000000E+00
     3  7.50000000E+00  1.39999995E-03  5.00000000E+07  1.92999992E+01  0.00000000E+00  1.00000000E+00  1.00000000E+00  0.0000000E+00
     4  7.50000000E+00  7.99999980E-04  4.70000000E+07  5.99999987E-02  0.00000000E+00  1.00000000E+00  1.00000000E+00  0.0000000E+00
     5  3.25999985E+01  7.99999980E-04  4.70000000E+07  5.99999987E-02  0.00000000E+00  1.00000000E+00  1.00000000E+00  0.0000000E+00
     6  3.25999985E+01  2.79999990E-03  4.70000000E+07  5.99999987E-02  0.00000000E+00  1.00000000E+00  1.00000000E+00  0.0000000E+00
     7  5.85000000E+01  2.79999990E-03  4.70000000E+07  5.99999987E-02  0.00000000E+00  1.00000000E+00  1.00000000E+00  0.0000000E+00
     8  5.85000000E+01  3.50000011E-03  1.49850156E+05  5.99999987E-02  0.00000000E+00  1.00000000E+00  1.00000000E+00  0.0000000E+00
     9  6.00000000E+01  3.50000011E-03  1.49850156E+05  5.99999987E-02  0.00000000E+00  1.00000000E+00  1.00000000E+00  0.0000000E+00
    10  6.00000000E+01  1.00000005E-03  1.60000000E+07  5.99999987E-02  0.00000000E+00  1.00000000E+00  1.00000000E+00  0.0000000E+00
    11  7.00000000E+01  1.00000005E-03  1.60000000E+07  1.50000006E-01  0.00000000E+00  1.00000000E+00  1.00000000E+00  0.0000000E+00
    12  8.00000000E+01  1.00000005E-03  1.60000000E+07  6.99999988E-01  0.00000000E+00  1.00000000E+00  1.00000000E+00  0.0000000E+00
    13  8.00000000E+01  1.00000005E-03  1.60000000E+07  6.99999988E-01  1.00000001E-01  1.00000000E+00  1.00000000E+00  4.5000000E+00
    14  8.25000000E+01  9.80000012E-04  1.00000000E+07  8.79999995E-01  9.00000036E-02  1.00000000E+00  1.00000000E+00  4.0100002E+00
    15  8.50000000E+01  9.50000016E-04  5.00000000E+06  1.10000002E+00  7.99999982E-02  1.00000000E+00  1.00000000E+00  3.5200000E+00
    16  8.70000000E+01  8.50000011E-04  4.20000000E+06  1.39999998E+00  7.00000003E-02  1.00000000E+00  1.00000000E+00  3.1300001E+00
    17  9.00000000E+01  6.99999975E-04  2.50000000E+06  1.60000002E+00  5.49999997E-02  1.00000000E+00  1.00000000E+00  2.5400000E+00
    18  9.25000000E+01  6.00000028E-04  1.60000000E+06  1.64999998E+00  4.50000018E-02  1.00000000E+00  1.00000000E+00  2.0599999E+00
    19  9.50000000E+01  5.00000024E-04  1.00000000E+06  1.60000002E+00  3.50000001E-02  1.00000000E+00  1.00000000E+00  1.5700001E+00
    20  9.75000000E+01  3.00000014E-04  5.00000000E+05  1.25000000E+00  2.50000004E-02  1.00000000E+00  1.00000000E+00  1.0800000E+00
    21  1.00000000E+02  1.99999995E-04  5.00000000E+04  6.00000024E-01  9.99999978E-03  1.00000000E+00  1.00000000E+00  5.8999997E-01
    22  1.01000000E+02  1.50000007E-04  3.00000000E+04  4.00000006E-01  8.00000038E-03  1.00000000E+00  1.00000000E+00  3.8999999E-01
    23  1.02000000E+02  9.99999975E-05  1.00000000E+04  1.00000001E-01  4.00000019E-03  1.00000000E+00  1.00000000E+00  2.0000000E-01
    24  1.03000000E+02  0.00000000E+00  2.00000000E+02  0.00000000E+00  0.00000000E+00  1.00000000E+00  1.00000000E+00  0.0000000E+00
 Enput completed.
 Case completed. Look for more.
 End of file reading CNTRL
 End of file reading CNTRL
