 Mass properties of a rigid structure
 Version 1.6 (2 December 2018)
This file was compiled by GCC version 6.3.0
 using the options -fPIC -mmacosx-version-min=10.13.7 -mtune=core2 -Wall
 Current date and time: 21:20  6Dec2018
 Reading from ../example3.inp
 INPUT DATA
 ANTENNA
 7    1.5     0.0     .5      8.      0.      0.
 35.     -5.     0.      35.     0.      0.      0.      0.      0.
 DIELECTRIC BRKT
 11   0.15    1.5     7.6     -2.68   0.0     3.8
 25.     0.      0.      35.0    0.64    0.0     25.0    3.8     0.0
 BODY CYL
 2    0.1     4.0     3.68    0.0     0.0     0.0
 25.     0.      0.      0.0     0.0     0.0     0.0     0.0     0.0
 FINS
 12    0.06    0.36    10.0    -1.36   4.0     5.0
 4.33    -14.0   0.      4.33    14.0    0.0     10.0    10.0    0.0
 FLARED ADAPTER
 3   0.1     6.      5.0     4.0     3.8     0.0
 -6.     0.      0.      0.0     0.0     0.0     0.0     0.0     0.0
 CYL SEG VOID
 13    -0.1    3.9     .2      1.0     0.0     0.0
 11.     -3.2    0.0     21.0    -3.2    0.0     0.0     0.0     0.0
 WIRING ETC VOL
 2    5.0     3.9     0.0     0.0     0.0     0.0
 0.0     0.0     0.0     25.0    0.0     0.0     0.0     0.0     0.0
           7  objects read from input file
    COMPONENT  DATA  LISTED  BELOW
 Component            1    ANTENNA
Weight, lbs.        1.50000E+00
IxxCO,IyyCO,IzzCO=  5.36869E-03  9.51151E-03  5.36869E-03
xcg,ycg,zcg=        3.50000E+01 -2.62146E+00  0.00000E+00
IxyCO,IyzCO,IxzCO=  0.00000E+00  0.00000E+00  0.00000E+00
 Component            2    DIELECTRIC BRKT
Weight, lbs.        1.28512E+01
IxxCO,IyyCO,IzzCO=  1.10267E-02  2.23146E-02  3.23008E-02
xcg,ycg,zcg=        2.94444E+01  2.84444E-01  0.00000E+00
IxyCO,IyzCO,IxzCO= -5.23359E-03  0.00000E+00  0.00000E+00
 Component            3    BODY CYL
Weight, lbs.        1.93019E+01
IxxCO,IyyCO,IzzCO=  6.15529E-02  2.47812E-01  2.47812E-01
xcg,ycg,zcg=        1.25000E+01  0.00000E+00  0.00000E+00
IxyCO,IyzCO,IxzCO=  0.00000E+00  0.00000E+00  0.00000E+00
 Component            4    FINS
Weight, lbs.        3.24000E+00
IxxCO,IyyCO,IzzCO=  5.54998E-02  3.75451E-03  5.92392E-02
xcg,ycg,zcg=        4.33000E+00  0.00000E+00  0.00000E+00
IxyCO,IyzCO,IxzCO=  0.00000E+00  0.00000E+00  0.00000E+00
 Component            5    FLARED ADAPTER
Weight, lbs.        1.10333E+01
IxxCO,IyyCO,IzzCO=  5.82793E-02  3.49450E-02  3.49450E-02
xcg,ycg,zcg=       -3.80638E+00  0.00000E+00  0.00000E+00
IxyCO,IyzCO,IxzCO=  0.00000E+00  0.00000E+00  0.00000E+00
 Component            6    CYL SEG VOID
Weight, lbs.       -1.56000E+00
IxxCO,IyyCO,IzzCO= -1.49541E-03 -4.20335E-03 -2.90518E-03
xcg,ycg,zcg=        1.60000E+01 -3.20000E+00  0.00000E+00
IxyCO,IyzCO,IxzCO= -0.00000E+00 -0.00000E+00 -0.00000E+00
 Component            7    WIRING ETC VOL
Weight, lbs.        5.00000E+00
IxxCO,IyyCO,IzzCO=  8.20920E-03  6.03258E-02  6.03258E-02
xcg,ycg,zcg=        1.25000E+01  0.00000E+00  0.00000E+00
IxyCO,IyzCO,IxzCO=  0.00000E+00  0.00000E+00  0.00000E+00
  
  SYSTEM DATA LISTED BELOW
  WT=LBS, INERTIAS=SLUGS FT SQUARED
  C.G.=INS, SECOND MOMENT=SLUG FT SQUARED)
  
 System weight     5.13665E+01
 Ixx0,Iyy0,Izz0    1.97442E-01  3.95771E+00  4.01934E+00
 xbar,ybar,zbar    1.32722E+01  9.17966E-02  0.00000E+00
  
 Ixx,Iyy,Izz   1.97349E-01  2.00430E+00  2.06583E+00
 Ixy,Ixz,Iyz  -2.49102E-03  0.00000E+00  0.00000E+00
  
  inertias (eigenvalues) about system principal axes with axis
  direction cosines (eigenvectors) relating the principal axes
  to the x, y, and z system axes in that sequence
  
  
 eigenvalue    1    1.97345E-01
 eigenvector   1    9.99999E-01    1.37858E-03    0.00000E+00
 eigenvalue    2    2.00430E+00
 eigenvector   2   -1.37858E-03    9.99999E-01    0.00000E+00
 eigenvalue    3    2.06583E+00
 eigenvector   3    0.00000E+00    0.00000E+00    1.00000E+00
