 THREE-DIMENSIONAL AXISYMMETRIC METHOD OF CHARACTERISTICS. INTERNAL CASE
                      CASE  14A 12.5 DEGREE CONE M=3.00                  1
  REG RAY POINT     X          R       P/PINF   DELTA(DEG)  MACH NO.   PT/PTINF
   1   1   1   0.100000   0.022160   1.829847  12.499999   2.600000   0.994014
   1   1   2   0.100000   0.043067   1.452360   5.249999   2.750000   0.994014
   1   2   1   0.121087   0.036991   1.672694   8.233368   2.658124   0.994014
   1   2   2   0.150000   0.064600   1.487003   5.312675   2.734400   0.993670
   1   3   1   0.142810   0.031629   1.968664  12.500000   2.552814   0.994014
   1   3   2   0.162227   0.061062   1.497641   5.799447   2.729992   0.994034
   1   3   3   0.200000   0.086218   1.417727   4.650237   2.766855   0.995682
   1   4   1   0.177845   0.056676   1.688981   8.079005   2.651841   0.994013
   1   4   2   0.206977   0.084147   1.419855   4.788499   2.764731   0.993939
   1   4   3   0.250000   0.107296   1.370650   4.185511   2.789684   0.996815
   1   5   1   0.214456   0.047496   1.987112  12.500000   2.546803   0.994014
   1   5   2   0.218936   0.080623   1.575589   6.510970   2.696957   0.994016
   1   5   3   0.252750   0.106465                        COALESCENCE
   1   6   1   0.249182   0.072375   1.811219   9.465643   2.606613   0.994013
   1   6   2   0.261859   0.103711   1.508975   5.660612   2.724971   0.993867
   1   6   3   0.300000   0.128004   1.459896   5.056411   2.746946   0.994507
   1   7   1   0.287036   0.063571   1.950929  12.500000   2.558647   0.994014
   1   7   2   0.287588   0.096397   1.712379   8.007787   2.642931   0.994021
   1   7   3   0.305831   0.126299   1.459756   5.132923   2.746566   0.993833
   1   7   4   0.350000   0.149411   1.423905   4.710340   2.763908   0.995519
   1   8   1   0.321128   0.087895   1.841416  10.147938   2.595928   0.994013
   1   8   2   0.327880   0.119886   1.641907   7.143996   2.670186   0.994031
   1   8   3   0.351390   0.148999                        COALESCENCE
   1   9   1   0.358962   0.079501   1.923178  12.500000   2.567885   0.994014
   1   9   2   0.358262   0.111830   1.760097   8.844633   2.625130   0.994012
   1   9   3   0.370141   0.143445   1.592100   6.503340   2.690138   0.993952
   1   9   4   0.400000   0.170537   1.551406   5.907312   2.705323   0.991434
   1  10   1   0.392741   0.103523   1.844498  10.590281   2.594848   0.994014
   1  10   2   0.397866   0.135850   1.701567   7.938914   2.647031   0.994016
   1  10   3   0.413384   0.166753   1.546782   6.080816   2.709006   0.994090
   1  10   4   0.450000   0.192653   1.517724   5.598756   2.720406   0.992647
   1  11   1   0.430728   0.095395   1.893932  12.500000   2.577772   0.994014
   1  11   2   0.429699   0.127761   1.783678   9.342539   2.616520   0.994014
   1  11   3   0.438863   0.159648   1.648859   7.343501   2.667432   0.994012
   1  11   4   0.458176   0.190313   1.515229   5.687917   2.722475   0.994170
   1  11   5   0.500000   0.214508   1.490097   5.341687   2.732980   0.993571
   1  12   1   0.464835   0.119567   1.840866  10.805353   2.596121   0.994014
   1  12   2   0.468566   0.151870   1.726862   8.534924   2.637471   0.994014
   1  12   3   0.481560   0.183669   1.611622   6.824623   2.682255   0.994003
   1  12   4   0.503316   0.213550                        COALESCENCE
   1  13   1   0.503367   0.111482   1.883206  12.500000   2.581437   0.994014
   1  13   2   0.501516   0.143810   1.784751   9.731544   2.616131   0.994014
   1  13   3   0.509339   0.176191   1.686150   7.868015   2.652929   0.994014
   1  13   4   0.524781   0.207346   1.580804   6.415530   2.694815   0.994027
   1  13   5   0.550000   0.236150   1.555484   5.944302   2.703515   0.991280
   1  14   1   0.537532   0.135666   1.834224  11.079460   2.598456   0.994014
   1  14   2   0.540386   0.168291   1.743436   8.886052   2.631286   0.994014
   1  14   3   0.550864   0.200177   1.652159   7.353204   2.666136   0.994014
   1  14   4   0.568673   0.230879   1.550166   6.117672   2.707644   0.994181
   1  14   5   0.600000   0.258297   1.530823   5.719367   2.714509   0.992187
   1  15   1   0.576546   0.127690   1.856616  12.500000   2.590618   0.994014
   1  15   2   0.574279   0.160185   1.795515  10.008452   2.612243   0.994014
   1  15   3   0.580280   0.192473   1.708050   8.247486   2.644566   0.994014
   1  15   4   0.593242   0.224039   1.618588   6.976062   2.679455   0.994004
   1  15   5   0.613435   0.254471   1.527267   5.830305   2.717403   0.994293
   1  15   6   0.650000   0.280254   1.509503   5.522641   2.724128   0.992929
   1  16   1   0.611048   0.152034   1.826588  11.153850   2.601152   0.994014
   1  16   2   0.612396   0.184484   1.760438   9.217221   2.625005   0.994014
   1  16   3   0.621242   0.216569   1.672548   7.779795   2.658180   0.994014
   1  16   4   0.636562   0.247943   1.593259   6.625559   2.689690   0.993988
   1  16   5   0.658453   0.277828   1.507309   5.586097   2.726019   0.994368
   1  16   6   0.700000   0.302046   1.490798   5.348251   2.732659   0.993548
   1  17   1   0.650431   0.144053   1.854374  12.500000   2.591399   0.994014
   1  17   2   0.647348   0.176301   1.795232  10.180725   2.612345   0.994014
   1  17   3   0.651840   0.208759   1.723986   8.639874   2.638551   0.994014
   1  17   4   0.663236   0.240695   1.645536   7.358815   2.668743   0.994015
   1  17   5   0.680236   0.271608   1.571092   6.330820   2.698783   0.993967
   1  17   6   0.703685   0.300981                        COALESCENCE
   1  18   1   0.684606   0.168160   1.830315  11.300476   2.599835   0.994014
   1  18   2   0.685289   0.200648   1.759973   9.475431   2.625176   0.994014
   1  18   3   0.692433   0.233064   1.695953   8.135128   2.649172   0.994013
   1  18   4   0.705697   0.264587   1.621733   7.008752   2.678203   0.994018
   1  18   5   0.724188   0.295056   1.551481   6.077615   2.706968   0.993991
   1  18   6   0.750000   0.323693   1.535152   5.759055   2.712569   0.992031
   1  19   1   0.723825   0.160308   1.852103  12.500000   2.592190   0.994014
   1  19   2   0.720803   0.192504   1.798054  10.437739   2.611329   0.994014
   1  19   3   0.724525   0.225038   1.732405   8.875014   2.635396   0.994014
   1  19   4   0.733625   0.257147   1.670968   7.720252   2.658793   0.994013
   1  19   5   0.748524   0.288261   1.600655   6.710929   2.686701   0.994020
   1  19   6   0.768568   0.318413   1.531252   5.879072   2.715581   0.994101
   1  19   7   0.800000   0.345684   1.517913   5.600494   2.720320   0.992641
   1  20   1   0.758147   0.184512   1.826161  11.451568   2.601303   0.994014
   1  20   2   0.758485   0.216932   1.771977   9.721337   2.620778   0.994014
   1  20   3   0.764514   0.249232   1.707313   8.387407   2.644846   0.994014
   1  20   4   0.775286   0.281020   1.648672   7.370801   2.667506   0.994013
   1  20   5   0.791863   0.311853   1.579087   6.475694   2.695514   0.994015
   1  20   6   0.813539   0.341810   1.515214   5.681081   2.722490   0.994183
   1  20   7   0.850000   0.367541   1.502417   5.456777   2.727349   0.993167
   1  21   1   0.797801   0.176692   1.837565  12.500000   2.597281   0.994014
   1  21   2   0.794192   0.208879   1.803606  10.600479   2.609336   0.994014
   1  21   3   0.797109   0.241209   1.747347   9.146513   2.629836   0.994014
   1  21   4   0.805089   0.273231   1.684619   7.980927   2.653518   0.994014
   1  21   5   0.817554   0.304824   1.625774   7.093533   2.676584   0.994013
   1  21   6   0.835822   0.335475   1.561878   6.246377   2.702633   0.994006
   1  21   7   0.858684   0.365042   1.500709   5.505080   2.728794   0.994239
   1  21   8   0.900000   0.389278   1.488375   5.325536   2.733770   0.993627
   1  22   1   0.832132   0.200860   1.821454  11.493315   2.602971   0.994014
   1  22   2   0.831397   0.233165   1.780740   9.925651   2.617587   0.994014
   1  22   3   0.836457   0.265318   1.724574   8.672288   2.638330   0.994014
   1  22   4   0.846378   0.297184   1.661052   7.657883   2.662653   0.994014
   1  22   5   0.860481   0.328651   1.607389   6.828707   2.683969   0.994013
   1  22   6   0.880005   0.358931   1.546261   6.043712   2.709162   0.993993
   1  22   7   0.903983   0.388126                        COALESCENCE
   1  23   1   0.871794   0.193079   1.837071  12.500000   2.597454   0.994014
   1  23   2   0.867884   0.225054   1.802241  10.704311   2.609825   0.994014
   1  23   3   0.869489   0.257326   1.758771   9.374661   2.625618   0.994014
   1  23   4   0.876644   0.289413   1.700499   8.295242   2.647437   0.994014
   1  23   5   0.888371   0.321153   1.642049   7.354887   2.670119   0.994014
   1  23   6   0.903690   0.352311   1.590648   6.596079   2.690772   0.994014
   1  23   7   0.924372   0.382229   1.531999   5.862407   2.715206   0.994013
   1  23   8   0.950000   0.410907   1.520119   5.620864   2.719324   0.992564
   1  24   1   0.905906   0.217092   1.823356  11.577267   2.602296   0.994014
   1  24   2   0.904713   0.249185   1.782377  10.066703   2.616992   0.994014
   1  24   3   0.908561   0.281515   1.734812   8.937031   2.634497   0.994014
   1  24   4   0.917591   0.313521   1.680966   7.947596   2.654925   0.994014
   1  24   5   0.930707   0.344960   1.624661   7.090434   2.677029   0.994014
   1  24   6   0.947130   0.375811   1.575378   6.389133   2.697042   0.994014
   1  24   7   0.969050   0.405460   1.517091   5.714071   2.721627   0.994095
   1  24   8   1.000000   0.432781   1.506983   5.499242   2.725272   0.993014
   1  25   1   0.945446   0.209391   1.836298  12.500000   2.597726   0.994014
   1  25   2   0.941320   0.241138   1.806718  10.838866   2.608221   0.994014
   1  25   3   0.942684   0.273405   1.759479   9.561427   2.625358   0.994014
   1  25   4   0.948460   0.305721   1.715220   8.539826   2.641852   0.994014
   1  25   5   0.958953   0.337473   1.662961   7.646138   2.661908   0.994014
   1  25   6   0.973327   0.368608   1.608739   6.856541   2.683424   0.994014
   1  25   7   0.990931   0.399251   1.559560   6.218637   2.703602   0.994010
   1  25   8   1.014158   0.428714   1.504844   5.564048   2.726946   0.994156
   1  25   9   1.050000   0.454553   1.494907   5.386705   2.730777   0.993415
   1  26   1   0.979353   0.233258   1.824614  11.647360   2.601851   0.994014
   1  26   2   0.978061   0.265349   1.785574  10.255303   2.615833   0.994014
   1  26   3   0.981560   0.297651   1.740549   9.109515   2.632359   0.994014
   1  26   4   0.988856   0.329785   1.696960   8.197658   2.648787   0.994014
   1  26   5   1.000659   0.361273   1.646387   7.381082   2.668407   0.994014
   1  26   6   1.016360   0.392204   1.592213   6.662999   2.690133   0.994014
   1  26   7   1.035181   0.422706   1.546491   6.048956   2.709071   0.994002
   1  26   8   1.059399   0.451841   1.493531   5.427235   2.731890   0.994197
   1  26   9   1.100000   0.476233   1.483747   5.282077   2.735897   0.993774
   1  27   1   1.018763   0.225629   1.835637  12.500000   2.597959   0.994014
   1  27   2   1.014799   0.257392   1.806380  10.975594   2.608342   0.994014
   1  27   3   1.015804   0.289608   1.767765   9.740567   2.622318   0.994014
   1  27   4   1.021024   0.321774   1.722595   8.722844   2.639073   0.994014
   1  27   5   1.029659   0.353704   1.680017   7.898590   2.655291   0.994014
   1  27   6   1.042837   0.385030   1.629130   7.160986   2.675245   0.994014
   1  27   7   1.059862   0.415809   1.578505   6.473057   2.695753   0.994015
   1  27   8   1.079593   0.446034   1.534385   5.894783   2.714178   0.993991
   1  27   9   1.104760   0.474854   1.483040   5.301748   2.736500   0.994220
   1  27  10   1.150000   0.497825   1.473393   5.184452   2.740675   0.994098
   1  28   1   1.052832   0.249608   1.821719  11.729106   2.602877   0.994014
   1  28   2   1.051362   0.281611   1.790509  10.390675   2.614048   0.994014
   1  28   3   1.054240   0.313773   1.750415   9.303081   2.628700   0.994014
   1  28   4   1.060970   0.345766   1.705735   8.386933   2.645445   0.994014
   1  28   5   1.071002   0.377594   1.662257   7.649716   2.662183   0.994014
   1  28   6   1.085509   0.408792   1.614760   6.947817   2.680998   0.994013
   1  28   7   1.103560   0.439286   1.565776   6.301151   2.701018   0.994016
   1  28   8   1.124153   0.469244   1.523127   5.753834   2.718964   0.993978
   1  28   9   1.150230   0.497758                        COALESCENCE
   1  29   1   1.092583   0.241978   1.827403  12.500000   2.600864   0.994014
   1  29   2   1.088153   0.273723   1.808760  11.065870   2.607491   0.994014
   1  29   3   1.088737   0.305773   1.774352   9.896817   2.619911   0.994014
   1  29   4   1.093242   0.337826   1.733833   8.925319   2.634862   0.994014
   1  29   5   1.101527   0.369749   1.687847   8.107141   2.652277   0.994014
   1  29   6   1.112866   0.401486   1.647416   7.411554   2.668001   0.994014
   1  29   7   1.128415   0.432426   1.601385   6.755654   2.686400   0.994013
   1  29   8   1.147434   0.462645   1.553917   6.144541   2.705965   0.994018
   1  29   9   1.168846   0.492344   1.512613   5.624251   2.723471   0.993971
   1  29  10   1.200000   0.519337   1.503188   5.463953   2.726998   0.993141
   1  30   1   1.126616   0.265908   1.818661  11.749825   2.603963   0.994014
   1  30   2   1.124421   0.297835   1.794487  10.509482   2.612613   0.994014
   1  30   3   1.126772   0.329851   1.758483   9.472934   2.625724   0.994014
   1  30   4   1.132936   0.361893   1.715936   8.610541   2.641582   0.994014
   1  30   5   1.142636   0.393730   1.672849   7.842343   2.658063   0.994014
   1  30   6   1.155004   0.425253   1.633552   7.197730   2.673486   0.994014
   1  30   7   1.171530   0.455943   1.588901   6.581213   2.691486   0.994013
   1  30   8   1.191467   0.485893   1.542836   6.001019   2.710623   0.994021
   1  30   9   1.213742   0.515384   1.501475   5.515435   2.728316   0.994018
   1  30  10   1.250000   0.541081   1.493211   5.370847   2.731553   0.993470
   1  31   1   1.166320   0.258309   1.827319  12.500000   2.600893   0.994014
   1  31   2   1.161749   0.289904   1.807214  11.124415   2.608044   0.994014
   1  31   3   1.161456   0.321898   1.779839  10.034739   2.617914   0.994014
   1  31   4   1.165588   0.353973   1.740910   9.119816   2.632225   0.994014
   1  31   5   1.173219   0.385959   1.700866   8.315756   2.647297   0.994014
   1  31   6   1.184064   0.417593   1.658768   7.605603   2.663546   0.994014
   1  31   7   1.197387   0.448904   1.620575   7.004328   2.678664   0.994014
   1  31   8   1.214832   0.479349   1.577217   6.421861   2.696283   0.994013
   1  31   9   1.235734   0.509084   1.531207   5.879761   2.715548   0.994021
   1  31  10   1.259026   0.538475   1.492131   5.402953   2.732403   0.994048
   1  31  11   1.300000   0.562747   1.483877   5.283292   2.735837   0.993770
   1  32   1   1.200205   0.282134   1.819580  11.797006   2.603636   0.994014
   1  32   2   1.197769   0.313900   1.794487  10.593870   2.612613   0.994014
   1  32   3   1.199370   0.346045   1.762968   9.639554   2.624076   0.994014
   1  32   4   1.205037   0.378098   1.726028   8.792380   2.637784   0.994014
   1  32   5   1.213870   0.409914   1.686616   8.053313   2.652750   0.994014
   1  32   6   1.225774   0.441342   1.645532   7.392280   2.668743   0.994014
   1  32   7   1.239987   0.472444   1.608401   6.828236   2.683561   0.994014
   1  32   8   1.258399   0.502701   1.564969   6.286496   2.701351   0.994012
   1  32   9   1.280395   0.532321   1.521404   5.755910   2.719728   0.994019
   1  32  10   1.304409   0.561469   1.483360   5.298276   2.736256   0.994063
   1  32  11   1.350000   0.584340   1.475114   5.200717   2.739879   0.994045
   1  33   1   1.239813   0.274586   1.827114  12.500000   2.600966   0.994014
   1  33   2   1.235115   0.306023   1.809384  11.203928   2.607268   0.994014
   1  33   3   1.234779   0.338025   1.778861  10.152783   2.618270   0.994014
   1  33   4   1.237968   0.370201   1.748571   9.276512   2.629383   0.994014
   1  33   5   1.244908   0.402122   1.711820   8.502101   2.643138   0.994014
   1  33   6   1.254845   0.433762   1.673150   7.817721   2.657947   0.994014
   1  33   7   1.267733   0.464984   1.633077   7.198714   2.673675   0.994014
   1  33   8   1.282886   0.495938   1.595636   6.678026   2.688737   0.994014
   1  33   9   1.302372   0.526095   1.554604   6.149794   2.705673   0.994012
   1  33  10   1.325173   0.555461   1.512176   5.640926   2.723688   0.994017
   1  33  11   1.349883   0.584374                        COALESCENCE
   1  34   1   1.273552   0.298308   1.820291  11.838159   2.603384   0.994014
   1  34   2   1.271136   0.330098   1.795423  10.711531   2.612276   0.994014
   1  34   3   1.272529   0.362173   1.765378   9.751143   2.623192   0.994014
   1  34   4   1.277047   0.394271   1.734635   8.956027   2.634563   0.994014
   1  34   5   1.285150   0.426047   1.698293   8.242512   2.648278   0.994014
   1  34   6   1.296107   0.457505   1.660424   7.604678   2.662899   0.994014
   1  34   7   1.310029   0.488585   1.619982   7.033108   2.678902   0.994014
   1  34   8   1.326202   0.519468   1.584800   6.527864   2.693166   0.994014
   1  34   9   1.346482   0.549392   1.544835   6.023186   2.709775   0.994012
   1  34  10   1.370059   0.578510   1.503465   5.533773   2.727451   0.994015
   1  34  11   1.400000   0.605866   1.495765   5.394718   2.730385   0.993387
   1  35   1   1.313055   0.290807   1.826980  12.500000   2.601013   0.994014
   1  35   2   1.308537   0.322287   1.808615  11.289501   2.607543   0.994014
   1  35   3   1.307963   0.354215   1.783160  10.266932   2.616708   0.994014
   1  35   4   1.310828   0.386253   1.752061   9.398099   2.628092   0.994014
   1  35   5   1.316547   0.418252   1.721233   8.670521   2.639586   0.994014
   1  35   6   1.325717   0.449874   1.685437   8.008578   2.653203   0.994014
   1  35   7   1.337745   0.481218   1.646994   7.421946   2.668167   0.994014
   1  35   8   1.352753   0.512220   1.608843   6.869063   2.683382   0.994014
   1  35   9   1.369678   0.542901   1.574575   6.389134   2.697374   0.994014
   1  35  10   1.390719   0.572596   1.535607   5.905460   2.713674   0.994011
   1  35  11   1.415111   0.601507   1.494291   5.441505   2.731462   0.994050
   1  35  12   1.450000   0.627552   1.487361   5.316020   2.734236   0.993659
   1  36   1   1.346950   0.314638   1.818303  11.889781   2.604090   0.994014
   1  36   2   1.344406   0.346335   1.798040  10.798019   2.611334   0.994014
   1  36   3   1.345414   0.378290   1.770681   9.877768   2.621251   0.994014
   1  36   4   1.349602   0.410260   1.739068   9.084806   2.632910   0.994014
   1  36   5   1.356416   0.442144   1.708398   8.414123   2.644434   0.994014
   1  36   6   1.366703   0.473681   1.671791   7.807550   2.658474   0.994014
   1  36   7   1.379824   0.504961   1.635545   7.242507   2.672694   0.994014
   1  36   8   1.395659   0.535758   1.598313   6.717899   2.687648   0.994014
   1  36   9   1.413299   0.566242   1.564905   6.260428   2.701379   0.994014
   1  36  10   1.435143   0.595750   1.525973   5.803559   2.717769   0.994009
   1  36  11   1.460452   0.624527   1.486417   5.346632   2.734921   0.994072
   1  36  12   1.500000   0.649172   1.479423   5.241371   2.737889   0.993911
   1  37   1   1.386736   0.307126   1.821672  12.500000   2.602894   0.994014
   1  37   2   1.381815   0.338576   1.809952  11.347201   2.607065   0.994014
   1  37   3   1.380980   0.370373   1.786756  10.369590   2.615405   0.994014
   1  37   4   1.383403   0.402309   1.758256   9.533743   2.625807   0.994014
   1  37   5   1.388793   0.434188   1.726492   8.804446   2.637610   0.994014
   1  37   6   1.396749   0.466029   1.694660   8.193495   2.649666   0.994014
   1  37   7   1.408146   0.497515   1.660133   7.611739   2.663013   0.994014
   1  37   8   1.422111   0.528608   1.624696   7.077585   2.677015   0.994014
   1  37   9   1.438731   0.559205   1.588340   6.577990   2.691715   0.994014
   1  37  10   1.457130   0.589534   1.554820   6.148559   2.705585   0.994014
   1  37  11   1.479865   0.618924   1.517663   5.699758   2.721322   0.994006
   1  37  12   1.505877   0.647467   1.478960   5.257421   2.738205   0.994081
   1  37  13   1.550000   0.670731   1.471909   5.170410   2.741363   0.994144
   1  38   1   1.420568   0.330897   1.816231  11.901984   2.604827   0.994014
   1  38   2   1.417478   0.362542   1.800270  10.876119   2.610533   0.994014
   1  38   3   1.418161   0.394379   1.775177   9.992285   2.619611   0.994014
   1  38   4   1.421860   0.426264   1.746054   9.226957   2.630315   0.994014
   1  38   5   1.428498   0.458125   1.712865   8.563009   2.642742   0.994014
   1  38   6   1.437558   0.489939   1.682897   7.980217   2.654181   0.994014
   1  38   7   1.449824   0.521257   1.649052   7.432240   2.667357   0.994014
   1  38   8   1.464586   0.552165   1.614402   6.925304   2.681142   0.994014
   1  38   9   1.482037   0.582607   1.577934   6.456007   2.695988   0.994013
   1  38  10   1.501266   0.612844   1.546092   6.035555   2.709248   0.994015
   1  38  11   1.524683   0.642017   1.509772   5.602320   2.724715   0.994001
   1  38  12   1.551380   0.670330                        COALESCENCE
   1  39   1   1.460276   0.323413   1.821750  12.500000   2.602866   0.994014
   1  39   2   1.455298   0.354746   1.808681  11.384777   2.607519   0.994014
   1  39   3   1.453823   0.386507   1.789851  10.462786   2.614286   0.994014
   1  39   4   1.455867   0.418340   1.763569   9.656989   2.623855   0.994014
   1  39   5   1.460886   0.450247   1.732619   8.962618   2.635316   0.994014
   1  39   6   1.468699   0.482087   1.701175   8.331277   2.647179   0.994014
   1  39   7   1.478630   0.513761   1.671675   7.785224   2.658519   0.994014
   1  39   8   1.491714   0.544909   1.638513   7.266898   2.671518   0.994014
   1  39   9   1.507321   0.575682   1.603654   6.792167   2.685481   0.994014
   1  39  10   1.525656   0.606023   1.568912   6.333704   2.699716   0.994013
   1  39  11   1.545515   0.636071   1.537797   5.929667   2.712749   0.994016
   1  39  12   1.569591   0.665031   1.502274   5.510573   2.727953   0.993993
   1  39  13   1.600000   0.692232   1.495487   5.392120   2.730512   0.993396
   1  40   1   1.493998   0.347107   1.816817  11.932200   2.604618   0.994014
   1  40   2   1.490793   0.378630   1.799842  10.932620   2.610687   0.994014
   1  40   3   1.490756   0.410448   1.779085  10.096730   2.618188   0.994014
   1  40   4   1.494200   0.442349   1.750503   9.368018   2.628668   0.994014
   1  40   5   1.500431   0.474255   1.721062   8.710641   2.639650   0.994014
   1  40   6   1.509193   0.505965   1.689964   8.119986   2.651464   0.994014
   1  40   7   1.519940   0.537496   1.660967   7.606044   2.662687   0.994014
   1  40   8   1.533890   0.568528   1.627487   7.122022   2.675900   0.994014
   1  40   9   1.550377   0.599210   1.594314   6.659631   2.689276   0.994014
   1  40  10   1.569401   0.629356   1.560330   6.219317   2.703283   0.994013
   1  40  11   1.589867   0.659219   1.529903   5.830130   2.716100   0.994017
   1  40  12   1.614652   0.688005   1.494170   5.432132   2.731500   0.994027
   1  40  13   1.650000   0.713916   1.488134   5.323280   2.733880   0.993634
   1  41   1   1.533628   0.339658   1.821760  12.500000   2.602862   0.994014
   1  41   2   1.528577   0.370882   1.809915  11.437530   2.607079   0.994014
   1  41   3   1.526947   0.402519   1.790253  10.533538   2.614141   0.994014
   1  41   4   1.528379   0.434463   1.766584   9.781257   2.622750   0.994014
   1  41   5   1.533079   0.466386   1.739224   9.094352   2.632852   0.994014
   1  41   6   1.540303   0.498187   1.709905   8.481509   2.643863   0.994014
   1  41   7   1.549952   0.529761   1.679222   7.926312   2.655598   0.994014
   1  41   8   1.561564   0.561205   1.649731   7.448770   2.667090   0.994014
   1  41   9   1.576398   0.592155   1.617889   6.978752   2.679741   0.994014
   1  41  10   1.593577   0.622655   1.585419   6.535905   2.692912   0.994014
   1  41  11   1.613265   0.652610   1.552157   6.111980   2.706699   0.994013
   1  41  12   1.634389   0.682330   1.521462   5.744510   2.719701   0.994016
   1  41  13   1.660005   0.711022   1.487278   5.349437   2.734527   0.994049
   1  41  14   1.700000   0.735542   1.481142   5.257565   2.737096   0.993857
   1  42   1   1.567249   0.363282   1.817266  11.959442   2.604459   0.994014
   1  42   2   1.563892   0.394695   1.801773  11.002350   2.609993   0.994014
   1  42   3   1.563858   0.426512   1.778593  10.189705   2.618367   0.994014
   1  42   4   1.566577   0.458512   1.755746   9.484343   2.626732   0.994014
   1  42   5   1.572321   0.490356   1.728244   8.846169   2.636953   0.994014
   1  42   6   1.580470   0.522042   1.699160   8.272003   2.647947   0.994014
   1  42   7   1.591057   0.553538   1.667897   7.756104   2.659986   0.994014
   1  42   8   1.603531   0.584919   1.639933   7.294199   2.670955   0.994014
   1  42   9   1.619067   0.615700   1.608735   6.845261   2.683426   0.994014
   1  42  10   1.636910   0.646021   1.576940   6.420008   2.696397   0.994014
   1  42  11   1.657316   0.675830   1.543423   6.019206   2.710370   0.994013
   1  42  12   1.679206   0.705479   1.514250   5.655079   2.722795   0.994015
   1  42  13   1.705431   0.733967   1.480709   5.271077   2.737420   0.994059
   1  42  14   1.750000   0.757115   1.474480   5.194726   2.740172   0.994065
   1  43   1   1.606806   0.355865   1.821719  12.500000   2.602877   0.994014
   1  43   2   1.601690   0.386987   1.810937  11.485381   2.606714   0.994014
   1  43   3   1.600039   0.418648   1.791155  10.627564   2.613815   0.994014
   1  43   4   1.601379   0.450546   1.768424   9.868014   2.622076   0.994014
   1  43   5   1.605179   0.482504   1.745073   9.215801   2.630679   0.994014
   1  43   6   1.611892   0.514256   1.717596   8.619807   2.640956   0.994014
   1  43   7   1.621016   0.545887   1.687763   8.087686   2.652309   0.994014
   1  43   8   1.632516   0.577319   1.658008   7.589791   2.663843   0.994014
   1  43   9   1.645678   0.608553   1.630571   7.150455   2.674671   0.994014
   1  43  10   1.661885   0.639166   1.599998   6.720438   2.686963   0.994014
   1  43  11   1.680450   0.669357   1.567888   6.319387   2.700141   0.994014
   1  43  12   1.701666   0.699085   1.535942   5.923085   2.713532   0.994013
   1  43  13   1.724106   0.728557   1.507358   5.570450   2.725764   0.994012
   1  43  14   1.750924   0.756846                        COALESCENCE
   1  44   1   1.640335   0.379424   1.817614  11.984125   2.604335   0.994014
   1  44   2   1.637044   0.410873   1.801649  11.077314   2.610038   0.994014
   1  44   3   1.636832   0.442653   1.781813  10.278903   2.617197   0.994014
   1  44   4   1.639347   0.474537   1.758252   9.577850   2.625809   0.994014
   1  44   5   1.644144   0.506436   1.734632   8.971479   2.634564   0.994014
   1  44   6   1.651875   0.538158   1.706213   8.420509   2.645263   0.994014
   1  44   7   1.661928   0.569735   1.677796   7.908591   2.656149   0.994014
   1  44   8   1.674174   0.601021   1.648536   7.435431   2.667560   0.994014
   1  44   9   1.687990   0.632108   1.621622   7.016287   2.678244   0.994014
   1  44  10   1.704929   0.662606   1.590670   6.611657   2.690763   0.994014
   1  44  11   1.724293   0.692724   1.560114   6.215942   2.703373   0.994014
   1  44  12   1.746110   0.722268   1.528787   5.832253   2.716572   0.994013
   1  44  13   1.769084   0.751567   1.500765   5.490176   2.728618   0.994009
   1  44  14   1.800000   0.778635   1.494831   5.385993   2.730812   0.993417
   1  45   1   1.679823   0.372037   1.821651  12.500000   2.602901   0.994014
   1  45   2   1.674863   0.403212   1.809981  11.540312   2.607055   0.994014
   1  45   3   1.673088   0.434825   1.793367  10.699744   2.613017   0.994014
   1  45   4   1.674122   0.466631   1.772262   9.965251   2.620674   0.994014
   1  45   5   1.677715   0.498478   1.748182   9.314518   2.629526   0.994014
   1  45   6   1.683559   0.530380   1.723356   8.756257   2.638787   0.994014
   1  45   7   1.692241   0.562060   1.696241   8.227884   2.649061   0.994014
   1  45   8   1.703062   0.593507   1.668222   7.742696   2.659860   0.994014
   1  45   9   1.716015   0.624647   1.639463   7.291621   2.671141   0.994014
   1  45  10   1.730550   0.655642   1.612059   6.898983   2.682085   0.994014
   1  45  11   1.748282   0.686074   1.582643   6.500616   2.694051   0.994014
   1  45  12   1.768242   0.716019   1.552675   6.118327   2.706483   0.994014
   1  45  13   1.790642   0.745382   1.521938   5.746212   2.719495   0.994013
   1  45  14   1.814193   0.774540   1.493625   5.420878   2.731747   0.994042
   1  45  15   1.850000   0.800314   1.488303   5.324860   2.733803   0.993629
   1  46   1   1.713491   0.395693   1.816034  12.017853   2.604897   0.994014
   1  46   2   1.710130   0.427085   1.803017  11.131777   2.609547   0.994014
   1  46   3   1.709679   0.458770   1.784623  10.360976   2.616178   0.994014
   1  46   4   1.711853   0.490573   1.762656   9.681307   2.624190   0.994014
   1  46   5   1.716574   0.522446   1.737153   9.082494   2.633624   0.994014
   1  46   6   1.723373   0.554327   1.713457   8.549292   2.642518   0.994014
   1  46   7   1.732849   0.585891   1.686627   8.049810   2.652746   0.994014
   1  46   8   1.744397   0.617205   1.659028   7.588424   2.663444   0.994014
   1  46   9   1.758126   0.648257   1.629748   7.165556   2.674999   0.994014
   1  46  10   1.773422   0.679202   1.603817   6.780028   2.685415   0.994014
   1  46  11   1.791752   0.709470   1.574956   6.395982   2.697216   0.994014
   1  46  12   1.812289   0.739244   1.545549   6.025983   2.709475   0.994014
   1  46  13   1.835318   0.768462   1.514594   5.671560   2.722644   0.994011
   1  46  14   1.859558   0.797549   1.487502   5.347659   2.734440   0.994065
   1  46  15   1.900000   0.821942   1.482060   5.266207   2.736673   0.993828
   1  47   1   1.753212   0.388290   1.817850  12.500000   2.604251   0.994014
   1  47   2   1.747951   0.419459   1.810677  11.576184   2.606806   0.994014
   1  47   3   1.746001   0.450976   1.795290  10.766165   2.612324   0.994014
   1  47   4   1.746756   0.482695   1.775635  10.055046   2.619444   0.994014
   1  47   5   1.750117   0.514558   1.751945   9.431089   2.628135   0.994014
   1  47   6   1.755849   0.546418   1.727452   8.860452   2.637250   0.994014
   1  47   7   1.763454   0.578206   1.703871   8.358342   2.646153   0.994014
   1  47   8   1.773680   0.609651   1.677368   7.884519   2.656314   0.994014
   1  47   9   1.786026   0.640893   1.649157   7.452861   2.667316   0.994014
   1  47  10   1.800555   0.671890   1.621366   7.038490   2.678347   0.994014
   1  47  11   1.816426   0.702690   1.595915   6.668099   2.688624   0.994014
   1  47  12   1.835332   0.732797   1.567588   6.297132   2.700265   0.994014
   1  47  13   1.856495   0.762438   1.537919   5.945479   2.712696   0.994014
   1  47  14   1.880253   0.791575   1.508272   5.593280   2.725367   0.994008
   1  47  15   1.904987   0.820496   1.481635   5.277862   2.737025   0.994078
   1  47  16   1.950000   0.843521   1.476082   5.209858   2.739432   0.994015
   1  48   1   1.786845   0.411912   1.814459  12.023047   2.605458   0.994014
   1  48   2   1.783076   0.443270   1.804200  11.181901   2.609123   0.994014
   1  48   3   1.782406   0.474865   1.787089  10.436786   2.615285   0.994014
   1  48   4   1.784412   0.506683   1.765368   9.785460   2.623195   0.994014
   1  48   5   1.788817   0.538550   1.742497   9.192755   2.631635   0.994014
   1  48   6   1.795418   0.570328   1.718002   8.656004   2.640802   0.994014
   1  48   7   1.803778   0.602018   1.694604   8.181430   2.649687   0.994014
   1  48   8   1.814830   0.633408   1.667390   7.738973   2.660183   0.994014
   1  48   9   1.827978   0.664601   1.640632   7.317017   2.670679   0.994014
   1  48  10   1.843128   0.695451   1.613320   6.919108   2.681578   0.994014
   1  48  11   1.859551   0.726108   1.588334   6.562502   2.691718   0.994014
   1  48  12   1.879087   0.756094   1.559705   6.210604   2.703544   0.994014
   1  48  13   1.900963   0.785663   1.531331   5.861680   2.715491   0.994014
   1  48  14   1.925259   0.814625   1.502201   5.518741   2.727992   0.994004
   1  48  15   1.950477   0.843383                        COALESCENCE
   1  49   1   1.826517   0.404525   1.817987  12.500000   2.604202   0.994014
   1  49   2   1.821211   0.435613   1.809523  11.598289   2.607219   0.994014
   1  49   3   1.818787   0.467103   1.796974  10.827528   2.611718   0.994014
   1  49   4   1.819438   0.498838   1.777405  10.146583   2.618799   0.994014
   1  49   5   1.822527   0.530680   1.756280   9.529830   2.626535   0.994014
   1  49   6   1.827840   0.562487   1.733227   8.973747   2.635089   0.994014
   1  49   7   1.835253   0.594176   1.708823   8.466945   2.644273   0.994014
   1  49   8   1.844448   0.625836   1.684569   8.025375   2.653537   0.994014
   1  49   9   1.856309   0.657183   1.658764   7.593927   2.663548   0.994014
   1  49  10   1.870089   0.688239   1.632435   7.189580   2.673930   0.994014
   1  49  11   1.885835   0.718944   1.605592   6.806639   2.684696   0.994014
   1  49  12   1.902866   0.749500   1.580227   6.469739   2.695044   0.994014
   1  49  13   1.923105   0.779419   1.552884   6.121131   2.706394   0.994013
   1  49  14   1.945511   0.808823   1.524999   5.781971   2.718188   0.994015
   1  49  15   1.970333   0.837614   1.496360   5.447633   2.730530   0.994004
   1  49  16   2.000000   0.865054   1.491183   5.351854   2.732482   0.993536
   1  50   1   1.860070   0.428090   1.814852  12.042387   2.605318   0.994014
   1  50   2   1.856219   0.459361   1.803515  11.217405   2.609368   0.994014
   1  50   3   1.855178   0.491044   1.788028  10.515384   2.614945   0.994014
   1  50   4   1.856956   0.522827   1.768794   9.872591   2.621941   0.994014
   1  50   5   1.860995   0.554632   1.747278   9.295399   2.629861   0.994014
   1  50   6   1.867153   0.586368   1.724169   8.771604   2.638482   0.994014
   1  50   7   1.875461   0.618038   1.698818   8.299936   2.648078   0.994014
   1  50   8   1.885455   0.649668   1.675886   7.870666   2.656887   0.994014
   1  50   9   1.897963   0.680889   1.650454   7.458060   2.666806   0.994014
   1  50  10   1.912348   0.711809   1.624551   7.069689   2.677073   0.994014
   1  50  11   1.928749   0.742414   1.597321   6.707545   2.688052   0.994014
   1  50  12   1.946448   0.772918   1.573199   6.374406   2.697942   0.994014
   1  50  13   1.967214   0.802681   1.546326   6.036121   2.709148   0.994013
   1  50  14   1.990136   0.831922   1.518910   5.706010   2.720794   0.994016
   1  50  15   2.015521   0.860570   1.490097   5.385164   2.733281   0.994030
   1  50  16   2.050000   0.886705   1.485359   5.297224   2.735155   0.993723
   1  51   1   1.899679   0.420729   1.818084  12.500000   2.604168   0.994014
   1  51   2   1.894327   0.451735   1.810265  11.632943   2.606954   0.994014
   1  51   3   1.891964   0.483247   1.795510  10.882033   2.612245   0.994014
   1  51   4   1.892082   0.515009   1.780022  10.221897   2.617847   0.994014
   1  51   5   1.894857   0.546781   1.760159   9.621818   2.625107   0.994014
   1  51   6   1.899780   0.578534   1.738419   9.079426   2.633152   0.994014
   1  51   7   1.906869   0.610273   1.714218   8.592808   2.642231   0.994014
   1  51   8   1.916014   0.641913   1.690157   8.135183   2.651390   0.994014
   1  51   9   1.926652   0.673435   1.667504   7.725967   2.660139   0.994014
   1  51  10   1.939777   0.704529   1.642450   7.330422   2.669960   0.994014
   1  51  11   1.954831   0.735361   1.616107   6.963763   2.680457   0.994014
   1  51  12   1.971932   0.765907   1.590144   6.606278   2.690978   0.994014
   1  51  13   1.990130   0.796271   1.566439   6.283930   2.700742   0.994014
   1  51  14   2.011407   0.825880   1.540017   5.955193   2.711808   0.994013
   1  51  15   2.034885   0.854990   1.512439   5.638992   2.723574   0.994015
   1  51  16   2.060913   0.883545   1.484635   5.319759   2.735686   0.994047
   1  51  17   2.100000   0.908310   1.479766   5.244600   2.737731   0.993900
   1  52   1   1.933156   0.444241   1.815175  12.060192   2.605203   0.994014
   1  52   2   1.929382   0.475548   1.803360  11.272563   2.609424   0.994014
   1  52   3   1.928252   0.507166   1.788281  10.567962   2.614853   0.994014
   1  52   4   1.929405   0.538951   1.771862   9.953810   2.620820   0.994014
   1  52   5   1.933105   0.570693   1.751580   9.391223   2.628269   0.994014
   1  52   6   1.938998   0.602472   1.728585   8.888193   2.636825   0.994014
   1  52   7   1.946940   0.634190   1.705598   8.417266   2.645497   0.994014
   1  52   8   1.956775   0.665725   1.681772   7.981328   2.654614   0.994014
   1  52   9   1.968026   0.697136   1.659413   7.590225   2.663294   0.994014
   1  52  10   1.981834   0.728155   1.633863   7.217375   2.673362   0.994014
   1  52  11   1.997586   0.758933   1.608770   6.856101   2.683412   0.994014
   1  52  12   2.015224   0.789336   1.583234   6.510283   2.693808   0.994014
   1  52  13   2.033905   0.819563   1.559930   6.197892   2.703450   0.994014
   1  52  14   2.055737   0.849049   1.533319   5.883527   2.714645   0.994013
   1  52  15   2.079841   0.878074   1.506772   5.569263   2.726018   0.994013
   1  52  16   2.106363   0.906464   1.479381   5.257110   2.738002   0.994055
   1  52  17   2.150000   0.929871   1.474388   5.193852   2.740215   0.994067
   1  53   1   1.972706   0.436902   1.818145  12.500000   2.604146   0.994014
   1  53   2   1.967496   0.467959   1.809581  11.673244   2.607198   0.994014
   1  53   3   1.965014   0.499408   1.797037  10.936365   2.611695   0.994014
   1  53   4   1.964997   0.531076   1.780742  10.281636   2.617586   0.994014
   1  53   5   1.967105   0.562861   1.763654   9.707751   2.623824   0.994014
   1  53   6   1.971819   0.594654   1.741936   9.186860   2.631843   0.994014
   1  53   7   1.978582   0.626422   1.720063   8.701293   2.640026   0.994014
   1  53   8   1.987237   0.658047   1.697224   8.253589   2.648686   0.994014
   1  53   9   1.997727   0.689475   1.673660   7.837207   2.657749   0.994014
   1  53  10   2.009660   0.720830   1.650714   7.469743   2.666703   0.994014
   1  53  11   2.024168   0.751799   1.626394   7.103061   2.676336   0.994014
   1  53  12   2.040461   0.782442   1.601700   6.754162   2.686273   0.994014
   1  53  13   2.058620   0.812704   1.576576   6.419098   2.696547   0.994014
   1  53  14   2.077829   0.842826   1.553026   6.121453   2.706335   0.994014
   1  53  15   2.100275   0.872233   1.527439   5.809388   2.717146   0.994013
   1  53  16   2.124861   0.901102   1.501308   5.502530   2.728383   0.994011
   1  53  17   2.151867   0.929329                        COALESCENCE
   1  54   1   2.006304   0.460499   1.814094  12.084861   2.605588   0.994014
   1  54   2   2.002451   0.491739   1.804338  11.313585   2.609074   0.994014
   1  54   3   2.001143   0.523275   1.790222  10.630456   2.614152   0.994014
   1  54   4   2.002152   0.554966   1.773032  10.019323   2.620393   0.994014
   1  54   5   2.005305   0.586834   1.754276   9.489525   2.627274   0.994014
   1  54   6   2.010910   0.618627   1.733572   8.987998   2.634960   0.994014
   1  54   7   2.018411   0.650316   1.711750   8.527295   2.643164   0.994014
   1  54   8   2.027741   0.681844   1.689100   8.100489   2.651796   0.994014
   1  54   9   2.038960   0.713223   1.664908   7.709057   2.661149   0.994014
   1  54  10   2.051575   0.744538   1.643142   7.348497   2.669687   0.994014
   1  54  11   2.066633   0.775379   1.619189   6.994951   2.679219   0.994014
   1  54  12   2.083449   0.805888   1.594883   6.657437   2.689044   0.994014
   1  54  13   2.102176   0.836045   1.569516   6.337864   2.699466   0.994014
   1  54  14   2.121964   0.866102   1.546956   6.042793   2.708883   0.994014
   1  54  15   2.144885   0.895361   1.521766   5.738498   2.719569   0.994013
   1  54  16   2.169941   0.924074   1.496038   5.438555   2.730673   0.994007
   1  54  17   2.200000   0.951391   1.491299   5.352942   2.732429   0.993532
   1  55   1   2.046046   0.453145   1.815480  12.500000   2.605094   0.994014
   1  55   2   2.040558   0.484177   1.810121  11.700344   2.607005   0.994014
   1  55   3   2.037946   0.515546   1.798391  10.986940   2.611208   0.994014
   1  55   4   2.037717   0.547137   1.783091  10.350714   2.616733   0.994014
   1  55   5   2.039843   0.578935   1.764030   9.786555   2.623686   0.994014
   1  55   6   2.043896   0.610820   1.746137   9.278061   2.630284   0.994014
   1  55   7   2.050267   0.642548   1.725373   8.803149   2.638030   0.994014
   1  55   8   2.058466   0.674153   1.703657   8.364777   2.646235   0.994014
   1  55   9   2.068547   0.705646   1.680301   7.964125   2.655182   0.994014
   1  55  10   2.080479   0.736983   1.657287   7.580677   2.664125   0.994014
   1  55  11   2.093632   0.768185   1.635828   7.233967   2.672582   0.994014
   1  55  12   2.109219   0.798899   1.612236   6.892485   2.682014   0.994014
   1  55  13   2.126611   0.829312   1.587653   6.571047   2.691997   0.994014
   1  55  14   2.145945   0.859397   1.563300   6.254674   2.702046   0.994014
   1  55  15   2.166177   0.889321   1.541097   5.967648   2.711352   0.994014
   1  55  16   2.189561   0.918432   1.516291   5.670597   2.721916   0.994014
   1  55  17   2.215129   0.947020   1.490281   5.382846   2.733203   0.994034
   1  55  18   2.250000   0.973043   1.486000   5.303249   2.734861   0.993703
   1  56   1   2.079585   0.476694   1.813009  12.089254   2.605974   0.994014
   1  56   2   2.075400   0.507905   1.805200  11.351759   2.608765   0.994014
   1  56   3   2.073925   0.539364   1.791961  10.688770   2.613524   0.994014
   1  56   4   2.074867   0.571095   1.774530  10.102361   2.619847   0.994014
   1  56   5   2.077940   0.602918   1.756213   9.561904   2.626560   0.994014
   1  56   6   2.082775   0.634760   1.738109   9.081800   2.633267   0.994014
   1  56   7   2.089868   0.666417   1.717357   8.630748   2.641046   0.994014
   1  56   8   2.098844   0.698002   1.694849   8.219813   2.649594   0.994014
   1  56   9   2.109644   0.729459   1.672635   7.828118   2.658147   0.994014
   1  56  10   2.122152   0.760682   1.649913   7.459556   2.667018   0.994014
   1  56  11   2.135823   0.791771   1.628760   7.125538   2.675393   0.994014
   1  56  12   2.151994   0.822399   1.604857   6.800758   2.684994   0.994014
   1  56  13   2.169988   0.852745   1.581279   6.482987   2.694611   0.994014
   1  56  14   2.189801   0.882692   1.557297   6.175274   2.704548   0.994014
   1  56  15   2.210464   0.912484   1.535440   5.895733   2.713746   0.994014
   1  56  16   2.234356   0.941479   1.510372   5.611188   2.724463   0.994013
   1  56  17   2.260526   0.969996   1.485309   5.323476   2.735394   0.994052
   1  56  18   2.300000   0.994653   1.480894   5.255223   2.737211   0.993864
   1  57   1   2.119253   0.469359   1.815644  12.500000   2.605036   0.994014
   1  57   2   2.113761   0.500318   1.809308  11.717545   2.607295   0.994014
   1  57   3   2.110765   0.531662   1.799602  11.034116   2.610773   0.994014
   1  57   4   2.110520   0.563297   1.783941  10.423960   2.616425   0.994014
   1  57   5   2.112439   0.595069   1.767089   9.863601   2.622565   0.994014
   1  57   6   2.116348   0.626863   1.748442   9.353728   2.629430   0.994014
   1  57   7   2.121917   0.658653   1.730220   8.899021   2.636213   0.994014
   1  57   8   2.129815   0.690307   1.708581   8.476769   2.644365   0.994014
   1  57   9   2.139519   0.721860   1.687172   8.075832   2.652536   0.994014
   1  57  10   2.150909   0.753212   1.665204   7.699955   2.661034   0.994014
   1  57  11   2.163968   0.784323   1.642779   7.345020   2.669830   0.994014
   1  57  12   2.178215   0.815341   1.621255   7.028276   2.678391   0.994014
   1  57  13   2.194987   0.845905   1.598346   6.707668   2.687635   0.994014
   1  57  14   2.213460   0.876120   1.575121   6.399019   2.697148   0.994014
   1  57  15   2.233737   0.905931   1.551500   6.099357   2.706975   0.994014
   1  57  16   2.254880   0.935624   1.529332   5.832547   2.716341   0.994014
   1  57  17   2.279360   0.964553   1.505241   5.548278   2.726679   0.994010
   1  57  18   2.305974   0.992920   1.480510   5.266386   2.737510   0.994063
   1  57  19   2.350000   1.016223   1.475967   5.208766   2.739485   0.994018
   1  58   1   2.152725   0.492860   1.813335  12.103651   2.605858   0.994014
   1  58   2   2.148505   0.523993   1.804707  11.379411   2.608941   0.994014
   1  58   3   2.146790   0.555557   1.792236  10.751934   2.613425   0.994014
   1  58   4   2.147555   0.587251   1.776963  10.170332   2.618960   0.994014
   1  58   5   2.150348   0.619014   1.759617   9.642691   2.625307   0.994014
   1  58   6   2.155041   0.650766   1.740756   9.160138   2.632282   0.994014
   1  58   7   2.161430   0.682575   1.721519   8.735592   2.639478   0.994014
   1  58   8   2.170066   0.714203   1.700928   8.324448   2.647273   0.994014
   1  58   9   2.180375   0.745661   1.679714   7.940321   2.655408   0.994014
   1  58  10   2.192328   0.776908   1.658003   7.578898   2.663845   0.994014
   1  58  11   2.206001   0.807951   1.635191   7.242101   2.672835   0.994014
   1  58  12   2.220829   0.838915   1.614625   6.929977   2.681053   0.994014
   1  58  13   2.238083   0.869354   1.592050   6.618986   2.690199   0.994014
   1  58  14   2.257020   0.899439   1.569169   6.318805   2.699609   0.994014
   1  58  15   2.277812   0.929148   1.545243   6.032415   2.709604   0.994014
   1  58  16   2.299505   0.958789   1.524023   5.766030   2.718605   0.994014
   1  58  17   2.324420   0.987575   1.500278   5.487827   2.728828   0.994007
   1  58  18   2.351472   1.015795                        COALESCENCE
   1  59   1   2.192338   0.485545   1.815778  12.500000   2.604988   0.994014
   1  59   2   2.186812   0.516436   1.809869  11.743692   2.607095   0.994014
   1  59   3   2.183956   0.547830   1.798135  11.078970   2.611300   0.994014
   1  59   4   2.183277   0.579478   1.785814  10.482639   2.615746   0.994014
   1  59   5   2.184954   0.611185   1.769864   9.936021   2.621550   0.994014
   1  59   6   2.188563   0.642923   1.752169   9.437557   2.628052   0.994014
   1  59   7   2.194129   0.674707   1.732198   8.986880   2.635473   0.994014
   1  59   8   2.201254   0.706502   1.713929   8.574542   2.642340   0.994014
   1  59   9   2.210512   0.738045   1.693476   8.181262   2.650119   0.994014
   1  59  10   2.221398   0.769406   1.672473   7.812469   2.658209   0.994014
   1  59  11   2.233979   0.800596   1.650329   7.469943   2.666855   0.994014
   1  59  12   2.248259   0.831581   1.628483   7.138489   2.675503   0.994014
   1  59  13   2.263554   0.862433   1.608209   6.836422   2.683638   0.994014
   1  59  14   2.281274   0.892747   1.585962   6.534347   2.692689   0.994014
   1  59  15   2.300729   0.922739   1.562752   6.247832   2.702274   0.994014
   1  59  16   2.322097   0.952389   1.539798   5.962317   2.711901   0.994014
                      CASE  14A 12.5 DEGREE CONE M=3.00                  1
  REG RAY POINT     X          R       P/PINF   DELTA(DEG)  MACH NO.   PT/PTINF
   1  59  17   2.344193   0.981902   1.518885   5.702159   2.720804   0.994014
   1  59  18   2.369535   1.010547   1.495471   5.429656   2.730919   0.994007
   1  59  19   2.400000   1.037755   1.491168   5.351719   2.732489   0.993536
   1  60   1   2.225745   0.509002   1.813620  12.117031   2.605756   0.994014
   1  60   2   2.221654   0.540203   1.804205  11.423808   2.609121   0.994014
   1  60   3   2.219889   0.571700   1.792392  10.793241   2.613369   0.994014
   1  60   4   2.220154   0.603389   1.779170  10.234229   2.618157   0.994014
   1  60   5   2.222683   0.635091   1.762719   9.718758   2.624167   0.994014
   1  60   6   2.227201   0.666882   1.743781   9.253812   2.631158   0.994014
   1  60   7   2.233537   0.698654   1.724734   8.816773   2.638270   0.994014
   1  60   8   2.241288   0.730379   1.706515   8.423335   2.645148   0.994014
   1  60   9   2.251139   0.761833   1.686224   8.046325   2.652900   0.994014
   1  60  10   2.262669   0.793148   1.664738   7.697233   2.661216   0.994014
   1  60  11   2.275860   0.824283   1.643541   7.360669   2.669529   0.994014
   1  60  12   2.290637   0.855155   1.621986   7.039974   2.678099   0.994014
   1  60  13   2.306383   0.885894   1.602001   6.747213   2.686151   0.994014
   1  60  14   2.324627   0.916124   1.579399   6.459227   2.695385   0.994014
   1  60  15   2.344650   0.946059   1.557158   6.173894   2.704607   0.994014
   1  60  16   2.366452   0.975577   1.534527   5.895059   2.714133   0.994013
   1  60  17   2.388941   1.004964   1.513911   5.640742   2.722940   0.994015
   1  60  18   2.414747   1.033494   1.490217   5.378723   2.733230   0.994033
   1  60  19   2.450000   1.059405   1.486311   5.306168   2.734718   0.993693
   1  59  18   2.375000   1.000000   1.512515   5.626000   2.723541   0.994014
   2   1   1   2.400000   1.000000   2.226329   0.000000   2.469921   0.988192
   2   1   2   2.400000   0.990818   2.226329   0.000000   2.469921   0.988192
   2   2   1   2.410369   0.995409   2.226329   0.000000   2.469921   0.988192
   1  60   1   2.225745   0.509002   1.813620  12.117031   2.605756   0.994014
   1  60   2   2.221654   0.540203   1.804205  11.423808   2.609121   0.994014
   1  60   3   2.219889   0.571700   1.792392  10.793241   2.613369   0.994014
   1  60   4   2.220154   0.603389   1.779170  10.234229   2.618157   0.994014
   1  60   5   2.222683   0.635091   1.762719   9.718758   2.624167   0.994014
   1  60   6   2.227201   0.666882   1.743781   9.253812   2.631158   0.994014
   1  60   7   2.233537   0.698654   1.724734   8.816773   2.638270   0.994014
   1  60   8   2.241288   0.730379   1.706515   8.423335   2.645148   0.994014
   1  60   9   2.251139   0.761833   1.686224   8.046325   2.652900   0.994014
   1  60  10   2.262669   0.793148   1.664738   7.697233   2.661216   0.994014
   1  60  11   2.275860   0.824283   1.643541   7.360669   2.669529   0.994014
   1  60  12   2.290637   0.855155   1.621986   7.039974   2.678099   0.994014
   1  60  13   2.306383   0.885894   1.602001   6.747213   2.686151   0.994014
   1  60  14   2.324627   0.916124   1.579399   6.459227   2.695385   0.994014
   1  60  15   2.344650   0.946059   1.557158   6.173894   2.704607   0.994014
   1  60  16   2.366452   0.975577   1.534527   5.895059   2.714133   0.994013
   1  60  17   2.377774   0.999209                        COALESCENCE
   1  61   1   2.265305   0.501705   1.815898  12.500000   2.604945   0.994014
   1  61   2   2.259960   0.532679   1.809007  11.776656   2.607403   0.994014
   1  61   3   2.257003   0.564011   1.799234  11.120603   2.610905   0.994014
   1  61   4   2.256244   0.595573   1.786307  10.530066   2.615568   0.994014
   1  61   5   2.257388   0.627282   1.772394  10.004221   2.620625   0.994014
   1  61   6   2.260863   0.659059   1.754555   9.524006   2.627171   0.994014
   1  61   7   2.266167   0.690846   1.736464   9.074053   2.633880   0.994014
   1  61   8   2.273170   0.722554   1.717415   8.657259   2.641024   0.994014
   1  61   9   2.281516   0.754204   1.699283   8.281005   2.647900   0.994014
   1  61  10   2.292029   0.785623   1.678453   7.924547   2.655895   0.994014
   1  61  11   2.304173   0.816888   1.657892   7.582076   2.663889   0.994014
   1  61  12   2.317870   0.847916   1.636959   7.256871   2.672134   0.994014
   1  61  13   2.333127   0.878674   1.615693   6.946123   2.680623   0.994014
   1  61  14   2.349384   0.909343   1.595308   6.667816   2.688871   0.994014
   1  61  15   2.368192   0.939520   1.573671   6.381343   2.697747   0.994014
   1  61  16   2.388647   0.969328   1.551740   6.103005   2.706874   0.994014
   1  61  17   2.399776   0.992935   1.530699   5.846551   2.715759   0.994013
   1  62   1   2.298870   0.525274   1.812492  12.138052   2.606159   0.994014
   1  62   2   2.294709   0.556409   1.804931  11.455060   2.608861   0.994014
   1  62   3   2.292807   0.587836   1.793787  10.841740   2.612865   0.994014
   1  62   4   2.292982   0.619438   1.779995  10.286735   2.617857   0.994014
   1  62   5   2.295102   0.651249   1.764515   9.797918   2.623508   0.994014
   1  62   6   2.299381   0.683032   1.747434   9.334137   2.629803   0.994014
   1  62   7   2.305375   0.714767   1.729258   8.905696   2.636573   0.994014
   1  62   8   2.313012   0.746405   1.710253   8.507286   2.643731   0.994014
   1  62   9   2.322025   0.778037   1.691503   8.152408   2.650874   0.994014
   1  62  10   2.333158   0.809410   1.671572   7.803271   2.658559   0.994014
   1  62  11   2.345817   0.840574   1.651245   7.472796   2.666495   0.994014
   1  62  12   2.360000   0.871494   1.630578   7.158079   2.674669   0.994014
   1  62  13   2.375802   0.902182   1.608904   6.862392   2.683358   0.994014
   1  62  14   2.392599   0.932808   1.589460   6.585870   2.691257   0.994014
   1  62  15   2.411838   0.962863   1.568121   6.306730   2.700044   0.994014
   1  62  16   2.421706   0.986746   1.547805   6.051911   2.708526   0.994014
 z > 1 computed by Cubic. Set to 1.0
 z > 1 computed by Cubic. Set to 1.0
 z > 1 computed by Cubic. Set to 1.0
 z > 1 computed by Cubic. Set to 1.0
 z > 1 computed by Cubic. Set to 1.0
 z > 1 computed by Cubic. Set to 1.0
 z > 1 computed by Cubic. Set to 1.0
 z > 1 computed by Cubic. Set to 1.0
 z > 1 computed by Cubic. Set to 1.0
 z > 1 computed by Cubic. Set to 1.0
 z > 1 computed by Cubic. Set to 1.0
 z > 1 computed by Cubic. Set to 1.0
 z > 1 computed by Cubic. Set to 1.0
 z > 1 computed by Cubic. Set to 1.0
 z > 1 computed by Cubic. Set to 1.0
 z > 1 computed by Cubic. Set to 1.0
 z > 1 computed by Cubic. Set to 1.0
 z > 1 computed by Cubic. Set to 1.0
 z > 1 computed by Cubic. Set to 1.0
 z > 1 computed by Cubic. Set to 1.0
 z > 1 computed by Cubic. Set to 1.0
 Error Code  6
