          ***************
          DATA FOR X VS Y
          ***************


NUMBER OF CURVES =   2          NUMBER OF POINTS=  95
ENDPOINTS AND JUNCTION POINTS
 0.0000000E+00  0.3500000E+01  0.9400000E+01
N
36 59 95

           X                   Y               COMPUTED Y          RESIDUALS
  1   0.0000000E+00      -0.3110000E+01      -0.3113142E+01       0.3142357E-02
  2   0.1000000E+00      -0.3200000E+01      -0.3055962E+01      -0.1440377E+00
  3   0.2000000E+00      -0.3090000E+01      -0.2998705E+01      -0.9129500E-01
  4   0.3000000E+00      -0.3150000E+01      -0.2941564E+01      -0.2084363E+00
  5   0.4000000E+00      -0.3060000E+01      -0.2884732E+01      -0.1752679E+00
  6   0.5000000E+00      -0.2850000E+01      -0.2828403E+01      -0.2159643E-01
  7   0.6000000E+00      -0.2680000E+01      -0.2772771E+01       0.9277129E-01
  8   0.7000000E+00      -0.2580000E+01      -0.2718029E+01       0.1380293E+00
  9   0.8000000E+00      -0.2320000E+01      -0.2664371E+01       0.3443706E+00
 10   0.9000000E+00      -0.2440000E+01      -0.2611989E+01       0.1719890E+00
 11   0.1000000E+01      -0.2520000E+01      -0.2561078E+01       0.4107785E-01
 12   0.1100000E+01      -0.2390000E+01      -0.2511831E+01       0.1218305E+00
 13   0.1200000E+01      -0.2400000E+01      -0.2464441E+01       0.6444049E-01
 14   0.1300000E+01      -0.2560000E+01      -0.2419102E+01      -0.1408982E+00
 15   0.1400000E+01      -0.2380000E+01      -0.2376007E+01      -0.3992796E-02
 16   0.1500000E+01      -0.2250000E+01      -0.2335351E+01       0.8535051E-01
 17   0.1600000E+01      -0.2290000E+01      -0.2297325E+01       0.7325172E-02
 18   0.1700000E+01      -0.2250000E+01      -0.2262125E+01       0.1212478E-01
 19   0.1800000E+01      -0.2090000E+01      -0.2229943E+01       0.1399426E+00
 20   0.1900000E+01      -0.2160000E+01      -0.2200972E+01       0.4097199E-01
 21   0.2000000E+01      -0.1880000E+01      -0.2175407E+01       0.2954072E+00
 22   0.2100000E+01      -0.2130000E+01      -0.2153441E+01       0.2344084E-01
 23   0.2200000E+01      -0.2100000E+01      -0.2135267E+01       0.3526688E-01
 24   0.2300000E+01      -0.1610000E+01      -0.2121078E+01       0.5110782E+00
 25   0.2400000E+01      -0.1650000E+01      -0.2111069E+01       0.4610692E+00
 26   0.2500000E+01      -0.1920000E+01      -0.2105433E+01       0.1854328E+00
 27   0.2600000E+01      -0.1660000E+01      -0.2104362E+01       0.4443625E+00
 28   0.2700000E+01      -0.1920000E+01      -0.2108052E+01       0.1880521E+00
 29   0.2800000E+01      -0.2440000E+01      -0.2116694E+01      -0.3233056E+00
 30   0.2900000E+01      -0.2110000E+01      -0.2130484E+01       0.2048373E-01
 31   0.3000000E+01      -0.2210000E+01      -0.2149613E+01      -0.6038713E-01
 32   0.3100000E+01      -0.2220000E+01      -0.2174276E+01      -0.4572439E-01
 33   0.3200000E+01      -0.2450000E+01      -0.2204666E+01      -0.2453344E+00
 34   0.3300000E+01      -0.2450000E+01      -0.2240976E+01      -0.2090240E+00
 35   0.3400000E+01      -0.2600000E+01      -0.2283401E+01      -0.3165994E+00
 36   0.3500000E+01      -0.2630000E+01      -0.2332133E+01      -0.2978675E+00
 37   0.3600000E+01      -0.2810000E+01      -0.2387230E+01      -0.4227695E+00
 38   0.3700000E+01      -0.3230000E+01      -0.2448212E+01      -0.7817876E+00
 39   0.3800000E+01      -0.3470000E+01      -0.2514460E+01      -0.9555404E+00
 40   0.3900000E+01      -0.3450000E+01      -0.2585358E+01      -0.8646424E+00
 41   0.4000000E+01      -0.3640000E+01      -0.2660287E+01      -0.9797127E+00
 42   0.4100000E+01      -0.3610000E+01      -0.2738632E+01      -0.8713677E+00
 43   0.4200000E+01      -0.3500000E+01      -0.2819774E+01      -0.6802256E+00
 44   0.4300000E+01      -0.3160000E+01      -0.2903098E+01      -0.2569020E+00
 45   0.4400000E+01      -0.3150000E+01      -0.2987985E+01      -0.1620152E+00
 46   0.4500000E+01      -0.3110000E+01      -0.3073818E+01      -0.3618217E-01
 47   0.4600000E+01      -0.3050000E+01      -0.3159979E+01       0.1099794E+00
 48   0.4700000E+01      -0.2650000E+01      -0.3245853E+01       0.5958531E+00
 49   0.4800000E+01      -0.3010000E+01      -0.3330822E+01       0.3208220E+00
 50   0.4900000E+01      -0.3170000E+01      -0.3414268E+01       0.2442675E+00
 51   0.5000000E+01      -0.3200000E+01      -0.3495574E+01       0.2955737E+00
 52   0.5100000E+01      -0.3230000E+01      -0.3574122E+01       0.3441224E+00
 53   0.5200000E+01      -0.3530000E+01      -0.3649297E+01       0.1192975E+00
 54   0.5300000E+01      -0.3950000E+01      -0.3720481E+01      -0.2295187E+00
 55   0.5400000E+01      -0.3760000E+01      -0.3787056E+01       0.2705622E-01
 56   0.5500000E+01      -0.3790000E+01      -0.3848406E+01       0.5840588E-01
 57   0.5600000E+01      -0.3840000E+01      -0.3903912E+01       0.6391215E-01
 58   0.5700000E+01      -0.3990000E+01      -0.3952958E+01      -0.3704166E-01
 59   0.5800000E+01      -0.3780000E+01      -0.3994927E+01       0.2149272E+00
 60   0.5900000E+01      -0.3780000E+01      -0.4029202E+01       0.2492015E+00
 61   0.6000000E+01      -0.3200000E+01      -0.4055164E+01       0.8551643E+00
 62   0.6100000E+01      -0.3520000E+01      -0.4072198E+01       0.5521979E+00
 63   0.6200000E+01      -0.3440000E+01      -0.4079686E+01       0.6396856E+00
 64   0.6300000E+01      -0.3050000E+01      -0.4077010E+01       0.1027010E+01
 65   0.6400000E+01      -0.3020000E+01      -0.4063554E+01       0.1043554E+01
 66   0.6500000E+01      -0.2610000E+01      -0.4038700E+01       0.1428700E+01
 67   0.6600000E+01      -0.2870000E+01      -0.4001832E+01       0.1131832E+01
 68   0.6700000E+01      -0.2620000E+01      -0.3952330E+01       0.1332330E+01
 69   0.6800000E+01      -0.2190000E+01      -0.3889580E+01       0.1699580E+01
 70   0.6900000E+01      -0.2880000E+01      -0.3812963E+01       0.9329634E+00
 71   0.7000000E+01      -0.3400000E+01      -0.3721863E+01       0.3218627E+00
 72   0.7100000E+01      -0.3460000E+01      -0.3615661E+01       0.1556613E+00
 73   0.7200000E+01      -0.3810000E+01      -0.3493742E+01      -0.3162575E+00
 74   0.7300000E+01      -0.4080000E+01      -0.3355487E+01      -0.7245128E+00
 75   0.7400000E+01      -0.4300000E+01      -0.3200280E+01      -0.1099720E+01
 76   0.7500000E+01      -0.4340000E+01      -0.3027504E+01      -0.1312496E+01
 77   0.7600000E+01      -0.4160000E+01      -0.2836540E+01      -0.1323460E+01
 78   0.7700000E+01      -0.5020000E+01      -0.2626773E+01      -0.2393227E+01
 79   0.7800000E+01      -0.4120000E+01      -0.2397583E+01      -0.1722417E+01
 80   0.7900000E+01      -0.3370000E+01      -0.2148355E+01      -0.1221644E+01
 81   0.8000000E+01      -0.2910000E+01      -0.1878472E+01      -0.1031528E+01
 82   0.8100000E+01      -0.2080000E+01      -0.1587315E+01      -0.4926846E+00
 83   0.8200000E+01      -0.1290000E+01      -0.1274271E+01      -0.1572907E-01
 84   0.8300000E+01      -0.4100000E+00      -0.9387164E+00       0.5287163E+00
 85   0.8400000E+01       0.1100000E+00      -0.5800406E+00       0.6900406E+00
 86   0.8500000E+01       0.9000000E+00      -0.1976198E+00       0.1097620E+01
 87   0.8600000E+01       0.6300000E+00       0.2091601E+00       0.4208399E+00
 88   0.8700000E+01       0.1000000E+01       0.6409118E+00       0.3590882E+00
 89   0.8800000E+01       0.4300000E+00       0.1098261E+01      -0.6682615E+00
 90   0.8900000E+01       0.2600000E+00       0.1581817E+01      -0.1321817E+01
 91   0.9000000E+01       0.9100000E+00       0.2092204E+01      -0.1182204E+01
 92   0.9100000E+01       0.1670000E+01       0.2630036E+01      -0.9600364E+00
 93   0.9200000E+01       0.3280000E+01       0.3195926E+01       0.8407426E-01
 94   0.9300000E+01       0.5030000E+01       0.3790500E+01       0.1239500E+01
 95   0.9400000E+01       0.7150000E+01       0.4414364E+01       0.2735636E+01

       STANDARD DEVIATION= 0.75891E+00
n     cubic       quadratic     linear            constant
  1     -0.03224707      0.01354428      0.57076728     -3.11314225
  2      0.10286614     -1.40514445      5.53617954     -8.90612698


        X              Y           YDOT
  0.000000E+00  -0.311000E+01   0.570767E+00
  0.100000E+00  -0.320000E+01   0.572509E+00
  0.200000E+00  -0.309000E+01   0.572315E+00
  0.300000E+00  -0.315000E+01   0.570187E+00
  0.400000E+00  -0.306000E+01   0.566124E+00
  0.500000E+00  -0.285000E+01   0.560126E+00
  0.600000E+00  -0.268000E+01   0.552194E+00
  0.700000E+00  -0.258000E+01   0.542326E+00
  0.800000E+00  -0.232000E+01   0.530524E+00
  0.900000E+00  -0.244000E+01   0.516787E+00
  0.100000E+01  -0.252000E+01   0.501115E+00
  0.110000E+01  -0.239000E+01   0.483508E+00
  0.120000E+01  -0.240000E+01   0.463966E+00
  0.130000E+01  -0.256000E+01   0.442490E+00
  0.140000E+01  -0.238000E+01   0.419078E+00
  0.150000E+01  -0.225000E+01   0.393732E+00
  0.160000E+01  -0.229000E+01   0.366451E+00
  0.170000E+01  -0.225000E+01   0.337236E+00
  0.180000E+01  -0.209000E+01   0.306085E+00
  0.190000E+01  -0.216000E+01   0.273000E+00
  0.200000E+01  -0.188000E+01   0.237980E+00
  0.210000E+01  -0.213000E+01   0.201025E+00
  0.220000E+01  -0.210000E+01   0.162135E+00
  0.230000E+01  -0.161000E+01   0.121310E+00
  0.240000E+01  -0.165000E+01   0.785504E-01
  0.250000E+01  -0.192000E+01   0.338561E-01
  0.260000E+01  -0.166000E+01  -0.127731E-01
  0.270000E+01  -0.192000E+01  -0.613371E-01
  0.280000E+01  -0.244000E+01  -0.111836E+00
  0.290000E+01  -0.211000E+01  -0.164270E+00
  0.300000E+01  -0.221000E+01  -0.218638E+00
  0.310000E+01  -0.222000E+01  -0.274941E+00
  0.320000E+01  -0.245000E+01  -0.333179E+00
  0.330000E+01  -0.245000E+01  -0.393352E+00
  0.340000E+01  -0.260000E+01  -0.455460E+00
  0.350000E+01  -0.263000E+01  -0.519503E+00
  0.360000E+01  -0.281000E+01  -0.581425E+00
  0.370000E+01  -0.323000E+01  -0.637177E+00
  0.380000E+01  -0.347000E+01  -0.686757E+00
  0.390000E+01  -0.345000E+01  -0.730165E+00
  0.400000E+01  -0.364000E+01  -0.767402E+00
  0.410000E+01  -0.361000E+01  -0.798466E+00
  0.420000E+01  -0.350000E+01  -0.823358E+00
  0.430000E+01  -0.316000E+01  -0.842078E+00
  0.440000E+01  -0.315000E+01  -0.854626E+00
  0.450000E+01  -0.311000E+01  -0.861003E+00
  0.460000E+01  -0.305000E+01  -0.861207E+00
  0.470000E+01  -0.265000E+01  -0.855239E+00
  0.480000E+01  -0.301000E+01  -0.843100E+00
  0.490000E+01  -0.317000E+01  -0.824788E+00
  0.500000E+01  -0.320000E+01  -0.800305E+00
  0.510000E+01  -0.323000E+01  -0.769649E+00
  0.520000E+01  -0.353000E+01  -0.732822E+00
  0.530000E+01  -0.395000E+01  -0.689822E+00
  0.540000E+01  -0.376000E+01  -0.640651E+00
  0.550000E+01  -0.379000E+01  -0.585307E+00
  0.560000E+01  -0.384000E+01  -0.523792E+00
  0.570000E+01  -0.399000E+01  -0.456105E+00
  0.580000E+01  -0.378000E+01  -0.382245E+00
  0.590000E+01  -0.378000E+01  -0.302214E+00
  0.600000E+01  -0.320000E+01  -0.216011E+00
  0.610000E+01  -0.352000E+01  -0.123636E+00
  0.620000E+01  -0.344000E+01  -0.250887E-01
  0.630000E+01  -0.305000E+01   0.796309E-01
  0.640000E+01  -0.302000E+01   0.190522E+00
  0.650000E+01  -0.261000E+01   0.307585E+00
  0.660000E+01  -0.287000E+01   0.430820E+00
  0.670000E+01  -0.262000E+01   0.560227E+00
  0.680000E+01  -0.219000E+01   0.695806E+00
  0.690000E+01  -0.288000E+01   0.837557E+00
  0.700000E+01  -0.340000E+01   0.985480E+00
  0.710000E+01  -0.346000E+01   0.113957E+01
  0.720000E+01  -0.381000E+01   0.129984E+01
  0.730000E+01  -0.408000E+01   0.146628E+01
  0.740000E+01  -0.430000E+01   0.163889E+01
  0.750000E+01  -0.434000E+01   0.181767E+01
  0.760000E+01  -0.416000E+01   0.200263E+01
  0.770000E+01  -0.502000E+01   0.219375E+01
  0.780000E+01  -0.412000E+01   0.239105E+01
  0.790000E+01  -0.337000E+01   0.259452E+01
  0.800000E+01  -0.291000E+01   0.280417E+01
  0.810000E+01  -0.208000E+01   0.301998E+01
  0.820000E+01  -0.129000E+01   0.324197E+01
  0.830000E+01  -0.410000E+00   0.347013E+01
  0.840000E+01   0.110000E+00   0.370446E+01
  0.850000E+01   0.900000E+00   0.394496E+01
  0.860000E+01   0.630000E+00   0.419164E+01
  0.870000E+01   0.100000E+01   0.444448E+01
  0.880000E+01   0.430000E+00   0.470350E+01
  0.890000E+01   0.260000E+00   0.496869E+01
  0.900000E+01   0.910000E+00   0.524005E+01
  0.910000E+01   0.167000E+01   0.551759E+01
  0.920000E+01   0.328000E+01   0.580129E+01
  0.930000E+01   0.503000E+01   0.609117E+01
  0.940000E+01   0.715000E+01   0.638722E+01


        X              Y           YDOT
  0.000000E+00  -0.311000E+01   0.270886E-01
  0.100000E+00  -0.320000E+01   0.774032E-02
  0.200000E+00  -0.309000E+01  -0.116079E-01
  0.300000E+00  -0.315000E+01  -0.309562E-01
  0.400000E+00  -0.306000E+01  -0.503044E-01
  0.500000E+00  -0.285000E+01  -0.696527E-01
  0.600000E+00  -0.268000E+01  -0.890009E-01
  0.700000E+00  -0.258000E+01  -0.108349E+00
  0.800000E+00  -0.232000E+01  -0.127697E+00
  0.900000E+00  -0.244000E+01  -0.147046E+00
  0.100000E+01  -0.252000E+01  -0.166394E+00
  0.110000E+01  -0.239000E+01  -0.185742E+00
  0.120000E+01  -0.240000E+01  -0.205090E+00
  0.130000E+01  -0.256000E+01  -0.224439E+00
  0.140000E+01  -0.238000E+01  -0.243787E+00
  0.150000E+01  -0.225000E+01  -0.263135E+00
  0.160000E+01  -0.229000E+01  -0.282483E+00
  0.170000E+01  -0.225000E+01  -0.301832E+00
  0.180000E+01  -0.209000E+01  -0.321180E+00
  0.190000E+01  -0.216000E+01  -0.340528E+00
  0.200000E+01  -0.188000E+01  -0.359876E+00
  0.210000E+01  -0.213000E+01  -0.379225E+00
  0.220000E+01  -0.210000E+01  -0.398573E+00
  0.230000E+01  -0.161000E+01  -0.417921E+00
  0.240000E+01  -0.165000E+01  -0.437269E+00
  0.250000E+01  -0.192000E+01  -0.456618E+00
  0.260000E+01  -0.166000E+01  -0.475966E+00
  0.270000E+01  -0.192000E+01  -0.495314E+00
  0.280000E+01  -0.244000E+01  -0.514662E+00
  0.290000E+01  -0.211000E+01  -0.534011E+00
  0.300000E+01  -0.221000E+01  -0.553359E+00
  0.310000E+01  -0.222000E+01  -0.572707E+00
  0.320000E+01  -0.245000E+01  -0.592055E+00
  0.330000E+01  -0.245000E+01  -0.611403E+00
  0.340000E+01  -0.260000E+01  -0.630752E+00
  0.350000E+01  -0.263000E+01  -0.650100E+00
  0.360000E+01  -0.281000E+01  -0.588380E+00
  0.370000E+01  -0.323000E+01  -0.526661E+00
  0.380000E+01  -0.347000E+01  -0.464941E+00
  0.390000E+01  -0.345000E+01  -0.403221E+00
  0.400000E+01  -0.364000E+01  -0.341502E+00
  0.410000E+01  -0.361000E+01  -0.279782E+00
  0.420000E+01  -0.350000E+01  -0.218062E+00
  0.430000E+01  -0.316000E+01  -0.156342E+00
  0.440000E+01  -0.315000E+01  -0.946227E-01
  0.450000E+01  -0.311000E+01  -0.329031E-01
  0.460000E+01  -0.305000E+01   0.288165E-01
  0.470000E+01  -0.265000E+01   0.905361E-01
  0.480000E+01  -0.301000E+01   0.152256E+00
  0.490000E+01  -0.317000E+01   0.213976E+00
  0.500000E+01  -0.320000E+01   0.275695E+00
  0.510000E+01  -0.323000E+01   0.337415E+00
  0.520000E+01  -0.353000E+01   0.399135E+00
  0.530000E+01  -0.395000E+01   0.460855E+00
  0.540000E+01  -0.376000E+01   0.522574E+00
  0.550000E+01  -0.379000E+01   0.584294E+00
  0.560000E+01  -0.384000E+01   0.646013E+00
  0.570000E+01  -0.399000E+01   0.707733E+00
  0.580000E+01  -0.378000E+01   0.769453E+00
  0.590000E+01  -0.378000E+01   0.831173E+00
  0.600000E+01  -0.320000E+01   0.892892E+00
  0.610000E+01  -0.352000E+01   0.954612E+00
  0.620000E+01  -0.344000E+01   0.101633E+01
  0.630000E+01  -0.305000E+01   0.107805E+01
  0.640000E+01  -0.302000E+01   0.113977E+01
  0.650000E+01  -0.261000E+01   0.120149E+01
  0.660000E+01  -0.287000E+01   0.126321E+01
  0.670000E+01  -0.262000E+01   0.132493E+01
  0.680000E+01  -0.219000E+01   0.138665E+01
  0.690000E+01  -0.288000E+01   0.144837E+01
  0.700000E+01  -0.340000E+01   0.151009E+01
  0.710000E+01  -0.346000E+01   0.157181E+01
  0.720000E+01  -0.381000E+01   0.163353E+01
  0.730000E+01  -0.408000E+01   0.169525E+01
  0.740000E+01  -0.430000E+01   0.175697E+01
  0.750000E+01  -0.434000E+01   0.181869E+01
  0.760000E+01  -0.416000E+01   0.188041E+01
  0.770000E+01  -0.502000E+01   0.194213E+01
  0.780000E+01  -0.412000E+01   0.200385E+01
  0.790000E+01  -0.337000E+01   0.206557E+01
  0.800000E+01  -0.291000E+01   0.212729E+01
  0.810000E+01  -0.208000E+01   0.218901E+01
  0.820000E+01  -0.129000E+01   0.225073E+01
  0.830000E+01  -0.410000E+00   0.231245E+01
  0.840000E+01   0.110000E+00   0.237416E+01
  0.850000E+01   0.900000E+00   0.243588E+01
  0.860000E+01   0.630000E+00   0.249760E+01
  0.870000E+01   0.100000E+01   0.255932E+01
  0.880000E+01   0.430000E+00   0.262104E+01
  0.890000E+01   0.260000E+00   0.268276E+01
  0.900000E+01   0.910000E+00   0.274448E+01
  0.910000E+01   0.167000E+01   0.280620E+01
  0.920000E+01   0.328000E+01   0.286792E+01
  0.930000E+01   0.503000E+01   0.292964E+01
  0.940000E+01   0.715000E+01   0.299136E+01
